SOURCE FILE:
	 /home/hammada/projects/verilog_repair/benchmarks/decoder_3_to_8/decoder_3_to_8_buggy_var.v
TEST BENCH:
	 /home/hammada/projects/verilog_repair/benchmarks/decoder_3_to_8/decoder_3_to_8_tb_t1.v
ORACLE:
	 oracle_decoder3_to_8.txt
PARAMETERS:
	gens=2
	popsize=1000
	restarts=2
	fault_loc=True
	control_flow=True
	limit_transitive_dependency_set=True
	dependency_set_max=4

IN GENERATION 0 OF ATTEMPT 0
	[] --mutation--> ['replace(73,109)']		0.964286
	[] --mutation--> []		0.964286
	[] --mutation--> ['replace(45,107)']		0.178571
	[] --mutation--> ['replace(59,49)']		0.964286
	[] --mutation--> ['delete(32)']		0.000000
	[] --mutation--> ['delete(32)']		0.000000
	[] --mutation--> ['replace(64,55)']		0.964286
	[] --mutation--> ['replace(45,45)']		0.964286
	[] --mutation--> ['replace(114,106)']		0.892857
	[] --mutation--> ['delete(32)']		0.000000
	[] --mutation--> ['replace(37,36)']		0.516129
	[] --mutation--> ['replace(63,45)']		0.928571
	[] --mutation--> ['replace(108,72)']		0.964286
	[] --mutation--> ['replace(99,80)']		0.821429
	[] --mutation--> []		0.964286
	[] --mutation--> ['replace(67,76)']		0.964286
	[] --mutation--> []		0.964286
	[] --mutation--> ['replace(43,43)']		0.964286
	[] --mutation--> ['replace(109,82)']		0.964286
	[] --mutation--> ['replace(115,52)']		0.892857
	[] --mutation--> []		0.964286
	[] --mutation--> []		0.964286
	[] --mutation--> ['delete(32)']		0.000000
	[] --mutation--> ['replace(46,73)']		1.000000
