SOURCE FILE:
	 /home/hammada/projects/verilog_repair/benchmarks/opencores/reed_solomon_decoder/out_stage_buggy_v2.v
TEST BENCH:
	 /home/hammada/projects/verilog_repair/benchmarks/opencores/reed_solomon_decoder/RS_dec_tb_t1.v
INCLUDE_DIR:
	 /home/hammada/projects/verilog_repair/benchmarks/opencores/reed_solomon_decoder
DEP_FILES:
	 /home/hammada/projects/verilog_repair/benchmarks/opencores/reed_solomon_decoder/input_syndromes.v /home/hammada/projects/verilog_repair/benchmarks/opencores/reed_solomon_decoder/transport_in2out.v /home/hammada/projects/verilog_repair/benchmarks/opencores/reed_solomon_decoder/BM_lamda.v /home/hammada/projects/verilog_repair/benchmarks/opencores/reed_solomon_decoder/lamda_roots.v /home/hammada/projects/verilog_repair/benchmarks/opencores/reed_solomon_decoder/Omega_Phy.v /home/hammada/projects/verilog_repair/benchmarks/opencores/reed_solomon_decoder/error_correction.v /home/hammada/projects/verilog_repair/benchmarks/opencores/reed_solomon_decoder/RS_dec.v /home/hammada/projects/verilog_repair/benchmarks/opencores/reed_solomon_decoder/DP_RAM.v /home/hammada/projects/verilog_repair/benchmarks/opencores/reed_solomon_decoder/GF_matrix_ascending_binary.v /home/hammada/projects/verilog_repair/benchmarks/opencores/reed_solomon_decoder/GF_matrix_dec.v /home/hammada/projects/verilog_repair/benchmarks/opencores/reed_solomon_decoder/GF_mult_add_syndromes.v
ORACLE:
	 /home/hammada/projects/verilog_repair/benchmarks/opencores/reed_solomon_decoder/oracle.txt
PARAMETERS:
	gens=5
	popsize=10000
	mutation_rate=0.700000
	crossover_rate=0.300000
	replacement_rate=0.400000
	insertion_rate=0.300000
	deletion_rate=0.300000
	restarts=1
	fault_loc=True
	control_flow=True
	limit_transitive_dependency_set=True
	dependency_set_max=4

IN GENERATION 0 OF ATTEMPT 0
	[] --mutation--> ['replace(94,105)']		0 
	[] --mutation--> ['replace(67,77)']		0 
	[] --mutation--> ['delete(77)']		0 
	[] --mutation--> ['insert(232,72)']		0 
	[] --mutation--> ['insert(227,118)']		0 
	[] --mutation--> ['delete(133)']		0 
	[] --mutation--> ['delete(193)']		0 
	[] --mutation--> ['replace(77,232)']		0 
	[] --mutation--> ['insert(184,64)']		0 
	[] --mutation--> ['insert(179,227)']		0 
	[] --mutation--> ['delete(193)']		0 
	[] --mutation--> ['replace(106,214)']		0 
	[] --mutation--> ['delete(72)']		0.0058714845419146717 
	[] --mutation--> ['replace(235,126)']		0 
	[] --mutation--> ['delete(83)']		0.0058714845419146717 
	[] --mutation--> ['delete(133)']		0 
	[] --mutation--> ['delete(227)']		0.0058714845419146717 
	[] --mutation--> ['delete(143)']		0 
	[] --mutation--> ['delete(103)']		0 
	[] --mutation--> ['insert(77,138)']		0 
	[] --mutation--> ['replace(135,145)']		0 
	[] --mutation--> ['replace(180,168)']		0.023787822021908954 
	[] --mutation--> ['insert(143,198)']		0 
	[] --mutation--> ['delete(206)']		0.0058714845419146717 
	[] --mutation--> ['insert(98,95)']		0 
	[] --mutation--> ['replace(105,204)']		0 
	[] --mutation--> ['insert(67,232)']		0 
	[] --mutation--> ['delete(227)']		0.0058714845419146717 
	[] --mutation--> ['delete(179)']		0.023787822021908954 
	[] --mutation--> ['replace(102,71)']		0.0058714845419146717 
	[] --mutation--> ['insert(83,64)']		0.0058714845419146717 
	[] --mutation--> ['insert(133,184)']		0.10673391149441198 
	[] --mutation--> ['replace(195,213)']		0 
	[] --mutation--> ['delete(67)']		0 
	[] --mutation--> ['replace(236,188)']		0 
	[] --mutation--> ['replace(97,219)']		0.0058714845419146717 
	[] --mutation--> ['insert(98,90)']		0 
	[] --mutation--> ['replace(85,213)']		0.0058714845419146717 
	[] --mutation--> ['insert(77,203)']		0 
	[] --mutation--> ['insert(83,222)']		0 
	[] --mutation--> ['delete(90)']		0.071776407014100096 
	[] --mutation--> ['replace(232,67)']		0 
	[] --mutation--> ['replace(104,194)']		0 
	[] --mutation--> ['insert(103,191)']		0 
	[] --mutation--> ['replace(133,138)']		0 
	[] --mutation--> ['replace(116,69)']		0.0056435636414405351 
	[] --mutation--> ['insert(227,203)']		0 
	[] --mutation--> ['insert(206,148)']		0 
	[] --mutation--> ['replace(67,206)']		0 
	[] --mutation--> ['replace(97,79)']		0.0058714845419146717 
	[] --mutation--> ['delete(227)']		0.0058714845419146717 
	[] --mutation--> ['replace(224,113)']		0.0058714845419146717 
	[] --mutation--> ['replace(70,136)']		0 
	[] --mutation--> ['delete(83)']		0.0058714845419146717 
	[] --mutation--> ['insert(206,211)']		0 
	[] --mutation--> ['delete(184)']		0 
	[] --mutation--> ['insert(148,211)']		0.0058714845419146717 
	[] --mutation--> ['replace(71,76)']		0 
	[] --mutation--> ['insert(77,184)']		0.071776407014100096 
	[] --mutation--> ['delete(193)']		0 
	[] --mutation--> ['insert(72,184)']		0.048435230062207353 
	[] --mutation--> ['delete(103)']		0 
	[] --mutation--> ['delete(227)']		0.0058714845419146717 
	[] --mutation--> ['delete(179)']		0.023787822021908954 
	[] --mutation--> ['replace(180,149)']		0.023787822021908954 
	[] --mutation--> ['insert(90,133)']		0 
	[] --mutation--> ['delete(227)']		0.0058714845419146717 
	[] --mutation--> ['replace(185,194)']		0 
	[] --mutation--> ['replace(145,164)']		0 
	[] --mutation--> ['delete(90)']		0.071776407014100096 
	[] --mutation--> ['delete(206)']		0.0058714845419146717 
	[] --mutation--> ['insert(143,143)']		0 
	[] --mutation--> ['replace(151,187)']		0 
	[] --mutation--> ['replace(180,144)']		0 
	[] --mutation--> ['insert(77,83)']		0 
	[] --mutation--> ['insert(232,118)']		0 
	[] --mutation--> ['replace(92,105)']		0.071776407014100096 
	[] --mutation--> ['replace(86,230)']		0.0058714845419146717 
	[] --mutation--> ['insert(184,179)']		0 
	[] --mutation--> ['replace(93,126)']		0.071776407014100096 
	[] --mutation--> ['delete(227)']		0.0058714845419146717 
	[] --mutation--> ['insert(83,115)']		0 
	[] --mutation--> ['insert(98,143)']		0 
	[] --mutation--> ['replace(83,206)']		0.0058714845419146717 
	[] --mutation--> ['replace(152,178)']		0 
	[] --mutation--> ['delete(138)']		0 
	[] --mutation--> ['delete(98)']		0 
	[] --mutation--> ['delete(67)']		0 
	[] --mutation--> ['insert(90,227)']		0 
	[] --mutation--> ['replace(181,145)']		0 
	[] --mutation--> ['insert(67,203)']		0 
	[] --mutation--> ['delete(138)']		0 
	[] --mutation--> ['replace(140,225)']		0 
	[] --mutation--> ['replace(73,129)']		0.0058714845419146717 
	[] --mutation--> ['replace(71,147)']		0 
	[] --mutation--> ['replace(79,150)']		0 
	[] --mutation--> ['insert(227,206)']		0 
	[] --mutation--> ['replace(96,215)']		0.0058714845419146717 
	[] --mutation--> ['replace(75,106)']		0 
	[] --mutation--> ['insert(148,77)']		0 
	[] --mutation--> ['replace(76,35)']		0 
	[] --mutation--> ['delete(103)']		0 
	[] --mutation--> ['insert(184,206)']		0 
	[] --mutation--> ['insert(67,198)']		0 
	[] --mutation--> ['delete(148)']		0 
	[] --mutation--> ['insert(232,232)']		0 
	[] --mutation--> ['delete(67)']		0 
	[] --mutation--> ['insert(148,148)']		0 
	[] --mutation--> ['replace(180,134)']		0.11839382759886614 
	[] --mutation--> ['insert(227,143)']		0 
	[] --mutation--> ['delete(103)']		0 
	[] --mutation--> ['replace(196,121)']		0 
	[] --mutation--> ['insert(206,72)']		0 
	[] --mutation--> ['delete(179)']		0.023787822021908954 
	[] --mutation--> ['insert(67,227)']		0 
	[] --mutation--> ['insert(143,154)']		0.023787822021908954 
	[] --mutation--> ['replace(90,211)']		0 
	[] --mutation--> ['replace(180,233)']		0.023787822021908954 
	[] --mutation--> ['insert(193,118)']		0 
	[] --mutation--> ['replace(104,84)']		0.0058714845419146717 
	[] --mutation--> ['insert(193,179)']		0 
	[] --mutation--> ['replace(155,186)']		0.0058714845419146717 
	[] --mutation--> ['replace(197,22)']		0 
	[] --mutation--> ['replace(71,231)']		0 
	[] --mutation--> ['replace(139,119)']		0 
	[] --mutation--> ['delete(67)']		0 
	[] --mutation--> ['replace(104,73)']		0.0058714845419146717 
	[] --mutation--> ['replace(157,171)']		0 
	[] --mutation--> ['delete(179)']		0.023787822021908954 
	[] --mutation--> ['delete(138)']		0 
	[] --mutation--> ['delete(143)']		0 
	[] --mutation--> ['replace(160,229)']		0 
	[] --mutation--> ['delete(193)']		0 
	[] --mutation--> ['replace(229,224)']		0.0058714845419146717 
	[] --mutation--> ['replace(136,106)']		0 
	[] --mutation--> ['replace(231,36)']		0.0058714845419146717 
	[] --mutation--> ['replace(65,125)']		0.0058714845419146717 
	[] --mutation--> ['insert(72,133)']		0 
	[] --mutation--> ['insert(77,138)']		0 
	[] --mutation--> ['delete(148)']		0 
	[] --mutation--> ['replace(72,90)']		0.0058714845419146717 
	[] --mutation--> ['replace(137,107)']		0 
	[] --mutation--> ['delete(67)']		0 
	[] --mutation--> ['insert(206,232)']		0 
	[] --mutation--> ['delete(90)']		0.071776407014100096 
	[] --mutation--> ['insert(72,162)']		0.048435230062207353 
	[] --mutation--> ['delete(206)']		0.0058714845419146717 
	[] --mutation--> ['delete(103)']		0 
	[] --mutation--> ['insert(143,217)']		0 
	[] --mutation--> ['replace(105,135)']		0 
	[] --mutation--> ['insert(227,95)']		0 
	[] --mutation--> ['replace(231,27)']		0.0058714845419146717 
	[] --mutation--> ['delete(138)']		0 
	[] --mutation--> ['insert(138,217)']		0 
	[] --mutation--> ['replace(106,175)']		0 
	[] --mutation--> ['insert(103,138)']		0 
	[] --mutation--> ['replace(93,86)']		0 
	[] --mutation--> ['insert(67,232)']		0 
	[] --mutation--> ['replace(73,228)']		0.0058714845419146717 
	[] --mutation--> ['insert(143,148)']		0 
	[] --mutation--> ['replace(155,177)']		0.0058714845419146717 
	[] --mutation--> ['insert(232,203)']		0.0058714845419146717 
	[] --mutation--> ['delete(98)']		0 
	[] --mutation--> ['delete(179)']		0.023787822021908954 
	[] --mutation--> ['replace(75,220)']		0 
	[] --mutation--> ['replace(100,177)']		0.0058714845419146717 
	[] --mutation--> ['replace(142,188)']		0 
	[] --mutation--> ['insert(232,64)']		0 
	[] --mutation--> ['insert(90,154)']		0 
	[] --mutation--> ['insert(83,159)']		0 
	[] --mutation--> ['replace(181,94)']		0 
	[] --mutation--> ['insert(90,198)']		0 
	[] --mutation--> ['replace(155,150)']		0 
	[] --mutation--> ['delete(232)']		0 
	[] --mutation--> ['replace(90,148)']		0.04251246974686948 
	[] --mutation--> ['replace(148,167)']		0 
	[] --mutation--> ['replace(116,85)']		0.0057575197709750468 
	[] --mutation--> ['replace(150,169)']		0 
	[] --mutation--> ['insert(83,217)']		0 
	[] --mutation--> ['replace(204,200)']		0.0058714845419146717 
	[] --mutation--> ['delete(67)']		0 
	[] --mutation--> ['replace(83,217)']		0.0058714845419146717 
	[] --mutation--> ['replace(145,135)']		0 
	[] --mutation--> ['replace(91,228)']		0.0058714845419146717 
	[] --mutation--> ['replace(136,187)']		0 
	[] --mutation--> ['insert(143,90)']		0.012527852328482443 
	[] --mutation--> ['insert(179,206)']		0 
	[] --mutation--> ['replace(67,72)']		0 
	[] --mutation--> ['delete(83)']		0.0058714845419146717 
	[] --mutation--> ['replace(72,172)']		0.0058714845419146717 
	[] --mutation--> ['delete(133)']		0 
	[] --mutation--> ['delete(179)']		0.023787822021908954 
	[] --mutation--> ['replace(81,202)']		0 
	[] --mutation--> ['delete(98)']		0 
	[] --mutation--> ['delete(83)']		0.0058714845419146717 
	[] --mutation--> ['insert(72,217)']		0 
	[] --mutation--> ['delete(138)']		0 
	[] --mutation--> ['delete(138)']		0 
	[] --mutation--> ['insert(83,67)']		0 
	[] --mutation--> ['insert(77,203)']		0 
	[] --mutation--> ['replace(74,229)']		0.0058714845419146717 
	[] --mutation--> ['delete(206)']		0.0058714845419146717 
	[] --mutation--> ['delete(206)']		0.0058714845419146717 
	[] --mutation--> ['replace(73,233)']		0.0058714845419146717 
	[] --mutation--> ['insert(227,162)']		0 
	[] --mutation--> ['insert(148,159)']		0 
	[] --mutation--> ['replace(180,228)']		0.11839382759886614 
	[] --mutation--> ['delete(138)']		0 
	[] --mutation--> ['insert(83,77)']		0.0058714845419146717 
	[] --mutation--> ['replace(236,89)']		0 
	[] --mutation--> ['insert(90,95)']		0 
	[] --mutation--> ['replace(144,129)']		0 
	[] --mutation--> ['delete(143)']		0 
	[] --mutation--> ['replace(102,142)']		0.0058714845419146717 
	[] --mutation--> ['replace(96,96)']		0 
	[] --mutation--> ['replace(181,60)']		0 
	[] --mutation--> ['replace(223,163)']		0.0058714845419146717 
	[] --mutation--> ['replace(104,194)']		0 
	[] --mutation--> ['delete(227)']		0.0058714845419146717 
	[] --mutation--> ['replace(204,92)']		0 
	[] --mutation--> ['replace(85,100)']		0.0058714845419146717 
	[] --mutation--> ['insert(67,148)']		0 
	[] --mutation--> ['replace(92,130)']		0.19866874499726167 
	[] --mutation--> ['insert(138,211)']		0 
	[] --mutation--> ['replace(96,96)']		0 
	[] --mutation--> ['delete(206)']		0.0058714845419146717 
	[] --mutation--> ['delete(72)']		0.0058714845419146717 
	[] --mutation--> ['insert(133,123)']		0 
	[] --mutation--> ['replace(90,172)']		0 
	[] --mutation--> ['insert(193,191)']		0 
	[] --mutation--> ['replace(144,119)']		0 
	[] --mutation--> ['replace(179,167)']		0.023787822021908954 
	[] --mutation--> ['delete(67)']		0 
	[] --mutation--> ['replace(137,81)']		0 
	[] --mutation--> ['replace(148,118)']		0 
	[] --mutation--> ['replace(148,128)']		0 
	[] --mutation--> ['replace(204,186)']		0.0058714845419146717 
	[] --mutation--> ['insert(103,83)']		0 
	[] --mutation--> ['insert(83,83)']		0 
	[] --mutation--> ['delete(193)']		0 
	[] --mutation--> ['delete(67)']		0 
	[] --mutation--> ['replace(197,81)']		0 
	[] --mutation--> ['delete(148)']		0 
	[] --mutation--> ['insert(67,159)']		0 
	[] --mutation--> ['delete(232)']		0 
	[] --mutation--> ['replace(92,200)']		0.19866874499726167 
	[] --mutation--> ['replace(94,219)']		0 
	[] --mutation--> ['insert(90,203)']		0 
	[] --mutation--> ['delete(143)']		0 
	[] --mutation--> ['delete(133)']		0 
	[] --mutation--> ['replace(135,164)']		0 
	[] --mutation--> ['replace(79,69)']		0 
	[] --mutation--> ['delete(206)']		0.0058714845419146717 
	[] --mutation--> ['insert(83,203)']		0 
	[] --mutation--> ['insert(77,77)']		0 
	[] --mutation--> ['insert(193,67)']		0 
	[] --mutation--> ['replace(85,225)']		0.0058714845419146717 
	[] --mutation--> ['replace(137,107)']		0 
	[] --mutation--> ['insert(193,72)']		0 
	[] --mutation--> ['replace(135,216)']		0 
	[] --mutation--> ['insert(138,90)']		0 
	[] --mutation--> ['replace(208,177)']		0.0058714845419146717 
	[] --mutation--> ['replace(84,139)']		0.16792469863203319 
	[] --mutation--> ['replace(206,184)']		0.04209011652512485 
	[] --mutation--> ['insert(103,67)']		0 
	[] --mutation--> ['insert(67,77)']		0 
	[] --mutation--> ['insert(193,128)']		0 
	[] --mutation--> ['replace(76,26)']		0 
	[] --mutation--> ['delete(90)']		0.071776407014100096 
	[] --mutation--> ['replace(233,168)']		0 
	[] --mutation--> ['replace(105,130)']		0 
	[] --mutation--> ['delete(143)']		0 
	[] --mutation--> ['insert(193,138)']		0 
	[] --mutation--> ['insert(206,217)']		0 
	[] --mutation--> ['insert(133,77)']		0 
	[] --mutation--> ['delete(143)']		0 
	[] --mutation--> ['insert(193,184)']		0 
	[] --mutation--> ['replace(187,75)']		0 
	[] --mutation--> ['delete(98)']		0 
	[] --mutation--> ['replace(140,111)']		0 
	[] --mutation--> ['delete(227)']		0.0058714845419146717 
	[] --mutation--> ['insert(184,154)']		0 
	[] --mutation--> ['replace(210,107)']		0.0058714845419146717 
	[] --mutation--> ['replace(208,140)']		0.04209011652512485 
	[] --mutation--> ['insert(103,203)']		0 
	[] --mutation--> ['replace(194,144)']		0 
	[] --mutation--> ['replace(84,99)']		0.0058714845419146717 
	[] --mutation--> ['replace(193,77)']		0 
	[] --mutation--> ['delete(179)']		0.023787822021908954 
	[] --mutation--> ['replace(231,147)']		0.0058714845419146717 
	[] --mutation--> ['insert(103,148)']		0 
	[] --mutation--> ['delete(90)']		0.071776407014100096 
	[] --mutation--> ['replace(186,69)']		0 
	[] --mutation--> ['delete(67)']		0 
	[] --mutation--> ['replace(68,218)']		0 
	[] --mutation--> ['replace(157,27)']		0 
	[] --mutation--> ['replace(207,173)']		0.0058714845419146717 
	[] --mutation--> ['insert(227,206)']		0 
	[] --mutation--> ['replace(146,182)']		0 
	[] --mutation--> ['delete(184)']		0 
	[] --mutation--> ['insert(138,222)']		0 
	[] --mutation--> ['replace(208,145)']		0.0064215600719792487 
	[] --mutation--> ['insert(227,198)']		0 
	[] --mutation--> ['replace(143,227)']		0 
	[] --mutation--> ['replace(85,140)']		0.16792469863203319 
	[] --mutation--> ['delete(103)']		0 
	[] --mutation--> ['replace(232,167)']		0 
	[] --mutation--> ['replace(72,77)']		0.0058714845419146717 
	[] --mutation--> ['delete(98)']		0 
	[] --mutation--> ['replace(228,104)']		0.0058714845419146717 
	[] --mutation--> ['insert(83,154)']		0 
	[] --mutation--> ['replace(83,72)']		0.0058714845419146717 
	[] --mutation--> ['insert(227,227)']		0 
	[] --mutation--> ['insert(206,198)']		0 
	[] --mutation--> ['insert(83,198)']		0 
	[] --mutation--> ['insert(184,179)']		0 
	[] --mutation--> ['insert(138,77)']		0 
	[] --mutation--> ['delete(193)']		0 
	[] --mutation--> ['replace(141,80)']		0 
	[] --mutation--> ['insert(67,191)']		0 
	[] --mutation--> ['replace(183,135)']		0.025211512545364058 
	[] --mutation--> ['delete(72)']		0.0058714845419146717 
	[] --mutation--> ['insert(138,167)']		0 
	[] --mutation--> ['replace(155,120)']		0 
	[] --mutation--> ['delete(67)']		0 
	[] --mutation--> ['replace(78,73)']		0 
	[] --mutation--> ['insert(148,138)']		0 
	[] --mutation--> ['insert(103,64)']		0.0058714845419146717 
	[] --mutation--> ['delete(83)']		0.0058714845419146717 
	[] --mutation--> ['replace(86,187)']		0.0058714845419146717 
	[] --mutation--> ['insert(98,162)']		0 
	[] --mutation--> ['delete(133)']		0 
	[] --mutation--> ['replace(187,151)']		0 
	[] --mutation--> ['delete(72)']		0.0058714845419146717 
	[] --mutation--> ['replace(152,171)']		0 
	[] --mutation--> ['insert(72,179)']		0.048435230062207353 
	[] --mutation--> ['replace(224,120)']		0 
	[] --mutation--> ['replace(76,132)']		0 
	[] --mutation--> ['delete(193)']		0 
	[] --mutation--> ['replace(140,60)']		0 
	[] --mutation--> ['delete(72)']		0.0058714845419146717 
	[] --mutation--> ['delete(77)']		0 
	[] --mutation--> ['insert(98,64)']		0 
	[] --mutation--> ['insert(148,95)']		0 
	[] --mutation--> ['delete(232)']		0 
	[] --mutation--> ['delete(143)']		0 
	[] --mutation--> ['replace(86,86)']		0 
	[] --mutation--> ['delete(138)']		0 
	[] --mutation--> ['insert(232,222)']		0.0058714845419146717 
	[] --mutation--> ['replace(103,138)']		0 
	[] --mutation--> ['insert(77,154)']		0.071776407014100096 
	[] --mutation--> ['replace(152,51)']		0 
	[] --mutation--> ['insert(83,179)']		0 
	[] --mutation--> ['insert(206,83)']		0 
	[] --mutation--> ['insert(103,154)']		0 
	[] --mutation--> ['delete(206)']		0.0058714845419146717 
	[] --mutation--> ['delete(103)']		0 
	[] --mutation--> ['delete(143)']		0 
	[] --mutation--> ['replace(92,174)']		0.17793920281176465 
	[] --mutation--> ['replace(68,185)']		0 
	[] --mutation--> ['replace(101,136)']		0.0058714845419146717 
	[] --mutation--> ['insert(232,227)']		0 
	[] --mutation--> ['delete(90)']		0.071776407014100096 
	[] --mutation--> ['insert(148,83)']		0 
	[] --mutation--> ['replace(180,228)']		0.11839382759886614 
	[] --mutation--> ['replace(182,235)']		0.023787822021908954 
	[] --mutation--> ['replace(143,83)']		0 
	[] --mutation--> ['delete(67)']		0 
	[] --mutation--> ['replace(228,91)']		0.0058714845419146717 
	[] --mutation--> ['insert(179,83)']		0 
	[] --mutation--> ['insert(103,222)']		0 
	[] --mutation--> ['insert(193,198)']		0 
	[] --mutation--> ['delete(77)']		0 
	[] --mutation--> ['replace(210,210)']		0 
	[] --mutation--> ['delete(83)']		0.0058714845419146717 
	[] --mutation--> ['delete(227)']		0.0058714845419146717 
	[] --mutation--> ['insert(206,191)']		0 
	[] --mutation--> ['delete(83)']		0.0058714845419146717 
	[] --mutation--> ['delete(83)']		0.0058714845419146717 
	[] --mutation--> ['replace(94,229)']		0 
	[] --mutation--> ['replace(225,111)']		0 
	[] --mutation--> ['insert(103,162)']		0 
	[] --mutation--> ['delete(138)']		0 
	[] --mutation--> ['delete(193)']		0 
	[] --mutation--> ['delete(179)']		0.023787822021908954 
	[] --mutation--> ['insert(232,203)']		0.0058714845419146717 
	[] --mutation--> ['delete(193)']		0 
	[] --mutation--> ['insert(90,118)']		0 
	[] --mutation--> ['delete(83)']		0.0058714845419146717 
	[] --mutation--> ['insert(133,162)']		0.10673391149441198 
	[] --mutation--> ['replace(151,182)']		0 
	[] --mutation--> ['insert(98,128)']		0 
	[] --mutation--> ['replace(88,192)']		0.0058714845419146717 
	[] --mutation--> ['insert(103,72)']		0 
	[] --mutation--> ['insert(138,148)']		0 
	[] --mutation--> ['replace(137,210)']		0 
	[] --mutation--> ['replace(187,75)']		0 
	[] --mutation--> ['replace(204,234)']		0.0058714845419146717 
	[] --mutation--> ['insert(103,206)']		0 
	[] --mutation--> ['delete(227)']		0.0058714845419146717 
	[] --mutation--> ['delete(138)']		0 
	[] --mutation--> ['insert(227,118)']		0 
	[] --mutation--> ['insert(98,77)']		0 
	[] --mutation--> ['insert(148,222)']		0.0058714845419146717 
	[] --mutation--> ['insert(98,211)']		0 
	[] --mutation--> ['insert(193,159)']		0 
	[] --mutation--> ['replace(192,229)']		0 
	[] --mutation--> ['insert(232,167)']		0 
	[] --mutation--> ['delete(148)']		0 
	[] --mutation--> ['insert(193,184)']		0 
	[] --mutation--> ['insert(232,222)']		0.0058714845419146717 
	[] --mutation--> ['replace(71,137)']		0 
	[] --mutation--> ['delete(206)']		0.0058714845419146717 
	[] --mutation--> ['replace(208,204)']		0 
	[] --mutation--> ['replace(86,170)']		0.0058714845419146717 
	[] --mutation--> ['replace(101,80)']		0.0058714845419146717 
	[] --mutation--> ['replace(68,134)']		0 
	[] --mutation--> ['delete(232)']		0 
	[] --mutation--> ['delete(148)']		0 
	[] --mutation--> ['delete(227)']		0.0058714845419146717 
	[] --mutation--> ['replace(70,106)']		0 
	[] --mutation--> ['replace(229,192)']		0.0058714845419146717 
	[] --mutation--> ['delete(138)']		0 
	[] --mutation--> ['insert(67,148)']		0 
	[] --mutation--> ['insert(138,222)']		0 
	[] --mutation--> ['replace(144,104)']		0 
	[] --mutation--> ['replace(147,127)']		0 
	[] --mutation--> ['insert(148,118)']		0 
	[] --mutation--> ['delete(143)']		0 
	[] --mutation--> ['replace(84,134)']		0.0058714845419146717 
	[] --mutation--> ['insert(90,154)']		0 
	[] --mutation--> ['insert(90,148)']		0 
	[] --mutation--> ['insert(98,128)']		0 
	[] --mutation--> ['insert(184,217)']		0 
	[] --mutation--> ['delete(227)']		0.0058714845419146717 
	[] --mutation--> ['replace(160,94)']		0 
	[] --mutation--> ['replace(138,67)']		0 
	[] --mutation--> ['replace(81,188)']		0 
	[] --mutation--> ['delete(206)']		0.0058714845419146717 
	[] --mutation--> ['replace(223,87)']		0 
	[] --mutation--> ['replace(139,212)']		0 
	[] --mutation--> ['replace(137,127)']		0 
	[] --mutation--> ['replace(88,160)']		0.0058714845419146717 
	[] --mutation--> ['delete(227)']		0.0058714845419146717 
	[] --mutation--> ['delete(143)']		0 
	[] --mutation--> ['insert(98,154)']		0 
	[] --mutation--> ['replace(160,97)']		0 
	[] --mutation--> ['insert(67,83)']		0 
	[] --mutation--> ['delete(138)']		0 
	[] --mutation--> ['replace(80,182)']		0 
	[] --mutation--> ['delete(133)']		0 
	[] --mutation--> ['replace(140,97)']		0 
	[] --mutation--> ['replace(147,17)']		0 
	[] --mutation--> ['delete(67)']		0 
	[] --mutation--> ['insert(143,95)']		0.012527852328482443 
	[] --mutation--> ['delete(232)']		0 
	[] --mutation--> ['delete(77)']		0 
	[] --mutation--> ['insert(179,159)']		0 
	[] --mutation--> ['replace(157,188)']		0 
	[] --mutation--> ['replace(105,186)']		0 
	[] --mutation--> ['insert(206,211)']		0 
	[] --mutation--> ['delete(227)']		0.0058714845419146717 
	[] --mutation--> ['replace(138,133)']		0 
	[] --mutation--> ['replace(105,130)']		0 
	[] --mutation--> ['delete(148)']		0 
	[] --mutation--> ['insert(206,143)']		0 
	[] --mutation--> ['insert(232,64)']		0 
	[] --mutation--> ['delete(179)']		0.023787822021908954 
	[] --mutation--> ['replace(137,17)']		0 
	[] --mutation--> ['delete(227)']		0.0058714845419146717 
	[] --mutation--> ['replace(65,120)']		0.0058714845419146717 
	[] --mutation--> ['replace(149,139)']		0 
	[] --mutation--> ['replace(228,194)']		0.042005834457152856 
	[] --mutation--> ['replace(76,71)']		0 
	[] --mutation--> ['replace(133,103)']		0 
	[] --mutation--> ['delete(232)']		0 
	[] --mutation--> ['delete(90)']		0.071776407014100096 
	[] --mutation--> ['replace(228,185)']		0.042005834457152856 
	[] --mutation--> ['insert(232,115)']		0.0058714845419146717 
	[] --mutation--> ['replace(85,204)']		0 
	[] --mutation--> ['insert(193,128)']		0 
	[] --mutation--> ['replace(107,147)']		0 
	[] --mutation--> ['replace(65,140)']		0.0058714845419146717 
	[] --mutation--> ['insert(133,191)']		0 
	[] --mutation--> ['replace(204,183)']		0 
	[] --mutation--> ['replace(145,62)']		0 
	[] --mutation--> ['replace(152,202)']		0 
	[] --mutation--> ['insert(232,133)']		0 
	[] --mutation--> ['replace(97,116)']		0.0058714845419146717 
	[] --mutation--> ['replace(224,169)']		0.0058714845419146717 
	[] --mutation--> ['replace(236,51)']		0 
	[] --mutation--> ['replace(74,100)']		0.0058714845419146717 
	[] --mutation--> ['insert(206,115)']		0 
	[] --mutation--> ['delete(83)']		0.0058714845419146717 
	[] --mutation--> ['replace(146,75)']		0 
	[] --mutation--> ['replace(69,92)']		0 
	[] --mutation--> ['replace(194,91)']		0 
	[] --mutation--> ['insert(67,227)']		0 
	[] --mutation--> ['insert(77,227)']		0 
	[] --mutation--> ['delete(67)']		0 
	[] --mutation--> ['insert(72,128)']		0 
	[] --mutation--> ['insert(143,159)']		0.023787822021908954 
	[] --mutation--> ['insert(232,90)']		0 
	[] --mutation--> ['insert(184,143)']		0 
	[] --mutation--> ['replace(180,194)']		0.023787822021908954 
	[] --mutation--> ['replace(104,104)']		0 
	[] --mutation--> ['replace(97,213)']		0 
	[] --mutation--> ['insert(193,217)']		0 
	[] --mutation--> ['delete(83)']		0.0058714845419146717 
	[] --mutation--> ['insert(184,133)']		0 
	[] --mutation--> ['replace(137,142)']		0 
	[] --mutation--> ['insert(83,118)']		0.0058714845419146717 
	[] --mutation--> ['insert(67,167)']		0 
	[] --mutation--> ['insert(206,191)']		0 
	[] --mutation--> ['replace(85,140)']		0.16792469863203319 
	[] --mutation--> ['replace(71,147)']		0 
	[] --mutation--> ['replace(146,80)']		0 
	[] --mutation--> ['delete(77)']		0 
	[] --mutation--> ['insert(133,72)']		0 
	[] --mutation--> ['replace(208,213)']		0.0058714845419146717 
	[] --mutation--> ['replace(70,86)']		0 
	[] --mutation--> ['replace(78,73)']		0 
	[] --mutation--> ['delete(193)']		0 
	[] --mutation--> ['replace(72,98)']		0.0058714845419146717 
	[] --mutation--> ['insert(138,162)']		0 
	[] --mutation--> ['insert(77,148)']		0 
	[] --mutation--> ['insert(98,118)']		0 
	[] --mutation--> ['replace(182,106)']		0.023787822021908954 
	[] --mutation--> ['delete(148)']		0 
	[] --mutation--> ['insert(227,179)']		0 
	[] --mutation--> ['replace(70,101)']		0 
	[] --mutation--> ['insert(90,232)']		0 
	[] --mutation--> ['replace(152,17)']		0 
	[] --mutation--> ['replace(99,173)']		0.0058714845419146717 
	[] --mutation--> ['delete(232)']		0 
	[] --mutation--> ['insert(98,154)']		0 
	[] --mutation--> ['delete(206)']		0.0058714845419146717 
	[] --mutation--> ['insert(184,159)']		0 
	[] --mutation--> ['insert(148,128)']		0 
	[] --mutation--> ['delete(138)']		0 
	[] --mutation--> ['delete(184)']		0 
	[] --mutation--> ['replace(188,132)']		0 
	[] --mutation--> ['replace(192,216)']		0 
	[] --mutation--> ['insert(206,167)']		0 
	[] --mutation--> ['delete(133)']		0 
	[] --mutation--> ['delete(77)']		0 
	[] --mutation--> ['replace(223,163)']		0.0058714845419146717 
	[] --mutation--> ['delete(67)']		0 
	[] --mutation--> ['insert(103,167)']		0 
	[] --mutation--> ['insert(98,154)']		0 
	[] --mutation--> ['replace(179,193)']		0.023787822021908954 
	[] --mutation--> ['replace(84,199)']		0.0058714845419146717 
	[] --mutation--> ['replace(232,98)']		0 
	[] --mutation--> ['delete(67)']		0 
	[] --mutation--> ['delete(184)']		0 
	[] --mutation--> ['replace(151,121)']		0 
	[] --mutation--> ['delete(179)']		0.023787822021908954 
	[] --mutation--> ['replace(225,145)']		0.0058714845419146717 
	[] --mutation--> ['insert(193,222)']		0 
	[] --mutation--> ['insert(232,159)']		0 
	[] --mutation--> ['delete(67)']		0 
	[] --mutation--> ['delete(90)']		0.071776407014100096 
	[] --mutation--> ['replace(146,151)']		0 
	[] --mutation--> ['replace(97,88)']		0 
	[] --mutation--> ['insert(232,222)']		0.0058714845419146717 
	[] --mutation--> ['replace(210,142)']		0.0058714845419146717 
	[] --mutation--> ['delete(193)']		0 
	[] --mutation--> ['replace(184,193)']		0 
	[] --mutation--> ['replace(140,65)']		0 
	[] --mutation--> ['delete(206)']		0.0058714845419146717 
	[] --mutation--> ['delete(206)']		0.0058714845419146717 
	[] --mutation--> ['replace(151,175)']		0 
	[] --mutation--> ['replace(137,71)']		0 
	[] --mutation--> ['delete(143)']		0 
	[] --mutation--> ['replace(134,149)']		0 
	[] --mutation--> ['replace(193,103)']		0 
	[] --mutation--> ['delete(179)']		0.023787822021908954 
	[] --mutation--> ['delete(98)']		0 
	[] --mutation--> ['insert(148,159)']		0 
	[] --mutation--> ['replace(94,225)']		0 
	[] --mutation--> ['replace(229,113)']		0 
	[] --mutation--> ['delete(227)']		0.0058714845419146717 
	[] --mutation--> ['replace(148,118)']		0 
	[] --mutation--> ['replace(141,93)']		0 
	[] --mutation--> ['replace(234,186)']		0 
	[] --mutation--> ['replace(231,27)']		0.0058714845419146717 
	[] --mutation--> ['replace(155,60)']		0 
	[] --mutation--> ['replace(193,167)']		0 
	[] --mutation--> ['delete(227)']		0.0058714845419146717 
	[] --mutation--> ['delete(83)']		0.0058714845419146717 
	[] --mutation--> ['delete(193)']		0 
	[] --mutation--> ['replace(142,52)']		0 
	[] --mutation--> ['delete(184)']		0 
	[] --mutation--> ['replace(98,143)']		0.0058714845419146717 
	[] --mutation--> ['replace(236,51)']		0 
	[] --mutation--> ['insert(83,184)']		0 
	[] --mutation--> ['insert(133,167)']		1 ######## REPAIR FOUND ########
		['insert(133,167)']
TOTAL TIME TAKEN TO FIND REPAIR = 3501.593231
