SEED:
	 repair_2021-07-11-16:40:19
SOURCE FILE:
	 /home/hammada/projects/verilog_repair/benchmarks/fsm_full/fsm_full_wadden_buggy2.v
TEST BENCH:
	 /home/hammada/projects/verilog_repair/benchmarks/fsm_full/fsm_full_tb_t1.v
PROJ_DIR:
	 /home/hammada/projects/verilog_repair/benchmarks/fsm_full/
FITNESS_MODE:
	 outputwires
EVAL_SCRIPT:
	 /home/hammada/projects/verilog_repair/benchmarks/fsm_full/run.sh
ORACLE:
	 /home/hammada/projects/verilog_repair/benchmarks/fsm_full/oracle_half.txt
PARAMETERS:
	gens=8
	popsize=5000
	mutation_rate=0.700000
	crossover_rate=0.300000
	replacement_rate=0.400000
	insertion_rate=0.300000
	deletion_rate=0.300000
	restarts=1
	fault_loc=True
	control_flow=True
	limit_transitive_dependency_set=True
	dependency_set_max=4

IN GENERATION 0 OF ATTEMPT 0
	[] --mutation--> ['replace(155,67)']		0.38095238095238093 
	[] --mutation--> ['delete(278)']		0.54761904761904767 
	[] --mutation--> ['insert(175,273)']		0.76190476190476186 
	[] --mutation--> ['delete(181)']		0.80952380952380953 
	[] --template--> []		0.80952380952380953 
	[] --template--> ['template(decrement_by_one,341)']		0 
	[] --template--> ['template(sens_to_all,91)']		0 
	[] --mutation--> ['insert(109,309)']		0.80952380952380953 
	[] --mutation--> ['insert(199,217)']		0.76190476190476186 
	[] --mutation--> ['insert(299,129)']		0.80952380952380953 
	[] --mutation--> ['replace(279,300)']		0.54761904761904767 
	[] --mutation--> ['replace(111,167)']		0 
	[] --mutation--> ['replace(126,149)']		0.76190476190476186 
	[] --mutation--> ['insert(290,163)']		0 
	[] --template--> []		0.80952380952380953 
	[] --mutation--> ['replace(146,212)']		0.80952380952380953 
	[] --mutation--> ['delete(230)']		0.76470588235294112 
	[] --mutation--> ['insert(299,163)']		0.80952380952380953 
	[] --mutation--> ['insert(271,211)']		0 
	[] --mutation--> ['replace(256,235)']		0.80952380952380953 
	[] --mutation--> ['replace(271,344)']		0.80952380952380953 
	[] --mutation--> ['insert(299,109)']		0.80952380952380953 
	[] --mutation--> ['insert(258,319)']		0.76190476190476186 
	[] --mutation--> ['delete(258)']		0.5714285714285714 
	[] --mutation--> ['replace(344,344)']		0.80952380952380953 
	[] --mutation--> ['replace(115,171)']		0.6428571428571429 
	[] --mutation--> ['insert(251,193)']		0.80952380952380953 
	[] --template--> ['template(blocking_to_nonblocking,217)']		0.80952380952380953 
	[] --mutation--> ['replace(345,272)']		0.80952380952380953 
	[] --mutation--> ['replace(322,112)']		0.80952380952380953 
	[] --mutation--> ['replace(196,202)']		0.6428571428571429 
	[] --mutation--> ['delete(329)']		0.76190476190476186 
	[] --mutation--> ['replace(329,139)']		0.76190476190476186 
	[] --template--> ['template(nonblocking_to_blocking,292)']		0.80952380952380953 
	[] --mutation--> ['replace(327,203)']		0.80952380952380953 
	[] --mutation--> ['delete(251)']		0.76470588235294112 
	[] --mutation--> ['replace(305,315)']		0.80952380952380953 
	[] --template--> []		0.80952380952380953 
	[] --template--> ['template(negate_equality,189)']		0.59523809523809523 
	[] --mutation--> ['replace(166,66)']		0.76190476190476186 
	[] --mutation--> ['delete(278)']		0.54761904761904767 
	[] --mutation--> ['replace(296,291)']		0.47619047619047616 
	[] --mutation--> ['replace(253,246)']		0.76470588235294112 
	[] --mutation--> ['insert(244,100)']		0.83132530120481929 
	[] --mutation--> ['insert(314,230)']		0.80952380952380953 
	[] --mutation--> ['insert(249,251)']		0.80952380952380953 
	[] --template--> ['template(increment_by_one,94)']		0 
	[] --mutation--> ['replace(281,166)']		0.5 
	[] --mutation--> ['replace(161,280)']		0.38095238095238093 
	[] --mutation--> ['insert(334,319)']		0 
	[] --mutation--> ['replace(131,167)']		0 
	[] --mutation--> ['insert(258,199)']		0.76190476190476186 
	[] --mutation--> ['replace(340,158)']		0.7142857142857143 
	[] --mutation--> ['replace(130,286)']		0.76190476190476186 
	[] --mutation--> ['insert(309,145)']		0.76190476190476186 
	[] --template--> ['template(increment_by_one,111)']		0 
	[] --mutation--> ['insert(109,237)']		0.80952380952380953 
	[] --mutation--> ['delete(251)']		0.76470588235294112 
	[] --mutation--> ['delete(244)']		0.76470588235294112 
	[] --template--> ['template(blocking_to_nonblocking,139)']		0.7857142857142857 
	[] --mutation--> ['replace(199,199)']		0.80952380952380953 
	[] --mutation--> ['replace(322,281)']		0.76190476190476186 
	[] --mutation--> ['insert(271,217)']		0 
	[] --template--> ['template(blocking_to_nonblocking,163)']		0.80952380952380953 
	[] --mutation--> ['insert(157,181)']		0.76190476190476186 
	[] --mutation--> ['replace(241,86)']		0.80952380952380953 
	[] --mutation--> ['replace(256,297)']		0.80952380952380953 
	[] --mutation--> ['replace(176,320)']		0.52380952380952384 
	[] --mutation--> ['replace(294,287)']		0.7142857142857143 
	[] --mutation--> ['replace(290,256)']		0.80952380952380953 
	[] --template--> ['template(blocking_to_nonblocking,109)']		0.80952380952380953 
	[] --mutation--> ['replace(320,286)']		0.80952380952380953 
	[] --mutation--> ['replace(270,195)']		0.80952380952380953 
	[] --mutation--> ['replace(179,185)']		0.5 
	[] --mutation--> ['delete(217)']		0.80952380952380953 
	[] --mutation--> ['replace(342,322)']		0.80952380952380953 
	[] --mutation--> ['delete(319)']		0.76190476190476186 
	[] --mutation--> ['delete(145)']		0.5714285714285714 
	[] --mutation--> ['delete(309)']		0.73809523809523814 
	[] --template--> ['template(increment_by_one,276)']		0.45238095238095238 
	[] --mutation--> ['delete(199)']		0.80952380952380953 
	[] --mutation--> ['insert(263,339)']		0 
	[] --mutation--> ['replace(237,285)']		0.80952380952380953 
	[] --mutation--> ['insert(193,319)']		0.80952380952380953 
	[] --mutation--> ['insert(242,319)']		0 
	[] --mutation--> ['replace(215,294)']		0.80952380952380953 
	[] --mutation--> ['delete(163)']		0.80952380952380953 
	[] --template--> ['template(nonblocking_to_blocking,299)']		0.80952380952380953 
	[] --mutation--> ['insert(163,251)']		0.80952380952380953 
	[] --mutation--> ['replace(196,66)']		0.6428571428571429 
	[] --mutation--> ['insert(175,157)']		0.80952380952380953 
	[] --mutation--> ['delete(266)']		0.5714285714285714 
	[] --mutation--> ['delete(285)']		0.61904761904761907 
	[] --mutation--> ['delete(329)']		0.76190476190476186 
	[] --mutation--> ['delete(109)']		0.73809523809523814 
	[] --mutation--> ['delete(297)']		0.80952380952380953 
	[] --template--> ['template(blocking_to_nonblocking,211)']		0.80952380952380953 
	[] --mutation--> ['replace(312,73)']		0.73809523809523814 
	[] --mutation--> ['insert(181,145)']		0.73809523809523814 
	[] --mutation--> ['insert(249,230)']		0.80952380952380953 
	[] --mutation--> ['insert(339,157)']		0.7857142857142857 
	[] --mutation--> ['delete(230)']		0.76470588235294112 
	[] --mutation--> ['replace(269,148)']		0.75 
	[] --mutation--> ['replace(213,228)']		0 
	[] --mutation--> ['replace(197,219)']		0.6428571428571429 
	[] --mutation--> ['delete(278)']		0.54761904761904767 
	[] --mutation--> ['replace(176,259)']		0.80952380952380953 
	[] --mutation--> ['insert(256,157)']		0 
	[] --mutation--> ['insert(242,181)']		0 
	[] --mutation--> ['delete(283)']		0.80952380952380953 
	[] --mutation--> ['replace(278,139)']		0.5 
	[] --template--> ['template(sens_to_posedge,89)']		0 
	[] --template--> ['template(sens_to_negedge,95)']		0 
	[] --template--> ['template(decrement_by_one,246)']		0 
	[] --mutation--> ['insert(129,319)']		0.7857142857142857 
	[] --template--> ['template(negate_equality,125)']		0.54761904761904767 
	[] --mutation--> ['delete(266)']		0.5714285714285714 
	[] --mutation--> ['delete(119)']		0.76190476190476186 
	[] --mutation--> ['delete(324)']		0.80952380952380953 
	[] --mutation--> ['insert(258,278)']		0.5714285714285714 
	[] --mutation--> ['replace(341,190)']		0 
	[] --mutation--> ['replace(287,219)']		0.61904761904761907 
	[] --mutation--> ['insert(271,292)']		0.80952380952380953 
	[] --mutation--> ['replace(208,90)']		0.80952380952380953 
	[] --mutation--> ['insert(283,119)']		0 
	[] --mutation--> ['delete(235)']		0.80952380952380953 
	[] --mutation--> ['delete(163)']		0.80952380952380953 
	[] --mutation--> ['replace(315,62)']		0.80952380952380953 
	[] --template--> ['template(increment_by_one,232)']		0 
	[] --template--> []		0.80952380952380953 
	[] --mutation--> ['insert(157,244)']		0.80952380952380953 
	[] --mutation--> ['insert(309,119)']		0.80952380952380953 
	[] --mutation--> ['replace(284,209)']		0 
	[] --mutation--> ['delete(299)']		0.80952380952380953 
	[] --mutation--> ['replace(294,172)']		0 
	[] --mutation--> ['replace(274,294)']		0.5714285714285714 
	[] --template--> ['template(sens_to_all,97)']		0 
	[] --template--> ['template(nonblocking_to_blocking,319)']		0.80952380952380953 
	[] --mutation--> ['delete(258)']		0.5714285714285714 
	[] --mutation--> ['delete(175)']		0.5 
	[] --mutation--> ['insert(329,181)']		0.73809523809523814 
	[] --mutation--> ['replace(121,274)']		0.7857142857142857 
	[] --mutation--> ['delete(304)']		0.80952380952380953 
	[] --mutation--> ['replace(252,310)']		0.76470588235294112 
	[] --template--> ['template(blocking_to_nonblocking,181)']		0.80952380952380953 
	[] --mutation--> ['delete(145)']		0.5714285714285714 
	[] --mutation--> ['insert(249,139)']		0 
	[] --mutation--> ['delete(285)']		0.61904761904761907 
	[] --mutation--> ['replace(240,160)']		0.80952380952380953 
	[] --template--> ['template(decrement_by_one,187)']		0.6428571428571429 
	[] --mutation--> ['replace(310,194)']		0.73809523809523814 
	[] --mutation--> ['delete(193)']		0.6428571428571429 
	[] --template--> ['template(nonblocking_to_blocking,266)']		0.7142857142857143 
	[] --mutation--> ['delete(119)']		0.76190476190476186 
	[] --mutation--> ['insert(249,339)']		0 
	[] --template--> ['template(nonblocking_to_blocking,299)']		0.80952380952380953 
	[] --mutation--> ['insert(163,181)']		0.7857142857142857 
	[] --mutation--> ['replace(125,153)']		0.69047619047619047 
	[] --mutation--> ['insert(175,193)']		0.80952380952380953 
	[] --mutation--> ['replace(341,111)']		0.7142857142857143 
	[] --template--> []		0.80952380952380953 
	[] --template--> ['template(decrement_by_one,270)']		0.5714285714285714 
	[] --template--> ['template(increment_by_one,260)']		0 
	[] --template--> []		0.80952380952380953 
	[] --mutation--> ['insert(319,329)']		0.76190476190476186 
	[] --template--> ['template(blocking_to_nonblocking,217)']		0.80952380952380953 
	[] --mutation--> ['replace(334,242)']		0.80952380952380953 
	[] --mutation--> ['insert(249,329)']		0 
	[] --mutation--> ['insert(304,211)']		0 
	[] --mutation--> ['delete(251)']		0.76470588235294112 
	[] --mutation--> ['delete(344)']		0.80952380952380953 
	[] --mutation--> ['insert(244,109)']		0.80952380952380953 
	[] --mutation--> ['delete(129)']		0.76190476190476186 
	[] --mutation--> ['replace(248,62)']		0.80952380952380953 
	[] --mutation--> ['insert(249,244)']		0.80952380952380953 
	[] --mutation--> ['insert(175,278)']		0.80952380952380953 
	[] --mutation--> ['insert(290,319)']		0 
	[] --template--> ['template(decrement_by_one,179)']		0.5 
	[] --mutation--> ['replace(122,73)']		0.76190476190476186 
	[] --mutation--> ['replace(112,196)']		0.73809523809523814 
	[] --mutation--> ['insert(109,100)']		0.37349397590361444 
	[] --mutation--> ['replace(145,175)']		0.80952380952380953 
	[] --mutation--> ['delete(258)']		0.5714285714285714 
	[] --template--> ['template(decrement_by_one,321)']		0 
	[] --mutation--> ['insert(266,157)']		0.7857142857142857 
	[] --mutation--> ['replace(238,120)']		0.76470588235294112 
	[] --mutation--> ['delete(145)']		0.5714285714285714 
	[] --mutation--> ['insert(244,100)']		0.83132530120481929 
	[] --mutation--> ['delete(344)']		0.80952380952380953 
	[] --template--> ['template(sens_to_level,91)']		0.80952380952380953 
	[] --mutation--> ['insert(283,273)']		0 
	[] --mutation--> ['insert(299,109)']		0.80952380952380953 
	[] --mutation--> ['insert(145,193)']		0.80952380952380953 
	[] --mutation--> ['insert(193,319)']		0.80952380952380953 
	[] --mutation--> ['replace(169,232)']		0.5 
	[] --mutation--> ['replace(201,337)']		0 
	[] --mutation--> ['delete(299)']		0.80952380952380953 
	[] --mutation--> ['insert(309,109)']		0.7857142857142857 
	[] --template--> ['template(increment_by_one,228)']		0.75 
	[] --mutation--> ['insert(283,244)']		0.80952380952380953 
	[] --mutation--> ['replace(241,241)']		0.80952380952380953 
	[] --mutation--> ['insert(230,258)']		0.80952380952380953 
	[] --mutation--> ['insert(256,273)']		0 
	[] --mutation--> ['insert(324,163)']		0 
	[] --mutation--> ['replace(271,324)']		0.80952380952380953 
	[] --template--> ['template(negate_equality,189)']		0.59523809523809523 
	[] --mutation--> ['replace(295,142)']		0.80952380952380953 
	[] --mutation--> ['replace(232,101)']		0.76470588235294112 
	[] --mutation--> ['replace(261,122)']		0.7857142857142857 
	[] --mutation--> ['delete(263)']		0.80952380952380953 
	[] --mutation--> ['replace(132,122)']		0.76190476190476186 
	[] --mutation--> ['insert(324,217)']		0 
	[] --template--> ['template(increment_by_one,154)']		0.38095238095238093 
	[] --mutation--> ['insert(304,199)']		0 
	[] --template--> ['template(increment_by_one,113)']		0.66666666666666663 
	[] --mutation--> ['insert(251,237)']		0.80952380952380953 
	[] --mutation--> ['delete(258)']		0.5714285714285714 
	[] --mutation--> ['delete(193)']		0.6428571428571429 
	[] --mutation--> ['replace(135,125)']		0.73809523809523814 
	[] --mutation--> ['replace(290,297)']		0.80952380952380953 
	[] --mutation--> ['replace(183,215)']		0 
	[] --mutation--> ['delete(139)']		0.73809523809523814 
	[] --mutation--> ['replace(113,113)']		0.80952380952380953 
	[] --mutation--> ['replace(334,297)']		0.80952380952380953 
	[] --mutation--> ['insert(285,181)']		0.80952380952380953 
	[] --mutation--> ['delete(319)']		0.76190476190476186 
	[] --mutation--> ['insert(258,237)']		0.80952380952380953 
	[] --template--> ['template(sens_to_posedge,91)']		0 
	[] --template--> []		0.80952380952380953 
	[] --template--> ['template(nonblocking_to_blocking,251)']		0.80952380952380953 
	[] --mutation--> ['insert(258,109)']		0.80952380952380953 
	[] --mutation--> ['replace(196,233)']		0.80952380952380953 
	[] --mutation--> ['replace(149,253)']		0.80952380952380953 
	[] --mutation--> ['replace(248,137)']		0.7857142857142857 
	[] --mutation--> ['insert(235,211)']		0 
	[] --mutation--> ['replace(107,209)']		0.38095238095238093 
	[] --template--> ['template(sens_to_negedge,89)']		0 
	[] --mutation--> ['insert(237,244)']		0.80952380952380953 
	[] --mutation--> ['delete(175)']		0.5 
	[] --mutation--> ['replace(269,288)']		0.75 
	[] --mutation--> ['delete(230)']		0.76470588235294112 
	[] --mutation--> ['delete(344)']		0.80952380952380953 
	[] --mutation--> ['replace(201,232)']		0.73809523809523814 
	[] --template--> ['template(sens_to_level,93)']		0.80952380952380953 
	[] --mutation--> ['replace(320,176)']		0.76190476190476186 
	[] --mutation--> ['replace(147,262)']		0 
	[] --mutation--> ['insert(319,230)']		0.80952380952380953 
	[] --template--> []		0.80952380952380953 
	[] --mutation--> ['replace(203,161)']		0.76190476190476186 
	[] --mutation--> ['replace(311,276)']		0 
	[] --template--> ['template(sens_to_level,95)']		0.80952380952380953 
	[] --template--> ['template(nonblocking_to_blocking,237)']		0.80952380952380953 
	[] --template--> []		0.80952380952380953 
	[] --mutation--> ['replace(142,281)']		0.73809523809523814 
	[] --mutation--> ['delete(334)']		0.80952380952380953 
	[] --mutation--> ['insert(235,119)']		0 
	[] --template--> ['template(sens_to_posedge,93)']		0 
	[] --mutation--> ['insert(237,181)']		0.80952380952380953 
	[] --template--> ['template(sens_to_posedge,91)']		0 
	[] --template--> ['template(increment_by_one,195)']		0 
	[] --mutation--> ['delete(309)']		0.73809523809523814 
	[] --mutation--> ['delete(304)']		0.80952380952380953 
	[] --mutation--> ['replace(290,249)']		0.80952380952380953 
	[] --mutation--> ['insert(324,319)']		0 
	[] --template--> ['template(nonblocking_to_blocking,230)']		0.80952380952380953 
	[] --mutation--> ['insert(244,129)']		0.80952380952380953 
	[] --mutation--> ['delete(339)']		0.73809523809523814 
	[] --template--> ['template(sens_to_posedge,224)']		0.80952380952380953 
	[] --mutation--> ['replace(173,155)']		0.80952380952380953 
	[] --mutation--> ['insert(304,237)']		0.80952380952380953 
	[] --template--> ['template(decrement_by_one,213)']		0 
	[] --mutation--> ['insert(109,266)']		0.66666666666666663 
	[] --template--> ['template(nonblocking_to_blocking,237)']		0.80952380952380953 
	[] --mutation--> ['replace(142,214)']		0.73809523809523814 
	[] --mutation--> ['delete(334)']		0.80952380952380953 
	[] --mutation--> ['replace(274,161)']		0.75 
	[] --mutation--> ['replace(324,249)']		0.80952380952380953 
	[] --mutation--> ['replace(325,46)']		0 
	[] --mutation--> ['insert(175,329)']		0.80952380952380953 
	[] --mutation--> ['replace(300,130)']		0.80952380952380953 
	[] --mutation--> ['replace(217,119)']		0.76190476190476186 
	[] --mutation--> ['replace(191,137)']		0.59523809523809523 
	[] --mutation--> ['insert(283,329)']		0 
	[] --mutation--> ['replace(211,199)']		0.80952380952380953 
	[] --mutation--> ['insert(304,227)']		0 
	[] --mutation--> ['delete(278)']		0.54761904761904767 
	[] --mutation--> ['delete(119)']		0.76190476190476186 
	[] --template--> ['template(sens_to_level,224)']		0.7142857142857143 
	[] --template--> ['template(nonblocking_to_blocking,230)']		0.80952380952380953 
	[] --mutation--> ['delete(119)']		0.76190476190476186 
	[] --mutation--> ['insert(283,244)']		0.80952380952380953 
	[] --mutation--> ['delete(304)']		0.80952380952380953 
	[] --mutation--> ['replace(278,217)']		0.5 
	[] --mutation--> ['delete(263)']		0.80952380952380953 
	[] --mutation--> ['replace(247,312)']		0.7857142857142857 
	[] --template--> ['template(blocking_to_nonblocking,129)']		0.80952380952380953 
	[] --mutation--> ['insert(193,193)']		0.80952380952380953 
	[] --mutation--> ['replace(287,225)']		0 
	[] --template--> []		0.80952380952380953 
	[] --template--> ['template(decrement_by_one,232)']		0 
	[] --mutation--> ['delete(329)']		0.76190476190476186 
	[] --mutation--> ['delete(217)']		0.80952380952380953 
	[] --template--> []		0.80952380952380953 
	[] --mutation--> ['replace(157,258)']		0.7857142857142857 
	[] --mutation--> ['replace(239,208)']		0 
	[] --template--> ['template(increment_by_one,301)']		0 
	[] --mutation--> ['delete(175)']		0.5 
	[] --mutation--> ['insert(290,193)']		0 
	[] --mutation--> ['delete(271)']		0.80952380952380953 
	[] --mutation--> ['insert(251,292)']		0.80952380952380953 
	[] --mutation--> ['delete(193)']		0.6428571428571429 
	[] --mutation--> ['insert(199,211)']		0.80952380952380953 
	[] --mutation--> ['delete(119)']		0.76190476190476186 
	[] --mutation--> ['replace(145,109)']		0.76190476190476186 
	[] --mutation--> ['delete(199)']		0.80952380952380953 
	[] --mutation--> ['replace(218,320)']		0.80952380952380953 
	[] --mutation--> ['replace(159,187)']		0 
	[] --mutation--> ['insert(297,211)']		0 
	[] --mutation--> ['insert(109,258)']		0.80952380952380953 
	[] --mutation--> ['delete(309)']		0.73809523809523814 
	[] --template--> ['template(negate_equality,207)']		0.80952380952380953 
	[] --mutation--> ['replace(132,233)']		0.76190476190476186 
	[] --template--> ['template(nonblocking_to_blocking,329)']		0.80952380952380953 
	[] --mutation--> ['replace(259,120)']		0.80952380952380953 
	[] --template--> ['template(nonblocking_to_blocking,339)']		0.80952380952380953 
	[] --template--> ['template(sens_to_all,97)']		0 
	[] --mutation--> ['insert(344,227)']		0 
	[] --mutation--> ['replace(163,199)']		0.76190476190476186 
	[] --mutation--> ['delete(237)']		0.76470588235294112 
	[] --mutation--> ['insert(109,227)']		0.69047619047619047 
	[] --mutation--> ['insert(334,273)']		0 
	[] --mutation--> ['delete(119)']		0.76190476190476186 
	[] --mutation--> ['delete(237)']		0.76470588235294112 
	[] --template--> ['template(sens_to_level,97)']		0.80952380952380953 
	[] --mutation--> ['insert(244,230)']		0.80952380952380953 
	[] --mutation--> ['replace(260,228)']		0 
	[] --mutation--> ['replace(245,194)']		0.76470588235294112 
	[] --mutation--> ['replace(323,243)']		0.80952380952380953 
	[] --template--> []		0.80952380952380953 
	[] --template--> ['template(sens_to_all,224)']		0.7142857142857143 
	[] --template--> ['template(decrement_by_one,165)']		0 
	[] --mutation--> ['replace(153,105)']		0.38095238095238093 
	[] --mutation--> ['insert(299,230)']		0.80952380952380953 
	[] --mutation--> ['insert(251,258)']		0.80952380952380953 
	[] --mutation--> ['insert(235,211)']		0 
	[] --mutation--> ['delete(266)']		0.5714285714285714 
	[] --mutation--> ['insert(324,139)']		0 
	[] --mutation--> ['replace(196,220)']		0.76190476190476186 
	[] --mutation--> ['insert(199,285)']		0.76190476190476186 
	[] --mutation--> ['replace(132,322)']		0.76190476190476186 
	[] --mutation--> ['insert(329,211)']		0.7857142857142857 
	[] --mutation--> ['delete(304)']		0.80952380952380953 
	[] --template--> ['template(nonblocking_to_blocking,230)']		0.80952380952380953 
	[] --mutation--> ['replace(245,218)']		0.76470588235294112 
	[] --mutation--> ['replace(285,139)']		0.5714285714285714 
	[] --mutation--> ['replace(115,189)']		0.69047619047619047 
	[] --mutation--> ['replace(232,106)']		0 
	[] --mutation--> ['replace(203,311)']		0.76190476190476186 
	[] --mutation--> ['insert(211,129)']		0.76190476190476186 
	[] --mutation--> ['delete(244)']		0.76470588235294112 
	[] --mutation--> ['delete(271)']		0.80952380952380953 
	[] --mutation--> ['delete(251)']		0.76470588235294112 
	[] --template--> ['template(decrement_by_one,201)']		0 
	[] --mutation--> ['insert(290,139)']		0 
	[] --template--> ['template(nonblocking_to_blocking,319)']		0.80952380952380953 
	[] --mutation--> ['replace(278,292)']		0.54761904761904767 
	[] --mutation--> ['delete(256)']		0.80952380952380953 
	[] --template--> ['template(decrement_by_one,232)']		0 
	[] --mutation--> ['delete(163)']		0.80952380952380953 
	[] --template--> []		0.80952380952380953 
	[] --template--> []		0.80952380952380953 
	[] --mutation--> ['replace(182,146)']		0.80952380952380953 
	[] --mutation--> ['delete(157)']		0.38095238095238093 
	[] --mutation--> ['replace(334,304)']		0.80952380952380953 
	[] --mutation--> ['replace(165,113)']		0 
	[] --mutation--> ['replace(175,163)']		0.76190476190476186 
	[] --mutation--> ['insert(129,230)']		0.80952380952380953 
	[] --mutation--> ['replace(112,66)']		0.66666666666666663 
	[] --mutation--> ['delete(217)']		0.80952380952380953 
	[] --mutation--> ['delete(344)']		0.80952380952380953 
	[] --mutation--> ['replace(266,181)']		0.5714285714285714 
	[] --mutation--> ['insert(283,199)']		0 
	[] --mutation--> ['replace(321,111)']		0.76190476190476186 
	[] --mutation--> ['replace(331,301)']		0.7142857142857143 
	[] --mutation--> ['replace(298,67)']		0 
	[] --mutation--> ['insert(304,278)']		0.80952380952380953 
	[] --mutation--> ['insert(199,199)']		0.80952380952380953 
	[] --mutation--> ['insert(230,251)']		0.80952380952380953 
	[] --mutation--> ['replace(155,48)']		0.38095238095238093 
	[] --mutation--> ['insert(211,244)']		0.80952380952380953 
	[] --mutation--> ['replace(240,196)']		0.80952380952380953 
	[] --mutation--> ['replace(259,310)']		0.5714285714285714 
	[] --template--> ['template(negate_equality,171)']		0.45238095238095238 
	[] --mutation--> ['insert(217,129)']		0.76190476190476186 
	[] --template--> []		0.80952380952380953 
	[] --mutation--> ['replace(259,293)']		0.5714285714285714 
	[] --template--> ['template(nonblocking_to_blocking,292)']		0.80952380952380953 
	[] --mutation--> ['replace(243,63)']		0.80952380952380953 
	[] --template--> ['template(sens_to_negedge,224)']		0.76190476190476186 
	[] --mutation--> ['insert(329,251)']		0.7857142857142857 
	[] --mutation--> ['delete(217)']		0.80952380952380953 
	[] --template--> ['template(decrement_by_one,177)']		0 
	[] --mutation--> ['insert(339,299)']		0.5 
	[] --mutation--> ['insert(211,217)']		0.80952380952380953 
	[] --template--> ['template(sens_to_all,89)']		0 
	[] --mutation--> ['delete(258)']		0.5714285714285714 
	[] --template--> ['template(increment_by_one,94)']		0 
	[] --mutation--> ['replace(127,82)']		0.54761904761904767 
	[] --mutation--> ['insert(258,109)']		0.80952380952380953 
	[] --mutation--> ['replace(272,291)']		0.80952380952380953 
	[] --mutation--> ['delete(249)']		0.80952380952380953 
	[] --mutation--> ['insert(344,266)']		0 
	[] --mutation--> ['delete(242)']		0.80952380952380953 
	[] --template--> ['template(sens_to_all,93)']		0 
	[] --template--> ['template(sens_to_posedge,95)']		0 
	[] --mutation--> ['replace(215,159)']		0.80952380952380953 
	[] --mutation--> ['delete(266)']		0.5714285714285714 
	[] --template--> ['template(sens_to_negedge,95)']		0 
	[] --mutation--> ['insert(175,139)']		0.73809523809523814 
	[] --mutation--> ['insert(145,227)']		0.76190476190476186 
	[] --mutation--> ['insert(283,266)']		0 
	[] --mutation--> ['delete(263)']		0.80952380952380953 
	[] --mutation--> ['replace(281,261)']		0.80952380952380953 
	[] --mutation--> ['delete(319)']		0.76190476190476186 
	[] --mutation--> ['insert(157,251)']		0.80952380952380953 
	[] --template--> ['template(blocking_to_nonblocking,119)']		0.80952380952380953 
	[] --mutation--> ['replace(228,341)']		0 
	[] --mutation--> ['replace(282,49)']		0.80952380952380953 
	[] --mutation--> ['insert(175,339)']		0.7857142857142857 
	[] --mutation--> ['insert(244,157)']		0.80952380952380953 
	[] --mutation--> ['insert(235,163)']		0 
	[] --template--> ['template(increment_by_one,203)']		0.7857142857142857 
	[] --mutation--> ['delete(244)']		0.76470588235294112 
	[] --mutation--> ['replace(208,143)']		0.80952380952380953 
	[] --template--> ['template(blocking_to_nonblocking,163)']		0.80952380952380953 
	[] --mutation--> ['insert(258,244)']		0.80952380952380953 
	[] --mutation--> ['insert(199,211)']		0.80952380952380953 
	[] --mutation--> ['delete(292)']		0.7142857142857143 
	[] --template--> ['template(decrement_by_one,169)']		0.5 
	[] --mutation--> ['insert(258,227)']		0.75 
	[] --mutation--> ['delete(344)']		0.80952380952380953 
	[] --mutation--> ['replace(312,342)']		0.80952380952380953 
	[] --mutation--> ['delete(109)']		0.73809523809523814 
	[] --mutation--> ['insert(230,227)']		0.7831325301204819 
	[] --template--> ['template(increment_by_one,133)']		0.76190476190476186 
	[] --mutation--> ['delete(283)']		0.80952380952380953 
	[] --mutation--> ['replace(176,130)']		0.80952380952380953 
	[] --mutation--> ['replace(212,140)']		0.80952380952380953 
	[] --mutation--> ['replace(234,296)']		0.80952380952380953 
	[] --mutation--> ['insert(211,193)']		0.80952380952380953 
	[] --mutation--> ['insert(109,217)']		0.76190476190476186 
	[] --mutation--> ['insert(290,329)']		0 
	[] --mutation--> ['replace(268,116)']		0 
	[] --mutation--> ['delete(290)']		0.80952380952380953 
	[] --mutation--> ['replace(169,172)']		0.5 
	[] --mutation--> ['replace(288,184)']		0.80952380952380953 
	[] --mutation--> ['delete(292)']		0.7142857142857143 
	[] --mutation--> ['replace(113,133)']		0.66666666666666663 
	[] --mutation--> ['delete(344)']		0.80952380952380953 
	[] --mutation--> ['delete(193)']		0.6428571428571429 
	[] --mutation--> ['insert(230,181)']		0.80952380952380953 
	[] --template--> ['template(sens_to_all,97)']		0 
	[] --mutation--> ['delete(344)']		0.80952380952380953 
	[] --mutation--> ['insert(283,175)']		0 
	[] --mutation--> ['delete(193)']		0.6428571428571429 
	[] --mutation--> ['replace(297,235)']		0.80952380952380953 
	[] --mutation--> ['delete(278)']		0.54761904761904767 
	[] --mutation--> ['delete(344)']		0.80952380952380953 
	[] --mutation--> ['insert(139,157)']		0.80952380952380953 
	[] --mutation--> ['delete(175)']		0.5 
	[] --mutation--> ['delete(334)']		0.80952380952380953 
	[] --mutation--> ['replace(281,220)']		0.80952380952380953 
	[] --mutation--> ['replace(207,135)']		0.80952380952380953 
	[] --mutation--> ['insert(314,251)']		0.80952380952380953 
	[] --mutation--> ['replace(130,238)']		0.76190476190476186 
	[] --mutation--> ['insert(199,273)']		0.69047619047619047 
	[] --mutation--> ['delete(329)']		0.76190476190476186 
	[] --mutation--> ['insert(290,193)']		0 
	[] --mutation--> ['delete(242)']		0.80952380952380953 
	[] --template--> []		0.80952380952380953 
	[] --mutation--> ['replace(323,255)']		0.76190476190476186 
	[] --template--> []		0.80952380952380953 
	[] --template--> []		0.80952380952380953 
	[] --mutation--> ['insert(237,217)']		0.80952380952380953 
	[] --template--> []		0.80952380952380953 
	[] --mutation--> ['insert(292,285)']		0.80952380952380953 
	[] --mutation--> ['replace(294,327)']		0 
	[] --template--> ['template(sens_to_negedge,93)']		0 
	[] --mutation--> ['insert(324,251)']		0.80952380952380953 
	[] --template--> ['template(decrement_by_one,260)']		0 
	[] --mutation--> ['replace(142,160)']		0.73809523809523814 
	[] --mutation--> ['delete(271)']		0.80952380952380953 
	[] --mutation--> ['delete(157)']		0.38095238095238093 
	[] --template--> ['template(nonblocking_to_blocking,244)']		0.80952380952380953 
	[] --mutation--> ['replace(209,173)']		0.80952380952380953 
	[] --mutation--> ['replace(169,179)']		0.5 
	[] --template--> []		0.80952380952380953 
	[] --mutation--> ['delete(329)']		0.76190476190476186 
	[] --template--> ['template(increment_by_one,311)']		0 
	[] --template--> ['template(decrement_by_one,90)']		0 
	[] --mutation--> ['delete(181)']		0.80952380952380953 
	[] --mutation--> ['insert(292,230)']		0.80952380952380953 
	[] --mutation--> ['replace(167,274)']		0.80952380952380953 
	[] --mutation--> ['insert(251,266)']		0.85542168674698793 
	[] --mutation--> ['replace(337,133)']		0.73809523809523814 
	[] --mutation--> ['insert(297,175)']		0 
	[] --mutation--> ['delete(119)']		0.76190476190476186 
	[] --template--> ['template(blocking_to_nonblocking,175)']		0.7857142857142857 
	[] --mutation--> ['replace(185,190)']		0.76190476190476186 
	[] --mutation--> ['replace(122,220)']		0.76190476190476186 
	[] --mutation--> ['replace(135,189)']		0.76190476190476186 
	[] --mutation--> ['replace(165,106)']		0 
	[] --mutation--> ['replace(344,271)']		0.80952380952380953 
	[] --mutation--> ['delete(263)']		0.80952380952380953 
	[] --mutation--> ['delete(242)']		0.80952380952380953 
	[] --mutation--> ['replace(282,69)']		0.80952380952380953 
	[] --mutation--> ['replace(101,331)']		0.80952380952380953 
	[] --mutation--> ['replace(166,148)']		0.80952380952380953 
	[] --mutation--> ['insert(263,227)']		0 
	[] --mutation--> ['replace(312,288)']		0.73809523809523814 
	[] --mutation--> ['insert(175,145)']		0.80952380952380953 
	[] --mutation--> ['replace(248,257)']		0.7857142857142857 
	[] --mutation--> ['insert(271,339)']		0 
	[] --mutation--> ['insert(181,266)']		0.66666666666666663 
	[] --mutation--> ['delete(244)']		0.76470588235294112 
	[] --template--> ['template(sens_to_negedge,224)']		0.76190476190476186 
	[] --template--> ['template(decrement_by_one,307)']		0.73809523809523814 
	[] --mutation--> ['insert(266,175)']		0.80952380952380953 
	[] --template--> ['template(decrement_by_one,331)']		0 
	[] --template--> ['template(decrement_by_one,225)']		0 
	[] --mutation--> ['insert(237,285)']		0.80952380952380953 
	[] --mutation--> ['replace(107,62)']		0.73809523809523814 
	[] --mutation--> ['delete(285)']		0.61904761904761907 
	[] --mutation--> ['replace(312,288)']		0.73809523809523814 
	[] --mutation--> ['replace(165,101)']		0.80952380952380953 
	[] --mutation--> ['replace(147,327)']		0 
	[] --mutation--> ['delete(249)']		0.80952380952380953 
	[] --mutation--> ['delete(175)']		0.5 
	[] --mutation--> ['replace(197,133)']		0.6428571428571429 
	[] --mutation--> ['insert(324,299)']		0 
	[] --template--> ['template(increment_by_one,232)']		0 
	[] --mutation--> ['delete(285)']		0.61904761904761907 
	[] --mutation--> ['insert(109,299)']		0.76190476190476186 
	[] --mutation--> ['replace(260,301)']		0.5714285714285714 
	[] --mutation--> ['insert(242,278)']		0.80952380952380953 
	[] --mutation--> ['delete(285)']		0.61904761904761907 
	[] --template--> ['template(decrement_by_one,161)']		0.38095238095238093 
	[] --mutation--> ['delete(139)']		0.73809523809523814 
	[] --mutation--> ['insert(314,109)']		0 
	[] --template--> ['template(nonblocking_to_blocking,258)']		0.80952380952380953 
	[] --template--> ['template(nonblocking_to_blocking,339)']		0.80952380952380953 
	[] --mutation--> ['delete(283)']		0.80952380952380953 
	[] --mutation--> ['delete(334)']		0.80952380952380953 
	[] --mutation--> ['delete(251)']		0.76470588235294112 
	[] --mutation--> ['delete(263)']		0.80952380952380953 
	[] --mutation--> ['delete(271)']		0.80952380952380953 
	[] --mutation--> ['delete(263)']		0.80952380952380953 
	[] --mutation--> ['replace(181,309)']		0.73809523809523814 
	[] --mutation--> ['insert(344,237)']		0.80952380952380953 
	[] --mutation--> ['replace(237,129)']		0.76470588235294112 
	[] --template--> ['template(sens_to_posedge,89)']		0 
	[] --mutation--> ['replace(141,274)']		0.80952380952380953 
	[] --mutation--> ['delete(109)']		0.73809523809523814 
	[] --mutation--> ['delete(237)']		0.76470588235294112 
	[] --template--> ['template(increment_by_one,276)']		0.45238095238095238 
	[] --mutation--> ['delete(299)']		0.80952380952380953 
	[] --mutation--> ['replace(166,142)']		0.76190476190476186 
	[] --mutation--> ['insert(235,175)']		0 
	[] --template--> ['template(sens_to_level,91)']		0.80952380952380953 
	[] --mutation--> ['delete(244)']		0.76470588235294112 
	[] --mutation--> ['delete(309)']		0.73809523809523814 
	[] --mutation--> ['replace(341,331)']		0.66666666666666663 
	[] --template--> ['template(negate_equality,153)']		0.38095238095238093 
	[] --mutation--> ['replace(207,189)']		0.80952380952380953 
	[] --mutation--> ['replace(319,266)']		0.76190476190476186 
	[] --mutation--> ['replace(344,256)']		0.80952380952380953 
	[] --mutation--> ['replace(263,297)']		0.80952380952380953 
	[] --mutation--> ['replace(289,117)']		0.47619047619047616 
	[] --mutation--> ['replace(267,120)']		0.5714285714285714 
	[] --mutation--> ['delete(278)']		0.54761904761904767 
	[] --mutation--> ['replace(194,146)']		0.80952380952380953 
	[] --mutation--> ['delete(235)']		0.80952380952380953 
	[] --mutation--> ['replace(255,70)']		0.80952380952380953 
	[] --mutation--> ['insert(217,285)']		0.76190476190476186 
	[] --mutation--> ['replace(321,268)']		0.73809523809523814 
	[] --mutation--> ['delete(175)']		0.5 
	[] --mutation--> ['replace(106,106)']		0.80952380952380953 
	[] --mutation--> ['replace(278,278)']		0.80952380952380953 
	[] --mutation--> ['replace(219,101)']		0.80952380952380953 
	[] --template--> ['template(nonblocking_to_blocking,299)']		0.80952380952380953 
	[] --mutation--> ['replace(311,228)']		0 
	[] --mutation--> ['delete(314)']		0.80952380952380953 
	[] --template--> ['template(increment_by_one,331)']		0 
	[] --mutation--> ['replace(176,146)']		0.80952380952380953 
	[] --mutation--> ['replace(221,165)']		0.80952380952380953 
	[] --mutation--> ['insert(256,339)']		0 
	[] --mutation--> ['delete(249)']		0.80952380952380953 
	[] --mutation--> ['delete(119)']		0.76190476190476186 
	[] --template--> []		0.80952380952380953 
	[] --mutation--> ['replace(172,307)']		0.5 
	[] --template--> ['template(decrement_by_one,268)']		0 
	[] --mutation--> ['insert(242,230)']		0.80952380952380953 
	[] --mutation--> ['delete(235)']		0.80952380952380953 
	[] --mutation--> ['insert(199,211)']		0.80952380952380953 
	[] --template--> ['template(sens_to_all,93)']		0 
	[] --mutation--> ['delete(283)']		0.80952380952380953 
	[] --mutation--> ['replace(323,56)']		0.76190476190476186 
	[] --template--> ['template(sens_to_posedge,91)']		0 
	[] --mutation--> ['delete(283)']		0.80952380952380953 
	[] --mutation--> ['replace(171,135)']		0.61904761904761907 
	[] --template--> []		0.80952380952380953 
	[] --mutation--> ['replace(123,287)']		0.76190476190476186 
	[] --mutation--> ['insert(251,251)']		0.80952380952380953 
	[] --template--> ['template(sens_to_negedge,95)']		0 
	[] --mutation--> ['insert(175,119)']		0.76190476190476186 
	[] --mutation--> ['insert(249,278)']		0.80952380952380953 
	[] --mutation--> ['replace(314,297)']		0.80952380952380953 
	[] --mutation--> ['delete(242)']		0.80952380952380953 
	[] --mutation--> ['insert(290,199)']		0 
	[] --mutation--> ['delete(139)']		0.73809523809523814 
	[] --mutation--> ['delete(324)']		0.80952380952380953 
	[] --mutation--> ['delete(314)']		0.80952380952380953 
	[] --mutation--> ['delete(339)']		0.73809523809523814 
	[] --mutation--> ['insert(193,309)']		0.7857142857142857 
	[] --mutation--> ['insert(334,251)']		0.80952380952380953 
	[] --mutation--> ['insert(251,285)']		0.80952380952380953 
	[] --mutation--> ['replace(129,237)']		0.76190476190476186 
	[] --template--> []		0.80952380952380953 
	[] --template--> ['template(sens_to_level,93)']		0.80952380952380953 
	[] --mutation--> ['delete(285)']		0.61904761904761907 
	[] --template--> ['template(decrement_by_one,141)']		0 
	[] --mutation--> ['delete(175)']		0.5 
	[] --mutation--> ['replace(332,220)']		0.76190476190476186 
	[] --mutation--> ['delete(193)']		0.6428571428571429 
	[] --mutation--> ['delete(193)']		0.6428571428571429 
	[] --mutation--> ['replace(334,334)']		0.80952380952380953 
	[] --mutation--> ['insert(334,237)']		0.80952380952380953 
	[] --mutation--> ['delete(319)']		0.76190476190476186 
	[] --template--> ['template(sens_to_all,95)']		0 
	[] --mutation--> ['delete(309)']		0.73809523809523814 
	[] --template--> []		0.80952380952380953 
	[] --mutation--> ['insert(290,244)']		0.80952380952380953 
	[] --mutation--> ['delete(290)']		0.80952380952380953 
	[] --mutation--> ['insert(344,299)']		0 
	[] --mutation--> ['delete(266)']		0.5714285714285714 
	[] --mutation--> ['replace(245,158)']		0.76470588235294112 
	[] --mutation--> ['replace(129,211)']		0.76190476190476186 
	[] --mutation--> ['insert(314,100)']		0 
	[] --mutation--> ['replace(121,208)']		0 
	[] --template--> ['template(nonblocking_to_blocking,285)']		0.80952380952380953 
	[] --mutation--> ['replace(312,45)']		0.73809523809523814 
	[] --mutation--> ['insert(256,175)']		0 
	[] --mutation--> ['insert(163,157)']		0.38095238095238093 
	[] --mutation--> ['delete(263)']		0.80952380952380953 
	[] --mutation--> ['replace(315,257)']		0.80952380952380953 
	[] --mutation--> ['replace(242,344)']		0.80952380952380953 
	[] --mutation--> ['insert(109,119)']		0.76190476190476186 
	[] --mutation--> ['delete(211)']		0.80952380952380953 
	[] --mutation--> ['replace(199,309)']		0.73809523809523814 
	[] --template--> ['template(sens_to_level,89)']		0.80952380952380953 
	[] --mutation--> ['replace(105,135)']		0.59523809523809523 
	[] --mutation--> ['replace(212,164)']		0.80952380952380953 
	[] --template--> ['template(negate_equality,207)']		0.80952380952380953 
	[] --mutation--> ['replace(262,179)']		0.80952380952380953 
	[] --mutation--> ['delete(271)']		0.80952380952380953 
	[] --mutation--> ['replace(236,82)']		0.80952380952380953 
	[] --mutation--> ['delete(285)']		0.61904761904761907 
	[] --mutation--> ['insert(271,266)']		0 
	[] --mutation--> ['replace(143,147)']		0.73809523809523814 
	[] --mutation--> ['replace(289,296)']		0.80952380952380953 
	[] --mutation--> ['delete(297)']		0.80952380952380953 
	[] --mutation--> ['delete(319)']		0.76190476190476186 
	[] --mutation--> ['insert(263,109)']		0 
	[] --mutation--> ['replace(121,201)']		0.80952380952380953 
	[] --mutation--> ['delete(181)']		0.80952380952380953 
	[] --mutation--> ['insert(344,175)']		0 
	[] --mutation--> ['insert(285,309)']		0.80952380952380953 
	[] --template--> ['template(decrement_by_one,225)']		0 
	[] --mutation--> ['insert(193,285)']		0.80952380952380953 
	[] --mutation--> ['replace(183,96)']		0 
	[] --mutation--> ['replace(337,331)']		0.73809523809523814 
	[] --mutation--> ['delete(304)']		0.80952380952380953 
	[] --template--> ['template(sens_to_posedge,93)']		0 
	[] --mutation--> ['insert(319,251)']		0.7857142857142857 
	[] --mutation--> ['delete(249)']		0.80952380952380953 
	[] --mutation--> ['delete(263)']		0.80952380952380953 
	[] --mutation--> ['delete(344)']		0.80952380952380953 
	[] --template--> []		0.80952380952380953 
	[] --mutation--> ['insert(181,251)']		0.80952380952380953 
	[] --mutation--> ['delete(266)']		0.5714285714285714 
	[] --template--> ['template(nonblocking_to_blocking,292)']		0.80952380952380953 
	[] --mutation--> ['replace(314,344)']		0.80952380952380953 
	[] --template--> []		0.80952380952380953 
	[] --mutation--> ['insert(266,100)']		0.76190476190476186 
	[] --mutation--> ['replace(339,193)']		0.73809523809523814 
	[] --mutation--> ['delete(244)']		0.76470588235294112 
	[] --mutation--> ['delete(199)']		0.80952380952380953 
	[] --mutation--> ['delete(309)']		0.73809523809523814 
	[] --template--> ['template(decrement_by_one,169)']		0.5 
	[] --mutation--> ['replace(274,203)']		0.30120481927710846 
	[] --mutation--> ['delete(181)']		0.80952380952380953 
	[] --mutation--> ['replace(340,267)']		0.7142857142857143 
	[] --mutation--> ['insert(319,319)']		0.80952380952380953 
	[] --mutation--> ['replace(195,307)']		0 
	[] --mutation--> ['replace(154,239)']		0.80952380952380953 
	[] --mutation--> ['delete(244)']		0.76470588235294112 
	[] --mutation--> ['delete(319)']		0.76190476190476186 
	[] --mutation--> ['replace(291,323)']		0 
	[] --template--> ['template(decrement_by_one,197)']		0.6428571428571429 
	[] --mutation--> ['delete(256)']		0.80952380952380953 
	[] --mutation--> ['replace(130,279)']		0.76190476190476186 
	[] --mutation--> ['insert(230,157)']		0.80952380952380953 
	[] --mutation--> ['insert(319,119)']		0.80952380952380953 
	[] --template--> ['template(negate_equality,189)']		0.59523809523809523 
	[] --mutation--> ['replace(241,323)']		0.7857142857142857 
	[] --mutation--> ['delete(278)']		0.54761904761904767 
	[] --mutation--> ['insert(319,329)']		0.76190476190476186 
	[] --mutation--> ['insert(244,309)']		0.80952380952380953 
	[] --template--> ['template(blocking_to_nonblocking,163)']		0.80952380952380953 
	[] --mutation--> ['replace(111,208)']		0 
	[] --mutation--> ['insert(334,119)']		0 
	[] --mutation--> ['replace(243,264)']		0.80952380952380953 
	[] --template--> ['template(decrement_by_one,311)']		0 
	[] --mutation--> ['delete(249)']		0.80952380952380953 
	[] --mutation--> ['replace(287,141)']		0.61904761904761907 
	[] --mutation--> ['insert(193,211)']		0.80952380952380953 
	[] --mutation--> ['delete(304)']		0.80952380952380953 
	[] --mutation--> ['insert(119,139)']		0.66666666666666663 
	[] --mutation--> ['replace(234,55)']		0.80952380952380953 
	[] --mutation--> ['delete(344)']		0.80952380952380953 
	[] --mutation--> ['delete(237)']		0.76470588235294112 
	[] --mutation--> ['delete(145)']		0.5714285714285714 
	[] --mutation--> ['replace(209,325)']		0.80952380952380953 
	[] --mutation--> ['delete(266)']		0.5714285714285714 
	[] --template--> ['template(blocking_to_nonblocking,129)']		0.80952380952380953 
	[] --mutation--> ['replace(211,258)']		0.80952380952380953 
	[] --mutation--> ['insert(299,299)']		0.80952380952380953 
	[] --template--> ['template(nonblocking_to_blocking,251)']		0.80952380952380953 
	[] --template--> ['template(blocking_to_nonblocking,139)']		0.7857142857142857 
	[] --mutation--> ['replace(153,115)']		0.7857142857142857 
	[] --mutation--> ['replace(340,130)']		0.7142857142857143 
	[] --mutation--> ['delete(193)']		0.6428571428571429 
	[] --mutation--> ['insert(309,139)']		0.80952380952380953 
	[] --mutation--> ['replace(248,257)']		0.7857142857142857 
	[] --mutation--> ['delete(278)']		0.54761904761904767 
	[] --mutation--> ['replace(314,283)']		0.80952380952380953 
	[] --mutation--> ['delete(139)']		0.73809523809523814 
	[] --mutation--> ['insert(263,199)']		0 
	[] --mutation--> ['delete(329)']		0.76190476190476186 
	[] --mutation--> ['replace(289,343)']		0.47619047619047616 
	[] --mutation--> ['insert(329,145)']		0.73809523809523814 
	[] --mutation--> ['replace(111,219)']		0.80952380952380953 
	[] --mutation--> ['delete(235)']		0.80952380952380953 
	[] --mutation--> ['insert(235,285)']		0.80952380952380953 
	[] --template--> ['template(increment_by_one,159)']		0 
	[] --mutation--> ['replace(145,109)']		0.76190476190476186 
	[] --mutation--> ['delete(175)']		0.5 
	[] --mutation--> ['insert(319,217)']		0.73809523809523814 
	[] --mutation--> ['replace(234,282)']		0.80952380952380953 
	[] --mutation--> ['delete(292)']		0.7142857142857143 
	[] --mutation--> ['delete(278)']		0.54761904761904767 
	[] --mutation--> ['insert(283,237)']		0.80952380952380953 
	[] --mutation--> ['replace(200,194)']		0.80952380952380953 
	[] --mutation--> ['replace(191,323)']		0.59523809523809523 
	[] --mutation--> ['delete(129)']		0.76190476190476186 
	[] --template--> ['template(negate_equality,153)']		0.38095238095238093 
	[] --template--> ['template(negate_equality,153)']		0.38095238095238093 
	[] --mutation--> ['insert(304,266)']		0 
	[] --template--> ['template(nonblocking_to_blocking,292)']		0.80952380952380953 
	[] --mutation--> ['delete(278)']		0.54761904761904767 
	[] --mutation--> ['delete(181)']		0.80952380952380953 
	[] --template--> ['template(sens_to_all,97)']		0 
	[] --mutation--> ['replace(166,269)']		0.80952380952380953 
	[] --mutation--> ['replace(113,143)']		0.66666666666666663 
	[] --mutation--> ['replace(319,237)']		0.76190476190476186 
	[] --template--> ['template(negate_equality,135)']		0.76190476190476186 
	[] --mutation--> ['replace(178,148)']		0.80952380952380953 
	[] --mutation--> ['delete(334)']		0.80952380952380953 
	[] --mutation--> ['replace(232,126)']		0 
	[] --mutation--> ['replace(201,103)']		0 
	[] --mutation--> ['insert(304,273)']		0 
	[] --mutation--> ['insert(237,211)']		0.80952380952380953 
	[] --mutation--> ['delete(271)']		0.80952380952380953 
	[] --mutation--> ['delete(344)']		0.80952380952380953 
	[] --mutation--> ['insert(249,119)']		0 
	[] --mutation--> ['insert(329,199)']		0.7857142857142857 
	[] --mutation--> ['insert(285,339)']		0.80952380952380953 
	[] --mutation--> ['replace(322,202)']		0.80952380952380953 
	[] --mutation--> ['replace(274,341)']		0.5714285714285714 
	[] --mutation--> ['insert(235,309)']		0 
	[] --template--> ['template(negate_equality,105)']		0.38095238095238093 
	[] --mutation--> ['replace(190,307)']		0.6428571428571429 
	[] --mutation--> ['replace(239,101)']		0.76470588235294112 
	[] --mutation--> ['replace(280,337)']		0 
	[] --mutation--> ['delete(237)']		0.76470588235294112 
	[] --mutation--> ['insert(230,266)']		0.85542168674698793 
	[] --mutation--> ['insert(344,193)']		0 
	[] --template--> ['template(decrement_by_one,203)']		0.7857142857142857 
	[] --mutation--> ['delete(256)']		0.80952380952380953 
	[] --template--> ['template(increment_by_one,159)']		0 
	[] --mutation--> ['insert(266,273)']		0.80952380952380953 
	[] --mutation--> ['delete(292)']		0.7142857142857143 
	[] --mutation--> ['insert(290,211)']		0 
	[] --template--> []		0.80952380952380953 
	[] --mutation--> ['delete(249)']		0.80952380952380953 
	[] --mutation--> ['insert(258,175)']		0.80952380952380953 
	[] --mutation--> ['delete(256)']		0.80952380952380953 
	[] --mutation--> ['delete(235)']		0.80952380952380953 
	[] --mutation--> ['replace(312,66)']		0.80952380952380953 
	[] --mutation--> ['insert(266,329)']		0.80952380952380953 
	[] --mutation--> ['replace(151,337)']		0.38095238095238093 
	[] --mutation--> ['delete(314)']		0.80952380952380953 
	[] --template--> ['template(decrement_by_one,239)']		0 
	[] --mutation--> ['replace(266,299)']		0.61445783132530118 
	[] --mutation--> ['insert(329,251)']		0.7857142857142857 
	[] --mutation--> ['delete(299)']		0.80952380952380953 
	[] --mutation--> ['replace(342,202)']		0.80952380952380953 
	[] --mutation--> ['replace(278,199)']		0.5 
	[] --mutation--> ['delete(145)']		0.5714285714285714 
	[] --template--> ['template(sens_to_posedge,224)']		0.80952380952380953 
	[] --mutation--> ['replace(215,183)']		0.80952380952380953 
	[] --mutation--> ['replace(323,335)']		0.80952380952380953 
	[] --template--> ['template(increment_by_one,116)']		0.6428571428571429 
	[] --mutation--> ['delete(319)']		0.76190476190476186 
	[] --template--> ['template(increment_by_one,307)']		0.6428571428571429 
	[] --mutation--> ['insert(314,109)']		0 
	[] --mutation--> ['insert(199,278)']		0.76190476190476186 
	[] --mutation--> ['insert(249,227)']		0 
	[] --mutation--> ['insert(119,258)']		0.80952380952380953 
	[] --template--> ['template(negate_equality,189)']		0.59523809523809523 
	[] --mutation--> ['replace(184,332)']		0.7857142857142857 
	[] --mutation--> ['insert(119,211)']		0.80952380952380953 
	[] --mutation--> ['replace(270,121)']		0.80952380952380953 
	[] --mutation--> ['insert(256,251)']		0.80952380952380953 
	[] --mutation--> ['replace(331,219)']		0.76190476190476186 
	[] --mutation--> ['replace(313,343)']		0.80952380952380953 
	[] --mutation--> ['replace(146,340)']		0.5714285714285714 
	[] --mutation--> ['replace(178,261)']		0.80952380952380953 
	[] --mutation--> ['delete(157)']		0.38095238095238093 
	[] --mutation--> ['delete(129)']		0.76190476190476186 
	[] --template--> ['template(nonblocking_to_blocking,329)']		0.80952380952380953 
	[] --mutation--> ['delete(175)']		0.5 
	[] --mutation--> ['replace(331,268)']		0.73809523809523814 
	[] --mutation--> ['replace(305,313)']		0 
	[] --mutation--> ['replace(146,238)']		0.5714285714285714 
	[] --mutation--> ['replace(159,327)']		0 
	[] --template--> ['template(nonblocking_to_blocking,258)']		0.80952380952380953 
	[] --mutation--> ['replace(179,337)']		0.76190476190476186 
	[] --mutation--> ['delete(235)']		0.80952380952380953 
	[] --mutation--> ['insert(256,139)']		0 
	[] --template--> ['template(nonblocking_to_blocking,266)']		0.7142857142857143 
	[] --mutation--> ['replace(323,284)']		0.80952380952380953 
	[] --mutation--> ['replace(314,314)']		0.80952380952380953 
	[] --template--> []		0.80952380952380953 
	[] --mutation--> ['insert(271,100)']		0 
	[] --mutation--> ['delete(242)']		0.80952380952380953 
	[] --mutation--> ['insert(334,273)']		0 
	[] --template--> ['template(increment_by_one,232)']		0 
	[] --template--> ['template(decrement_by_one,131)']		0 
	[] --template--> ['template(decrement_by_one,116)']		0.76190476190476186 
	[] --template--> ['template(sens_to_level,97)']		0.80952380952380953 
	[] --mutation--> ['delete(263)']		0.80952380952380953 
	[] --mutation--> ['insert(139,237)']		0.80952380952380953 
	[] --mutation--> ['delete(211)']		0.80952380952380953 
	[] --template--> ['template(sens_to_all,97)']		0 
	[] --mutation--> ['replace(298,272)']		0.80952380952380953 
	[] --mutation--> ['delete(266)']		0.5714285714285714 
	[] --template--> ['template(negate_equality,135)']		0.76190476190476186 
	[] --mutation--> ['delete(230)']		0.76470588235294112 
	[] --mutation--> ['replace(137,315)']		0.80952380952380953 
	[] --mutation--> ['insert(271,258)']		0 
	[] --mutation--> ['delete(199)']		0.80952380952380953 
	[] --mutation--> ['delete(139)']		0.73809523809523814 
	[] --template--> ['template(decrement_by_one,187)']		0.6428571428571429 
	[] --mutation--> ['insert(297,145)']		0 
	[] --mutation--> ['insert(278,285)']		0.80952380952380953 
	[] --template--> ['template(negate_equality,115)']		0.6428571428571429 
	[] --template--> ['template(sens_to_negedge,224)']		0.76190476190476186 
	[] --mutation--> ['delete(309)']		0.73809523809523814 
	[] --mutation--> ['replace(254,281)']		0.80952380952380953 
	[] --mutation--> ['insert(309,251)']		0.7857142857142857 
	[] --mutation--> ['delete(304)']		0.80952380952380953 
	[] --mutation--> ['replace(167,301)']		0.80952380952380953 
	[] --mutation--> ['replace(278,193)']		0.54761904761904767 
	[] --mutation--> ['delete(242)']		0.80952380952380953 
	[] --mutation--> ['insert(309,157)']		0.80952380952380953 
	[] --mutation--> ['insert(263,292)']		0.80952380952380953 
	[] --mutation--> ['delete(339)']		0.73809523809523814 
	[] --mutation--> ['replace(333,127)']		0.80952380952380953 
	[] --mutation--> ['insert(324,145)']		0 
	[] --mutation--> ['replace(165,268)']		0.80952380952380953 
	[] --mutation--> ['replace(243,77)']		0.80952380952380953 
	[] --template--> []		0.80952380952380953 
	[] --template--> ['template(increment_by_one,246)']		0 
	[] --mutation--> ['delete(324)']		0.80952380952380953 
	[] --mutation--> ['delete(256)']		0.80952380952380953 
	[] --mutation--> ['replace(160,166)']		0.38095238095238093 
	[] --mutation--> ['insert(145,193)']		0.80952380952380953 
	[] --template--> ['template(nonblocking_to_blocking,251)']		0.80952380952380953 
	[] --mutation--> ['insert(163,329)']		0.7857142857142857 
	[] --mutation--> ['insert(271,100)']		0 
	[] --mutation--> ['replace(110,300)']		0.7142857142857143 
	[] --mutation--> ['replace(140,120)']		0.80952380952380953 
	[] --mutation--> ['replace(340,259)']		0.7142857142857143 
	[] --mutation--> ['insert(235,181)']		0 
	[] --mutation--> ['delete(285)']		0.61904761904761907 
	[] --mutation--> ['insert(285,285)']		0.80952380952380953 
	[] --mutation--> ['replace(219,133)']		0 
	[] --mutation--> ['delete(129)']		0.76190476190476186 
	[] --mutation--> ['replace(133,331)']		0.76190476190476186 
	[] --mutation--> ['delete(329)']		0.76190476190476186 
	[] --mutation--> ['insert(292,139)']		0.80952380952380953 
	[] --mutation--> ['delete(230)']		0.76470588235294112 
	[] --mutation--> ['delete(263)']		0.80952380952380953 
	[] --mutation--> ['insert(129,129)']		0.80952380952380953 
	[] --mutation--> ['replace(181,175)']		0.76190476190476186 
	[] --mutation--> ['delete(230)']		0.76470588235294112 
	[] --mutation--> ['delete(339)']		0.73809523809523814 
	[] --mutation--> ['insert(251,244)']		0.80952380952380953 
	[] --template--> ['template(blocking_to_nonblocking,181)']		0.80952380952380953 
	[] --mutation--> ['delete(283)']		0.80952380952380953 
	[] --mutation--> ['insert(157,193)']		0.80952380952380953 
	[] --mutation--> ['insert(163,227)']		0.69047619047619047 
	[] --mutation--> ['replace(278,211)']		0.54761904761904767 
	[] --mutation--> ['delete(129)']		0.76190476190476186 
	[] --template--> []		0.80952380952380953 
	[] --mutation--> ['delete(263)']		0.80952380952380953 
	[] --mutation--> ['replace(323,81)']		0.76190476190476186 
	[] --mutation--> ['delete(256)']		0.80952380952380953 
	[] --template--> []		0.80952380952380953 
	[] --mutation--> ['delete(157)']		0.38095238095238093 
	[] --mutation--> ['replace(208,126)']		0.80952380952380953 
	[] --mutation--> ['delete(319)']		0.76190476190476186 
	[] --mutation--> ['replace(343,107)']		0.80952380952380953 
	[] --mutation--> ['delete(339)']		0.73809523809523814 
	[] --mutation--> ['replace(215,179)']		0.80952380952380953 
	[] --mutation--> ['delete(251)']		0.76470588235294112 
	[] --template--> ['template(negate_equality,125)']		0.54761904761904767 
	[] --mutation--> ['delete(297)']		0.80952380952380953 
	[] --mutation--> ['insert(324,109)']		0 
	[] --mutation--> ['delete(258)']		0.5714285714285714 
	[] --mutation--> ['insert(344,109)']		0 
	[] --mutation--> ['delete(258)']		0.5714285714285714 
	[] --mutation--> ['replace(269,295)']		0.75 
	[] --mutation--> ['insert(271,157)']		0 
	[] --mutation--> ['delete(157)']		0.38095238095238093 
	[] --mutation--> ['insert(256,299)']		0 
	[] --mutation--> ['delete(211)']		0.80952380952380953 
	[] --mutation--> ['insert(139,285)']		0.76190476190476186 
	[] --mutation--> ['insert(283,119)']		0 
	[] --mutation--> ['delete(266)']		0.5714285714285714 
	[] --mutation--> ['replace(288,295)']		0.80952380952380953 
	[] --mutation--> ['replace(137,257)']		0.80952380952380953 
	[] --mutation--> ['replace(172,177)']		0.5 
	[] --mutation--> ['replace(256,256)']		0.80952380952380953 
	[] --mutation--> ['insert(217,139)']		0.80952380952380953 
	[] --template--> ['template(nonblocking_to_blocking,319)']		0.80952380952380953 
	[] --template--> ['template(sens_to_level,95)']		0.80952380952380953 
	[] --template--> ['template(increment_by_one,177)']		0 
	[] --mutation--> ['insert(258,251)']		0.80952380952380953 
	[] --mutation--> ['delete(319)']		0.76190476190476186 
	[] --template--> ['template(sens_to_level,95)']		0.80952380952380953 
	[] --mutation--> ['insert(217,258)']		0.80952380952380953 
	[] --mutation--> ['delete(119)']		0.76190476190476186 
	[] --mutation--> ['insert(292,339)']		0.80952380952380953 
	[] --mutation--> ['delete(249)']		0.80952380952380953 
	[] --mutation--> ['replace(167,232)']		0.80952380952380953 
	[] --mutation--> ['replace(276,167)']		0.45238095238095238 
	[] --template--> ['template(increment_by_one,213)']		0 
	[] --mutation--> ['insert(249,163)']		0 
	[] --template--> []		0.80952380952380953 
	[] --template--> []		0.80952380952380953 
	[] --mutation--> ['delete(339)']		0.73809523809523814 
	[] --mutation--> ['replace(119,139)']		0.76190476190476186 
	[] --template--> ['template(negate_equality,115)']		0.6428571428571429 
	[] --template--> ['template(increment_by_one,126)']		0.54761904761904767 
	[] --template--> ['template(negate_equality,153)']		0.38095238095238093 
	[] --mutation--> ['insert(334,285)']		0.80952380952380953 
	[] --mutation--> ['replace(179,317)']		0.5 
	[] --mutation--> ['replace(220,247)']		0.80952380952380953 
	[] --mutation--> ['insert(157,193)']		0.80952380952380953 
	[] --mutation--> ['replace(211,230)']		0.80952380952380953 
	[] --mutation--> ['delete(181)']		0.80952380952380953 
	[] --mutation--> ['delete(292)']		0.7142857142857143 
	[] --template--> []		0.80952380952380953 
	[] --mutation--> ['insert(334,199)']		0 
	[] --template--> ['template(sens_to_level,91)']		0.80952380952380953 
	[] --mutation--> ['insert(278,299)']		0.80952380952380953 
	[] --mutation--> ['delete(242)']		0.80952380952380953 
	[] --mutation--> ['delete(258)']		0.5714285714285714 
	[] --mutation--> ['delete(129)']		0.76190476190476186 
	[] --mutation--> ['insert(258,309)']		0.80952380952380953 
	[] --template--> ['template(increment_by_one,106)']		0.38095238095238093 
	[] --mutation--> ['delete(339)']		0.73809523809523814 
	[] --mutation--> ['replace(295,233)']		0.80952380952380953 
	[] --mutation--> ['delete(109)']		0.73809523809523814 
	[] --mutation--> ['delete(258)']		0.5714285714285714 
	[] --template--> ['template(increment_by_one,213)']		0 
	[] --mutation--> ['delete(193)']		0.6428571428571429 
	[] --mutation--> ['replace(293,245)']		0.80952380952380953 
	[] --mutation--> ['replace(219,225)']		0 
	[] --template--> []		0.80952380952380953 
	[] --mutation--> ['insert(314,266)']		0 
	[] --mutation--> ['replace(260,208)']		0 
	[] --mutation--> ['insert(319,230)']		0.80952380952380953 
	[] --mutation--> ['delete(266)']		0.5714285714285714 
	[] --mutation--> ['replace(258,278)']		0.5714285714285714 
	[] --mutation--> ['insert(242,237)']		0.80952380952380953 
	[] --mutation--> ['insert(175,237)']		0.80952380952380953 
	[] --template--> []		0.80952380952380953 
	[] --mutation--> ['delete(324)']		0.80952380952380953 
	[] --mutation--> ['replace(121,167)']		0 
	[] --mutation--> ['replace(122,342)']		0.76190476190476186 
	[] --mutation--> ['insert(109,175)']		0.76190476190476186 
	[] --mutation--> ['insert(263,266)']		0 
	[] --mutation--> ['delete(258)']		0.5714285714285714 
	[] --mutation--> ['delete(139)']		0.73809523809523814 
	[] --mutation--> ['replace(101,307)']		0.82499999999999996 
	[] --mutation--> ['insert(181,309)']		0.7857142857142857 
	[] --mutation--> ['delete(283)']		0.80952380952380953 
	[] --mutation--> ['replace(322,233)']		0.76190476190476186 
	[] --mutation--> ['replace(242,283)']		0.80952380952380953 
	[] --template--> ['template(nonblocking_to_blocking,266)']		0.7142857142857143 
	[] --mutation--> ['insert(157,217)']		0.80952380952380953 
	[] --mutation--> ['delete(157)']		0.38095238095238093 
	[] --mutation--> ['insert(157,299)']		0.80952380952380953 
	[] --mutation--> ['delete(304)']		0.80952380952380953 
	[] --mutation--> ['insert(193,278)']		0.80952380952380953 
	[] --mutation--> ['delete(258)']		0.5714285714285714 
	[] --mutation--> ['replace(196,66)']		0.6428571428571429 
	[] --mutation--> ['delete(129)']		0.76190476190476186 
	[] --mutation--> ['delete(211)']		0.80952380952380953 
	[] --template--> ['template(sens_to_level,95)']		0.80952380952380953 
	[] --mutation--> ['replace(249,334)']		0.80952380952380953 
	[] --mutation--> ['replace(232,167)']		0 
	[] --mutation--> ['insert(344,199)']		0 
	[] --mutation--> ['replace(294,294)']		0.80952380952380953 
	[] --mutation--> ['replace(334,263)']		0.80952380952380953 
	[] --mutation--> ['insert(249,100)']		0 
	[] --mutation--> ['insert(334,273)']		0 
	[] --mutation--> ['replace(260,253)']		0.5714285714285714 
	[] --mutation--> ['insert(157,292)']		0.80952380952380953 
	[] --template--> ['template(nonblocking_to_blocking,237)']		0.80952380952380953 
	[] --mutation--> ['insert(329,251)']		0.7857142857142857 
	[] --mutation--> ['delete(157)']		0.38095238095238093 
	[] --template--> ['template(blocking_to_nonblocking,175)']		0.7857142857142857 
	[] --mutation--> ['insert(309,266)']		0.66265060240963858 
	[] --template--> ['template(increment_by_one,126)']		0.54761904761904767 
	[] --template--> ['template(decrement_by_one,239)']		0 
	[] --template--> []		0.80952380952380953 
	[] --mutation--> ['insert(329,119)']		0.80952380952380953 
	[] --mutation--> ['insert(285,258)']		0.80952380952380953 
	[] --mutation--> ['replace(286,200)']		0.61904761904761907 
	[] --mutation--> ['replace(258,109)']		0.80952380952380953 
	[] --mutation--> ['delete(217)']		0.80952380952380953 
	[] --mutation--> ['replace(209,46)']		0.80952380952380953 
	[] --mutation--> ['replace(276,94)']		0.80952380952380953 
	[] --mutation--> ['insert(139,285)']		0.76190476190476186 
	[] --mutation--> ['delete(230)']		0.76470588235294112 
	[] --template--> ['template(nonblocking_to_blocking,258)']		0.80952380952380953 
	[] --template--> ['template(negate_equality,171)']		0.45238095238095238 
	[] --mutation--> ['delete(129)']		0.76190476190476186 
	[] --mutation--> ['replace(220,160)']		0.80952380952380953 
	[] --template--> []		0.80952380952380953 
	[] --template--> ['template(decrement_by_one,98)']		0 
	[] --template--> ['template(decrement_by_one,165)']		0 
	[] --template--> ['template(sens_to_all,224)']		0.7142857142857143 
	[] --mutation--> ['delete(129)']		0.76190476190476186 
	[] --mutation--> ['delete(299)']		0.80952380952380953 
	[] --mutation--> ['delete(211)']		0.80952380952380953 
	[] --template--> ['template(nonblocking_to_blocking,237)']		0.80952380952380953 
	[] --mutation--> ['insert(285,193)']		0.80952380952380953 
	[] --mutation--> ['delete(157)']		0.38095238095238093 
	[] --mutation--> ['delete(283)']		0.80952380952380953 
	[] --mutation--> ['insert(309,129)']		0.80952380952380953 
	[] --template--> []		0.80952380952380953 
	[] --mutation--> ['delete(129)']		0.76190476190476186 
	[] --mutation--> ['delete(193)']		0.6428571428571429 
	[] --mutation--> ['delete(157)']		0.38095238095238093 
	[] --mutation--> ['insert(283,145)']		0 
	[] --mutation--> ['insert(139,251)']		0.80952380952380953 
	[] --mutation--> ['delete(129)']		0.76190476190476186 
	[] --template--> ['template(nonblocking_to_blocking,237)']		0.80952380952380953 
	[] --mutation--> ['delete(290)']		0.80952380952380953 
	[] --mutation--> ['insert(258,139)']		0.80952380952380953 
	[] --template--> ['template(sens_to_negedge,95)']		0 
	[] --mutation--> ['delete(181)']		0.80952380952380953 
	[] --mutation--> ['insert(249,157)']		0 
	[] --mutation--> ['replace(237,175)']		0.76470588235294112 
	[] --template--> ['template(blocking_to_nonblocking,211)']		0.80952380952380953 
	[] --mutation--> ['replace(283,344)']		0.80952380952380953 
	[] --mutation--> ['delete(271)']		0.80952380952380953 
	[] --mutation--> ['delete(181)']		0.80952380952380953 
	[] --template--> ['template(blocking_to_nonblocking,211)']		0.80952380952380953 
	[] --mutation--> ['delete(324)']		0.80952380952380953 
	[] --template--> []		0.80952380952380953 
	[] --mutation--> ['insert(329,129)']		0.80952380952380953 
	[] --mutation--> ['insert(271,199)']		0 
	[] --template--> ['template(decrement_by_one,98)']		0 
	[] --mutation--> ['replace(160,184)']		0.80952380952380953 
	[] --mutation--> ['replace(247,73)']		0.80952380952380953 
	[] --mutation--> ['replace(302,322)']		0.5 
	[] --template--> ['template(decrement_by_one,307)']		0.73809523809523814 
	[] --template--> ['template(sens_to_negedge,93)']		0 
	[] --mutation--> ['replace(283,249)']		0.80952380952380953 
	[] --mutation--> ['insert(199,244)']		0.80952380952380953 
	[] --template--> []		0.80952380952380953 
	[] --template--> ['template(sens_to_level,95)']		0.80952380952380953 
	[] --mutation--> ['replace(116,331)']		0.73809523809523814 
	[] --mutation--> ['replace(211,285)']		0.80952380952380953 
	[] --template--> ['template(decrement_by_one,197)']		0.6428571428571429 
	[] --mutation--> ['replace(101,94)']		0.94999999999999996 
	[] --mutation--> ['replace(220,160)']		0.80952380952380953 
	[] --mutation--> ['replace(263,314)']		0.80952380952380953 
	[] --mutation--> ['insert(199,329)']		0.80952380952380953 
	[] --mutation--> ['replace(267,310)']		0.5714285714285714 
	[] --mutation--> ['insert(329,157)']		0.7857142857142857 
	[] --mutation--> ['delete(251)']		0.76470588235294112 
	[] --mutation--> ['delete(334)']		0.80952380952380953 
	[] --mutation--> ['replace(183,190)']		0 
	[] --mutation--> ['insert(324,211)']		0 
	[] --mutation--> ['delete(304)']		0.80952380952380953 
	[] --mutation--> ['insert(193,339)']		0.7857142857142857 
	[] --mutation--> ['delete(290)']		0.80952380952380953 
	[] --mutation--> ['replace(183,307)']		0 
	[] --template--> ['template(sens_to_level,97)']		0.80952380952380953 
	[] --mutation--> ['delete(271)']		0.80952380952380953 
	[] --mutation--> ['replace(200,340)']		0.73809523809523814 
	[] --template--> ['template(nonblocking_to_blocking,299)']		0.80952380952380953 
	[] --template--> ['template(sens_to_all,97)']		0 
	[] --mutation--> ['replace(218,310)']		0.80952380952380953 
	[] --template--> ['template(sens_to_negedge,89)']		0 
	[] --mutation--> ['replace(221,113)']		0.76190476190476186 
	[] --mutation--> ['replace(231,293)']		0.76470588235294112 
	[] --mutation--> ['insert(304,251)']		0.80952380952380953 
	[] --mutation--> ['delete(263)']		0.80952380952380953 
	[] --template--> ['template(sens_to_level,93)']		0.80952380952380953 
	[] --mutation--> ['delete(181)']		0.80952380952380953 
	[] --mutation--> ['insert(266,199)']		0.80952380952380953 
	[] --mutation--> ['insert(292,230)']		0.80952380952380953 
	[] --mutation--> ['delete(278)']		0.54761904761904767 
	[] --mutation--> ['replace(262,106)']		0.80952380952380953 
	[] --mutation--> ['insert(344,237)']		0.80952380952380953 
	[] --template--> []		0.80952380952380953 
	[] --mutation--> ['insert(230,319)']		0.80952380952380953 
	[] --mutation--> ['replace(315,305)']		0.80952380952380953 
	[] --mutation--> ['delete(163)']		0.80952380952380953 
	[] --template--> ['template(decrement_by_one,205)']		0.80952380952380953 
	[] --mutation--> ['insert(251,266)']		0.85542168674698793 
	[] --mutation--> ['delete(235)']		0.80952380952380953 
	[] --template--> []		0.80952380952380953 
	[] --template--> []		0.80952380952380953 
	[] --mutation--> ['replace(116,96)']		0.7142857142857143 
	[] --mutation--> ['delete(244)']		0.76470588235294112 
	[] --mutation--> ['replace(197,321)']		0.80952380952380953 
	[] --template--> ['template(decrement_by_one,90)']		0 
	[] --mutation--> ['replace(259,110)']		0.80952380952380953 
	[] --mutation--> ['replace(218,293)']		0.80952380952380953 
	[] --mutation--> ['insert(290,237)']		0.80952380952380953 
	[] --mutation--> ['delete(266)']		0.5714285714285714 
	[] --mutation--> ['insert(285,266)']		0.85542168674698793 
	[] --mutation--> ['delete(181)']		0.80952380952380953 
	[] --mutation--> ['replace(263,314)']		0.80952380952380953 
	[] --mutation--> ['replace(252,146)']		0.76470588235294112 
	[] --mutation--> ['insert(297,339)']		0 
	[] --mutation--> ['insert(237,193)']		0.80952380952380953 
	[] --mutation--> ['insert(292,230)']		0.80952380952380953 
	[] --mutation--> ['delete(235)']		0.80952380952380953 
	[] --mutation--> ['insert(304,181)']		0 
	[] --mutation--> ['replace(266,237)']		0.61445783132530118 
	[] --mutation--> ['insert(309,299)']		0.5 
	[] --mutation--> ['insert(297,258)']		0 
	[] --template--> ['template(increment_by_one,151)']		0.38095238095238093 
	[] --mutation--> ['insert(334,266)']		0 
	[] --mutation--> ['delete(263)']		0.80952380952380953 
	[] --mutation--> ['replace(173,127)']		0.45238095238095238 
	[] --mutation--> ['insert(304,251)']		0.80952380952380953 
	[] --mutation--> ['delete(309)']		0.73809523809523814 
	[] --mutation--> ['insert(181,319)']		0.80952380952380953 
	[] --mutation--> ['insert(235,119)']		0 
	[] --mutation--> ['insert(314,163)']		0 
	[] --mutation--> ['insert(290,157)']		0 
	[] --template--> ['template(decrement_by_one,307)']		0.73809523809523814 
	[] --template--> ['template(decrement_by_one,111)']		0 
	[] --mutation--> ['insert(278,199)']		0.80952380952380953 
	[] --mutation--> ['replace(125,189)']		0.54761904761904767 
	[] --mutation--> ['replace(110,231)']		0.7142857142857143 
	[] --mutation--> ['delete(263)']		0.80952380952380953 
	[] --template--> ['template(decrement_by_one,121)']		0 
	[] --mutation--> ['replace(154,165)']		0.38095238095238093 
	[] --template--> ['template(decrement_by_one,213)']		0 
	[] --template--> ['template(increment_by_one,94)']		0 
	[] --mutation--> ['replace(164,245)']		0.73809523809523814 
	[] --mutation--> ['delete(292)']		0.7142857142857143 
	[] --mutation--> ['replace(157,199)']		0.80952380952380953 
	[] --mutation--> ['insert(237,230)']		0.80952380952380953 
	[] --mutation--> ['insert(299,163)']		0.80952380952380953 
	[] --mutation--> ['insert(283,157)']		0 
	[] --mutation--> ['insert(230,139)']		0.80952380952380953 
	[] --mutation--> ['replace(109,258)']		0.73809523809523814 
	[] --mutation--> ['delete(211)']		0.80952380952380953 
	[] --mutation--> ['insert(244,211)']		0.80952380952380953 
	[] --mutation--> ['delete(329)']		0.76190476190476186 
	[] --mutation--> ['insert(163,319)']		0.7857142857142857 
	[] --template--> []		0.80952380952380953 
	[] --mutation--> ['delete(290)']		0.80952380952380953 
	[] --mutation--> ['replace(126,149)']		0.76190476190476186 
	[] --mutation--> ['delete(299)']		0.80952380952380953 
	[] --mutation--> ['replace(213,141)']		0.80952380952380953 
	[] --mutation--> ['replace(282,345)']		0.5 
	[] --mutation--> ['replace(208,307)']		0.80952380952380953 
	[] --template--> ['template(sens_to_posedge,95)']		0 
	[] --mutation--> ['delete(278)']		0.54761904761904767 
	[] --mutation--> ['delete(334)']		0.80952380952380953 
	[] --mutation--> ['delete(344)']		0.80952380952380953 
	[] --template--> ['template(blocking_to_nonblocking,119)']		0.80952380952380953 
	[] --mutation--> ['insert(145,163)']		0.80952380952380953 
	[] --mutation--> ['insert(235,227)']		0 
	[] --mutation--> ['delete(304)']		0.80952380952380953 
	[] --mutation--> ['replace(151,177)']		0.90000000000000002 
	[] --mutation--> ['replace(314,290)']		0.80952380952380953 
	[] --mutation--> ['delete(266)']		0.5714285714285714 
	[] --mutation--> ['replace(309,139)']		0.7142857142857143 
	[] --mutation--> ['insert(329,217)']		0.73809523809523814 
	[] --template--> ['template(sens_to_level,93)']		0.80952380952380953 
	[] --mutation--> ['delete(271)']		0.80952380952380953 
	[] --mutation--> ['delete(304)']		0.80952380952380953 
	[] --mutation--> ['insert(278,230)']		0.80952380952380953 
	[] --template--> ['template(sens_to_level,91)']		0.80952380952380953 
	[] --mutation--> ['delete(314)']		0.80952380952380953 
	[] --template--> ['template(increment_by_one,307)']		0.6428571428571429 
	[] --mutation--> ['replace(276,179)']		0.80952380952380953 
	[] --template--> []		0.80952380952380953 
	[] --mutation--> ['replace(257,60)']		0 
	[] --template--> ['template(blocking_to_nonblocking,129)']		0.80952380952380953 
	[] --mutation--> ['delete(299)']		0.80952380952380953 
	[] --template--> []		0.80952380952380953 
	[] --template--> ['template(sens_to_posedge,95)']		0 
	[] --mutation--> ['insert(181,319)']		0.80952380952380953 
	[] --mutation--> ['delete(344)']		0.80952380952380953 
	[] --mutation--> ['replace(155,257)']		0.38095238095238093 
	[] --mutation--> ['delete(344)']		0.80952380952380953 
	[] --mutation--> ['insert(334,339)']		0 
	[] --mutation--> ['replace(250,62)']		0.80952380952380953 
	[] --mutation--> ['delete(175)']		0.5 
	[] --mutation--> ['insert(119,244)']		0.80952380952380953 
	[] --mutation--> ['insert(285,211)']		0.80952380952380953 
	[] --mutation--> ['insert(109,145)']		0.76190476190476186 
	[] --mutation--> ['delete(217)']		0.80952380952380953 
	[] --template--> ['template(nonblocking_to_blocking,285)']		0.80952380952380953 
	[] --template--> ['template(blocking_to_nonblocking,129)']		0.80952380952380953 
	[] --template--> ['template(sens_to_negedge,91)']		0 
	[] --mutation--> ['delete(319)']		0.76190476190476186 
	[] --mutation--> ['insert(237,266)']		0.85542168674698793 
	[] --template--> ['template(blocking_to_nonblocking,109)']		0.80952380952380953 
	[] --mutation--> ['delete(237)']		0.76470588235294112 
	[] --mutation--> ['replace(280,151)']		0 
	[] --template--> ['template(sens_to_negedge,95)']		0 
	[] --mutation--> ['delete(334)']		0.80952380952380953 
	[] --mutation--> ['insert(256,278)']		0.80952380952380953 
	[] --mutation--> ['delete(211)']		0.80952380952380953 
	[] --mutation--> ['delete(290)']		0.80952380952380953 
	[] --mutation--> ['replace(157,319)']		0.19047619047619047 
	[] --mutation--> ['replace(167,268)']		0.80952380952380953 
	[] --mutation--> ['delete(244)']		0.76470588235294112 
	[] --mutation--> ['delete(251)']		0.76470588235294112 
	[] --template--> ['template(increment_by_one,141)']		0 
	[] --mutation--> ['replace(320,245)']		0.7142857142857143 
	[] --template--> ['template(sens_to_posedge,95)']		0 
	[] --mutation--> ['replace(266,278)']		0.61445783132530118 
	[] --mutation--> ['delete(334)']		0.80952380952380953 
	[] --template--> ['template(sens_to_level,91)']		0.80952380952380953 
	[] --mutation--> ['delete(145)']		0.5714285714285714 
	[] --mutation--> ['replace(130,293)']		0.76190476190476186 
	[] --mutation--> ['insert(249,109)']		0 
	[] --mutation--> ['delete(285)']		0.61904761904761907 
	[] --mutation--> ['delete(175)']		0.5 
	[] --mutation--> ['delete(163)']		0.80952380952380953 
	[] --mutation--> ['delete(157)']		0.38095238095238093 
	[] --mutation--> ['delete(329)']		0.76190476190476186 
	[] --mutation--> ['insert(266,266)']		0.80952380952380953 
	[] --mutation--> ['insert(339,273)']		0.51807228915662651 
	[] --mutation--> ['insert(256,217)']		0 
	[] --mutation--> ['replace(317,253)']		0.76190476190476186 
	[] --template--> []		0.80952380952380953 
	[] --mutation--> ['delete(242)']		0.80952380952380953 
	[] --mutation--> ['delete(163)']		0.80952380952380953 
	[] --mutation--> ['delete(299)']		0.80952380952380953 
	[] --template--> ['template(increment_by_one,154)']		0.38095238095238093 
	[] --mutation--> ['replace(111,215)']		0 
	[] --template--> ['template(increment_by_one,113)']		0.66666666666666663 
	[] --mutation--> ['delete(297)']		0.80952380952380953 
	[] --mutation--> ['replace(249,256)']		0.80952380952380953 
	[] --mutation--> ['replace(195,96)']		0 
	[] --template--> ['template(sens_to_negedge,91)']		0 
	[] --mutation--> ['replace(274,149)']		0.75 
	[] --mutation--> ['replace(165,98)']		0 
	[] --mutation--> ['delete(324)']		0.80952380952380953 
	[] --mutation--> ['replace(125,125)']		0.80952380952380953 
	[] --mutation--> ['insert(199,319)']		0.7857142857142857 
	[] --mutation--> ['delete(163)']		0.80952380952380953 
	[] --mutation--> ['replace(334,235)']		0.80952380952380953 
	[] --mutation--> ['replace(271,290)']		0.80952380952380953 
	[] --mutation--> ['delete(263)']		0.80952380952380953 
	[] --mutation--> ['replace(267,320)']		0.5714285714285714 
	[] --template--> ['template(sens_to_posedge,89)']		0 
	[] --mutation--> ['delete(283)']		0.80952380952380953 
	[] --mutation--> ['insert(139,193)']		0.76190476190476186 
	[] --mutation--> ['replace(205,274)']		1 

######## REPAIR FOUND ########
		['replace(205,274)']
TOTAL TIME TAKEN TO FIND REPAIR = 721.581429
Minimized patch: ['replace(205,274)']
