SOURCE FILE:
	 /home/hammada/projects/verilog_repair/benchmarks/fsm_full/fsm_full_buggy_var.v
TEST BENCH:
	 /home/hammada/projects/verilog_repair/benchmarks/fsm_full/fsm_full_tb_t1.v
ORACLE:
	 oracle_fsmfull.txt
PARAMETERS:
	gens=4
	popsize=100
	mutation_rate=0
	crossover_rate=0
	replacement_rate=0
	insertion_rate=0
	deletion_rate=0
	restarts=1
	fault_loc=True
	control_flow=True
	limit_transitive_dependency_set=True
	dependency_set_max=4

IN GENERATION 0 OF ATTEMPT 0
	[] --mutation--> ['delete(274)']		0.97499999999999998 
	[] --mutation--> ['replace(186,222)']		0.9375 
	[] --mutation--> ['delete(168)']		0.94999999999999996 
	[] --mutation--> ['delete(180)']		0.97499999999999998 
	[] --mutation--> ['insert(335,262)']		0.97499999999999998 
	[] --mutation--> ['insert(114,180)']		0.36249999999999999 
	[] --mutation--> ['insert(248,340)']		0.97499999999999998 
	[] --mutation--> ['delete(320)']		0.92500000000000004 
	[] --mutation--> ['delete(274)']		0.97499999999999998 
	[] --mutation--> ['insert(330,186)']		0.96250000000000002 
	[] --mutation--> ['insert(180,100)']		0.97499999999999998 
	[] --mutation--> ['delete(114)']		0.9375 
	[] --mutation--> ['insert(325,162)']		0 
	[] --mutation--> ['replace(364,282)']		0.97499999999999998 
	[] --mutation--> ['replace(280,171)']		0.47499999999999998 
	[] --mutation--> ['replace(200,94)']		0 
	[] --mutation--> ['delete(228)']		0 
	[] --mutation--> ['insert(180,124)']		0.91249999999999998 
	[] --mutation--> ['insert(325,303)']		0.97499999999999998 
	[] --mutation--> ['replace(296,204)']		0.69135802469135799 
	[] --mutation--> ['replace(148,202)']		0.91249999999999998 
	[] --mutation--> ['insert(186,222)']		0.9375 
	[] --mutation--> ['delete(248)']		0.97499999999999998 
	[] --mutation--> ['insert(144,320)']		0.94999999999999996 
	[] --mutation--> ['delete(114)']		0.9375 
	[] --mutation--> ['insert(134,222)']		0.9375 
	[] --mutation--> ['delete(162)']		1 ######## REPAIR FOUND ########
		['delete(162)']
TOTAL TIME TAKEN TO FIND REPAIR = 29.782662
