SOURCE FILE:
	 /home/hammada/projects/verilog_repair/benchmarks/fsm_full/fsm_full_buggy_num.v
TEST BENCH:
	 /home/hammada/projects/verilog_repair/benchmarks/fsm_full/fsm_full_tb_t1.v
ORACLE:
	 oracle_fsmfull.txt
PARAMETERS:
	gens=3
	popsize=500
	restarts=4
	fault_loc=True
	control_flow=True
	limit_transitive_dependency_set=True
	dependency_set_max=4

IN GENERATION 0 OF ATTEMPT 0
	[] --mutation--> ['insert(359,216)']		0.500000
	[] --mutation--> ['replace(141,342)']		0.500000
	[] --mutation--> ['replace(241,228)']		0.500000
	[] --mutation--> ['insert(114,162)']		0.525000
	[] --mutation--> ['delete(277)']		0.750000
	[] --mutation--> ['insert(168,359)']		0.500000
	[] --mutation--> ['replace(171,313)']		0.975000
	[] --mutation--> ['replace(315,274)']		0.500000
	[] --mutation--> ['insert(325,222)']		0.000000
	[] --mutation--> ['insert(359,186)']		0.500000
	[] --mutation--> ['insert(296,269)']		0.500000
	[] --mutation--> ['insert(150,310)']		0.500000
	[] --mutation--> ['delete(282)']		0.500000
	[] --mutation--> ['replace(165,66)']		0.962500
	[] --mutation--> ['insert(100,277)']		0.925000
	[] --mutation--> ['insert(301,289)']		0.500000
	[] --mutation--> ['delete(289)']		0.481481
	[] --mutation--> ['insert(335,269)']		0.000000
	[] --mutation--> ['delete(114)']		0.937500
	[] --mutation--> ['replace(299,292)']		0.500000
	[] --mutation--> ['insert(355,100)']		0.000000
	[] --mutation--> ['replace(303,222)']		0.444444
	[] --mutation--> ['replace(153,343)']		0.437500
	[] --mutation--> ['replace(359,296)']		0.475000
	[] --mutation--> ['delete(269)']		0.500000
	[] --mutation--> ['insert(345,105)']		0.000000
	[] --mutation--> ['delete(255)']		0.500000
	[] --mutation--> ['delete(260)']		0.500000
	[] --mutation--> ['replace(242,321)']		0.500000
	[] --mutation--> ['replace(152,98)']		0.000000
	[] --mutation--> ['delete(282)']		0.500000
	[] --mutation--> ['replace(212,120)']		0.500000
	[] --mutation--> ['replace(340,277)']		0.500000
	[] --mutation--> ['delete(186)']		0.500000
	[] --mutation--> ['replace(245,46)']		0.500000
	[] --mutation--> ['delete(320)']		0.750000
	[] --mutation--> ['delete(303)']		0.456790
	[] --mutation--> ['replace(322,174)']		0.000000
	[] --mutation--> ['delete(100)']		0.500000
	[] --mutation--> ['replace(134,359)']		0.500000
	[] --mutation--> ['delete(289)']		0.481481
	[] --mutation--> ['insert(260,269)']		0.000000
	[] --mutation--> ['delete(350)']		0.500000
	[] --mutation--> ['delete(350)']		0.500000
	[] --mutation--> ['insert(359,222)']		0.500000
	[] --mutation--> ['delete(114)']		0.937500
	[] --mutation--> ['replace(308,345)']		0.500000
	[] --mutation--> ['delete(315)']		0.500000
	[] --mutation--> ['delete(228)']		0.000000
	[] --mutation--> ['insert(325,262)']		0.500000
	[] --mutation--> ['insert(114,180)']		0.500000
	[] --mutation--> ['insert(204,289)']		0.487500
	[] --mutation--> ['delete(282)']		0.500000
	[] --mutation--> ['delete(335)']		0.500000
	[] --mutation--> ['insert(296,198)']		0.500000
	[] --mutation--> ['delete(315)']		0.500000
	[] --mutation--> ['replace(202,170)']		0.500000
	[] --mutation--> ['insert(100,162)']		0.500000
	[] --mutation--> ['replace(202,172)']		0.500000
	[] --mutation--> ['insert(246,100)']		0.000000
	[] --mutation--> ['replace(359,359)']		0.500000
	[] --mutation--> ['insert(335,186)']		0.000000
	[] --mutation--> ['replace(304,151)']		0.456790
	[] --mutation--> ['insert(269,340)']		0.500000
	[] --mutation--> ['insert(186,284)']		0.762500
	[] --mutation--> ['insert(359,150)']		0.500000
	[] --mutation--> ['delete(269)']		0.500000
	[] --mutation--> ['replace(365,62)']		0.500000
	[] --mutation--> ['insert(289,124)']		0.500000
	[] --mutation--> ['insert(308,150)']		0.000000
	[] --mutation--> ['insert(124,168)']		0.950000
	[] --mutation--> ['replace(356,356)']		0.500000
	[] --mutation--> ['delete(269)']		0.500000
	[] --mutation--> ['delete(216)']		0.500000
	[] --mutation--> ['insert(241,222)']		0.500000
	[] --mutation--> ['insert(303,255)']		0.500000
	[] --mutation--> ['replace(141,312)']		0.500000
	[] --mutation--> ['replace(310,134)']		0.444444
	[] --mutation--> ['replace(326,245)']		0.000000
	[] --mutation--> ['replace(241,134)']		0.487500
	[] --mutation--> ['delete(241)']		0.500000
	[] --mutation--> ['insert(301,241)']		0.500000
	[] --mutation--> ['replace(322,239)']		0.000000
	[] --mutation--> ['delete(253)']		0.500000
	[] --mutation--> ['insert(204,186)']		0.500000
	[] --mutation--> ['replace(249,270)']		0.500000
	[] --mutation--> ['insert(320,238)']		0.400000
	[] --mutation--> ['replace(293,356)']		0.450000
	[] --mutation--> ['delete(228)']		0.000000
	[] --mutation--> ['replace(220,210)']		0.500000
	[] --mutation--> ['replace(267,308)']		0.500000
	[] --mutation--> ['delete(320)']		0.750000
	[] --mutation--> ['replace(331,331)']		0.500000
	[] --mutation--> ['delete(144)']		0.500000
	[] --mutation--> ['insert(267,248)']		0.500000
	[] --mutation--> ['delete(260)']		0.500000
	[] --mutation--> ['insert(289,124)']		0.500000
	[] --mutation--> ['replace(158,176)']		0.975000
	[] --mutation--> ['delete(330)']		0.500000
	[] --mutation--> ['replace(176,194)']		0.500000
	[] --mutation--> ['insert(124,330)']		0.500000
	[] --mutation--> ['insert(260,100)']		0.000000
	[] --mutation--> ['replace(198,124)']		0.500000
	[] --mutation--> ['replace(262,180)']		0.500000
	[] --mutation--> ['delete(274)']		0.500000
	[] --mutation--> ['replace(342,328)']		0.000000
	[] --mutation--> ['insert(350,105)']		0.225000
	[] --mutation--> ['delete(330)']		0.500000
	[] --mutation--> ['replace(363,192)']		0.423313
	[] --mutation--> ['replace(334,49)']		0.500000
	[] --mutation--> ['delete(274)']		0.500000
	[] --mutation--> ['replace(144,255)']		0.500000
	[] --mutation--> ['replace(226,312)']		0.500000
	[] --mutation--> ['replace(265,258)']		0.500000
	[] --mutation--> ['insert(269,134)']		0.500000
	[] --mutation--> ['delete(296)']		0.456790
	[] --mutation--> ['insert(303,277)']		0.475000
	[] --mutation--> ['replace(216,241)']		0.500000
	[] --mutation--> ['insert(315,248)']		0.500000
	[] --mutation--> ['delete(114)']		0.937500
	[] --mutation--> ['insert(216,180)']		0.500000
	[] --mutation--> ['insert(144,216)']		0.500000
	[] --mutation--> ['replace(160,295)']		0.500000
	[] --mutation--> ['delete(325)']		0.500000
	[] --mutation--> ['replace(323,137)']		0.500000
	[] --mutation--> ['replace(190,220)']		0.500000
	[] --mutation--> ['delete(277)']		0.750000
	[] --mutation--> ['delete(262)']		0.500000
	[] --mutation--> ['insert(308,134)']		0.000000
	[] --mutation--> ['replace(301,335)']		0.500000
	[] --mutation--> ['replace(230,312)']		0.450000
	[] --mutation--> ['delete(216)']		0.500000
	[] --mutation--> ['insert(150,248)']		0.500000
	[] --mutation--> ['insert(289,303)']		0.500000
	[] --mutation--> ['insert(289,204)']		0.500000
	[] --mutation--> ['insert(168,216)']		0.500000
	[] --mutation--> ['delete(289)']		0.481481
	[] --mutation--> ['delete(296)']		0.456790
	[] --mutation--> ['replace(274,282)']		0.500000
	[] --mutation--> ['delete(325)']		0.500000
	[] --mutation--> ['delete(124)']		0.500000
	[] --mutation--> ['delete(144)']		0.500000
	[] --mutation--> ['replace(326,316)']		0.500000
	[] --mutation--> ['delete(350)']		0.500000
	[] --mutation--> ['delete(345)']		0.500000
	[] --mutation--> ['insert(330,255)']		0.475000
	[] --mutation--> ['insert(198,124)']		0.500000
	[] --mutation--> ['insert(144,340)']		0.500000
	[] --mutation--> ['delete(325)']		0.500000
	[] --mutation--> ['delete(222)']		0.500000
	[] --mutation--> ['delete(255)']		0.500000
	[] --mutation--> ['insert(320,168)']		0.512500
	[] --mutation--> ['delete(222)']		0.500000
	[] --mutation--> ['delete(186)']		0.500000
	[] --mutation--> ['delete(241)']		0.500000
	[] --mutation--> ['delete(303)']		0.456790
	[] --mutation--> ['insert(310,216)']		0.500000
	[] --mutation--> ['delete(162)']		0.500000
	[] --mutation--> ['insert(289,262)']		0.500000
	[] --mutation--> ['replace(260,274)']		0.500000
	[] --mutation--> ['delete(303)']		0.456790
	[] --mutation--> ['insert(134,303)']		0.487500
	[] --mutation--> ['insert(204,310)']		0.487500
	[] --mutation--> ['delete(241)']		0.500000
	[] --mutation--> ['insert(134,238)']		0.850000
	[] --mutation--> ['delete(345)']		0.500000
	[] --mutation--> ['delete(255)']		0.500000
	[] --mutation--> ['insert(248,198)']		0.500000
	[] --mutation--> ['insert(335,340)']		0.000000
	[] --mutation--> ['replace(354,365)']		0.500000
	[] --mutation--> ['replace(131,141)']		0.500000
	[] --mutation--> ['replace(194,158)']		0.500000
	[] --mutation--> ['replace(246,364)']		0.500000
	[] --mutation--> ['replace(136,322)']		0.500000
	[] --mutation--> ['delete(301)']		0.500000
	[] --mutation--> ['insert(325,100)']		0.000000
	[] --mutation--> ['insert(114,124)']		0.500000
	[] --mutation--> ['replace(335,267)']		0.500000
	[] --mutation--> ['insert(274,330)']		0.000000
	[] --mutation--> ['delete(340)']		0.500000
	[] --mutation--> ['replace(303,186)']		0.444444
	[] --mutation--> ['delete(168)']		0.975000
	[] --mutation--> ['delete(301)']		0.500000
	[] --mutation--> ['insert(296,134)']		0.500000
	[] --mutation--> ['insert(198,150)']		0.500000
	[] --mutation--> ['replace(196,196)']		0.500000
	[] --mutation--> ['insert(296,320)']		0.500000
	[] --mutation--> ['insert(364,359)']		0.000000
	[] --mutation--> ['replace(321,187)']		0.750000
	[] --mutation--> ['replace(350,296)']		0.500000
	[] --mutation--> ['delete(222)']		0.500000
	[] --mutation--> ['delete(269)']		0.500000
	[] --mutation--> ['delete(364)']		0.500000
	[] --mutation--> ['replace(264,118)']		0.000000
	[] --mutation--> ['delete(289)']		0.481481
	[] --mutation--> ['insert(335,241)']		0.500000
	[] --mutation--> ['insert(296,216)']		0.500000
	[] --mutation--> ['replace(124,277)']		0.500000
	[] --mutation--> ['replace(118,164)']		0.937500
	[] --mutation--> ['insert(330,100)']		0.225000
	[] --mutation--> ['replace(206,136)']		0.500000
	[] --mutation--> ['replace(124,150)']		0.500000
	[] --mutation--> ['delete(180)']		0.500000
	[] --mutation--> ['insert(345,186)']		0.000000
	[] --mutation--> ['delete(260)']		0.500000
	[] --mutation--> ['replace(220,232)']		0.500000
	[] --mutation--> ['delete(150)']		0.500000
	[] --mutation--> ['replace(278,169)']		0.750000
	[] --mutation--> ['delete(320)']		0.750000
	[] --mutation--> ['delete(269)']		0.500000
	[] --mutation--> ['delete(330)']		0.500000
	[] --mutation--> ['insert(204,168)']		0.950000
	[] --mutation--> ['insert(255,296)']		0.500000
	[] --mutation--> ['insert(274,198)']		0.000000
	[] --mutation--> ['delete(100)']		0.500000
	[] --mutation--> ['replace(326,69)']		0.500000
	[] --mutation--> ['replace(171,153)']		0.975000
	[] --mutation--> ['insert(325,340)']		0.000000
	[] --mutation--> ['insert(330,186)']		0.500000
	[] --mutation--> ['insert(180,277)']		0.925000
	[] --mutation--> ['insert(310,198)']		0.500000
	[] --mutation--> ['replace(125,115)']		0.500000
	[] --mutation--> ['insert(364,168)']		0.000000
	[] --mutation--> ['insert(204,262)']		0.487500
	[] --mutation--> ['delete(144)']		0.500000
	[] --mutation--> ['delete(253)']		0.500000
	[] --mutation--> ['delete(330)']		0.500000
	[] --mutation--> ['replace(171,73)']		0.950000
	[] --mutation--> ['delete(253)']		0.500000
	[] --mutation--> ['delete(180)']		0.500000
	[] --mutation--> ['replace(183,265)']		0.500000
	[] --mutation--> ['delete(228)']		0.000000
	[] --mutation--> ['insert(340,303)']		0.200000
	[] --mutation--> ['replace(269,114)']		0.925000
	[] --mutation--> ['delete(100)']		0.500000
	[] --mutation--> ['insert(364,100)']		0.000000
	[] --mutation--> ['insert(204,330)']		0.500000
	[] --mutation--> ['delete(340)']		0.500000
	[] --mutation--> ['insert(296,284)']		0.475000
	[] --mutation--> ['insert(114,168)']		0.500000
	[] --mutation--> ['insert(246,105)']		0.000000
	[] --mutation--> ['insert(253,100)']		0.000000
	[] --mutation--> ['insert(359,241)']		0.500000
	[] --mutation--> ['insert(100,105)']		0.750000
	[] --mutation--> ['delete(134)']		0.500000
	[] --mutation--> ['delete(114)']		0.937500
	[] --mutation--> ['replace(301,267)']		0.500000
	[] --mutation--> ['insert(274,340)']		0.000000
	[] --mutation--> ['insert(301,303)']		0.500000
	[] --mutation--> ['insert(303,198)']		0.500000
	[] --mutation--> ['insert(355,359)']		0.000000
	[] --mutation--> ['delete(150)']		0.500000
	[] --mutation--> ['delete(277)']		0.750000
	[] --mutation--> ['replace(159,224)']		0.525000
	[] --mutation--> ['replace(341,331)']		0.500000
	[] --mutation--> ['replace(120,194)']		0.787500
	[] --mutation--> ['delete(289)']		0.481481
	[] --mutation--> ['insert(355,186)']		0.000000
	[] --mutation--> ['delete(277)']		0.750000
	[] --mutation--> ['replace(283,309)']		0.500000
	[] --mutation--> ['delete(198)']		0.500000
	[] --mutation--> ['insert(296,289)']		0.500000
	[] --mutation--> ['insert(303,216)']		0.500000
	[] --mutation--> ['delete(162)']		0.500000
	[] --mutation--> ['replace(220,92)']		0.500000
	[] --mutation--> ['delete(345)']		0.500000
	[] --mutation--> ['delete(350)']		0.500000
	[] --mutation--> ['insert(216,222)']		0.500000
	[] --mutation--> ['replace(131,220)']		0.500000
	[] --mutation--> ['insert(228,350)']		0.500000
	[] --mutation--> ['delete(274)']		0.500000
	[] --mutation--> ['replace(231,171)']		0.500000
	[] --mutation--> ['replace(281,159)']		0.812500
	[] --mutation--> ['delete(204)']		0.500000
	[] --mutation--> ['delete(204)']		0.500000
	[] --mutation--> ['replace(128,184)']		0.500000
	[] --mutation--> ['delete(144)']		0.500000
	[] --mutation--> ['replace(350,248)']		0.500000
	[] --mutation--> ['replace(322,257)']		0.550000
	[] --mutation--> ['delete(335)']		0.500000
	[] --mutation--> ['insert(260,186)']		0.000000
	[] --mutation--> ['replace(269,124)']		0.487500
	[] --mutation--> ['replace(199,187)']		0.500000
	[] --mutation--> ['delete(114)']		0.937500
	[] --mutation--> ['insert(289,162)']		0.500000
	[] --mutation--> ['insert(248,303)']		0.500000
	[] --mutation--> ['delete(186)']		0.500000
	[] --mutation--> ['delete(253)']		0.500000
	[] --mutation--> ['delete(345)']		0.500000
	[] --mutation--> ['replace(261,104)']		0.500000
	[] --mutation--> ['delete(162)']		0.500000
	[] --mutation--> ['insert(294,284)']		0.000000
	[] --mutation--> ['delete(359)']		0.500000
	[] --mutation--> ['delete(267)']		0.500000
	[] --mutation--> ['delete(310)']		0.456790
	[] --mutation--> ['delete(315)']		0.500000
	[] --mutation--> ['delete(335)']		0.500000
	[] --mutation--> ['delete(168)']		0.975000
	[] --mutation--> ['replace(311,223)']		0.456790
	[] --mutation--> ['replace(308,335)']		0.500000
	[] --mutation--> ['insert(248,262)']		0.500000
	[] --mutation--> ['delete(124)']		0.500000
	[] --mutation--> ['insert(204,180)']		0.500000
	[] --mutation--> ['insert(335,168)']		0.000000
	[] --mutation--> ['delete(274)']		0.500000
	[] --mutation--> ['insert(253,144)']		0.000000
	[] --mutation--> ['insert(335,168)']		0.000000
	[] --mutation--> ['replace(225,244)']		0.500000
	[] --mutation--> ['replace(311,278)']		0.703704
	[] --mutation--> ['insert(289,162)']		0.500000
	[] --mutation--> ['replace(171,258)']		0.975000
	[] --mutation--> ['replace(277,124)']		0.750000
	[] --mutation--> ['insert(310,284)']		0.475000
	[] --mutation--> ['delete(350)']		0.500000
	[] --mutation--> ['insert(267,144)']		0.000000
	[] --mutation--> ['delete(162)']		0.500000
	[] --mutation--> ['replace(141,170)']		0.500000
	[] --mutation--> ['delete(340)']		0.500000
	[] --mutation--> ['delete(267)']		0.500000
	[] --mutation--> ['delete(364)']		0.500000
	[] --mutation--> ['delete(246)']		0.500000
	[] --mutation--> ['delete(241)']		0.500000
	[] --mutation--> ['delete(340)']		0.500000
	[] --mutation--> ['delete(340)']		0.500000
	[] --mutation--> ['replace(355,267)']		0.500000
	[] --mutation--> ['delete(335)']		0.500000
	[] --mutation--> ['delete(186)']		0.500000
	[] --mutation--> ['replace(320,340)']		0.550000
	[] --mutation--> ['delete(144)']		0.500000
	[] --mutation--> ['insert(114,105)']		0.475000
	[] --mutation--> ['delete(274)']		0.500000
	[] --mutation--> ['delete(350)']		0.500000
	[] --mutation--> ['replace(323,244)']		0.750000
	[] --mutation--> ['insert(308,238)']		0.000000
	[] --mutation--> ['delete(253)']		0.500000
	[] --mutation--> ['replace(268,324)']		0.000000
	[] --mutation--> ['replace(169,351)']		0.950000
	[] --mutation--> ['replace(299,353)']		0.200000
	[] --mutation--> ['replace(302,259)']		0.000000
	[] --mutation--> ['insert(340,238)']		0.150000
	[] --mutation--> ['delete(274)']		0.500000
	[] --mutation--> ['insert(150,105)']		0.750000
	[] --mutation--> ['insert(162,216)']		0.500000
	[] --mutation--> ['delete(335)']		0.500000
	[] --mutation--> ['delete(248)']		0.500000
	[] --mutation--> ['replace(341,135)']		0.500000
	[] --mutation--> ['insert(216,238)']		0.925000
	[] --mutation--> ['replace(364,335)']		0.500000
	[] --mutation--> ['insert(168,216)']		0.500000
	[] --mutation--> ['delete(269)']		0.500000
	[] --mutation--> ['replace(212,158)']		0.500000
	[] --mutation--> ['insert(359,105)']		0.750000
	[] --mutation--> ['delete(274)']		0.500000
	[] --mutation--> ['insert(325,168)']		0.000000
	[] --mutation--> ['replace(106,218)']		1.000000
