SOURCE FILE:
	 /home/hammada/projects/verilog_repair/benchmarks/fsm_full/fsm_full_buggy_var.v
TEST BENCH:
	 /home/hammada/projects/verilog_repair/benchmarks/fsm_full/fsm_full_tb_t1.v
PROJ_DIR:
	 /home/hammada/projects/verilog_repair/benchmarks/fsm_full/
FITNESS_MODE:
	 outputwires
EVAL_SCRIPT:
	 /home/hammada/projects/verilog_repair/benchmarks/fsm_full/run.sh
ORACLE:
	 oracle_fsmfull.txt
PARAMETERS:
	gens=5
	popsize=10000
	mutation_rate=0.700000
	crossover_rate=0.300000
	replacement_rate=0.400000
	insertion_rate=0.300000
	deletion_rate=0.300000
	restarts=1
	fault_loc=True
	control_flow=True
	limit_transitive_dependency_set=True
	dependency_set_max=4

	[] --template_seeding--> ['template(sens_to_negedge,95)']		0
	[] --template_seeding--> ['template(blocking_to_nonblocking,216)']		0.97499999999999998
	[] --template_seeding--> ['template(decrement_by_one,200)']		0
	[] --template_seeding--> []		0
	[] --template_seeding--> ['template(nonblocking_to_blocking,241)']		0.97499999999999998
	[] --template_seeding--> ['template(sens_to_level,235)']		0.80000000000000004
	[] --template_seeding--> ['template(increment_by_one,154)']		0.8125
	[] --template_seeding--> ['template(decrement_by_one,159)']		0.96250000000000002
	[] --template_seeding--> ['template(sens_to_posedge,89)']		0
	[] --template_seeding--> ['template(nonblocking_to_blocking,330)']		0.97499999999999998
	[] --template_seeding--> ['template(increment_by_one,195)']		0.8125
	[] --template_seeding--> ['template(decrement_by_one,156)']		0.97499999999999998
	[] --template_seeding--> ['template(decrement_by_one,218)']		0
	[] --template_seeding--> ['template(decrement_by_one,98)']		0
	[] --template_seeding--> ['template(decrement_by_one,92)']		0
	[] --template_seeding--> ['template(increment_by_one,108)']		0.75
	[] --template_seeding--> ['template(nonblocking_to_blocking,320)']		0.97499999999999998
	[] --template_seeding--> ['template(nonblocking_to_blocking,350)']		0.97499999999999998
	[] --template_seeding--> ['template(decrement_by_one,287)']		0.5714285714285714
	[] --template_seeding--> ['template(nonblocking_to_blocking,262)']		0.97499999999999998
	[] --template_seeding--> ['template(sens_to_level,91)']		0.97499999999999998
	[] --template_seeding--> []		0.97499999999999998
	[] --template_seeding--> ['template(sens_to_all,97)']		0
	[] --template_seeding--> []		0
	[] --template_seeding--> []		0
	[] --template_seeding--> []		0
	[] --template_seeding--> ['template(blocking_to_nonblocking,114)']		0.97499999999999998
	[] --template_seeding--> ['template(sens_to_all,89)']		0
	[] --template_seeding--> []		0
	[] --template_seeding--> ['template(sens_to_negedge,91)']		0
	[] --template_seeding--> ['template(negate_equality,194)']		0.78749999999999998
	[] --template_seeding--> ['template(sens_to_negedge,97)']		0
	[] --template_seeding--> ['template(decrement_by_one,184)']		0.92500000000000004
	[] --template_seeding--> ['template(negate_equality,140)']		0.90000000000000002
	[] --template_seeding--> []		0.90000000000000002
	[] --template_seeding--> []		0.90000000000000002
	[] --template_seeding--> ['template(increment_by_one,226)']		0.96250000000000002
	[] --template_seeding--> []		0.96250000000000002
	[] --template_seeding--> []		0.96250000000000002
	[] --template_seeding--> ['template(negate_equality,130)']		0.73750000000000004
	[] --template_seeding--> []		0.73750000000000004
	[] --template_seeding--> ['template(blocking_to_nonblocking,186)']		0.97499999999999998
	[] --template_seeding--> []		0.97499999999999998
	[] --template_seeding--> []		0.97499999999999998
	[] --template_seeding--> []		0.97499999999999998
	[] --template_seeding--> ['template(sens_to_posedge,91)']		0
	[] --template_seeding--> []		0
	[] --template_seeding--> ['template(increment_by_one,98)']		0
	[] --template_seeding--> ['template(decrement_by_one,279)']		0
	[] --template_seeding--> ['template(negate_equality,130)']		0
	[] --template_seeding--> ['template(negate_equality,194)']		0
	[] --template_seeding--> []		0
	[] --template_seeding--> ['template(sens_to_negedge,91)']		0
	[] --template_seeding--> ['template(increment_by_one,96)']		0
	[] --template_seeding--> ['template(nonblocking_to_blocking,330)']		0
	[] --template_seeding--> ['template(sens_to_all,89)']		0
	[] --template_seeding--> ['template(decrement_by_one,287)']		0
	[] --template_seeding--> ['template(sens_to_posedge,235)']		0.97499999999999998
	[] --template_seeding--> ['template(increment_by_one,154)']		0.97499999999999998
	[] --template_seeding--> ['template(sens_to_negedge,235)']		0.84999999999999998
	[] --template_seeding--> ['template(nonblocking_to_blocking,289)']		0.97499999999999998
	[] --template_seeding--> ['template(blocking_to_nonblocking,216)']		0.97499999999999998
	[] --template_seeding--> []		0.97499999999999998
	[] --template_seeding--> ['template(nonblocking_to_blocking,241)']		0.97499999999999998
	[] --template_seeding--> ['template(negate_equality,120)']		0.63749999999999996
	[] --template_seeding--> ['template(sens_to_negedge,95)']		0.63749999999999996
	[] --template_seeding--> []		0.63749999999999996
	[] --template_seeding--> ['template(negate_equality,120)']		0.63749999999999996
	[] --template_seeding--> ['template(decrement_by_one,273)']		0.97499999999999998
	[] --template_seeding--> ['template(increment_by_one,170)']		0
	[] --template_seeding--> ['template(decrement_by_one,250)']		0
	[] --template_seeding--> []		0
	[] --template_seeding--> ['template(sens_to_level,95)']		0.97499999999999998
	[] --template_seeding--> ['template(decrement_by_one,128)']		0.90000000000000002
	[] --template_seeding--> ['template(increment_by_one,154)']		0.90000000000000002
	[] --template_seeding--> ['template(negate_equality,120)']		0.90000000000000002
	[] --template_seeding--> ['template(increment_by_one,208)']		0.9375
	[] --template_seeding--> ['template(sens_to_level,91)']		0.9375
	[] --template_seeding--> ['template(nonblocking_to_blocking,241)']		0.9375
	[] --template_seeding--> ['template(sens_to_level,97)']		0.97499999999999998
	[] --template_seeding--> ['template(sens_to_negedge,95)']		0.97499999999999998
	[] --template_seeding--> ['template(nonblocking_to_blocking,248)']		0.97499999999999998
	[] --template_seeding--> ['template(negate_equality,194)']		0.97499999999999998
	[] --template_seeding--> ['template(sens_to_level,97)']		0.97499999999999998
	[] --template_seeding--> []		0.97499999999999998
	[] --template_seeding--> ['template(sens_to_negedge,89)']		0
	[] --template_seeding--> ['template(increment_by_one,224)']		0
	[] --template_seeding--> ['template(sens_to_level,89)']		0.97499999999999998
	[] --template_seeding--> ['template(nonblocking_to_blocking,310)']		0.97499999999999998
	[] --template_seeding--> ['template(decrement_by_one,90)']		0
	[] --template_seeding--> ['template(blocking_to_nonblocking,162)']		0.97499999999999998
	[] --template_seeding--> ['template(decrement_by_one,305)']		0
	[] --template_seeding--> ['template(sens_to_negedge,97)']		0
	[] --template_seeding--> ['template(decrement_by_one,338)']		0.91249999999999998
	[] --template_seeding--> ['template(nonblocking_to_blocking,289)']		0.91249999999999998
	[] --template_seeding--> ['template(blocking_to_nonblocking,204)']		0.97499999999999998
	[] --template_seeding--> []		0.97499999999999998
	[] --template_seeding--> []		0.97499999999999998
	[] --template_seeding--> ['template(sens_to_level,97)']		0.97499999999999998
	[] --template_seeding--> ['template(nonblocking_to_blocking,255)']		0.97499999999999998
	[] --template_seeding--> []		0.97499999999999998
	[] --template_seeding--> ['template(nonblocking_to_blocking,340)']		0.97499999999999998
	[] --template_seeding--> ['template(decrement_by_one,98)']		0.97499999999999998
	[] --template_seeding--> ['template(decrement_by_one,285)']		0.5714285714285714
	[] --template_seeding--> ['template(sens_to_all,89)']		0.5714285714285714
	[] --template_seeding--> ['template(blocking_to_nonblocking,168)']		0.97499999999999998
	[] --template_seeding--> []		0.97499999999999998
	[] --template_seeding--> ['template(increment_by_one,146)']		0
	[] --template_seeding--> ['template(blocking_to_nonblocking,144)']		0.96250000000000002
	[] --template_seeding--> ['template(increment_by_one,232)']		0.97499999999999998
	[] --template_seeding--> ['template(increment_by_one,287)']		0.5714285714285714
	[] --template_seeding--> []		0.5714285714285714
	[] --template_seeding--> ['template(sens_to_negedge,89)']		0.5714285714285714
	[] --template_seeding--> ['template(decrement_by_one,152)']		0
	[] --template_seeding--> ['template(nonblocking_to_blocking,340)']		0
	[] --template_seeding--> ['template(increment_by_one,96)']		0
	[] --template_seeding--> ['template(nonblocking_to_blocking,248)']		0
	[] --template_seeding--> []		0
	[] --template_seeding--> ['template(increment_by_one,118)']		0.90000000000000002
	[] --template_seeding--> []		0.90000000000000002
	[] --template_seeding--> ['template(negate_equality,158)']		0.96250000000000002
	[] --template_seeding--> ['template(blocking_to_nonblocking,216)']		0.96250000000000002
	[] --template_seeding--> ['template(sens_to_negedge,95)']		0.96250000000000002
	[] --template_seeding--> ['template(nonblocking_to_blocking,330)']		0.96250000000000002
	[] --template_seeding--> []		0.96250000000000002
	[] --template_seeding--> ['template(blocking_to_nonblocking,144)']		0.96250000000000002
	[] --template_seeding--> ['template(blocking_to_nonblocking,180)']		0.97499999999999998
	[] --template_seeding--> ['template(increment_by_one,188)']		0
	[] --template_seeding--> ['template(decrement_by_one,90)']		0
	[] --template_seeding--> []		0
	[] --template_seeding--> ['template(increment_by_one,281)']		0
	[] --template_seeding--> ['template(increment_by_one,287)']		0
	[] --template_seeding--> ['template(sens_to_all,95)']		0
	[] --template_seeding--> ['template(sens_to_all,95)']		0
	[] --template_seeding--> ['template(blocking_to_nonblocking,134)']		0.97499999999999998
	[] --template_seeding--> ['template(increment_by_one,146)']		0.97499999999999998
	[] --template_seeding--> ['template(sens_to_negedge,91)']		0.97499999999999998
	[] --template_seeding--> ['template(nonblocking_to_blocking,248)']		0.97499999999999998
	[] --template_seeding--> ['template(increment_by_one,298)']		0
	[] --template_seeding--> ['template(increment_by_one,363)']		0.81818181818181823
	[] --template_seeding--> ['template(negate_equality,194)']		0.81818181818181823
	[] --template_seeding--> ['template(nonblocking_to_blocking,340)']		0.81818181818181823
	[] --template_seeding--> ['template(negate_equality,120)']		0.81818181818181823
	[] --template_seeding--> []		0.81818181818181823
	[] --template_seeding--> ['template(nonblocking_to_blocking,289)']		0.81818181818181823
	[] --template_seeding--> ['template(decrement_by_one,218)']		0.81818181818181823
	[] --template_seeding--> ['template(blocking_to_nonblocking,162)']		0.81818181818181823
	[] --template_seeding--> ['template(sens_to_negedge,97)']		0.81818181818181823
	[] --template_seeding--> ['template(nonblocking_to_blocking,350)']		0.81818181818181823
	[] --template_seeding--> ['template(sens_to_level,89)']		0.81818181818181823
	[] --template_seeding--> ['template(decrement_by_one,239)']		0.65000000000000002
	[] --template_seeding--> ['template(decrement_by_one,328)']		0.92500000000000004
	[] --template_seeding--> ['template(blocking_to_nonblocking,100)']		0.77500000000000002
	[] --template_seeding--> ['template(nonblocking_to_blocking,320)']		0.77500000000000002
	[] --template_seeding--> ['template(sens_to_posedge,89)']		0.77500000000000002
	[] --template_seeding--> []		0.77500000000000002
	[] --template_seeding--> ['template(decrement_by_one,121)']		0.91249999999999998
	[] --template_seeding--> ['template(increment_by_one,172)']		0.96250000000000002
	[] --template_seeding--> ['template(sens_to_all,91)']		0
	[] --template_seeding--> ['template(blocking_to_nonblocking,150)']		0.97499999999999998
	[] --template_seeding--> ['template(sens_to_posedge,95)']		0
	[] --template_seeding--> []		0
	[] --template_seeding--> ['template(decrement_by_one,285)']		0
	[] --template_seeding--> ['template(decrement_by_one,342)']		0
	[] --template_seeding--> ['template(nonblocking_to_blocking,330)']		0
	[] --template_seeding--> []		0
	[] --template_seeding--> ['template(negate_equality,140)']		0
	[] --template_seeding--> ['template(blocking_to_nonblocking,124)']		0.96250000000000002
	[] --template_seeding--> ['template(negate_equality,158)']		0.96250000000000002
	[] --template_seeding--> []		0.96250000000000002
	[] --template_seeding--> ['template(decrement_by_one,322)']		0
	[] --template_seeding--> ['template(sens_to_all,93)']		0
	[] --template_seeding--> ['template(increment_by_one,164)']		0
	[] --template_seeding--> ['template(blocking_to_nonblocking,144)']		0
	[] --template_seeding--> ['template(increment_by_one,98)']		0
	[] --template_seeding--> ['template(increment_by_one,210)']		0.94999999999999996
	[] --template_seeding--> ['template(increment_by_one,94)']		0
	[] --template_seeding--> ['template(blocking_to_nonblocking,114)']		0
	[] --template_seeding--> []		0
	[] --template_seeding--> ['template(sens_to_posedge,235)']		0
	[] --template_seeding--> ['template(sens_to_level,97)']		0
	[] --template_seeding--> ['template(decrement_by_one,177)']		0.91249999999999998
	[] --template_seeding--> ['template(blocking_to_nonblocking,100)']		0.91249999999999998
	[] --template_seeding--> ['template(sens_to_all,91)']		0.91249999999999998
	[] --template_seeding--> []		0.91249999999999998
	[] --template_seeding--> ['template(increment_by_one,188)']		0.91249999999999998
	[] --template_seeding--> ['template(nonblocking_to_blocking,248)']		0.91249999999999998
	[] --template_seeding--> ['template(blocking_to_nonblocking,168)']		0.91249999999999998
	[] --template_seeding--> []		0.91249999999999998
	[] --template_seeding--> ['template(nonblocking_to_blocking,241)']		0.91249999999999998
	[] --template_seeding--> ['template(increment_by_one,305)']		0
	[] --template_seeding--> ['template(sens_to_level,95)']		0
	[] --template_seeding--> ['template(increment_by_one,111)']		0.47499999999999998
	[] --template_seeding--> ['template(blocking_to_nonblocking,186)']		0.47499999999999998
	[] --template_seeding--> ['template(sens_to_all,95)']		0.47499999999999998
	[] --template_seeding--> ['template(nonblocking_to_blocking,269)']		0.97499999999999998
	[] --template_seeding--> ['template(nonblocking_to_blocking,296)']		0.97499999999999998
	[] --template_seeding--> []		0.97499999999999998
	[] --template_seeding--> []		0.97499999999999998
	[] --template_seeding--> ['template(blocking_to_nonblocking,198)']		0.97499999999999998
	[] --template_seeding--> ['template(sens_to_level,89)']		0.97499999999999998
	[] --template_seeding--> []		0.97499999999999998
	[] --template_seeding--> ['template(sens_to_posedge,97)']		0
	[] --template_seeding--> ['template(sens_to_posedge,89)']		0
	[] --template_seeding--> ['template(sens_to_posedge,91)']		0
	[] --template_seeding--> ['template(decrement_by_one,108)']		0.75
	[] --template_seeding--> ['template(sens_to_posedge,235)']		0.75
	[] --template_seeding--> ['template(increment_by_one,273)']		0.9375
	[] --template_seeding--> ['template(sens_to_posedge,95)']		0.9375
	[] --template_seeding--> []		0.9375
	[] --template_seeding--> ['template(sens_to_level,91)']		0.9375
	[] --template_seeding--> ['template(nonblocking_to_blocking,350)']		0.9375
	[] --template_seeding--> ['template(blocking_to_nonblocking,168)']		0.9375
	[] --template_seeding--> ['template(nonblocking_to_blocking,303)']		0.97499999999999998
	[] --template_seeding--> ['template(negate_equality,212)']		0.9375
	[] --template_seeding--> ['template(sens_to_level,93)']		0.97499999999999998
	[] --template_seeding--> []		0.97499999999999998
	[] --template_seeding--> []		0.97499999999999998
	[] --template_seeding--> ['template(increment_by_one,177)']		0.36249999999999999
	[] --template_seeding--> ['template(increment_by_one,182)']		0
	[] --template_seeding--> ['template(increment_by_one,128)']		0.875
	[] --template_seeding--> ['template(nonblocking_to_blocking,330)']		0.875
	[] --template_seeding--> []		0.875
	[] --template_seeding--> ['template(increment_by_one,332)']		0
	[] --template_seeding--> []		0
	[] --template_seeding--> ['template(blocking_to_nonblocking,168)']		0
	[] --template_seeding--> ['template(sens_to_all,91)']		0
	[] --template_seeding--> ['template(increment_by_one,90)']		0
	[] --template_seeding--> ['template(sens_to_all,235)']		0.80000000000000004
	[] --template_seeding--> []		0.80000000000000004
	[] --template_seeding--> []		0.80000000000000004
	[] --template_seeding--> ['template(blocking_to_nonblocking,216)']		0.80000000000000004
	[] --template_seeding--> ['template(increment_by_one,108)']		0.80000000000000004
	[] --template_seeding--> []		0.80000000000000004
	[] --template_seeding--> ['template(decrement_by_one,213)']		0.9375
	[] --template_seeding--> ['template(decrement_by_one,188)']		0
	[] --template_seeding--> ['template(negate_equality,130)']		0
	[] --template_seeding--> ['template(decrement_by_one,192)']		0.94999999999999996
	[] --template_seeding--> ['template(sens_to_level,95)']		0.94999999999999996
	[] --template_seeding--> ['template(sens_to_posedge,93)']		0
	[] --template_seeding--> ['template(decrement_by_one,236)']		0
	[] --template_seeding--> ['template(negate_equality,158)']		0
	[] --template_seeding--> []		0
	[] --template_seeding--> ['template(blocking_to_nonblocking,134)']		0
	[] --template_seeding--> ['template(nonblocking_to_blocking,303)']		0
	[] --template_seeding--> ['template(sens_to_level,93)']		0
	[] --template_seeding--> ['template(sens_to_all,93)']		0
	[] --template_seeding--> ['template(decrement_by_one,236)']		0
	[] --template_seeding--> ['template(increment_by_one,188)']		0
	[] --template_seeding--> ['template(decrement_by_one,338)']		0
	[] --template_seeding--> ['template(increment_by_one,174)']		0.92500000000000004
	[] --template_seeding--> ['template(decrement_by_one,332)']		0
	[] --template_seeding--> ['template(sens_to_negedge,93)']		0
	[] --template_seeding--> ['template(increment_by_one,106)']		0.67500000000000004
	[] --template_seeding--> ['template(decrement_by_one,206)']		0
	[] --template_seeding--> ['template(decrement_by_one,213)']		0
	[] --template_seeding--> []		0
	[] --template_seeding--> ['template(sens_to_posedge,97)']		0
	[] --template_seeding--> ['template(increment_by_one,273)']		0
	[] --template_seeding--> ['template(decrement_by_one,206)']		0
	[] --template_seeding--> ['template(increment_by_one,318)']		0.8125
	[] --template_seeding--> ['template(sens_to_level,91)']		0.8125
	[] --template_seeding--> ['template(increment_by_one,118)']		0.8125
	[] --template_seeding--> ['template(increment_by_one,166)']		0.97499999999999998
	[] --template_seeding--> []		0.97499999999999998
	[] --template_seeding--> []		0.97499999999999998
	[] --template_seeding--> ['template(sens_to_negedge,89)']		0.97499999999999998
	[] --template_seeding--> ['template(sens_to_level,89)']		0.97499999999999998
	[] --template_seeding--> ['template(increment_by_one,291)']		0
	[] --template_seeding--> ['template(increment_by_one,94)']		0
	[] --template_seeding--> []		0
	[] --template_seeding--> ['template(sens_to_negedge,89)']		0
	[] --template_seeding--> []		0
	[] --template_seeding--> ['template(sens_to_all,95)']		0
	[] --template_seeding--> []		0
	[] --template_seeding--> ['template(nonblocking_to_blocking,350)']		0
	[] --template_seeding--> []		0
	[] --template_seeding--> []		0
	[] --template_seeding--> ['template(sens_to_posedge,97)']		0
	[] --template_seeding--> ['template(negate_equality,176)']		0.91249999999999998
	[] --template_seeding--> ['template(increment_by_one,121)']		0.63749999999999996
	[] --template_seeding--> ['template(negate_equality,120)']		0.63749999999999996
	[] --template_seeding--> ['template(decrement_by_one,226)']		0.9375
	[] --template_seeding--> []		0.9375
	[] --template_seeding--> ['template(sens_to_negedge,95)']		0.9375
	[] --template_seeding--> []		0.9375
	[] --template_seeding--> ['template(negate_equality,158)']		0.9375
	[] --template_seeding--> ['template(decrement_by_one,154)']		0.94999999999999996
	[] --template_seeding--> ['template(increment_by_one,281)']		0.94999999999999996
	[] --template_seeding--> ['template(sens_to_posedge,89)']		0.94999999999999996
	[] --template_seeding--> ['template(decrement_by_one,230)']		0
	[] --template_seeding--> ['template(decrement_by_one,106)']		0.75
	[] --template_seeding--> ['template(blocking_to_nonblocking,150)']		0.75
	[] --template_seeding--> []		0.75
	[] --template_seeding--> ['template(increment_by_one,287)']		0.75
	[] --template_seeding--> ['template(decrement_by_one,305)']		0.75
	[] --template_seeding--> ['template(nonblocking_to_blocking,248)']		0.75
	[] --template_seeding--> []		0.75
	[] --template_seeding--> ['template(sens_to_level,95)']		0.75
	[] --template_seeding--> ['template(increment_by_one,338)']		0.78749999999999998
	[] --template_seeding--> ['template(increment_by_one,206)']		0
	[] --template_seeding--> ['template(negate_equality,110)']		0.47499999999999998
	[] --template_seeding--> []		0.47499999999999998
	[] --template_seeding--> ['template(blocking_to_nonblocking,144)']		0.47499999999999998
	[] --template_seeding--> ['template(sens_to_all,95)']		0.47499999999999998
	[] --template_seeding--> ['template(sens_to_negedge,89)']		0.47499999999999998
	[] --template_seeding--> ['template(sens_to_level,95)']		0.47499999999999998
	[] --template_seeding--> ['template(increment_by_one,342)']		0
	[] --template_seeding--> ['template(increment_by_one,213)']		0.96250000000000002
	[] --template_seeding--> ['template(increment_by_one,298)']		0.96250000000000002
	[] --template_seeding--> ['template(decrement_by_one,352)']		0
	[] --template_seeding--> ['template(increment_by_one,116)']		0
	[] --template_seeding--> ['template(blocking_to_nonblocking,124)']		0
	[] --template_seeding--> []		0
	[] --template_seeding--> ['template(nonblocking_to_blocking,262)']		0
	[] --template_seeding--> ['template(sens_to_all,97)']		0
	[] --template_seeding--> ['template(negate_equality,158)']		0
	[] --template_seeding--> ['template(negate_equality,176)']		0
	[] --template_seeding--> ['template(sens_to_posedge,89)']		0
	[] --template_seeding--> ['template(increment_by_one,126)']		0
	[] --template_seeding--> ['template(decrement_by_one,348)']		0.91249999999999998
	[] --template_seeding--> ['template(increment_by_one,174)']		0.91249999999999998
	[] --template_seeding--> ['template(nonblocking_to_blocking,289)']		0.91249999999999998
	[] --template_seeding--> []		0.91249999999999998
	[] --template_seeding--> []		0.91249999999999998
	[] --template_seeding--> ['template(increment_by_one,190)']		0.9375
	[] --template_seeding--> ['template(nonblocking_to_blocking,241)']		0.9375
	[] --template_seeding--> []		0.9375
	[] --template_seeding--> ['template(blocking_to_nonblocking,134)']		0.9375
	[] --template_seeding--> ['template(sens_to_level,89)']		0.9375
	[] --template_seeding--> ['template(sens_to_posedge,93)']		0.9375
	[] --template_seeding--> ['template(sens_to_level,235)']		0.9375
	[] --template_seeding--> ['template(negate_equality,140)']		0.9375
	[] --template_seeding--> ['template(increment_by_one,279)']		0
	[] --template_seeding--> ['template(sens_to_negedge,93)']		0
	[] --template_seeding--> ['template(nonblocking_to_blocking,310)']		0
	[] --template_seeding--> ['template(increment_by_one,312)']		0
	[] --template_seeding--> ['template(increment_by_one,190)']		0
	[] --template_seeding--> []		0
	[] --template_seeding--> ['template(increment_by_one,188)']		0
	[] --template_seeding--> ['template(nonblocking_to_blocking,303)']		0
	[] --template_seeding--> ['template(nonblocking_to_blocking,262)']		0
	[] --template_seeding--> []		0
	[] --template_seeding--> ['template(decrement_by_one,172)']		0.94999999999999996
	[] --template_seeding--> []		0.94999999999999996
	[] --template_seeding--> []		0.94999999999999996
	[] --template_seeding--> []		0.94999999999999996
	[] --template_seeding--> ['template(negate_equality,194)']		0.94999999999999996
	[] --template_seeding--> ['template(nonblocking_to_blocking,310)']		0.94999999999999996
	[] --template_seeding--> ['template(blocking_to_nonblocking,204)']		0.94999999999999996
	[] --template_seeding--> ['template(sens_to_all,89)']		0.94999999999999996
	[] --template_seeding--> ['template(sens_to_negedge,235)']		0.94999999999999996
	[] --template_seeding--> ['template(negate_equality,130)']		0.94999999999999996
	[] --template_seeding--> ['template(sens_to_level,235)']		0.94999999999999996
	[] --template_seeding--> ['template(decrement_by_one,298)']		0
	[] --template_seeding--> ['template(sens_to_level,89)']		0
	[] --template_seeding--> []		0
	[] --template_seeding--> ['template(sens_to_level,95)']		0
	[] --template_seeding--> ['template(decrement_by_one,202)']		0.96250000000000002
	[] --template_seeding--> ['template(negate_equality,110)']		0.96250000000000002
	[] --template_seeding--> []		0.96250000000000002
	[] --template_seeding--> ['template(sens_to_level,93)']		0.96250000000000002
	[] --template_seeding--> []		0.96250000000000002
	[] --template_seeding--> ['template(increment_by_one,328)']		0.80000000000000004
	[] --template_seeding--> ['template(increment_by_one,182)']		0.80000000000000004
	[] --template_seeding--> ['template(decrement_by_one,131)']		0.91249999999999998
	[] --template_seeding--> []		0.91249999999999998
	[] --template_seeding--> ['template(decrement_by_one,172)']		0.91249999999999998
	[] --template_seeding--> []		0.91249999999999998
	[] --template_seeding--> ['template(increment_by_one,230)']		0
	[] --template_seeding--> []		0
	[] --template_seeding--> ['template(sens_to_negedge,235)']		0
	[] --template_seeding--> ['template(negate_equality,194)']		0
	[] --template_seeding--> ['template(sens_to_level,97)']		0
	[] --template_seeding--> ['template(decrement_by_one,230)']		0
	[] --template_seeding--> ['template(nonblocking_to_blocking,289)']		0
	[] --template_seeding--> ['template(nonblocking_to_blocking,277)']		0.80000000000000004
	[] --template_seeding--> ['template(increment_by_one,118)']		0.80000000000000004
	[] --template_seeding--> ['template(decrement_by_one,118)']		0.9375
	[] --template_seeding--> ['template(sens_to_posedge,89)']		0.9375
	[] --template_seeding--> ['template(blocking_to_nonblocking,216)']		0.9375
	[] --template_seeding--> ['template(decrement_by_one,141)']		0.91249999999999998
	[] --template_seeding--> ['template(sens_to_all,235)']		0.91249999999999998
	[] --template_seeding--> []		0.91249999999999998
	[] --template_seeding--> ['template(decrement_by_one,111)']		0.9375
	[] --template_seeding--> ['template(negate_equality,110)']		0.9375
	[] --template_seeding--> ['template(sens_to_level,95)']		0.9375
	[] --template_seeding--> ['template(increment_by_one,131)']		0.73750000000000004
	[] --template_seeding--> []		0.73750000000000004
	[] --template_seeding--> []		0.73750000000000004
	[] --template_seeding--> []		0.73750000000000004
	[] --template_seeding--> ['template(increment_by_one,174)']		0.73750000000000004
	[] --template_seeding--> ['template(negate_equality,140)']		0.73750000000000004
	[] --template_seeding--> ['template(blocking_to_nonblocking,180)']		0.73750000000000004
	[] --template_seeding--> ['template(sens_to_all,97)']		0.73750000000000004
	[] --template_seeding--> []		0.73750000000000004
	[] --template_seeding--> ['template(decrement_by_one,94)']		0
	[] --template_seeding--> ['template(sens_to_negedge,89)']		0
	[] --template_seeding--> ['template(decrement_by_one,285)']		0
	[] --template_seeding--> ['template(blocking_to_nonblocking,134)']		0
	[] --template_seeding--> ['template(increment_by_one,94)']		0
	[] --template_seeding--> []		0
	[] --template_seeding--> ['template(negate_equality,110)']		0
	[] --template_seeding--> ['template(sens_to_all,95)']		0
	[] --template_seeding--> ['template(decrement_by_one,190)']		0.92500000000000004
	[] --template_seeding--> ['template(sens_to_level,93)']		0.92500000000000004
	[] --template_seeding--> ['template(nonblocking_to_blocking,269)']		0.92500000000000004
	[] --template_seeding--> []		0.92500000000000004
	[] --template_seeding--> ['template(sens_to_posedge,97)']		0.92500000000000004
	[] --template_seeding--> ['template(increment_by_one,224)']		0.92500000000000004
	[] --template_seeding--> []		0.92500000000000004
	[] --template_seeding--> []		0.92500000000000004
	[] --template_seeding--> ['template(increment_by_one,200)']		0
	[] --template_seeding--> []		0
	[] --template_seeding--> ['template(increment_by_one,338)']		0
	[] --template_seeding--> ['template(decrement_by_one,363)']		0.7857142857142857
	[] --template_seeding--> []		0.7857142857142857
	[] --template_seeding--> ['template(sens_to_level,91)']		0.7857142857142857
	[] --template_seeding--> ['template(decrement_by_one,102)']		0
	[] --template_seeding--> ['template(sens_to_all,89)']		0
	[] --template_seeding--> ['template(decrement_by_one,170)']		0
	[] --template_seeding--> []		0
	[] --template_seeding--> ['template(blocking_to_nonblocking,114)']		0
	[] --template_seeding--> ['template(sens_to_all,95)']		0
	[] --template_seeding--> ['template(increment_by_one,108)']		0
	[] --template_seeding--> ['template(sens_to_posedge,235)']		0
	[] --template_seeding--> ['template(increment_by_one,208)']		0
	[] --template_seeding--> []		0
	[] --template_seeding--> ['template(sens_to_all,95)']		0
	[] --template_seeding--> ['template(nonblocking_to_blocking,269)']		0
	[] --template_seeding--> ['template(sens_to_posedge,89)']		0
	[] --template_seeding--> []		0
	[] --template_seeding--> ['template(negate_equality,130)']		0
	[] --template_seeding--> []		0
	[] --template_seeding--> []		0
	[] --template_seeding--> []		0
	[] --template_seeding--> ['template(nonblocking_to_blocking,330)']		0
	[] --template_seeding--> ['template(increment_by_one,156)']		0.65000000000000002
	[] --template_seeding--> ['template(increment_by_one,141)']		0.90000000000000002
	[] --template_seeding--> []		0.90000000000000002
	[] --template_seeding--> ['template(nonblocking_to_blocking,320)']		0.90000000000000002
	[] --template_seeding--> ['template(sens_to_posedge,89)']		0.90000000000000002
	[] --template_seeding--> ['template(sens_to_level,95)']		0.90000000000000002
	[] --template_seeding--> []		0.90000000000000002
	[] --template_seeding--> []		0.90000000000000002
	[] --template_seeding--> ['template(sens_to_posedge,91)']		0.90000000000000002
	[] --template_seeding--> ['template(negate_equality,110)']		0.90000000000000002
	[] --template_seeding--> ['template(negate_equality,110)']		0.90000000000000002
	[] --template_seeding--> ['template(blocking_to_nonblocking,100)']		0.90000000000000002
	[] --template_seeding--> []		0.90000000000000002
	[] --template_seeding--> ['template(blocking_to_nonblocking,134)']		0.90000000000000002
	[] --template_seeding--> []		0.90000000000000002
	[] --template_seeding--> ['template(sens_to_all,93)']		0.90000000000000002
	[] --template_seeding--> ['template(decrement_by_one,363)']		0.90000000000000002
	[] --template_seeding--> ['template(blocking_to_nonblocking,222)']		0.97499999999999998
	[] --template_seeding--> ['template(nonblocking_to_blocking,310)']		0.97499999999999998
	[] --template_seeding--> ['template(nonblocking_to_blocking,359)']		0.97499999999999998
	[] --template_seeding--> ['template(sens_to_level,97)']		0.97499999999999998
	[] --template_seeding--> ['template(negate_equality,130)']		0.97499999999999998
	[] --template_seeding--> []		0.97499999999999998
	[] --template_seeding--> ['template(blocking_to_nonblocking,222)']		0.97499999999999998
	[] --template_seeding--> []		0.97499999999999998
	[] --template_seeding--> ['template(decrement_by_one,138)']		0.875
	[] --template_seeding--> ['template(nonblocking_to_blocking,269)']		0.875
	[] --template_seeding--> ['template(blocking_to_nonblocking,216)']		0.875
	[] --template_seeding--> []		0.875
	[] --template_seeding--> []		0.875
	[] --template_seeding--> []		0.875
	[] --template_seeding--> []		0.875
	[] --template_seeding--> ['template(increment_by_one,342)']		0.875
	[] --template_seeding--> ['template(blocking_to_nonblocking,150)']		0.875
	[] --template_seeding--> []		0.875
	[] --template_seeding--> ['template(negate_equality,194)']		0.875
	[] --template_seeding--> ['template(blocking_to_nonblocking,198)']		0.875
	[] --template_seeding--> []		0.875
	[] --template_seeding--> ['template(increment_by_one,348)']		0.91249999999999998
	[] --template_seeding--> ['template(blocking_to_nonblocking,144)']		0.91249999999999998
	[] --template_seeding--> ['template(sens_to_all,89)']		0.91249999999999998
	[] --template_seeding--> ['template(decrement_by_one,190)']		0.91249999999999998
	[] --template_seeding--> ['template(negate_equality,158)']		0.91249999999999998
	[] --template_seeding--> ['template(blocking_to_nonblocking,114)']		0.91249999999999998
	[] --template_seeding--> ['template(nonblocking_to_blocking,269)']		0.91249999999999998
	[] --template_seeding--> ['template(decrement_by_one,116)']		0
	[] --template_seeding--> ['template(increment_by_one,332)']		0
	[] --template_seeding--> ['template(increment_by_one,182)']		0
	[] --template_seeding--> []		0
	[] --template_seeding--> []		0
	[] --template_seeding--> ['template(nonblocking_to_blocking,289)']		0
	[] --template_seeding--> ['template(blocking_to_nonblocking,228)']		0.97499999999999998
	[] --template_seeding--> ['template(sens_to_posedge,235)']		0.97499999999999998
	[] --template_seeding--> ['template(nonblocking_to_blocking,340)']		0.97499999999999998
	[] --template_seeding--> ['template(increment_by_one,210)']		0.97499999999999998
	[] --template_seeding--> ['template(decrement_by_one,291)']		0
	[] --template_seeding--> []		0
	[] --template_seeding--> ['template(decrement_by_one,182)']		0
	[] --template_seeding--> ['template(nonblocking_to_blocking,262)']		0
	[] --template_seeding--> ['template(nonblocking_to_blocking,248)']		0
	[] --template_seeding--> ['template(decrement_by_one,170)']		0
	[] --template_seeding--> ['template(increment_by_one,111)']		0
	[] --template_seeding--> ['template(sens_to_all,91)']		0
	[] --template_seeding--> ['template(sens_to_level,89)']		0
	[] --template_seeding--> []		0
	[] --template_seeding--> ['template(sens_to_negedge,235)']		0
	[] --template_seeding--> ['template(blocking_to_nonblocking,144)']		0
	[] --template_seeding--> []		0
	[] --template_seeding--> ['template(blocking_to_nonblocking,124)']		0
	[] --template_seeding--> ['template(blocking_to_nonblocking,180)']		0
	[] --template_seeding--> ['template(increment_by_one,332)']		0
	[] --template_seeding--> ['template(decrement_by_one,298)']		0
	[] --template_seeding--> ['template(nonblocking_to_blocking,340)']		0
	[] --template_seeding--> ['template(nonblocking_to_blocking,262)']		0
	[] --template_seeding--> ['template(decrement_by_one,121)']		0
	[] --template_seeding--> ['template(negate_equality,212)']		0
	[] --template_seeding--> []		0
	[] --template_seeding--> []		0
	[] --template_seeding--> ['template(blocking_to_nonblocking,134)']		0
	[] --template_seeding--> ['template(increment_by_one,230)']		0
	[] --template_seeding--> ['template(sens_to_level,97)']		0
	[] --template_seeding--> ['template(decrement_by_one,338)']		0
	[] --template_seeding--> []		0
	[] --template_seeding--> ['template(increment_by_one,257)']		0
	[] --template_seeding--> ['template(sens_to_level,89)']		0
	[] --template_seeding--> ['template(decrement_by_one,239)']		0
	[] --template_seeding--> ['template(decrement_by_one,220)']		0.96250000000000002
	[] --template_seeding--> ['template(nonblocking_to_blocking,277)']		0.96250000000000002
	[] --template_seeding--> ['template(sens_to_negedge,91)']		0.96250000000000002
	[] --template_seeding--> ['template(sens_to_level,97)']		0.96250000000000002
	[] --template_seeding--> ['template(negate_equality,130)']		0.96250000000000002
	[] --template_seeding--> ['template(sens_to_all,93)']		0.96250000000000002
	[] --template_seeding--> ['template(sens_to_negedge,235)']		0.96250000000000002
	[] --template_seeding--> []		0.96250000000000002
	[] --template_seeding--> ['template(decrement_by_one,141)']		0.96250000000000002
	[] --template_seeding--> ['template(sens_to_posedge,95)']		0.96250000000000002
	[] --template_seeding--> ['template(increment_by_one,190)']		0.96250000000000002
	[] --template_seeding--> ['template(decrement_by_one,131)']		0.96250000000000002
	[] --template_seeding--> ['template(sens_to_level,235)']		0.96250000000000002
	[] --template_seeding--> ['template(sens_to_posedge,95)']		0.96250000000000002
	[] --template_seeding--> ['template(negate_equality,212)']		0.96250000000000002
	[] --template_seeding--> []		0.96250000000000002
	[] --template_seeding--> ['template(decrement_by_one,177)']		0.96250000000000002
	[] --template_seeding--> ['template(sens_to_posedge,93)']		0.96250000000000002
	[] --template_seeding--> []		0.96250000000000002
	[] --template_seeding--> ['template(negate_equality,176)']		0.96250000000000002
	[] --template_seeding--> ['template(sens_to_all,235)']		0.96250000000000002
	[] --template_seeding--> ['template(nonblocking_to_blocking,241)']		0.96250000000000002
	[] --template_seeding--> ['template(nonblocking_to_blocking,277)']		0.96250000000000002
	[] --template_seeding--> ['template(sens_to_negedge,91)']		0.96250000000000002
	[] --template_seeding--> ['template(sens_to_all,95)']		0.96250000000000002
	[] --template_seeding--> []		0.96250000000000002
	[] --template_seeding--> []		0.96250000000000002
	[] --template_seeding--> ['template(blocking_to_nonblocking,162)']		0.96250000000000002
	[] --template_seeding--> ['template(decrement_by_one,230)']		0.96250000000000002
	[] --template_seeding--> ['template(nonblocking_to_blocking,241)']		0.96250000000000002
	[] --template_seeding--> []		0.96250000000000002
	[] --template_seeding--> []		0.96250000000000002
	[] --template_seeding--> ['template(increment_by_one,243)']		0
	[] --template_seeding--> ['template(decrement_by_one,118)']		0
	[] --template_seeding--> []		0
	[] --template_seeding--> ['template(sens_to_level,97)']		0
	[] --template_seeding--> []		0
	[] --template_seeding--> []		0
	[] --template_seeding--> ['template(sens_to_negedge,97)']		0
	[] --template_seeding--> ['template(blocking_to_nonblocking,114)']		0
	[] --template_seeding--> ['template(sens_to_negedge,95)']		0
	[] --template_seeding--> ['template(sens_to_level,235)']		0
	[] --template_seeding--> ['template(sens_to_all,95)']		0
	[] --template_seeding--> ['template(increment_by_one,126)']		0
	[] --template_seeding--> ['template(sens_to_level,89)']		0
	[] --template_seeding--> ['template(decrement_by_one,218)']		0
	[] --template_seeding--> ['template(sens_to_posedge,97)']		0
	[] --template_seeding--> ['template(sens_to_level,95)']		0
	[] --template_seeding--> []		0
	[] --template_seeding--> ['template(sens_to_posedge,93)']		0
	[] --template_seeding--> ['template(nonblocking_to_blocking,303)']		0
	[] --template_seeding--> ['template(increment_by_one,361)']		0
	[] --template_seeding--> ['template(sens_to_posedge,97)']		0
	[] --template_seeding--> []		0
	[] --template_seeding--> ['template(sens_to_posedge,89)']		0
	[] --template_seeding--> ['template(nonblocking_to_blocking,255)']		0
	[] --template_seeding--> ['template(sens_to_all,93)']		0
	[] --template_seeding--> []		0
	[] --template_seeding--> []		0
	[] --template_seeding--> ['template(nonblocking_to_blocking,296)']		0
	[] --template_seeding--> ['template(nonblocking_to_blocking,241)']		0
	[] --template_seeding--> ['template(decrement_by_one,200)']		0
	[] --template_seeding--> ['template(decrement_by_one,230)']		0
	[] --template_seeding--> ['template(blocking_to_nonblocking,168)']		0
	[] --template_seeding--> []		0
	[] --template_seeding--> ['template(blocking_to_nonblocking,228)']		0
	[] --template_seeding--> []		0
	[] --template_seeding--> ['template(sens_to_negedge,95)']		0
	[] --template_seeding--> ['template(blocking_to_nonblocking,134)']		0
	[] --template_seeding--> ['template(decrement_by_one,218)']		0
	[] --template_seeding--> ['template(increment_by_one,342)']		0
	[] --template_seeding--> ['template(decrement_by_one,177)']		0
	[] --template_seeding--> ['template(negate_equality,130)']		0
	[] --template_seeding--> []		0
	[] --template_seeding--> ['template(blocking_to_nonblocking,198)']		0
	[] --template_seeding--> ['template(negate_equality,194)']		0
	[] --template_seeding--> ['template(negate_equality,212)']		0
	[] --template_seeding--> []		0
	[] --template_seeding--> []		0
	[] --template_seeding--> ['template(increment_by_one,224)']		0
	[] --template_seeding--> ['template(increment_by_one,116)']		0
	[] --template_seeding--> ['template(increment_by_one,188)']		0
	[] --template_seeding--> []		0
	[] --template_seeding--> []		0
	[] --template_seeding--> []		0
	[] --template_seeding--> ['template(decrement_by_one,213)']		0
	[] --template_seeding--> ['template(negate_equality,130)']		0
	[] --template_seeding--> []		0
	[] --template_seeding--> ['template(sens_to_negedge,235)']		0
	[] --template_seeding--> ['template(blocking_to_nonblocking,134)']		0
	[] --template_seeding--> ['template(sens_to_negedge,97)']		0
	[] --template_seeding--> ['template(sens_to_all,235)']		0
	[] --template_seeding--> []		0
	[] --template_seeding--> ['template(increment_by_one,118)']		0
	[] --template_seeding--> ['template(negate_equality,110)']		0
	[] --template_seeding--> ['template(increment_by_one,273)']		0
	[] --template_seeding--> ['template(sens_to_posedge,93)']		0
	[] --template_seeding--> ['template(sens_to_level,93)']		0
	[] --template_seeding--> []		0
	[] --template_seeding--> ['template(increment_by_one,170)']		0
	[] --template_seeding--> ['template(decrement_by_one,192)']		0
	[] --template_seeding--> ['template(sens_to_all,93)']		0
	[] --template_seeding--> ['template(nonblocking_to_blocking,269)']		0
	[] --template_seeding--> ['template(blocking_to_nonblocking,168)']		0
	[] --template_seeding--> ['template(sens_to_negedge,235)']		0
	[] --template_seeding--> []		0
	[] --template_seeding--> []		0
	[] --template_seeding--> ['template(sens_to_posedge,91)']		0
	[] --template_seeding--> ['template(nonblocking_to_blocking,310)']		0
	[] --template_seeding--> ['template(negate_equality,158)']		0
	[] --template_seeding--> []		0
	[] --template_seeding--> []		0
	[] --template_seeding--> ['template(nonblocking_to_blocking,262)']		0
	[] --template_seeding--> ['template(nonblocking_to_blocking,310)']		0
	[] --template_seeding--> ['template(decrement_by_one,131)']		0
	[] --template_seeding--> ['template(sens_to_negedge,89)']		0
	[] --template_seeding--> ['template(nonblocking_to_blocking,330)']		0
	[] --template_seeding--> ['template(decrement_by_one,352)']		0
	[] --template_seeding--> []		0
	[] --template_seeding--> ['template(increment_by_one,96)']		0
	[] --template_seeding--> ['template(nonblocking_to_blocking,241)']		0
	[] --template_seeding--> ['template(sens_to_all,235)']		0
	[] --template_seeding--> ['template(sens_to_posedge,93)']		0
	[] --template_seeding--> ['template(sens_to_level,97)']		0
	[] --template_seeding--> ['template(decrement_by_one,126)']		0
	[] --template_seeding--> ['template(sens_to_negedge,95)']		0
	[] --template_seeding--> ['template(negate_equality,194)']		0
	[] --template_seeding--> ['template(sens_to_negedge,93)']		0
	[] --template_seeding--> ['template(nonblocking_to_blocking,359)']		0
	[] --template_seeding--> ['template(negate_equality,194)']		0
	[] --template_seeding--> ['template(increment_by_one,131)']		0
	[] --template_seeding--> ['template(blocking_to_nonblocking,144)']		0
	[] --template_seeding--> ['template(sens_to_level,95)']		0
	[] --template_seeding--> ['template(increment_by_one,202)']		0.90000000000000002
	[] --template_seeding--> ['template(decrement_by_one,220)']		0.90000000000000002
	[] --template_seeding--> ['template(sens_to_posedge,95)']		0.90000000000000002
	[] --template_seeding--> ['template(nonblocking_to_blocking,248)']		0.90000000000000002
	[] --template_seeding--> ['template(blocking_to_nonblocking,222)']		0.90000000000000002
	[] --template_seeding--> ['template(increment_by_one,146)']		0.90000000000000002
	[] --template_seeding--> ['template(negate_equality,212)']		0.90000000000000002
	[] --template_seeding--> ['template(decrement_by_one,305)']		0.90000000000000002
	[] --template_seeding--> []		0.90000000000000002
	[] --template_seeding--> ['template(decrement_by_one,195)']		0.78749999999999998
	[] --template_seeding--> ['template(decrement_by_one,94)']		0.78749999999999998
	[] --template_seeding--> ['template(blocking_to_nonblocking,144)']		0.78749999999999998
	[] --template_seeding--> []		0.78749999999999998
	[] --template_seeding--> ['template(sens_to_level,95)']		0.78749999999999998
	[] --template_seeding--> ['template(increment_by_one,146)']		0.78749999999999998
	[] --template_seeding--> ['template(blocking_to_nonblocking,150)']		0.78749999999999998
	[] --template_seeding--> ['template(sens_to_posedge,91)']		0.78749999999999998
	[] --template_seeding--> ['template(increment_by_one,192)']		0.92500000000000004
	[] --template_seeding--> ['template(decrement_by_one,116)']		0.92500000000000004
	[] --template_seeding--> ['template(negate_equality,140)']		0.92500000000000004
	[] --template_seeding--> ['template(sens_to_negedge,235)']		0.92500000000000004
	[] --template_seeding--> ['template(negate_equality,194)']		0.92500000000000004
	[] --template_seeding--> ['template(decrement_by_one,190)']		0.92500000000000004
	[] --template_seeding--> ['template(blocking_to_nonblocking,228)']		0.92500000000000004
	[] --template_seeding--> []		0.92500000000000004
	[] --template_seeding--> ['template(blocking_to_nonblocking,216)']		0.92500000000000004
	[] --template_seeding--> ['template(increment_by_one,271)']		0
	[] --template_seeding--> ['template(sens_to_negedge,89)']		0
	[] --template_seeding--> ['template(increment_by_one,94)']		0
	[] --template_seeding--> ['template(sens_to_level,97)']		0
	[] --template_seeding--> ['template(increment_by_one,136)']		0
	[] --template_seeding--> ['template(decrement_by_one,312)']		0
	[] --template_seeding--> ['template(blocking_to_nonblocking,134)']		0
	[] --template_seeding--> ['template(sens_to_all,95)']		0
	[] --template_seeding--> ['template(increment_by_one,138)']		0.875
	[] --template_seeding--> ['template(negate_equality,140)']		0.875
	[] --template_seeding--> []		0.875
	[] --template_seeding--> ['template(sens_to_posedge,93)']		0.875
	[] --template_seeding--> ['template(decrement_by_one,174)']		0.94999999999999996
	[] --template_seeding--> ['template(sens_to_all,97)']		0.94999999999999996
	[] --template_seeding--> ['template(decrement_by_one,285)']		0.94999999999999996
	[] --template_seeding--> ['template(sens_to_negedge,97)']		0.94999999999999996
	[] --template_seeding--> []		0.94999999999999996
	[] --template_seeding--> []		0.94999999999999996
	[] --template_seeding--> ['template(sens_to_posedge,95)']		0.94999999999999996
	[] --template_seeding--> ['template(blocking_to_nonblocking,204)']		0.94999999999999996
	[] --template_seeding--> ['template(sens_to_level,97)']		0.94999999999999996
	[] --template_seeding--> []		0.94999999999999996
	[] --template_seeding--> ['template(decrement_by_one,230)']		0.94999999999999996
	[] --template_seeding--> ['template(sens_to_negedge,89)']		0.94999999999999996
	[] --template_seeding--> ['template(sens_to_all,97)']		0.94999999999999996
	[] --template_seeding--> []		0.94999999999999996
	[] --template_seeding--> ['template(negate_equality,158)']		0.94999999999999996
	[] --template_seeding--> ['template(negate_equality,110)']		0.94999999999999996
	[] --template_seeding--> ['template(increment_by_one,170)']		0.94999999999999996
	[] --template_seeding--> ['template(sens_to_level,235)']		0.94999999999999996
	[] --template_seeding--> ['template(nonblocking_to_blocking,248)']		0.94999999999999996
	[] --template_seeding--> []		0.94999999999999996
	[] --template_seeding--> ['template(sens_to_posedge,93)']		0.94999999999999996
	[] --template_seeding--> ['template(sens_to_negedge,91)']		0.94999999999999996
	[] --template_seeding--> ['template(nonblocking_to_blocking,248)']		0.94999999999999996
	[] --template_seeding--> ['template(decrement_by_one,264)']		0
	[] --template_seeding--> ['template(increment_by_one,136)']		0
	[] --template_seeding--> ['template(blocking_to_nonblocking,162)']		0
	[] --template_seeding--> ['template(blocking_to_nonblocking,162)']		0
	[] --template_seeding--> ['template(sens_to_all,235)']		0
	[] --template_seeding--> ['template(nonblocking_to_blocking,241)']		0
	[] --template_seeding--> ['template(sens_to_negedge,235)']		0
	[] --template_seeding--> []		0
	[] --template_seeding--> ['template(sens_to_level,95)']		0
	[] --template_seeding--> ['template(sens_to_negedge,97)']		0
	[] --template_seeding--> ['template(negate_equality,176)']		0
	[] --template_seeding--> ['template(nonblocking_to_blocking,248)']		0
	[] --template_seeding--> ['template(increment_by_one,285)']		0
	[] --template_seeding--> ['template(decrement_by_one,131)']		0
	[] --template_seeding--> ['template(negate_equality,158)']		0
	[] --template_seeding--> ['template(sens_to_posedge,235)']		0
	[] --template_seeding--> ['template(sens_to_level,235)']		0
	[] --template_seeding--> ['template(sens_to_posedge,97)']		0
	[] --template_seeding--> ['template(decrement_by_one,206)']		0
	[] --template_seeding--> ['template(sens_to_all,89)']		0
	[] --template_seeding--> ['template(sens_to_all,89)']		0
	[] --template_seeding--> ['template(decrement_by_one,138)']		0
	[] --template_seeding--> []		0
	[] --template_seeding--> ['template(sens_to_negedge,93)']		0
	[] --template_seeding--> []		0
	[] --template_seeding--> ['template(negate_equality,194)']		0
	[] --template_seeding--> []		0
	[] --template_seeding--> ['template(decrement_by_one,136)']		0
	[] --template_seeding--> ['template(nonblocking_to_blocking,330)']		0
	[] --template_seeding--> ['template(nonblocking_to_blocking,296)']		0
	[] --template_seeding--> ['template(decrement_by_one,236)']		0
	[] --template_seeding--> []		0
	[] --template_seeding--> ['template(sens_to_negedge,89)']		0
	[] --template_seeding--> ['template(sens_to_negedge,91)']		0
	[] --template_seeding--> ['template(negate_equality,140)']		0
	[] --template_seeding--> ['template(sens_to_negedge,235)']		0
	[] --template_seeding--> ['template(sens_to_posedge,235)']		0
	[] --template_seeding--> []		0
	[] --template_seeding--> ['template(decrement_by_one,348)']		0
	[] --template_seeding--> ['template(sens_to_level,235)']		0
	[] --template_seeding--> ['template(increment_by_one,239)']		0.65000000000000002
	[] --template_seeding--> ['template(decrement_by_one,131)']		0.65000000000000002
	[] --template_seeding--> ['template(decrement_by_one,184)']		0.65000000000000002
	[] --template_seeding--> ['template(increment_by_one,287)']		0.65000000000000002
	[] --template_seeding--> ['template(decrement_by_one,257)']		0
	[] --template_seeding--> ['template(negate_equality,212)']		0
	[] --template_seeding--> ['template(nonblocking_to_blocking,310)']		0
	[] --template_seeding--> ['template(increment_by_one,208)']		0
	[] --template_seeding--> ['template(negate_equality,120)']		0
	[] --template_seeding--> ['template(blocking_to_nonblocking,222)']		0
	[] --template_seeding--> ['template(increment_by_one,164)']		0
	[] --template_seeding--> ['template(blocking_to_nonblocking,144)']		0
	[] --template_seeding--> ['template(decrement_by_one,322)']		0
	[] --template_seeding--> ['template(blocking_to_nonblocking,216)']		0
	[] --template_seeding--> ['template(nonblocking_to_blocking,340)']		0
	[] --template_seeding--> ['template(decrement_by_one,182)']		0
	[] --template_seeding--> ['template(nonblocking_to_blocking,248)']		0
	[] --template_seeding--> ['template(decrement_by_one,264)']		0
	[] --template_seeding--> ['template(blocking_to_nonblocking,124)']		0
	[] --template_seeding--> ['template(decrement_by_one,96)']		0
	[] --template_seeding--> []		0
	[] --template_seeding--> ['template(nonblocking_to_blocking,303)']		0
	[] --template_seeding--> ['template(decrement_by_one,159)']		0
	[] --template_seeding--> ['template(sens_to_negedge,91)']		0
	[] --template_seeding--> ['template(decrement_by_one,200)']		0
	[] --template_seeding--> ['template(increment_by_one,195)']		0
	[] --template_seeding--> []		0
	[] --template_seeding--> ['template(blocking_to_nonblocking,168)']		0
	[] --template_seeding--> ['template(nonblocking_to_blocking,310)']		0
	[] --template_seeding--> ['template(sens_to_posedge,95)']		0
	[] --template_seeding--> ['template(decrement_by_one,352)']		0
	[] --template_seeding--> []		0
	[] --template_seeding--> ['template(increment_by_one,138)']		0
	[] --template_seeding--> ['template(increment_by_one,141)']		0
	[] --template_seeding--> ['template(sens_to_all,93)']		0
	[] --template_seeding--> []		0
	[] --template_seeding--> ['template(nonblocking_to_blocking,241)']		0
	[] --template_seeding--> ['template(sens_to_negedge,235)']		0
	[] --template_seeding--> ['template(sens_to_negedge,91)']		0
	[] --template_seeding--> ['template(sens_to_negedge,235)']		0
	[] --template_seeding--> ['template(blocking_to_nonblocking,216)']		0
	[] --template_seeding--> ['template(decrement_by_one,131)']		0
	[] --template_seeding--> []		0
	[] --template_seeding--> ['template(decrement_by_one,361)']		0
	[] --template_seeding--> ['template(blocking_to_nonblocking,186)']		0
	[] --template_seeding--> ['template(increment_by_one,90)']		0
	[] --template_seeding--> ['template(sens_to_posedge,91)']		0
	[] --template_seeding--> ['template(decrement_by_one,121)']		0
	[] --template_seeding--> []		0
	[] --template_seeding--> ['template(sens_to_all,235)']		0
	[] --template_seeding--> ['template(decrement_by_one,285)']		0
	[] --template_seeding--> ['template(sens_to_negedge,235)']		0
	[] --template_seeding--> ['template(increment_by_one,116)']		0
	[] --template_seeding--> ['template(negate_equality,158)']		0
	[] --template_seeding--> ['template(sens_to_level,235)']		0
	[] --template_seeding--> []		0
	[] --template_seeding--> []		0
	[] --template_seeding--> ['template(sens_to_all,91)']		0
	[] --template_seeding--> ['template(increment_by_one,363)']		0
	[] --template_seeding--> []		0
	[] --template_seeding--> ['template(increment_by_one,94)']		0
	[] --template_seeding--> ['template(sens_to_all,95)']		0
	[] --template_seeding--> ['template(blocking_to_nonblocking,144)']		0
	[] --template_seeding--> []		0
	[] --template_seeding--> ['template(sens_to_negedge,89)']		0
	[] --template_seeding--> ['template(sens_to_negedge,95)']		0
	[] --template_seeding--> ['template(blocking_to_nonblocking,100)']		0
	[] --template_seeding--> ['template(nonblocking_to_blocking,269)']		0
	[] --template_seeding--> ['template(negate_equality,140)']		0
	[] --template_seeding--> []		0
	[] --template_seeding--> []		0
	[] --template_seeding--> ['template(negate_equality,212)']		0
	[] --template_seeding--> []		0
	[] --template_seeding--> ['template(increment_by_one,305)']		0
	[] --template_seeding--> ['template(negate_equality,158)']		0
	[] --template_seeding--> ['template(sens_to_negedge,97)']		0
	[] --template_seeding--> []		0
	[] --template_seeding--> ['template(increment_by_one,148)']		0.91249999999999998
	[] --template_seeding--> ['template(decrement_by_one,232)']		0.97499999999999998
	[] --template_seeding--> ['template(blocking_to_nonblocking,144)']		0.97499999999999998
	[] --template_seeding--> ['template(increment_by_one,121)']		0.97499999999999998
	[] --template_seeding--> ['template(nonblocking_to_blocking,296)']		0.97499999999999998
	[] --template_seeding--> ['template(sens_to_all,89)']		0.97499999999999998
	[] --template_seeding--> []		0.97499999999999998
	[] --template_seeding--> []		0.97499999999999998
	[] --template_seeding--> []		0.97499999999999998
	[] --template_seeding--> ['template(sens_to_posedge,89)']		0.97499999999999998
	[] --template_seeding--> []		0.97499999999999998
	[] --template_seeding--> ['template(blocking_to_nonblocking,150)']		0.97499999999999998
	[] --template_seeding--> ['template(increment_by_one,116)']		0.97499999999999998
	[] --template_seeding--> ['template(sens_to_posedge,95)']		0.97499999999999998
	[] --template_seeding--> ['template(sens_to_level,95)']		0.97499999999999998
	[] --template_seeding--> ['template(increment_by_one,318)']		0.97499999999999998
	[] --template_seeding--> ['template(increment_by_one,285)']		0.97499999999999998
	[] --template_seeding--> ['template(increment_by_one,184)']		0.36249999999999999
	[] --template_seeding--> ['template(increment_by_one,264)']		0
	[] --template_seeding--> ['template(sens_to_level,91)']		0
	[] --template_seeding--> ['template(decrement_by_one,96)']		0
	[] --template_seeding--> ['template(negate_equality,212)']		0
	[] --template_seeding--> ['template(negate_equality,140)']		0
	[] --template_seeding--> ['template(negate_equality,194)']		0
	[] --template_seeding--> ['template(decrement_by_one,190)']		0
	[] --template_seeding--> ['template(decrement_by_one,152)']		0
	[] --template_seeding--> ['template(sens_to_level,89)']		0
	[] --template_seeding--> ['template(sens_to_level,95)']		0
	[] --template_seeding--> ['template(sens_to_posedge,97)']		0
	[] --template_seeding--> ['template(negate_equality,120)']		0
	[] --template_seeding--> ['template(sens_to_all,97)']		0
	[] --template_seeding--> []		0
	[] --template_seeding--> ['template(blocking_to_nonblocking,100)']		0
	[] --template_seeding--> []		0
	[] --template_seeding--> ['template(sens_to_negedge,235)']		0
	[] --template_seeding--> ['template(blocking_to_nonblocking,144)']		0
	[] --template_seeding--> ['template(decrement_by_one,271)']		0
	[] --template_seeding--> ['template(negate_equality,176)']		0
	[] --template_seeding--> ['template(nonblocking_to_blocking,303)']		0
	[] --template_seeding--> []		0
	[] --template_seeding--> []		0
	[] --template_seeding--> ['template(increment_by_one,170)']		0
	[] --template_seeding--> ['template(nonblocking_to_blocking,277)']		0
	[] --template_seeding--> []		0
	[] --template_seeding--> ['template(negate_equality,194)']		0
	[] --template_seeding--> ['template(nonblocking_to_blocking,350)']		0
	[] --template_seeding--> ['template(sens_to_posedge,93)']		0
	[] --template_seeding--> ['template(blocking_to_nonblocking,168)']		0
	[] --template_seeding--> ['template(decrement_by_one,148)']		0.875
	[] --template_seeding--> []		0.875
	[] --template_seeding--> ['template(nonblocking_to_blocking,303)']		0.875
	[] --template_seeding--> ['template(increment_by_one,166)']		0.875
	[] --template_seeding--> ['template(sens_to_negedge,95)']		0.875
	[] --template_seeding--> ['template(decrement_by_one,232)']		0.875
	[] --template_seeding--> []		0.875
	[] --template_seeding--> ['template(blocking_to_nonblocking,144)']		0.875
	[] --template_seeding--> ['template(negate_equality,140)']		0.875
	[] --template_seeding--> []		0.875
	[] --template_seeding--> ['template(sens_to_all,97)']		0.875
	[] --template_seeding--> []		0.875
	[] --template_seeding--> ['template(nonblocking_to_blocking,296)']		0.875
	[] --template_seeding--> ['template(decrement_by_one,121)']		0.875
	[] --template_seeding--> ['template(sens_to_negedge,97)']		0.875
	[] --template_seeding--> ['template(nonblocking_to_blocking,289)']		0.875
	[] --template_seeding--> ['template(blocking_to_nonblocking,186)']		0.875
	[] --template_seeding--> ['template(nonblocking_to_blocking,255)']		0.875
	[] --template_seeding--> ['template(decrement_by_one,232)']		0.875
	[] --template_seeding--> ['template(decrement_by_one,312)']		0.875
	[] --template_seeding--> ['template(increment_by_one,318)']		0.875
	[] --template_seeding--> ['template(negate_equality,130)']		0.875
	[] --template_seeding--> ['template(increment_by_one,136)']		0.875
	[] --template_seeding--> []		0.875
	[] --template_seeding--> ['template(nonblocking_to_blocking,277)']		0.875
	[] --template_seeding--> ['template(negate_equality,212)']		0.875
	[] --template_seeding--> ['template(sens_to_posedge,95)']		0.875
	[] --template_seeding--> ['template(increment_by_one,271)']		0.875
	[] --template_seeding--> ['template(negate_equality,212)']		0.875
	[] --template_seeding--> ['template(nonblocking_to_blocking,320)']		0.875
	[] --template_seeding--> ['template(decrement_by_one,305)']		0.875
	[] --template_seeding--> []		0.875
	[] --template_seeding--> ['template(negate_equality,140)']		0.875
	[] --template_seeding--> ['template(nonblocking_to_blocking,303)']		0.875
	[] --template_seeding--> ['template(negate_equality,176)']		0.875
	[] --template_seeding--> ['template(nonblocking_to_blocking,303)']		0.875
	[] --template_seeding--> ['template(decrement_by_one,148)']		0.875
	[] --template_seeding--> ['template(blocking_to_nonblocking,216)']		0.875
	[] --template_seeding--> ['template(sens_to_all,97)']		0.875
	[] --template_seeding--> []		0.875
	[] --template_seeding--> ['template(decrement_by_one,287)']		0.875
	[] --template_seeding--> []		0.875
	[] --template_seeding--> ['template(blocking_to_nonblocking,180)']		0.875
	[] --template_seeding--> ['template(decrement_by_one,332)']		0.875
	[] --template_seeding--> ['template(increment_by_one,98)']		0.875
	[] --template_seeding--> ['template(decrement_by_one,177)']		0.875
	[] --template_seeding--> []		0.875
	[] --template_seeding--> ['template(decrement_by_one,352)']		0.875
	[] --template_seeding--> ['template(blocking_to_nonblocking,186)']		0.875
	[] --template_seeding--> []		0.875
	[] --template_seeding--> []		0.875
	[] --template_seeding--> []		0.875
	[] --template_seeding--> ['template(sens_to_all,89)']		0.875
	[] --template_seeding--> ['template(sens_to_level,97)']		0.875
	[] --template_seeding--> ['template(negate_equality,158)']		0.875
	[] --template_seeding--> ['template(blocking_to_nonblocking,186)']		0.875
	[] --template_seeding--> ['template(decrement_by_one,131)']		0.875
	[] --template_seeding--> ['template(decrement_by_one,141)']		0.875
	[] --template_seeding--> ['template(negate_equality,110)']		0.875
	[] --template_seeding--> ['template(blocking_to_nonblocking,124)']		0.875
	[] --template_seeding--> ['template(increment_by_one,318)']		0.875
	[] --template_seeding--> ['template(decrement_by_one,210)']		0.94999999999999996
	[] --template_seeding--> ['template(blocking_to_nonblocking,114)']		0.94999999999999996
	[] --template_seeding--> ['template(nonblocking_to_blocking,359)']		0.94999999999999996
	[] --template_seeding--> ['template(increment_by_one,170)']		0.94999999999999996
	[] --template_seeding--> ['template(increment_by_one,126)']		0.94999999999999996
	[] --template_seeding--> ['template(decrement_by_one,170)']		0.94999999999999996
	[] --template_seeding--> []		0.94999999999999996
	[] --template_seeding--> ['template(increment_by_one,291)']		0.94999999999999996
	[] --template_seeding--> ['template(increment_by_one,363)']		0.94999999999999996
	[] --template_seeding--> ['template(increment_by_one,116)']		0.94999999999999996
	[] --template_seeding--> ['template(increment_by_one,102)']		0
	[] --template_seeding--> ['template(decrement_by_one,352)']		0
	[] --template_seeding--> ['template(blocking_to_nonblocking,228)']		0
	[] --template_seeding--> ['template(sens_to_level,89)']		0
	[] --template_seeding--> ['template(blocking_to_nonblocking,216)']		0
	[] --template_seeding--> ['template(increment_by_one,96)']		0
	[] --template_seeding--> ['template(sens_to_level,97)']		0
	[] --template_seeding--> ['template(increment_by_one,92)']		0
	[] --template_seeding--> ['template(increment_by_one,131)']		0
	[] --template_seeding--> ['template(sens_to_negedge,97)']		0
	[] --template_seeding--> []		0
	[] --template_seeding--> ['template(increment_by_one,287)']		0
	[] --template_seeding--> ['template(negate_equality,176)']		0
	[] --template_seeding--> ['template(increment_by_one,159)']		0.52500000000000002
	[] --template_seeding--> ['template(sens_to_level,235)']		0.52500000000000002
	[] --template_seeding--> ['template(sens_to_all,91)']		0.52500000000000002
	[] --template_seeding--> ['template(sens_to_all,89)']		0.52500000000000002
	[] --template_seeding--> ['template(nonblocking_to_blocking,320)']		0.52500000000000002
	[] --template_seeding--> ['template(nonblocking_to_blocking,262)']		0.52500000000000002
	[] --template_seeding--> ['template(sens_to_posedge,93)']		0.52500000000000002
	[] --template_seeding--> ['template(negate_equality,140)']		0.52500000000000002
	[] --template_seeding--> ['template(increment_by_one,92)']		0.52500000000000002
	[] --template_seeding--> ['template(increment_by_one,291)']		0.52500000000000002
	[] --template_seeding--> ['template(decrement_by_one,230)']		0.52500000000000002
	[] --template_seeding--> ['template(decrement_by_one,118)']		0.52500000000000002
	[] --template_seeding--> []		0.52500000000000002
	[] --template_seeding--> ['template(sens_to_negedge,235)']		0.52500000000000002
	[] --template_seeding--> ['template(increment_by_one,328)']		0.52500000000000002
	[] --template_seeding--> ['template(sens_to_level,91)']		0.52500000000000002
	[] --template_seeding--> ['template(decrement_by_one,328)']		0.52500000000000002
	[] --template_seeding--> ['template(decrement_by_one,226)']		0.52500000000000002
	[] --template_seeding--> ['template(decrement_by_one,213)']		0.52500000000000002
	[] --template_seeding--> ['template(negate_equality,176)']		0.52500000000000002
	[] --template_seeding--> []		0.52500000000000002
	[] --template_seeding--> ['template(decrement_by_one,202)']		0.52500000000000002
	[] --template_seeding--> ['template(decrement_by_one,96)']		0.52500000000000002
	[] --template_seeding--> ['template(increment_by_one,230)']		0.52500000000000002
	[] --template_seeding--> []		0.52500000000000002
	[] --template_seeding--> ['template(blocking_to_nonblocking,180)']		0.52500000000000002
	[] --template_seeding--> []		0.52500000000000002
	[] --template_seeding--> ['template(negate_equality,194)']		0.52500000000000002
	[] --template_seeding--> ['template(increment_by_one,361)']		0.52500000000000002
	[] --template_seeding--> []		0.52500000000000002
	[] --template_seeding--> ['template(sens_to_level,91)']		0.52500000000000002
	[] --template_seeding--> ['template(sens_to_level,235)']		0.52500000000000002
	[] --template_seeding--> ['template(sens_to_level,97)']		0.52500000000000002
IN GENERATION 0 OF ATTEMPT 0
	['template(blocking_to_nonblocking,162)'] --template--> ['template(blocking_to_nonblocking,162)', 'template(nonblocking_to_blocking,248)']		0.97499999999999998 
	['template(nonblocking_to_blocking,320)'] --template--> ['template(nonblocking_to_blocking,320)', 'template(sens_to_level,97)']		0.97499999999999998 
	['template(nonblocking_to_blocking,241)'] --mutation--> ['template(nonblocking_to_blocking,241)', 'insert(277,284)']		0.97499999999999998 
	['template(sens_to_level,95)'] --template--> ['template(sens_to_level,95)', 'template(negate_equality,176)']		0.91249999999999998 
	['template(blocking_to_nonblocking,144)'] --mutation--> ['template(blocking_to_nonblocking,144)', 'insert(204,100)']		0.9375 
	['template(blocking_to_nonblocking,216)'] --mutation--> ['template(blocking_to_nonblocking,216)', 'replace(273,243)']		0.97499999999999998 
	['template(sens_to_posedge,235)'] --mutation--> ['template(sens_to_posedge,235)', 'replace(324,259)']		0.92500000000000004 
	[] --mutation--> ['replace(296,262)']		0.71604938271604934 
	['template(sens_to_posedge,235)'] --mutation--> ['template(sens_to_posedge,235)', 'delete(359)']		0.97499999999999998 
	['template(nonblocking_to_blocking,241)'] --mutation--> ['template(nonblocking_to_blocking,241)', 'replace(141,174)']		0.91249999999999998 
	[] --mutation--> ['replace(364,246)']		0.97499999999999998 
	[] --mutation--> ['replace(281,146)']		0.97499999999999998 
	['template(decrement_by_one,121)'] --mutation--> ['template(decrement_by_one,121)', 'insert(170,206)']		0.86250000000000004 
	['template(blocking_to_nonblocking,114)'] --mutation--> ['template(blocking_to_nonblocking,114)', 'replace(100,289)']		0.9375 
	['template(nonblocking_to_blocking,241)'] --mutation--> ['template(nonblocking_to_blocking,241)', 'replace(274,315)']		0.97499999999999998 
	['template(decrement_by_one,156)'] --mutation--> ['template(decrement_by_one,156)', 'insert(230,114)']		0.9375 
	['template(negate_equality,194)'] --mutation--> ['template(negate_equality,194)', 'replace(298,90)']		0.70370370370370372 
	['template(blocking_to_nonblocking,134)'] --template--> ['template(blocking_to_nonblocking,134)']		0.97499999999999998 
	['template(blocking_to_nonblocking,222)'] --mutation--> ['template(blocking_to_nonblocking,222)', 'insert(204,150)']		0.88749999999999996 
	['template(blocking_to_nonblocking,134)'] --mutation--> ['template(blocking_to_nonblocking,134)', 'delete(204)']		0.94999999999999996 
	[] --template--> ['template(negate_equality,140)']		0.90000000000000002 
	['template(blocking_to_nonblocking,222)'] --template--> ['template(blocking_to_nonblocking,222)', 'template(sens_to_posedge,95)']		0 
	['template(nonblocking_to_blocking,303)'] --mutation--> ['template(nonblocking_to_blocking,303)', 'replace(242,229)']		0.97499999999999998 
	[] --template--> ['template(sens_to_all,89)']		0 
	[] --mutation--> ['insert(330,312)']		0.97499999999999998 
	['template(nonblocking_to_blocking,289)'] --mutation--> ['template(nonblocking_to_blocking,289)', 'delete(359)']		0.97499999999999998 
	['template(nonblocking_to_blocking,241)'] --template--> ['template(nonblocking_to_blocking,241)']		0.97499999999999998 
	['template(nonblocking_to_blocking,262)'] --mutation--> ['template(nonblocking_to_blocking,262)', 'delete(204)']		0.94999999999999996 
	[] --mutation--> ['replace(210,279)']		0.97499999999999998 
	[] --mutation--> ['insert(253,241)']		0.97499999999999998 
	['template(sens_to_posedge,235)'] --template--> ['template(sens_to_posedge,235)', 'template(decrement_by_one,273)']		0.97499999999999998 
	[] --template--> ['template(sens_to_posedge,97)']		0 
	[] --mutation--> ['insert(359,322)']		0.97499999999999998 
	['template(nonblocking_to_blocking,310)'] --mutation--> ['template(nonblocking_to_blocking,310)', 'replace(135,263)']		0.90000000000000002 
	['template(blocking_to_nonblocking,162)'] --template--> ['template(blocking_to_nonblocking,162)', 'template(decrement_by_one,141)']		0.91249999999999998 
	[] --mutation--> ['replace(207,183)']		0.94999999999999996 
	['template(nonblocking_to_blocking,330)'] --mutation--> ['template(nonblocking_to_blocking,330)', 'replace(269,216)']		0.97499999999999998 
	['template(blocking_to_nonblocking,204)'] --mutation--> ['template(blocking_to_nonblocking,204)', 'replace(117,165)']		0.90000000000000002 
	['template(nonblocking_to_blocking,248)'] --template--> ['template(nonblocking_to_blocking,248)']		0.97499999999999998 
	['template(sens_to_level,93)'] --mutation--> ['template(sens_to_level,93)', 'insert(277,200)']		0.97499999999999998 
	['template(blocking_to_nonblocking,134)'] --mutation--> ['template(blocking_to_nonblocking,134)', 'replace(103,362)']		0.97499999999999998 
	[] --template--> ['template(blocking_to_nonblocking,162)']		0.97499999999999998 
	[] --mutation--> ['insert(168,255)']		0.9375 
	[] --template--> ['template(increment_by_one,305)']		0 
	['template(decrement_by_one,131)'] --mutation--> ['template(decrement_by_one,131)', 'replace(303,310)']		0.91249999999999998 
	['template(sens_to_level,89)'] --mutation--> ['template(sens_to_level,89)', 'insert(289,289)']		0.97499999999999998 
	['template(blocking_to_nonblocking,150)'] --mutation--> ['template(blocking_to_nonblocking,150)', 'insert(222,134)']		0.875 
	[] --mutation--> ['replace(171,201)']		0.94999999999999996 
	[] --mutation--> ['insert(114,350)']		0.92500000000000004 
	['template(nonblocking_to_blocking,289)'] --mutation--> ['template(nonblocking_to_blocking,289)', 'insert(330,298)']		0.97499999999999998 
	['template(nonblocking_to_blocking,241)'] --mutation--> ['template(nonblocking_to_blocking,241)', 'insert(277,134)']		0.96250000000000002 
	['template(nonblocking_to_blocking,303)'] --mutation--> ['template(nonblocking_to_blocking,303)', 'delete(253)']		0.97499999999999998 
	['template(blocking_to_nonblocking,134)'] --mutation--> ['template(blocking_to_nonblocking,134)', 'delete(241)']		0.97499999999999998 
	['template(sens_to_level,95)'] --mutation--> ['template(sens_to_level,95)', 'replace(245,69)']		0.97499999999999998 
	[] --mutation--> ['replace(292,147)']		0.97499999999999998 
	['template(sens_to_level,91)'] --mutation--> ['template(sens_to_level,91)', 'insert(294,241)']		0.97499999999999998 
	['template(blocking_to_nonblocking,114)'] --mutation--> ['template(blocking_to_nonblocking,114)', 'delete(294)']		0.97499999999999998 
	['template(nonblocking_to_blocking,359)'] --mutation--> ['template(nonblocking_to_blocking,359)', 'replace(206,138)']		0 
	['template(nonblocking_to_blocking,350)'] --mutation--> ['template(nonblocking_to_blocking,350)', 'replace(279,271)']		0.97499999999999998 
	['template(sens_to_level,91)'] --mutation--> ['template(sens_to_level,91)', 'insert(144,262)']		0.96250000000000002 
	['template(nonblocking_to_blocking,303)'] --mutation--> ['template(nonblocking_to_blocking,303)', 'replace(289,262)']		0.65432098765432101 
	[] --mutation--> ['replace(297,163)']		0.71604938271604934 
	['template(blocking_to_nonblocking,204)'] --mutation--> ['template(blocking_to_nonblocking,204)', 'replace(103,353)']		0.97499999999999998 
	['template(nonblocking_to_blocking,262)'] --mutation--> ['template(nonblocking_to_blocking,262)', 'insert(248,330)']		0.92500000000000004 
	['template(nonblocking_to_blocking,248)'] --mutation--> ['template(nonblocking_to_blocking,248)', 'replace(363,361)']		0.7857142857142857 
	['template(nonblocking_to_blocking,241)'] --mutation--> ['template(nonblocking_to_blocking,241)', 'insert(269,350)']		0.94999999999999996 
	[] --mutation--> ['replace(246,301)']		0.97499999999999998 
	['template(blocking_to_nonblocking,162)'] --mutation--> ['template(blocking_to_nonblocking,162)', 'insert(335,298)']		0.97499999999999998 
	['template(nonblocking_to_blocking,248)'] --mutation--> ['template(nonblocking_to_blocking,248)', 'replace(127,165)']		0.97499999999999998 
	['template(sens_to_level,89)'] --mutation--> ['template(sens_to_level,89)', 'replace(115,360)']		0.96250000000000002 
	[] --mutation--> ['insert(168,296)']		0.86250000000000004 
	['template(nonblocking_to_blocking,296)'] --mutation--> ['template(nonblocking_to_blocking,296)', 'replace(325,267)']		0.97499999999999998 
	[] --mutation--> ['replace(163,311)']		1 

######## REPAIR FOUND ########
		['replace(163,311)']
TOTAL TIME TAKEN TO FIND REPAIR = 252.805115
Minimized patch: ['replace(163,311)']
