SOURCE FILE:
	 /home/hammada/projects/verilog_repair/benchmarks/fsm_full/fsm_full_ssscrazy_buggy1.v
TEST BENCH:
	 /home/hammada/projects/verilog_repair/benchmarks/fsm_full/fsm_full_tb_t1.v
PROJ_DIR:
	 /home/hammada/projects/verilog_repair/benchmarks/fsm_full/
FITNESS_MODE:
	 outputwires
EVAL_SCRIPT:
	 /home/hammada/projects/verilog_repair/benchmarks/fsm_full/run.sh
ORACLE:
	 oracle_fsmfull.txt
PARAMETERS:
	gens=8
	popsize=5000
	mutation_rate=0.700000
	crossover_rate=0.300000
	replacement_rate=0.400000
	insertion_rate=0.300000
	deletion_rate=0.300000
	restarts=1
	fault_loc=True
	control_flow=True
	limit_transitive_dependency_set=True
	dependency_set_max=4

	[] --template_seeding--> ['template(negate_equality,151)']		0.9375
	[] --template_seeding--> []		0.9375
	[] --template_seeding--> []		0.9375
	[] --template_seeding--> ['template(blocking_to_nonblocking,127)']		0.9375
	[] --template_seeding--> ['template(nonblocking_to_blocking,297)']		0.9375
	[] --template_seeding--> ['template(nonblocking_to_blocking,297)']		0.9375
	[] --template_seeding--> ['template(increment_by_one,339)']		0
	[] --template_seeding--> []		0.9375
	[] --template_seeding--> ['template(increment_by_one,147)']		0.65000000000000002
	[] --template_seeding--> ['template(sens_to_posedge,95)']		0
	[] --template_seeding--> ['template(negate_equality,205)']		0.92500000000000004
	[] --template_seeding--> ['template(blocking_to_nonblocking,161)']		0.9375
	[] --template_seeding--> []		0.9375
	[] --template_seeding--> []		0.9375
	[] --template_seeding--> ['template(decrement_by_one,266)']		0
	[] --template_seeding--> ['template(decrement_by_one,181)']		0
	[] --template_seeding--> []		0.9375
	[] --template_seeding--> ['template(decrement_by_one,268)']		0.59999999999999998
	[] --template_seeding--> ['template(sens_to_level,95)']		0.9375
	[] --template_seeding--> []		0.9375
	[] --template_seeding--> ['template(nonblocking_to_blocking,290)']		0.9375
	[] --template_seeding--> ['template(sens_to_posedge,222)']		0.9375
	[] --template_seeding--> ['template(decrement_by_one,199)']		0
	[] --template_seeding--> ['template(increment_by_one,348)']		0
	[] --template_seeding--> ['template(sens_to_all,93)']		0
	[] --template_seeding--> ['template(decrement_by_one,195)']		0.92500000000000004
	[] --template_seeding--> ['template(increment_by_one,139)']		0
	[] --template_seeding--> []		0.9375
	[] --template_seeding--> ['template(sens_to_negedge,89)']		0
	[] --template_seeding--> ['template(negate_equality,151)']		0.9375
	[] --template_seeding--> ['template(blocking_to_nonblocking,155)']		0.9375
	[] --template_seeding--> ['template(increment_by_one,99)']		0.75
	[] --template_seeding--> []		0.9375
	[] --template_seeding--> ['template(increment_by_one,348)']		0
	[] --template_seeding--> ['template(nonblocking_to_blocking,283)']		0.9375
	[] --template_seeding--> ['template(sens_to_negedge,93)']		0
	[] --template_seeding--> []		0.9375
	[] --template_seeding--> ['template(increment_by_one,319)']		0
	[] --template_seeding--> ['template(decrement_by_one,152)']		0.9375
	[] --template_seeding--> []		0.9375
	[] --template_seeding--> []		0.9375
	[] --template_seeding--> ['template(sens_to_posedge,222)']		0.9375
	[] --template_seeding--> ['template(nonblocking_to_blocking,249)']		0.9375
	[] --template_seeding--> ['template(negate_equality,113)']		0.66249999999999998
	[] --template_seeding--> ['template(increment_by_one,211)']		0
	[] --template_seeding--> ['template(sens_to_level,222)']		0.76249999999999996
	[] --template_seeding--> ['template(sens_to_negedge,222)']		0.84999999999999998
	[] --template_seeding--> []		0.9375
	[] --template_seeding--> []		0.9375
	[] --template_seeding--> ['template(nonblocking_to_blocking,256)']		0.9375
	[] --template_seeding--> []		0.9375
	[] --template_seeding--> ['template(sens_to_posedge,95)']		0
	[] --template_seeding--> ['template(negate_equality,123)']		0.6875
	[] --template_seeding--> ['template(decrement_by_one,92)']		0
	[] --template_seeding--> ['template(increment_by_one,315)']		0.75
	[] --template_seeding--> ['template(decrement_by_one,121)']		0.8125
	[] --template_seeding--> ['template(increment_by_one,348)']		0
	[] --template_seeding--> ['template(blocking_to_nonblocking,127)']		0.9375
	[] --template_seeding--> ['template(negate_equality,123)']		0.6875
	[] --template_seeding--> ['template(decrement_by_one,217)']		0
	[] --template_seeding--> ['template(decrement_by_one,188)']		0.77500000000000002
	[] --template_seeding--> ['template(negate_equality,151)']		0.9375
	[] --template_seeding--> ['template(decrement_by_one,329)']		0
	[] --template_seeding--> []		0.9375
	[] --template_seeding--> ['template(sens_to_posedge,95)']		0
	[] --template_seeding--> ['template(negate_equality,205)']		0.92500000000000004
	[] --template_seeding--> ['template(negate_equality,103)']		0.65000000000000002
	[] --template_seeding--> []		0.9375
	[] --template_seeding--> ['template(negate_equality,103)']		0.65000000000000002
	[] --template_seeding--> []		0.9375
	[] --template_seeding--> ['template(increment_by_one,193)']		0
	[] --template_seeding--> []		0.9375
	[] --template_seeding--> ['template(sens_to_level,89)']		0.9375
	[] --template_seeding--> []		0.9375
	[] --template_seeding--> ['template(negate_equality,123)']		0.6875
	[] --template_seeding--> ['template(decrement_by_one,335)']		0.875
	[] --template_seeding--> []		0.9375
	[] --template_seeding--> []		0.9375
	[] --template_seeding--> ['template(negate_equality,103)']		0.65000000000000002
	[] --template_seeding--> ['template(increment_by_one,99)']		0.75
	[] --template_seeding--> ['template(sens_to_negedge,222)']		0.84999999999999998
	[] --template_seeding--> ['template(sens_to_posedge,91)']		0
	[] --template_seeding--> []		0.9375
	[] --template_seeding--> []		0.9375
	[] --template_seeding--> ['template(increment_by_one,274)']		0.5714285714285714
	[] --template_seeding--> []		0.9375
	[] --template_seeding--> ['template(increment_by_one,206)']		0.92500000000000004
	[] --template_seeding--> ['template(nonblocking_to_blocking,264)']		0.6785714285714286
	[] --template_seeding--> ['template(negate_equality,169)']		0.61250000000000004
	[] --template_seeding--> ['template(nonblocking_to_blocking,276)']		0.9375
	[] --template_seeding--> ['template(decrement_by_one,237)']		0
	[] --template_seeding--> []		0.9375
	[] --template_seeding--> []		0.9375
	[] --template_seeding--> ['template(increment_by_one,339)']		0
	[] --template_seeding--> ['template(blocking_to_nonblocking,209)']		0.92500000000000004
	[] --template_seeding--> ['template(sens_to_negedge,95)']		0
	[] --template_seeding--> ['template(decrement_by_one,90)']		0
	[] --template_seeding--> []		0.9375
	[] --template_seeding--> []		0.9375
	[] --template_seeding--> ['template(sens_to_negedge,222)']		0.84999999999999998
	[] --template_seeding--> ['template(negate_equality,151)']		0.9375
	[] --template_seeding--> ['template(increment_by_one,217)']		0
	[] --template_seeding--> ['template(increment_by_one,350)']		0.80722891566265065
	[] --template_seeding--> ['template(increment_by_one,206)']		0.92500000000000004
	[] --template_seeding--> []		0.9375
	[] --template_seeding--> ['template(increment_by_one,177)']		0.80000000000000004
	[] --template_seeding--> ['template(nonblocking_to_blocking,290)']		0.9375
	[] --template_seeding--> []		0.9375
	[] --template_seeding--> ['template(increment_by_one,203)']		0.92500000000000004
	[] --template_seeding--> ['template(blocking_to_nonblocking,179)']		0.9375
	[] --template_seeding--> ['template(sens_to_negedge,95)']		0
	[] --template_seeding--> ['template(negate_equality,113)']		0.66249999999999998
	[] --template_seeding--> []		0.9375
	[] --template_seeding--> ['template(sens_to_posedge,222)']		0.9375
	[] --template_seeding--> ['template(blocking_to_nonblocking,143)']		0.9375
	[] --template_seeding--> ['template(decrement_by_one,170)']		0.61250000000000004
	[] --template_seeding--> ['template(sens_to_negedge,91)']		0
	[] --template_seeding--> ['template(increment_by_one,315)']		0.75
	[] --template_seeding--> ['template(sens_to_posedge,222)']		0.9375
	[] --template_seeding--> ['template(decrement_by_one,226)']		0.65000000000000002
	[] --template_seeding--> []		0.9375
	[] --template_seeding--> ['template(sens_to_level,222)']		0.76249999999999996
	[] --template_seeding--> ['template(nonblocking_to_blocking,337)']		0.9375
	[] --template_seeding--> ['template(decrement_by_one,258)']		0
	[] --template_seeding--> []		0.9375
	[] --template_seeding--> []		0.9375
	[] --template_seeding--> ['template(sens_to_negedge,95)']		0
	[] --template_seeding--> ['template(decrement_by_one,206)']		0.92500000000000004
	[] --template_seeding--> ['template(nonblocking_to_blocking,276)']		0.9375
	[] --template_seeding--> ['template(blocking_to_nonblocking,179)']		0.9375
	[] --template_seeding--> []		0.9375
	[] --template_seeding--> ['template(decrement_by_one,292)']		0
	[] --template_seeding--> ['template(sens_to_level,95)']		0.9375
	[] --template_seeding--> []		0.9375
	[] --template_seeding--> ['template(sens_to_level,222)']		0.76249999999999996
	[] --template_seeding--> ['template(increment_by_one,131)']		0.8125
	[] --template_seeding--> ['template(sens_to_negedge,95)']		0
	[] --template_seeding--> ['template(increment_by_one,206)']		0.92500000000000004
	[] --template_seeding--> ['template(decrement_by_one,104)']		0.9375
	[] --template_seeding--> ['template(decrement_by_one,219)']		0.9375
	[] --template_seeding--> ['template(blocking_to_nonblocking,209)']		0.92500000000000004
	[] --template_seeding--> []		0.9375
	[] --template_seeding--> ['template(decrement_by_one,319)']		0
	[] --template_seeding--> ['template(negate_equality,187)']		0.77500000000000002
	[] --template_seeding--> ['template(sens_to_all,93)']		0
	[] --template_seeding--> ['template(nonblocking_to_blocking,337)']		0.9375
	[] --template_seeding--> ['template(increment_by_one,274)']		0.5714285714285714
	[] --template_seeding--> ['template(decrement_by_one,124)']		0.875
	[] --template_seeding--> ['template(blocking_to_nonblocking,155)']		0.9375
	[] --template_seeding--> ['template(decrement_by_one,244)']		0
	[] --template_seeding--> ['template(blocking_to_nonblocking,173)']		0.92500000000000004
	[] --template_seeding--> ['template(increment_by_one,92)']		0
	[] --template_seeding--> []		0.9375
	[] --template_seeding--> ['template(sens_to_all,222)']		0.65000000000000002
	[] --template_seeding--> ['template(sens_to_posedge,95)']		0
	[] --template_seeding--> ['template(nonblocking_to_blocking,290)']		0.9375
	[] --template_seeding--> ['template(increment_by_one,244)']		0
	[] --template_seeding--> ['template(increment_by_one,315)']		0.75
	[] --template_seeding--> []		0.9375
	[] --template_seeding--> []		0.9375
	[] --template_seeding--> ['template(negate_equality,123)']		0.6875
	[] --template_seeding--> ['template(sens_to_negedge,222)']		0.84999999999999998
	[] --template_seeding--> ['template(negate_equality,169)']		0.61250000000000004
	[] --template_seeding--> ['template(negate_equality,151)']		0.9375
	[] --template_seeding--> ['template(nonblocking_to_blocking,264)']		0.6785714285714286
	[] --template_seeding--> ['template(increment_by_one,188)']		0.77500000000000002
	[] --template_seeding--> []		0.9375
	[] --template_seeding--> ['template(negate_equality,103)']		0.65000000000000002
	[] --template_seeding--> ['template(nonblocking_to_blocking,337)']		0.9375
	[] --template_seeding--> ['template(blocking_to_nonblocking,173)']		0.92500000000000004
	[] --template_seeding--> []		0.9375
	[] --template_seeding--> []		0.9375
	[] --template_seeding--> ['template(nonblocking_to_blocking,307)']		0.9375
	[] --template_seeding--> ['template(decrement_by_one,165)']		0.9375
	[] --template_seeding--> ['template(negate_equality,169)']		0.61250000000000004
	[] --template_seeding--> ['template(decrement_by_one,213)']		0.92500000000000004
	[] --template_seeding--> ['template(increment_by_one,244)']		0
	[] --template_seeding--> []		0.9375
	[] --template_seeding--> ['template(decrement_by_one,175)']		0
	[] --template_seeding--> []		0.9375
	[] --template_seeding--> ['template(sens_to_posedge,91)']		0
	[] --template_seeding--> ['template(blocking_to_nonblocking,209)']		0.92500000000000004
	[] --template_seeding--> []		0.9375
	[] --template_seeding--> []		0.9375
	[] --template_seeding--> ['template(sens_to_negedge,222)']		0.84999999999999998
	[] --template_seeding--> ['template(sens_to_negedge,222)']		0.84999999999999998
	[] --template_seeding--> ['template(sens_to_negedge,89)']		0
	[] --template_seeding--> ['template(nonblocking_to_blocking,283)']		0.9375
	[] --template_seeding--> ['template(negate_equality,123)']		0.6875
	[] --template_seeding--> ['template(sens_to_all,91)']		0
	[] --template_seeding--> ['template(increment_by_one,230)']		0
	[] --template_seeding--> []		0.9375
	[] --template_seeding--> []		0.9375
	[] --template_seeding--> ['template(increment_by_one,350)']		0.80722891566265065
	[] --template_seeding--> []		0.9375
	[] --template_seeding--> ['template(nonblocking_to_blocking,346)']		0.5714285714285714
	[] --template_seeding--> []		0.9375
	[] --template_seeding--> ['template(increment_by_one,348)']		0
	[] --template_seeding--> ['template(increment_by_one,90)']		0
	[] --template_seeding--> []		0.9375
	[] --template_seeding--> ['template(increment_by_one,177)']		0.80000000000000004
	[] --template_seeding--> ['template(increment_by_one,141)']		0.875
	[] --template_seeding--> ['template(sens_to_negedge,89)']		0
	[] --template_seeding--> []		0.9375
	[] --template_seeding--> ['template(blocking_to_nonblocking,127)']		0.9375
	[] --template_seeding--> ['template(sens_to_posedge,95)']		0
	[] --template_seeding--> []		0.9375
	[] --template_seeding--> ['template(nonblocking_to_blocking,307)']		0.9375
	[] --template_seeding--> ['template(blocking_to_nonblocking,127)']		0.9375
	[] --template_seeding--> ['template(decrement_by_one,206)']		0.92500000000000004
	[] --template_seeding--> ['template(negate_equality,187)']		0.77500000000000002
	[] --template_seeding--> ['template(negate_equality,187)']		0.77500000000000002
	[] --template_seeding--> ['template(increment_by_one,177)']		0.80000000000000004
	[] --template_seeding--> ['template(negate_equality,133)']		0.72499999999999998
	[] --template_seeding--> ['template(sens_to_all,95)']		0
	[] --template_seeding--> ['template(negate_equality,151)']		0.9375
	[] --template_seeding--> []		0.9375
	[] --template_seeding--> []		0.9375
	[] --template_seeding--> ['template(sens_to_all,93)']		0
	[] --template_seeding--> ['template(increment_by_one,305)']		0.8125
	[] --template_seeding--> []		0.9375
	[] --template_seeding--> ['template(increment_by_one,244)']		0
	[] --template_seeding--> []		0.9375
	[] --template_seeding--> ['template(sens_to_all,222)']		0.65000000000000002
	[] --template_seeding--> ['template(increment_by_one,134)']		0.72499999999999998
	[] --template_seeding--> []		0.9375
	[] --template_seeding--> ['template(negate_equality,187)']		0.77500000000000002
	[] --template_seeding--> ['template(nonblocking_to_blocking,276)']		0.9375
	[] --template_seeding--> []		0.9375
	[] --template_seeding--> ['template(sens_to_all,222)']		0.65000000000000002
	[] --template_seeding--> ['template(increment_by_one,147)']		0.65000000000000002
	[] --template_seeding--> ['template(negate_equality,151)']		0.9375
	[] --template_seeding--> ['template(negate_equality,123)']		0.6875
	[] --template_seeding--> ['template(nonblocking_to_blocking,276)']		0.9375
	[] --template_seeding--> ['template(increment_by_one,90)']		0
	[] --template_seeding--> ['template(nonblocking_to_blocking,317)']		0.9375
	[] --template_seeding--> ['template(sens_to_level,222)']		0.76249999999999996
	[] --template_seeding--> ['template(increment_by_one,147)']		0.65000000000000002
	[] --template_seeding--> ['template(blocking_to_nonblocking,117)']		0.92500000000000004
	[] --template_seeding--> ['template(increment_by_one,101)']		0.75
	[] --template_seeding--> []		0.9375
	[] --template_seeding--> ['template(blocking_to_nonblocking,173)']		0.92500000000000004
	[] --template_seeding--> ['template(sens_to_level,89)']		0.9375
	[] --template_seeding--> ['template(decrement_by_one,339)']		0
	[] --template_seeding--> ['template(nonblocking_to_blocking,228)']		0.9375
	[] --template_seeding--> ['template(decrement_by_one,149)']		0.9375
	[] --template_seeding--> ['template(increment_by_one,237)']		0
	[] --template_seeding--> ['template(sens_to_negedge,89)']		0
	[] --template_seeding--> ['template(increment_by_one,96)']		0
	[] --template_seeding--> ['template(increment_by_one,237)']		0
	[] --template_seeding--> ['template(blocking_to_nonblocking,143)']		0.9375
	[] --template_seeding--> ['template(decrement_by_one,223)']		0
	[] --template_seeding--> ['template(increment_by_one,223)']		0
	[] --template_seeding--> ['template(increment_by_one,315)']		0.75
	[] --template_seeding--> ['template(decrement_by_one,305)']		0.9375
	[] --template_seeding--> ['template(decrement_by_one,188)']		0.77500000000000002
	[] --template_seeding--> ['template(sens_to_posedge,91)']		0
	[] --template_seeding--> ['template(increment_by_one,335)']		0.875
	[] --template_seeding--> ['template(increment_by_one,141)']		0.875
	[] --template_seeding--> []		0.9375
	[] --template_seeding--> ['template(increment_by_one,165)']		0.9375
	[] --template_seeding--> ['template(negate_equality,205)']		0.92500000000000004
	[] --template_seeding--> ['template(nonblocking_to_blocking,317)']		0.9375
	[] --template_seeding--> ['template(blocking_to_nonblocking,161)']		0.9375
	[] --template_seeding--> ['template(decrement_by_one,199)']		0
	[] --template_seeding--> ['template(sens_to_posedge,95)']		0
	[] --template_seeding--> ['template(sens_to_negedge,89)']		0
	[] --template_seeding--> []		0.9375
	[] --template_seeding--> ['template(blocking_to_nonblocking,197)']		0.9375
	[] --template_seeding--> ['template(increment_by_one,94)']		0
	[] --template_seeding--> ['template(sens_to_level,91)']		0.9375
	[] --template_seeding--> ['template(decrement_by_one,165)']		0.9375
	[] --template_seeding--> ['template(negate_equality,205)']		0.92500000000000004
	[] --template_seeding--> []		0.9375
	[] --template_seeding--> ['template(decrement_by_one,147)']		0.9375
	[] --template_seeding--> ['template(blocking_to_nonblocking,173)']		0.92500000000000004
	[] --template_seeding--> ['template(sens_to_all,95)']		0
	[] --template_seeding--> ['template(blocking_to_nonblocking,107)']		0.9375
	[] --template_seeding--> ['template(sens_to_all,89)']		0
	[] --template_seeding--> []		0.9375
	[] --template_seeding--> ['template(increment_by_one,193)']		0
	[] --template_seeding--> ['template(sens_to_level,91)']		0.9375
	[] --template_seeding--> ['template(increment_by_one,90)']		0
	[] --template_seeding--> ['template(sens_to_negedge,95)']		0
	[] --template_seeding--> ['template(negate_equality,205)']		0.92500000000000004
	[] --template_seeding--> ['template(blocking_to_nonblocking,197)']		0.9375
	[] --template_seeding--> ['template(sens_to_level,89)']		0.9375
	[] --template_seeding--> ['template(increment_by_one,285)']		0
	[] --template_seeding--> ['template(decrement_by_one,139)']		0
	[] --template_seeding--> ['template(nonblocking_to_blocking,317)']		0.9375
	[] --template_seeding--> ['template(nonblocking_to_blocking,249)']		0.9375
	[] --template_seeding--> ['template(increment_by_one,181)']		0
	[] --template_seeding--> ['template(sens_to_posedge,95)']		0
	[] --template_seeding--> ['template(blocking_to_nonblocking,179)']		0.9375
	[] --template_seeding--> []		0.9375
	[] --template_seeding--> ['template(sens_to_all,95)']		0
	[] --template_seeding--> ['template(decrement_by_one,203)']		0.92500000000000004
	[] --template_seeding--> ['template(increment_by_one,159)']		0.9375
	[] --template_seeding--> ['template(decrement_by_one,147)']		0.9375
	[] --template_seeding--> ['template(sens_to_negedge,91)']		0
	[] --template_seeding--> ['template(blocking_to_nonblocking,107)']		0.9375
	[] --template_seeding--> ['template(increment_by_one,90)']		0
	[] --template_seeding--> ['template(increment_by_one,147)']		0.65000000000000002
	[] --template_seeding--> ['template(blocking_to_nonblocking,191)']		0.9375
	[] --template_seeding--> ['template(negate_equality,133)']		0.72499999999999998
	[] --template_seeding--> ['template(negate_equality,103)']		0.65000000000000002
	[] --template_seeding--> ['template(nonblocking_to_blocking,256)']		0.9375
	[] --template_seeding--> ['template(increment_by_one,185)']		0.77500000000000002
	[] --template_seeding--> ['template(sens_to_posedge,95)']		0
	[] --template_seeding--> ['template(negate_equality,169)']		0.61250000000000004
	[] --template_seeding--> []		0.9375
	[] --template_seeding--> []		0.9375
	[] --template_seeding--> ['template(negate_equality,113)']		0.66249999999999998
	[] --template_seeding--> ['template(sens_to_level,93)']		0.9375
	[] --template_seeding--> ['template(nonblocking_to_blocking,297)']		0.9375
	[] --template_seeding--> ['template(decrement_by_one,223)']		0
	[] --template_seeding--> ['template(blocking_to_nonblocking,117)']		0.92500000000000004
	[] --template_seeding--> ['template(blocking_to_nonblocking,179)']		0.9375
	[] --template_seeding--> ['template(negate_equality,123)']		0.6875
	[] --template_seeding--> ['template(blocking_to_nonblocking,137)']		0.92500000000000004
	[] --template_seeding--> ['template(decrement_by_one,147)']		0.9375
	[] --template_seeding--> ['template(sens_to_all,93)']		0
	[] --template_seeding--> ['template(nonblocking_to_blocking,297)']		0.9375
	[] --template_seeding--> []		0.9375
	[] --template_seeding--> []		0.9375
	[] --template_seeding--> ['template(negate_equality,169)']		0.61250000000000004
	[] --template_seeding--> []		0.9375
	[] --template_seeding--> ['template(negate_equality,103)']		0.65000000000000002
	[] --template_seeding--> ['template(sens_to_all,91)']		0
	[] --template_seeding--> ['template(decrement_by_one,114)']		0.875
	[] --template_seeding--> []		0.9375
	[] --template_seeding--> ['template(negate_equality,103)']		0.65000000000000002
	[] --template_seeding--> ['template(sens_to_all,95)']		0
	[] --template_seeding--> ['template(sens_to_posedge,89)']		0
	[] --template_seeding--> ['template(decrement_by_one,99)']		0.75
	[] --template_seeding--> []		0.9375
	[] --template_seeding--> ['template(sens_to_level,95)']		0.9375
	[] --template_seeding--> ['template(negate_equality,113)']		0.66249999999999998
	[] --template_seeding--> ['template(decrement_by_one,152)']		0.9375
	[] --template_seeding--> []		0.9375
	[] --template_seeding--> ['template(increment_by_one,299)']		0
	[] --template_seeding--> ['template(increment_by_one,101)']		0.75
	[] --template_seeding--> ['template(nonblocking_to_blocking,264)']		0.6785714285714286
	[] --template_seeding--> ['template(negate_equality,133)']		0.72499999999999998
	[] --template_seeding--> []		0.9375
	[] --template_seeding--> ['template(nonblocking_to_blocking,228)']		0.9375
	[] --template_seeding--> []		0.9375
	[] --template_seeding--> []		0.9375
	[] --template_seeding--> []		0.9375
	[] --template_seeding--> ['template(sens_to_negedge,222)']		0.84999999999999998
	[] --template_seeding--> ['template(blocking_to_nonblocking,215)']		0.9375
	[] --template_seeding--> ['template(sens_to_level,93)']		0.9375
	[] --template_seeding--> ['template(sens_to_all,91)']		0
	[] --template_seeding--> ['template(sens_to_level,91)']		0.9375
	[] --template_seeding--> ['template(sens_to_negedge,222)']		0.84999999999999998
	[] --template_seeding--> ['template(nonblocking_to_blocking,337)']		0.9375
	[] --template_seeding--> []		0.9375
	[] --template_seeding--> ['template(increment_by_one,237)']		0
	[] --template_seeding--> ['template(sens_to_level,95)']		0.9375
	[] --template_seeding--> ['template(sens_to_all,89)']		0
	[] --template_seeding--> []		0.9375
	[] --template_seeding--> ['template(negate_equality,133)']		0.72499999999999998
	[] --template_seeding--> []		0.9375
	[] --template_seeding--> ['template(increment_by_one,157)']		0
	[] --template_seeding--> []		0.9375
	[] --template_seeding--> ['template(increment_by_one,147)']		0.65000000000000002
	[] --template_seeding--> ['template(sens_to_all,222)']		0.65000000000000002
	[] --template_seeding--> ['template(decrement_by_one,92)']		0
	[] --template_seeding--> ['template(decrement_by_one,121)']		0.8125
	[] --template_seeding--> ['template(negate_equality,113)']		0.66249999999999998
	[] --template_seeding--> []		0.9375
	[] --template_seeding--> ['template(negate_equality,205)']		0.92500000000000004
	[] --template_seeding--> ['template(blocking_to_nonblocking,137)']		0.92500000000000004
	[] --template_seeding--> ['template(increment_by_one,292)']		0
	[] --template_seeding--> ['template(sens_to_posedge,91)']		0
	[] --template_seeding--> ['template(negate_equality,123)']		0.6875
	[] --template_seeding--> ['template(blocking_to_nonblocking,215)']		0.9375
	[] --template_seeding--> ['template(nonblocking_to_blocking,283)']		0.9375
	[] --template_seeding--> ['template(decrement_by_one,92)']		0
	[] --template_seeding--> ['template(blocking_to_nonblocking,215)']		0.9375
	[] --template_seeding--> ['template(blocking_to_nonblocking,209)']		0.92500000000000004
	[] --template_seeding--> ['template(increment_by_one,141)']		0.875
	[] --template_seeding--> []		0.9375
	[] --template_seeding--> []		0.9375
	[] --template_seeding--> ['template(increment_by_one,219)']		0.9375
	[] --template_seeding--> ['template(decrement_by_one,92)']		0
	[] --template_seeding--> ['template(blocking_to_nonblocking,173)']		0.92500000000000004
	[] --template_seeding--> ['template(sens_to_all,91)']		0
	[] --template_seeding--> []		0.9375
	[] --template_seeding--> []		0.9375
	[] --template_seeding--> ['template(decrement_by_one,217)']		0
	[] --template_seeding--> []		0.9375
	[] --template_seeding--> ['template(blocking_to_nonblocking,107)']		0.9375
	[] --template_seeding--> ['template(negate_equality,205)']		0.92500000000000004
	[] --template_seeding--> ['template(decrement_by_one,203)']		0.92500000000000004
	[] --template_seeding--> ['template(sens_to_level,91)']		0.9375
	[] --template_seeding--> ['template(negate_equality,187)']		0.77500000000000002
	[] --template_seeding--> ['template(nonblocking_to_blocking,290)']		0.9375
	[] --template_seeding--> ['template(decrement_by_one,319)']		0
	[] --template_seeding--> []		0.9375
	[] --template_seeding--> ['template(nonblocking_to_blocking,256)']		0.9375
	[] --template_seeding--> ['template(nonblocking_to_blocking,256)']		0.9375
	[] --template_seeding--> []		0.9375
	[] --template_seeding--> ['template(increment_by_one,119)']		0
	[] --template_seeding--> ['template(sens_to_all,91)']		0
	[] --template_seeding--> ['template(sens_to_posedge,95)']		0
	[] --template_seeding--> ['template(negate_equality,123)']		0.6875
	[] --template_seeding--> ['template(increment_by_one,348)']		0
	[] --template_seeding--> ['template(decrement_by_one,315)']		0.875
	[] --template_seeding--> ['template(increment_by_one,213)']		0.91249999999999998
	[] --template_seeding--> ['template(increment_by_one,141)']		0.875
	[] --template_seeding--> ['template(nonblocking_to_blocking,264)']		0.6785714285714286
	[] --template_seeding--> []		0.9375
	[] --template_seeding--> ['template(negate_equality,187)']		0.77500000000000002
	[] --template_seeding--> []		0.9375
	[] --template_seeding--> ['template(increment_by_one,124)']		0.6875
	[] --template_seeding--> ['template(decrement_by_one,211)']		0
	[] --template_seeding--> ['template(decrement_by_one,175)']		0
	[] --template_seeding--> ['template(sens_to_posedge,93)']		0
	[] --template_seeding--> ['template(increment_by_one,350)']		0.80722891566265065
	[] --template_seeding--> ['template(increment_by_one,266)']		0
	[] --template_seeding--> ['template(decrement_by_one,258)']		0
	[] --template_seeding--> []		0.9375
	[] --template_seeding--> ['template(decrement_by_one,274)']		0.5714285714285714
	[] --template_seeding--> ['template(blocking_to_nonblocking,173)']		0.92500000000000004
	[] --template_seeding--> ['template(nonblocking_to_blocking,337)']		0.9375
	[] --template_seeding--> ['template(negate_equality,123)']		0.6875
	[] --template_seeding--> ['template(sens_to_negedge,89)']		0
	[] --template_seeding--> ['template(decrement_by_one,195)']		0.92500000000000004
	[] --template_seeding--> ['template(decrement_by_one,124)']		0.875
	[] --template_seeding--> []		0.9375
	[] --template_seeding--> ['template(decrement_by_one,268)']		0.59999999999999998
	[] --template_seeding--> []		0.9375
	[] --template_seeding--> ['template(negate_equality,103)']		0.65000000000000002
	[] --template_seeding--> ['template(blocking_to_nonblocking,179)']		0.9375
	[] --template_seeding--> []		0.9375
	[] --template_seeding--> ['template(negate_equality,187)']		0.77500000000000002
	[] --template_seeding--> ['template(sens_to_negedge,93)']		0
	[] --template_seeding--> ['template(blocking_to_nonblocking,161)']		0.9375
	[] --template_seeding--> ['template(sens_to_all,91)']		0
	[] --template_seeding--> ['template(decrement_by_one,201)']		0.9375
	[] --template_seeding--> ['template(nonblocking_to_blocking,337)']		0.9375
	[] --template_seeding--> []		0.9375
	[] --template_seeding--> ['template(sens_to_negedge,91)']		0
	[] --template_seeding--> ['template(decrement_by_one,145)']		0
	[] --template_seeding--> ['template(nonblocking_to_blocking,228)']		0.9375
	[] --template_seeding--> ['template(increment_by_one,195)']		0.82499999999999996
	[] --template_seeding--> []		0.9375
	[] --template_seeding--> ['template(increment_by_one,181)']		0
	[] --template_seeding--> ['template(increment_by_one,268)']		0.46250000000000002
	[] --template_seeding--> ['template(sens_to_level,222)']		0.76249999999999996
	[] --template_seeding--> ['template(increment_by_one,147)']		0.65000000000000002
	[] --template_seeding--> ['template(decrement_by_one,226)']		0.65000000000000002
	[] --template_seeding--> ['template(decrement_by_one,111)']		0.9375
	[] --template_seeding--> ['template(decrement_by_one,177)']		0.86250000000000004
	[] --template_seeding--> []		0.9375
	[] --template_seeding--> ['template(nonblocking_to_blocking,297)']		0.9375
	[] --template_seeding--> ['template(blocking_to_nonblocking,161)']		0.9375
	[] --template_seeding--> ['template(nonblocking_to_blocking,307)']		0.9375
	[] --template_seeding--> ['template(decrement_by_one,114)']		0.875
	[] --template_seeding--> ['template(decrement_by_one,305)']		0.9375
	[] --template_seeding--> ['template(sens_to_all,95)']		0
	[] --template_seeding--> ['template(nonblocking_to_blocking,276)']		0.9375
	[] --template_seeding--> []		0.9375
	[] --template_seeding--> ['template(blocking_to_nonblocking,143)']		0.9375
	[] --template_seeding--> ['template(blocking_to_nonblocking,197)']		0.9375
	[] --template_seeding--> ['template(sens_to_negedge,91)']		0
	[] --template_seeding--> ['template(decrement_by_one,141)']		0.8125
	[] --template_seeding--> ['template(nonblocking_to_blocking,228)']		0.9375
	[] --template_seeding--> ['template(increment_by_one,104)']		0.65000000000000002
	[] --template_seeding--> ['template(increment_by_one,223)']		0
	[] --template_seeding--> []		0.9375
	[] --template_seeding--> ['template(sens_to_level,89)']		0.9375
	[] --template_seeding--> ['template(sens_to_posedge,93)']		0
	[] --template_seeding--> ['template(increment_by_one,134)']		0.72499999999999998
	[] --template_seeding--> ['template(negate_equality,151)']		0.9375
	[] --template_seeding--> ['template(sens_to_all,95)']		0
	[] --template_seeding--> ['template(sens_to_posedge,93)']		0
	[] --template_seeding--> ['template(sens_to_all,222)']		0.65000000000000002
	[] --template_seeding--> ['template(negate_equality,133)']		0.72499999999999998
	[] --template_seeding--> ['template(nonblocking_to_blocking,337)']		0.9375
	[] --template_seeding--> []		0.9375
	[] --template_seeding--> ['template(decrement_by_one,159)']		0.9375
	[] --template_seeding--> ['template(decrement_by_one,111)']		0.9375
	[] --template_seeding--> []		0.9375
	[] --template_seeding--> ['template(increment_by_one,305)']		0.8125
	[] --template_seeding--> ['template(blocking_to_nonblocking,155)']		0.9375
	[] --template_seeding--> ['template(increment_by_one,114)']		0.66249999999999998
	[] --template_seeding--> ['template(sens_to_negedge,89)']		0
	[] --template_seeding--> ['template(nonblocking_to_blocking,235)']		0.9375
	[] --template_seeding--> ['template(decrement_by_one,244)']		0
	[] --template_seeding--> ['template(blocking_to_nonblocking,161)']		0.9375
	[] --template_seeding--> ['template(increment_by_one,268)']		0.46250000000000002
	[] --template_seeding--> []		0.9375
	[] --template_seeding--> ['template(increment_by_one,309)']		0
	[] --template_seeding--> ['template(increment_by_one,285)']		0
	[] --template_seeding--> ['template(decrement_by_one,335)']		0.875
	[] --template_seeding--> []		0.9375
	[] --template_seeding--> []		0.9375
	[] --template_seeding--> ['template(increment_by_one,181)']		0
	[] --template_seeding--> ['template(sens_to_all,89)']		0
	[] --template_seeding--> ['template(sens_to_posedge,222)']		0.9375
	[] --template_seeding--> ['template(blocking_to_nonblocking,155)']		0.9375
	[] --template_seeding--> ['template(decrement_by_one,237)']		0
	[] --template_seeding--> []		0.9375
	[] --template_seeding--> ['template(sens_to_posedge,93)']		0
	[] --template_seeding--> []		0.9375
	[] --template_seeding--> ['template(increment_by_one,268)']		0.46250000000000002
	[] --template_seeding--> ['template(sens_to_negedge,222)']		0.84999999999999998
	[] --template_seeding--> ['template(sens_to_level,95)']		0.9375
	[] --template_seeding--> ['template(increment_by_one,309)']		0
	[] --template_seeding--> []		0.9375
	[] --template_seeding--> ['template(nonblocking_to_blocking,228)']		0.9375
	[] --template_seeding--> ['template(blocking_to_nonblocking,161)']		0.9375
	[] --template_seeding--> ['template(negate_equality,151)']		0.9375
	[] --template_seeding--> ['template(increment_by_one,141)']		0.875
	[] --template_seeding--> ['template(sens_to_level,89)']		0.9375
	[] --template_seeding--> ['template(negate_equality,133)']		0.72499999999999998
	[] --template_seeding--> []		0.9375
	[] --template_seeding--> []		0.9375
	[] --template_seeding--> ['template(sens_to_posedge,91)']		0
	[] --template_seeding--> ['template(decrement_by_one,266)']		0
	[] --template_seeding--> ['template(decrement_by_one,129)']		0
	[] --template_seeding--> []		0.9375
	[] --template_seeding--> []		0.9375
	[] --template_seeding--> ['template(blocking_to_nonblocking,155)']		0.9375
	[] --template_seeding--> []		0.9375
	[] --template_seeding--> ['template(nonblocking_to_blocking,249)']		0.9375
	[] --template_seeding--> ['template(decrement_by_one,181)']		0
	[] --template_seeding--> ['template(negate_equality,133)']		0.72499999999999998
	[] --template_seeding--> ['template(blocking_to_nonblocking,127)']		0.9375
	[] --template_seeding--> ['template(decrement_by_one,305)']		0.9375
	[] --template_seeding--> []		0.9375
	[] --template_seeding--> []		0.9375
	[] --template_seeding--> ['template(negate_equality,169)']		0.61250000000000004
	[] --template_seeding--> ['template(sens_to_level,91)']		0.9375
	[] --template_seeding--> []		0.9375
	[] --template_seeding--> ['template(decrement_by_one,309)']		0
	[] --template_seeding--> ['template(decrement_by_one,185)']		0.77500000000000002
	[] --template_seeding--> ['template(sens_to_negedge,95)']		0
	[] --template_seeding--> ['template(increment_by_one,188)']		0.77500000000000002
	[] --template_seeding--> ['template(sens_to_posedge,95)']		0
	[] --template_seeding--> ['template(negate_equality,123)']		0.6875
	[] --template_seeding--> []		0.9375
	[] --template_seeding--> ['template(negate_equality,187)']		0.77500000000000002
	[] --template_seeding--> []		0.9375
	[] --template_seeding--> ['template(sens_to_posedge,91)']		0
	[] --template_seeding--> ['template(sens_to_all,93)']		0
	[] --template_seeding--> ['template(increment_by_one,129)']		0
	[] --template_seeding--> ['template(sens_to_posedge,93)']		0
	[] --template_seeding--> ['template(increment_by_one,213)']		0.91249999999999998
	[] --template_seeding--> []		0.9375
	[] --template_seeding--> ['template(nonblocking_to_blocking,256)']		0.9375
	[] --template_seeding--> ['template(sens_to_negedge,93)']		0
	[] --template_seeding--> ['template(sens_to_all,89)']		0
	[] --template_seeding--> ['template(decrement_by_one,309)']		0
	[] --template_seeding--> []		0.9375
	[] --template_seeding--> ['template(decrement_by_one,223)']		0
	[] --template_seeding--> ['template(decrement_by_one,260)']		1


######## REPAIR FOUND ########
		['template(decrement_by_one,260)']
TOTAL TIME TAKEN TO FIND REPAIR = 141.212280
Minimized patch: ['template(decrement_by_one,260)']
