SOURCE FILE:
	 /home/hammada/projects/verilog_repair/benchmarks/fsm_full/fsm_full_wadden_buggy2.v
TEST BENCH:
	 /home/hammada/projects/verilog_repair/benchmarks/fsm_full/fsm_full_tb_t1.v
PROJ_DIR:
	 /home/hammada/projects/verilog_repair/benchmarks/fsm_full/
FITNESS_MODE:
	 outputwires
EVAL_SCRIPT:
	 /home/hammada/projects/verilog_repair/benchmarks/fsm_full/run.sh
ORACLE:
	 oracle_fsmfull.txt
PARAMETERS:
	gens=5
	popsize=10000
	mutation_rate=0.700000
	crossover_rate=0.300000
	replacement_rate=0.400000
	insertion_rate=0.300000
	deletion_rate=0.300000
	restarts=1
	fault_loc=True
	control_flow=True
	limit_transitive_dependency_set=True
	dependency_set_max=4

	[] --template_seeding--> ['template(increment_by_one,96)']		0
	[] --template_seeding--> ['template(negate_equality,153)']		0.33333333333333331
	[] --template_seeding--> ['template(sens_to_posedge,224)']		0.80952380952380953
	[] --template_seeding--> []		0.80952380952380953
	[] --template_seeding--> ['template(negate_equality,207)']		0.77380952380952384
	[] --template_seeding--> ['template(sens_to_level,224)']		0.80487804878048785
	[] --template_seeding--> []		0.80487804878048785
	[] --template_seeding--> ['template(sens_to_level,224)']		0.80487804878048785
	[] --template_seeding--> ['template(blocking_to_nonblocking,129)']		0.80952380952380953
	[] --template_seeding--> ['template(decrement_by_one,136)']		0.75
	[] --template_seeding--> ['template(sens_to_all,93)']		0
	[] --template_seeding--> []		0
	[] --template_seeding--> ['template(blocking_to_nonblocking,109)']		0.80952380952380953
	[] --template_seeding--> ['template(sens_to_posedge,89)']		0
	[] --template_seeding--> ['template(nonblocking_to_blocking,237)']		0.80952380952380953
	[] --template_seeding--> ['template(negate_equality,207)']		0.80952380952380953
	[] --template_seeding--> ['template(sens_to_negedge,91)']		0
	[] --template_seeding--> []		0
	[] --template_seeding--> ['template(sens_to_posedge,224)']		0
	[] --template_seeding--> ['template(sens_to_posedge,95)']		0
	[] --template_seeding--> ['template(increment_by_one,136)']		0.72619047619047616
	[] --template_seeding--> ['template(sens_to_posedge,89)']		0.72619047619047616
	[] --template_seeding--> ['template(sens_to_level,97)']		0.80952380952380953
	[] --template_seeding--> []		0.80952380952380953
	[] --template_seeding--> ['template(sens_to_negedge,95)']		0
	[] --template_seeding--> ['template(negate_equality,125)']		0.5714285714285714
	[] --template_seeding--> ['template(negate_equality,207)']		0.5714285714285714
	[] --template_seeding--> []		0.5714285714285714
	[] --template_seeding--> ['template(sens_to_all,97)']		0
	[] --template_seeding--> ['template(increment_by_one,101)']		0.6071428571428571
	[] --template_seeding--> ['template(sens_to_level,224)']		0.6071428571428571
	[] --template_seeding--> ['template(decrement_by_one,317)']		0.75
	[] --template_seeding--> ['template(negate_equality,171)']		0.47619047619047616
	[] --template_seeding--> ['template(sens_to_level,97)']		0.47619047619047616
	[] --template_seeding--> ['template(sens_to_negedge,97)']		0
	[] --template_seeding--> ['template(blocking_to_nonblocking,181)']		0.80952380952380953
	[] --template_seeding--> ['template(negate_equality,207)']		0.80952380952380953
	[] --template_seeding--> []		0.80952380952380953
	[] --template_seeding--> ['template(increment_by_one,232)']		0
	[] --template_seeding--> []		0
	[] --template_seeding--> ['template(negate_equality,105)']		0.47619047619047616
	[] --template_seeding--> ['template(increment_by_one,274)']		0
	[] --template_seeding--> ['template(sens_to_level,89)']		0.80952380952380953
	[] --template_seeding--> ['template(decrement_by_one,161)']		0.35714285714285715
	[] --template_seeding--> ['template(sens_to_level,93)']		0.80952380952380953
	[] --template_seeding--> ['template(nonblocking_to_blocking,309)']		0.80952380952380953
	[] --template_seeding--> ['template(negate_equality,135)']		0.72619047619047616
	[] --template_seeding--> ['template(decrement_by_one,147)']		0
	[] --template_seeding--> ['template(blocking_to_nonblocking,139)']		0.79761904761904767
	[] --template_seeding--> []		0.79761904761904767
	[] --template_seeding--> ['template(decrement_by_one,239)']		0
	[] --template_seeding--> ['template(sens_to_level,224)']		0
	[] --template_seeding--> ['template(sens_to_negedge,95)']		0
	[] --template_seeding--> ['template(sens_to_posedge,93)']		0
	[] --template_seeding--> ['template(decrement_by_one,96)']		0
	[] --template_seeding--> ['template(blocking_to_nonblocking,109)']		0
	[] --template_seeding--> ['template(decrement_by_one,113)']		0.75
	[] --template_seeding--> ['template(sens_to_level,97)']		0.75
	[] --template_seeding--> []		0.75
	[] --template_seeding--> ['template(increment_by_one,307)']		0.63095238095238093
	[] --template_seeding--> ['template(negate_equality,207)']		0.63095238095238093
	[] --template_seeding--> []		0.63095238095238093
	[] --template_seeding--> ['template(nonblocking_to_blocking,299)']		0.80952380952380953
	[] --template_seeding--> ['template(decrement_by_one,92)']		0
	[] --template_seeding--> ['template(sens_to_posedge,224)']		0
	[] --template_seeding--> ['template(blocking_to_nonblocking,217)']		0.80952380952380953
	[] --template_seeding--> []		0.80952380952380953
	[] --template_seeding--> ['template(negate_equality,125)']		0.80952380952380953
	[] --template_seeding--> ['template(nonblocking_to_blocking,266)']		0.7142857142857143
	[] --template_seeding--> ['template(decrement_by_one,208)']		0.77380952380952384
	[] --template_seeding--> ['template(sens_to_all,97)']		0.77380952380952384
	[] --template_seeding--> ['template(blocking_to_nonblocking,163)']		0.80952380952380953
	[] --template_seeding--> []		0.80952380952380953
	[] --template_seeding--> ['template(blocking_to_nonblocking,109)']		0.80952380952380953
	[] --template_seeding--> ['template(nonblocking_to_blocking,251)']		0.80952380952380953
	[] --template_seeding--> ['template(sens_to_negedge,89)']		0
	[] --template_seeding--> ['template(increment_by_one,94)']		0
	[] --template_seeding--> ['template(decrement_by_one,187)']		0.65476190476190477
	[] --template_seeding--> ['template(increment_by_one,197)']		0.7857142857142857
	[] --template_seeding--> ['template(increment_by_one,280)']		0
	[] --template_seeding--> ['template(blocking_to_nonblocking,217)']		0
	[] --template_seeding--> ['template(sens_to_posedge,95)']		0
	[] --template_seeding--> ['template(blocking_to_nonblocking,157)']		0.80952380952380953
	[] --template_seeding--> ['template(sens_to_level,89)']		0.80952380952380953
	[] --template_seeding--> ['template(nonblocking_to_blocking,309)']		0.80952380952380953
	[] --template_seeding--> ['template(sens_to_posedge,93)']		0.80952380952380953
	[] --template_seeding--> ['template(decrement_by_one,131)']		0
	[] --template_seeding--> ['template(sens_to_posedge,93)']		0
	[] --template_seeding--> ['template(negate_equality,105)']		0
	[] --template_seeding--> ['template(nonblocking_to_blocking,266)']		0
	[] --template_seeding--> ['template(blocking_to_nonblocking,109)']		0
	[] --template_seeding--> ['template(nonblocking_to_blocking,329)']		0.80952380952380953
	[] --template_seeding--> []		0.80952380952380953
	[] --template_seeding--> ['template(negate_equality,207)']		0.80952380952380953
	[] --template_seeding--> ['template(decrement_by_one,327)']		0.75
	[] --template_seeding--> ['template(sens_to_negedge,97)']		0.75
	[] --template_seeding--> ['template(increment_by_one,221)']		0.79761904761904767
	[] --template_seeding--> ['template(decrement_by_one,317)']		0.79761904761904767
	[] --template_seeding--> ['template(blocking_to_nonblocking,119)']		0.79761904761904767
	[] --template_seeding--> []		0.79761904761904767
	[] --template_seeding--> ['template(sens_to_negedge,97)']		0.79761904761904767
	[] --template_seeding--> ['template(sens_to_all,95)']		0
	[] --template_seeding--> ['template(increment_by_one,172)']		0.5
	[] --template_seeding--> ['template(decrement_by_one,219)']		0
	[] --template_seeding--> ['template(nonblocking_to_blocking,329)']		0
	[] --template_seeding--> []		0
	[] --template_seeding--> ['template(nonblocking_to_blocking,339)']		0.80952380952380953
	[] --template_seeding--> ['template(increment_by_one,92)']		0
	[] --template_seeding--> ['template(negate_equality,189)']		0.63095238095238093
	[] --template_seeding--> []		0.63095238095238093
	[] --template_seeding--> ['template(sens_to_posedge,224)']		0.63095238095238093
	[] --template_seeding--> []		0.63095238095238093
	[] --template_seeding--> ['template(increment_by_one,201)']		0
	[] --template_seeding--> []		0
	[] --template_seeding--> ['template(nonblocking_to_blocking,244)']		0.80952380952380953
	[] --template_seeding--> ['template(negate_equality,189)']		0.80952380952380953
	[] --template_seeding--> ['template(decrement_by_one,159)']		0
	[] --template_seeding--> ['template(decrement_by_one,159)']		0
	[] --template_seeding--> ['template(negate_equality,115)']		0.54761904761904767
	[] --template_seeding--> ['template(increment_by_one,195)']		0
	[] --template_seeding--> ['template(sens_to_all,97)']		0
	[] --template_seeding--> ['template(increment_by_one,225)']		0
	[] --template_seeding--> ['template(increment_by_one,165)']		0
	[] --template_seeding--> ['template(blocking_to_nonblocking,193)']		0.80952380952380953
	[] --template_seeding--> ['template(negate_equality,207)']		0.80952380952380953
	[] --template_seeding--> ['template(nonblocking_to_blocking,237)']		0.80952380952380953
	[] --template_seeding--> []		0.80952380952380953
	[] --template_seeding--> ['template(nonblocking_to_blocking,230)']		0.80952380952380953
	[] --template_seeding--> ['template(decrement_by_one,154)']		0.33333333333333331
	[] --template_seeding--> ['template(decrement_by_one,111)']		0
	[] --template_seeding--> []		0
	[] --template_seeding--> ['template(negate_equality,135)']		0
	[] --template_seeding--> ['template(sens_to_negedge,224)']		0.85365853658536583
	[] --template_seeding--> ['template(sens_to_negedge,95)']		0.85365853658536583
	[] --template_seeding--> ['template(sens_to_negedge,91)']		0.85365853658536583
	[] --template_seeding--> ['template(blocking_to_nonblocking,129)']		0.85365853658536583
	[] --template_seeding--> ['template(increment_by_one,167)']		0.77380952380952384
	[] --template_seeding--> ['template(increment_by_one,301)']		0
	[] --template_seeding--> []		0
	[] --template_seeding--> ['template(sens_to_negedge,224)']		0
	[] --template_seeding--> []		0
	[] --template_seeding--> ['template(decrement_by_one,133)']		0.7142857142857143
	[] --template_seeding--> ['template(nonblocking_to_blocking,292)']		0.80952380952380953
	[] --template_seeding--> ['template(blocking_to_nonblocking,175)']		0.79761904761904767
	[] --template_seeding--> []		0.79761904761904767
	[] --template_seeding--> ['template(sens_to_all,89)']		0
	[] --template_seeding--> ['template(nonblocking_to_blocking,251)']		0
	[] --template_seeding--> ['template(nonblocking_to_blocking,319)']		0.80952380952380953
	[] --template_seeding--> ['template(sens_to_posedge,89)']		0.80952380952380953
	[] --template_seeding--> ['template(nonblocking_to_blocking,285)']		0.80952380952380953
	[] --template_seeding--> ['template(negate_equality,153)']		0.80952380952380953
	[] --template_seeding--> []		0.80952380952380953
	[] --template_seeding--> ['template(sens_to_all,89)']		0.80952380952380953
	[] --template_seeding--> ['template(increment_by_one,185)']		0.77380952380952384
	[] --template_seeding--> []		0.77380952380952384
	[] --template_seeding--> ['template(decrement_by_one,262)']		0.5714285714285714
	[] --template_seeding--> ['template(blocking_to_nonblocking,145)']		0.80952380952380953
	[] --template_seeding--> ['template(decrement_by_one,92)']		0.80952380952380953
	[] --template_seeding--> []		0.80952380952380953
	[] --template_seeding--> ['template(sens_to_posedge,89)']		0.80952380952380953
	[] --template_seeding--> ['template(blocking_to_nonblocking,129)']		0.80952380952380953
	[] --template_seeding--> ['template(increment_by_one,219)']		0
	[] --template_seeding--> ['template(blocking_to_nonblocking,119)']		0
	[] --template_seeding--> ['template(nonblocking_to_blocking,244)']		0
	[] --template_seeding--> ['template(decrement_by_one,225)']		0
	[] --template_seeding--> ['template(negate_equality,115)']		0
	[] --template_seeding--> ['template(nonblocking_to_blocking,244)']		0
	[] --template_seeding--> ['template(negate_equality,105)']		0
	[] --template_seeding--> ['template(blocking_to_nonblocking,119)']		0
	[] --template_seeding--> ['template(nonblocking_to_blocking,230)']		0
	[] --template_seeding--> []		0
	[] --template_seeding--> []		0
	[] --template_seeding--> ['template(nonblocking_to_blocking,244)']		0
	[] --template_seeding--> ['template(blocking_to_nonblocking,145)']		0
	[] --template_seeding--> []		0
	[] --template_seeding--> []		0
	[] --template_seeding--> ['template(increment_by_one,94)']		0
	[] --template_seeding--> ['template(increment_by_one,276)']		0.45238095238095238
	[] --template_seeding--> ['template(increment_by_one,341)']		0
	[] --template_seeding--> ['template(nonblocking_to_blocking,285)']		0
	[] --template_seeding--> ['template(nonblocking_to_blocking,237)']		0
	[] --template_seeding--> ['template(negate_equality,153)']		0
	[] --template_seeding--> ['template(blocking_to_nonblocking,181)']		0
	[] --template_seeding--> []		0
	[] --template_seeding--> ['template(increment_by_one,276)']		0
	[] --template_seeding--> ['template(decrement_by_one,187)']		0
	[] --template_seeding--> ['template(increment_by_one,205)']		0.79761904761904767
	[] --template_seeding--> ['template(blocking_to_nonblocking,119)']		0.79761904761904767
	[] --template_seeding--> []		0.79761904761904767
	[] --template_seeding--> ['template(nonblocking_to_blocking,278)']		0.80952380952380953
	[] --template_seeding--> ['template(negate_equality,125)']		0.80952380952380953
	[] --template_seeding--> ['template(blocking_to_nonblocking,119)']		0.80952380952380953
	[] --template_seeding--> ['template(increment_by_one,276)']		0.80952380952380953
	[] --template_seeding--> ['template(decrement_by_one,187)']		0.80952380952380953
	[] --template_seeding--> ['template(increment_by_one,167)']		0.80952380952380953
	[] --template_seeding--> []		0.80952380952380953
	[] --template_seeding--> ['template(blocking_to_nonblocking,119)']		0.80952380952380953
	[] --template_seeding--> ['template(decrement_by_one,96)']		0.80952380952380953
	[] --template_seeding--> ['template(decrement_by_one,177)']		0
	[] --template_seeding--> ['template(nonblocking_to_blocking,309)']		0
	[] --template_seeding--> ['template(sens_to_negedge,93)']		0
	[] --template_seeding--> ['template(decrement_by_one,270)']		0.5714285714285714
	[] --template_seeding--> ['template(sens_to_level,91)']		0.80952380952380953
	[] --template_seeding--> ['template(increment_by_one,219)']		0.80952380952380953
	[] --template_seeding--> ['template(increment_by_one,195)']		0.80952380952380953
	[] --template_seeding--> ['template(negate_equality,171)']		0.80952380952380953
	[] --template_seeding--> ['template(nonblocking_to_blocking,329)']		0.80952380952380953
	[] --template_seeding--> ['template(increment_by_one,276)']		0.80952380952380953
	[] --template_seeding--> []		0.80952380952380953
	[] --template_seeding--> ['template(sens_to_posedge,97)']		0
	[] --template_seeding--> ['template(negate_equality,189)']		0
	[] --template_seeding--> ['template(blocking_to_nonblocking,157)']		0
	[] --template_seeding--> ['template(sens_to_all,93)']		0
	[] --template_seeding--> ['template(increment_by_one,228)']		0.65000000000000002
	[] --template_seeding--> ['template(blocking_to_nonblocking,157)']		0.65000000000000002
	[] --template_seeding--> ['template(negate_equality,171)']		0.65000000000000002
	[] --template_seeding--> []		0.65000000000000002
	[] --template_seeding--> []		0.65000000000000002
	[] --template_seeding--> ['template(blocking_to_nonblocking,129)']		0.65000000000000002
	[] --template_seeding--> ['template(increment_by_one,239)']		0
	[] --template_seeding--> ['template(sens_to_level,91)']		0
	[] --template_seeding--> ['template(decrement_by_one,113)']		0
	[] --template_seeding--> ['template(nonblocking_to_blocking,319)']		0
	[] --template_seeding--> ['template(nonblocking_to_blocking,309)']		0
	[] --template_seeding--> ['template(decrement_by_one,101)']		0.5714285714285714
	[] --template_seeding--> ['template(nonblocking_to_blocking,266)']		0.5714285714285714
	[] --template_seeding--> ['template(decrement_by_one,151)']		0.35714285714285715
	[] --template_seeding--> ['template(decrement_by_one,341)']		0
	[] --template_seeding--> ['template(sens_to_negedge,224)']		0
	[] --template_seeding--> ['template(decrement_by_one,131)']		0
	[] --template_seeding--> ['template(negate_equality,171)']		0
	[] --template_seeding--> ['template(decrement_by_one,232)']		0
	[] --template_seeding--> ['template(negate_equality,105)']		0
	[] --template_seeding--> ['template(decrement_by_one,225)']		0
	[] --template_seeding--> ['template(negate_equality,105)']		0
	[] --template_seeding--> ['template(sens_to_level,95)']		0.80952380952380953
	[] --template_seeding--> ['template(blocking_to_nonblocking,211)']		0.79761904761904767
	[] --template_seeding--> ['template(nonblocking_to_blocking,285)']		0.79761904761904767
	[] --template_seeding--> ['template(decrement_by_one,131)']		0.79761904761904767
	[] --template_seeding--> ['template(decrement_by_one,228)']		0.65000000000000002
	[] --template_seeding--> ['template(negate_equality,115)']		0.65000000000000002
	[] --template_seeding--> []		0.65000000000000002
	[] --template_seeding--> ['template(decrement_by_one,167)']		0.7857142857142857
	[] --template_seeding--> []		0.7857142857142857
	[] --template_seeding--> ['template(increment_by_one,154)']		0.35714285714285715
	[] --template_seeding--> ['template(sens_to_posedge,89)']		0.35714285714285715
	[] --template_seeding--> []		0.35714285714285715
	[] --template_seeding--> ['template(sens_to_negedge,97)']		0.35714285714285715
	[] --template_seeding--> ['template(decrement_by_one,274)']		0.095238095238095233
	[] --template_seeding--> ['template(increment_by_one,161)']		0.35714285714285715
	[] --template_seeding--> ['template(increment_by_one,159)']		0
	[] --template_seeding--> ['template(negate_equality,153)']		0
	[] --template_seeding--> []		0
	[] --template_seeding--> []		0
	[] --template_seeding--> ['template(decrement_by_one,90)']		0
	[] --template_seeding--> ['template(nonblocking_to_blocking,237)']		0
	[] --template_seeding--> ['template(sens_to_all,95)']		0
	[] --template_seeding--> []		0
	[] --template_seeding--> ['template(increment_by_one,121)']		0
	[] --template_seeding--> []		0
	[] --template_seeding--> []		0
	[] --template_seeding--> ['template(increment_by_one,260)']		0
	[] --template_seeding--> ['template(blocking_to_nonblocking,119)']		0
	[] --template_seeding--> []		0
	[] --template_seeding--> ['template(decrement_by_one,270)']		0
	[] --template_seeding--> []		0
	[] --template_seeding--> ['template(decrement_by_one,232)']		0
	[] --template_seeding--> ['template(nonblocking_to_blocking,339)']		0
	[] --template_seeding--> ['template(decrement_by_one,161)']		0
	[] --template_seeding--> ['template(nonblocking_to_blocking,278)']		0
	[] --template_seeding--> ['template(sens_to_posedge,93)']		0
	[] --template_seeding--> []		0
	[] --template_seeding--> ['template(decrement_by_one,179)']		0.5
	[] --template_seeding--> ['template(decrement_by_one,197)']		0.65476190476190477
	[] --template_seeding--> []		0.65476190476190477
	[] --template_seeding--> []		0.65476190476190477
	[] --template_seeding--> ['template(increment_by_one,161)']		0.65476190476190477
	[] --template_seeding--> ['template(increment_by_one,116)']		0.54761904761904767
	[] --template_seeding--> ['template(decrement_by_one,187)']		0.54761904761904767
	[] --template_seeding--> []		0.54761904761904767
	[] --template_seeding--> ['template(increment_by_one,143)']		0.75
	[] --template_seeding--> ['template(decrement_by_one,169)']		0.5
	[] --template_seeding--> ['template(decrement_by_one,116)']		0.75
	[] --template_seeding--> ['template(increment_by_one,246)']		0
	[] --template_seeding--> ['template(nonblocking_to_blocking,285)']		0
	[] --template_seeding--> ['template(blocking_to_nonblocking,181)']		0
	[] --template_seeding--> ['template(nonblocking_to_blocking,299)']		0
	[] --template_seeding--> []		0
	[] --template_seeding--> ['template(blocking_to_nonblocking,193)']		0
	[] --template_seeding--> ['template(nonblocking_to_blocking,339)']		0
	[] --template_seeding--> ['template(sens_to_posedge,95)']		0
	[] --template_seeding--> ['template(sens_to_posedge,224)']		0
	[] --template_seeding--> ['template(sens_to_negedge,224)']		0
	[] --template_seeding--> ['template(increment_by_one,294)']		0
	[] --template_seeding--> ['template(decrement_by_one,141)']		0
	[] --template_seeding--> []		0
	[] --template_seeding--> ['template(nonblocking_to_blocking,230)']		0
	[] --template_seeding--> ['template(increment_by_one,98)']		0
	[] --template_seeding--> ['template(blocking_to_nonblocking,129)']		0
	[] --template_seeding--> ['template(increment_by_one,154)']		0
	[] --template_seeding--> []		0
	[] --template_seeding--> ['template(negate_equality,189)']		0
	[] --template_seeding--> ['template(decrement_by_one,90)']		0
	[] --template_seeding--> ['template(sens_to_all,91)']		0
	[] --template_seeding--> ['template(sens_to_all,97)']		0
	[] --template_seeding--> ['template(sens_to_negedge,97)']		0
	[] --template_seeding--> []		0
	[] --template_seeding--> []		0
	[] --template_seeding--> ['template(negate_equality,153)']		0
	[] --template_seeding--> ['template(increment_by_one,201)']		0
	[] --template_seeding--> ['template(sens_to_level,91)']		0
	[] --template_seeding--> ['template(decrement_by_one,101)']		0
	[] --template_seeding--> []		0
	[] --template_seeding--> ['template(increment_by_one,177)']		0
	[] --template_seeding--> ['template(sens_to_level,91)']		0
	[] --template_seeding--> ['template(blocking_to_nonblocking,175)']		0
	[] --template_seeding--> ['template(sens_to_all,97)']		0
	[] --template_seeding--> []		0
	[] --template_seeding--> []		0
	[] --template_seeding--> ['template(sens_to_posedge,93)']		0
	[] --template_seeding--> ['template(blocking_to_nonblocking,157)']		0
	[] --template_seeding--> ['template(sens_to_level,224)']		0
	[] --template_seeding--> ['template(negate_equality,135)']		0
	[] --template_seeding--> ['template(nonblocking_to_blocking,292)']		0
	[] --template_seeding--> ['template(sens_to_all,89)']		0
	[] --template_seeding--> ['template(nonblocking_to_blocking,258)']		0.80952380952380953
	[] --template_seeding--> ['template(sens_to_level,95)']		0.80952380952380953
	[] --template_seeding--> []		0.80952380952380953
	[] --template_seeding--> ['template(nonblocking_to_blocking,244)']		0.80952380952380953
	[] --template_seeding--> ['template(sens_to_posedge,95)']		0.80952380952380953
	[] --template_seeding--> ['template(nonblocking_to_blocking,244)']		0.80952380952380953
	[] --template_seeding--> ['template(sens_to_level,91)']		0.80952380952380953
	[] --template_seeding--> ['template(increment_by_one,270)']		0.10714285714285714
	[] --template_seeding--> []		0.10714285714285714
	[] --template_seeding--> ['template(decrement_by_one,270)']		0.10714285714285714
	[] --template_seeding--> ['template(sens_to_all,95)']		0.10714285714285714
	[] --template_seeding--> ['template(increment_by_one,215)']		0.7857142857142857
	[] --template_seeding--> ['template(blocking_to_nonblocking,163)']		0.7857142857142857
	[] --template_seeding--> ['template(negate_equality,189)']		0.7857142857142857
	[] --template_seeding--> []		0.7857142857142857
	[] --template_seeding--> ['template(blocking_to_nonblocking,193)']		0.7857142857142857
	[] --template_seeding--> ['template(nonblocking_to_blocking,266)']		0.7857142857142857
	[] --template_seeding--> ['template(decrement_by_one,294)']		0
	[] --template_seeding--> ['template(sens_to_negedge,95)']		0
	[] --template_seeding--> []		0
	[] --template_seeding--> ['template(blocking_to_nonblocking,163)']		0
	[] --template_seeding--> []		0
	[] --template_seeding--> ['template(sens_to_negedge,91)']		0
	[] --template_seeding--> []		0
	[] --template_seeding--> ['template(sens_to_negedge,89)']		0
	[] --template_seeding--> ['template(decrement_by_one,225)']		0
	[] --template_seeding--> ['template(negate_equality,135)']		0
	[] --template_seeding--> ['template(sens_to_negedge,95)']		0
	[] --template_seeding--> ['template(nonblocking_to_blocking,258)']		0
	[] --template_seeding--> ['template(increment_by_one,147)']		0
	[] --template_seeding--> ['template(blocking_to_nonblocking,175)']		0
	[] --template_seeding--> ['template(increment_by_one,133)']		0.7142857142857143
	[] --template_seeding--> ['template(increment_by_one,228)']		0.7142857142857143
	[] --template_seeding--> ['template(sens_to_all,91)']		0.7142857142857143
	[] --template_seeding--> ['template(sens_to_level,97)']		0.7142857142857143
	[] --template_seeding--> ['template(blocking_to_nonblocking,119)']		0.7142857142857143
	[] --template_seeding--> ['template(increment_by_one,116)']		0.7142857142857143
	[] --template_seeding--> ['template(increment_by_one,103)']		0.5714285714285714
	[] --template_seeding--> ['template(increment_by_one,280)']		0.5714285714285714
	[] --template_seeding--> ['template(negate_equality,207)']		0.5714285714285714
	[] --template_seeding--> ['template(sens_to_negedge,89)']		0.5714285714285714
	[] --template_seeding--> ['template(decrement_by_one,98)']		0
	[] --template_seeding--> ['template(decrement_by_one,215)']		0.79761904761904767
	[] --template_seeding--> ['template(negate_equality,153)']		0.79761904761904767
	[] --template_seeding--> ['template(decrement_by_one,268)']		0
	[] --template_seeding--> ['template(nonblocking_to_blocking,251)']		0
	[] --template_seeding--> ['template(decrement_by_one,136)']		0
	[] --template_seeding--> ['template(increment_by_one,307)']		0
	[] --template_seeding--> ['template(increment_by_one,301)']		0
	[] --template_seeding--> ['template(negate_equality,115)']		0
	[] --template_seeding--> ['template(increment_by_one,280)']		0
	[] --template_seeding--> ['template(negate_equality,135)']		0
	[] --template_seeding--> ['template(increment_by_one,103)']		0
	[] --template_seeding--> ['template(sens_to_negedge,224)']		0
	[] --template_seeding--> ['template(sens_to_all,93)']		0
	[] --template_seeding--> []		0
	[] --template_seeding--> ['template(nonblocking_to_blocking,285)']		0
	[] --template_seeding--> ['template(sens_to_negedge,89)']		0
	[] --template_seeding--> ['template(sens_to_negedge,91)']		0
	[] --template_seeding--> ['template(negate_equality,189)']		0
	[] --template_seeding--> ['template(negate_equality,135)']		0
	[] --template_seeding--> ['template(decrement_by_one,111)']		0
	[] --template_seeding--> []		0
	[] --template_seeding--> ['template(negate_equality,125)']		0
	[] --template_seeding--> ['template(increment_by_one,151)']		0.35714285714285715
	[] --template_seeding--> []		0.35714285714285715
	[] --template_seeding--> ['template(increment_by_one,121)']		0.35714285714285715
	[] --template_seeding--> ['template(nonblocking_to_blocking,339)']		0.35714285714285715
	[] --template_seeding--> []		0.35714285714285715
	[] --template_seeding--> ['template(negate_equality,153)']		0.35714285714285715
	[] --template_seeding--> []		0.35714285714285715
	[] --template_seeding--> ['template(sens_to_all,89)']		0.35714285714285715
	[] --template_seeding--> ['template(decrement_by_one,268)']		0.35714285714285715
	[] --template_seeding--> []		0.35714285714285715
	[] --template_seeding--> ['template(sens_to_posedge,224)']		0.35714285714285715
	[] --template_seeding--> ['template(sens_to_negedge,97)']		0.35714285714285715
	[] --template_seeding--> ['template(nonblocking_to_blocking,299)']		0.35714285714285715
	[] --template_seeding--> ['template(increment_by_one,169)']		0.5
	[] --template_seeding--> ['template(decrement_by_one,165)']		0
	[] --template_seeding--> ['template(increment_by_one,103)']		0
	[] --template_seeding--> ['template(decrement_by_one,215)']		0
	[] --template_seeding--> ['template(negate_equality,207)']		0
	[] --template_seeding--> []		0
	[] --template_seeding--> ['template(increment_by_one,106)']		0.47619047619047616
	[] --template_seeding--> ['template(decrement_by_one,246)']		0
	[] --template_seeding--> []		0
	[] --template_seeding--> ['template(nonblocking_to_blocking,309)']		0
	[] --template_seeding--> ['template(blocking_to_nonblocking,119)']		0
	[] --template_seeding--> ['template(increment_by_one,195)']		0
	[] --template_seeding--> ['template(increment_by_one,154)']		0
	[] --template_seeding--> ['template(sens_to_posedge,97)']		0
	[] --template_seeding--> ['template(sens_to_all,93)']		0
	[] --template_seeding--> ['template(blocking_to_nonblocking,119)']		0
	[] --template_seeding--> ['template(blocking_to_nonblocking,163)']		0
	[] --template_seeding--> ['template(increment_by_one,203)']		0.77380952380952384
	[] --template_seeding--> ['template(sens_to_negedge,97)']		0.77380952380952384
	[] --template_seeding--> ['template(increment_by_one,341)']		0.77380952380952384
	[] --template_seeding--> ['template(nonblocking_to_blocking,292)']		0.77380952380952384
	[] --template_seeding--> ['template(sens_to_all,97)']		0.77380952380952384
	[] --template_seeding--> ['template(increment_by_one,183)']		0
	[] --template_seeding--> ['template(increment_by_one,151)']		0
	[] --template_seeding--> ['template(increment_by_one,321)']		0
	[] --template_seeding--> ['template(blocking_to_nonblocking,211)']		0
	[] --template_seeding--> ['template(negate_equality,125)']		0
	[] --template_seeding--> ['template(blocking_to_nonblocking,129)']		0
	[] --template_seeding--> ['template(negate_equality,189)']		0
	[] --template_seeding--> ['template(increment_by_one,179)']		0.7857142857142857
	[] --template_seeding--> ['template(nonblocking_to_blocking,292)']		0.7857142857142857
	[] --template_seeding--> []		0.7857142857142857
	[] --template_seeding--> ['template(increment_by_one,143)']		0.7857142857142857
	[] --template_seeding--> ['template(decrement_by_one,239)']		0.7857142857142857
	[] --template_seeding--> ['template(increment_by_one,133)']		0.7857142857142857
	[] --template_seeding--> ['template(sens_to_all,93)']		0.7857142857142857
	[] --template_seeding--> ['template(negate_equality,207)']		0.7857142857142857
	[] --template_seeding--> ['template(decrement_by_one,133)']		0.7857142857142857
	[] --template_seeding--> ['template(blocking_to_nonblocking,217)']		0.7857142857142857
	[] --template_seeding--> ['template(negate_equality,189)']		0.7857142857142857
	[] --template_seeding--> []		0.7857142857142857
	[] --template_seeding--> ['template(decrement_by_one,276)']		0.23809523809523808
	[] --template_seeding--> ['template(sens_to_posedge,93)']		0.23809523809523808
	[] --template_seeding--> ['template(negate_equality,171)']		0.23809523809523808
	[] --template_seeding--> ['template(sens_to_negedge,97)']		0.23809523809523808
	[] --template_seeding--> ['template(blocking_to_nonblocking,139)']		0.23809523809523808
	[] --template_seeding--> []		0.23809523809523808
	[] --template_seeding--> ['template(increment_by_one,307)']		0.23809523809523808
	[] --template_seeding--> ['template(blocking_to_nonblocking,129)']		0.23809523809523808
	[] --template_seeding--> []		0.23809523809523808
	[] --template_seeding--> ['template(decrement_by_one,165)']		0.23809523809523808
	[] --template_seeding--> ['template(negate_equality,153)']		0.23809523809523808
	[] --template_seeding--> ['template(blocking_to_nonblocking,211)']		0.23809523809523808
	[] --template_seeding--> ['template(negate_equality,171)']		0.23809523809523808
	[] --template_seeding--> ['template(blocking_to_nonblocking,119)']		0.23809523809523808
	[] --template_seeding--> ['template(decrement_by_one,201)']		0
	[] --template_seeding--> ['template(sens_to_posedge,95)']		0
	[] --template_seeding--> ['template(blocking_to_nonblocking,157)']		0
	[] --template_seeding--> ['template(nonblocking_to_blocking,278)']		0
	[] --template_seeding--> ['template(sens_to_negedge,95)']		0
	[] --template_seeding--> []		0
	[] --template_seeding--> ['template(sens_to_negedge,224)']		0
	[] --template_seeding--> ['template(decrement_by_one,337)']		0.75
	[] --template_seeding--> []		0.75
	[] --template_seeding--> []		0.75
	[] --template_seeding--> []		0.75
	[] --template_seeding--> []		0.75
	[] --template_seeding--> []		0.75
	[] --template_seeding--> ['template(decrement_by_one,301)']		0
	[] --template_seeding--> []		0
	[] --template_seeding--> []		0
	[] --template_seeding--> ['template(increment_by_one,317)']		0.63095238095238093
	[] --template_seeding--> ['template(blocking_to_nonblocking,119)']		0.63095238095238093
	[] --template_seeding--> ['template(sens_to_posedge,95)']		0.63095238095238093
	[] --template_seeding--> []		0.63095238095238093
	[] --template_seeding--> ['template(increment_by_one,215)']		0.63095238095238093
	[] --template_seeding--> ['template(increment_by_one,167)']		0.63095238095238093
	[] --template_seeding--> ['template(nonblocking_to_blocking,230)']		0.63095238095238093
	[] --template_seeding--> []		0.63095238095238093
	[] --template_seeding--> ['template(sens_to_level,93)']		0.63095238095238093
	[] --template_seeding--> ['template(sens_to_level,91)']		0.63095238095238093
	[] --template_seeding--> ['template(decrement_by_one,141)']		0.63095238095238093
	[] --template_seeding--> ['template(blocking_to_nonblocking,217)']		0.63095238095238093
	[] --template_seeding--> ['template(blocking_to_nonblocking,145)']		0.63095238095238093
	[] --template_seeding--> ['template(increment_by_one,90)']		0
	[] --template_seeding--> ['template(blocking_to_nonblocking,181)']		0
	[] --template_seeding--> []		0
	[] --template_seeding--> []		0
	[] --template_seeding--> ['template(nonblocking_to_blocking,237)']		0
	[] --template_seeding--> []		0
	[] --template_seeding--> ['template(sens_to_level,93)']		0
	[] --template_seeding--> ['template(blocking_to_nonblocking,157)']		0
	[] --template_seeding--> ['template(sens_to_negedge,224)']		0
	[] --template_seeding--> ['template(sens_to_negedge,97)']		0
	[] --template_seeding--> []		0
	[] --template_seeding--> ['template(decrement_by_one,260)']		0
	[] --template_seeding--> ['template(increment_by_one,185)']		0
	[] --template_seeding--> ['template(nonblocking_to_blocking,251)']		0
	[] --template_seeding--> ['template(increment_by_one,307)']		0
	[] --template_seeding--> []		0
	[] --template_seeding--> ['template(negate_equality,171)']		0
	[] --template_seeding--> ['template(sens_to_negedge,89)']		0
	[] --template_seeding--> ['template(nonblocking_to_blocking,251)']		0
	[] --template_seeding--> ['template(increment_by_one,213)']		0
	[] --template_seeding--> ['template(increment_by_one,154)']		0
	[] --template_seeding--> []		0
	[] --template_seeding--> ['template(increment_by_one,96)']		0
	[] --template_seeding--> ['template(increment_by_one,203)']		0
	[] --template_seeding--> []		0
	[] --template_seeding--> []		0
	[] --template_seeding--> ['template(sens_to_all,95)']		0
	[] --template_seeding--> []		0
	[] --template_seeding--> ['template(blocking_to_nonblocking,181)']		0
	[] --template_seeding--> []		0
	[] --template_seeding--> ['template(sens_to_all,97)']		0
	[] --template_seeding--> ['template(sens_to_posedge,224)']		0
	[] --template_seeding--> ['template(decrement_by_one,225)']		0
	[] --template_seeding--> ['template(decrement_by_one,90)']		0
	[] --template_seeding--> []		0
	[] --template_seeding--> ['template(decrement_by_one,274)']		0
	[] --template_seeding--> ['template(blocking_to_nonblocking,211)']		0
	[] --template_seeding--> ['template(sens_to_negedge,224)']		0
	[] --template_seeding--> ['template(sens_to_negedge,224)']		0
	[] --template_seeding--> ['template(increment_by_one,141)']		0
	[] --template_seeding--> []		0
	[] --template_seeding--> ['template(nonblocking_to_blocking,319)']		0
	[] --template_seeding--> ['template(decrement_by_one,141)']		0
	[] --template_seeding--> ['template(decrement_by_one,131)']		0
	[] --template_seeding--> []		0
	[] --template_seeding--> ['template(decrement_by_one,197)']		0
	[] --template_seeding--> ['template(decrement_by_one,321)']		0
	[] --template_seeding--> ['template(sens_to_level,97)']		0
	[] --template_seeding--> ['template(negate_equality,171)']		0
	[] --template_seeding--> []		0
	[] --template_seeding--> ['template(sens_to_negedge,91)']		0
	[] --template_seeding--> ['template(sens_to_negedge,97)']		0
	[] --template_seeding--> ['template(sens_to_all,224)']		0.80487804878048785
	[] --template_seeding--> []		0.80487804878048785
	[] --template_seeding--> ['template(nonblocking_to_blocking,292)']		0.80487804878048785
	[] --template_seeding--> ['template(sens_to_level,224)']		0.80487804878048785
	[] --template_seeding--> ['template(blocking_to_nonblocking,217)']		0.80487804878048785
	[] --template_seeding--> ['template(blocking_to_nonblocking,193)']		0.80487804878048785
	[] --template_seeding--> []		0.80487804878048785
	[] --template_seeding--> ['template(increment_by_one,143)']		0.80487804878048785
	[] --template_seeding--> ['template(sens_to_level,97)']		0.80487804878048785
	[] --template_seeding--> []		0.80487804878048785
	[] --template_seeding--> []		0.80487804878048785
	[] --template_seeding--> ['template(blocking_to_nonblocking,217)']		0.80487804878048785
	[] --template_seeding--> ['template(blocking_to_nonblocking,129)']		0.80487804878048785
	[] --template_seeding--> ['template(negate_equality,189)']		0.80487804878048785
	[] --template_seeding--> ['template(nonblocking_to_blocking,278)']		0.80487804878048785
	[] --template_seeding--> ['template(decrement_by_one,205)']		0.79761904761904767
	[] --template_seeding--> []		0.79761904761904767
	[] --template_seeding--> []		0.79761904761904767
	[] --template_seeding--> []		0.79761904761904767
	[] --template_seeding--> ['template(blocking_to_nonblocking,199)']		0.80952380952380953
	[] --template_seeding--> []		0.80952380952380953
	[] --template_seeding--> ['template(sens_to_negedge,89)']		0.80952380952380953
	[] --template_seeding--> ['template(decrement_by_one,331)']		0
	[] --template_seeding--> []		0
	[] --template_seeding--> []		0
	[] --template_seeding--> ['template(increment_by_one,221)']		0
	[] --template_seeding--> ['template(negate_equality,207)']		0
	[] --template_seeding--> ['template(negate_equality,115)']		0
	[] --template_seeding--> ['template(sens_to_posedge,91)']		0
	[] --template_seeding--> ['template(blocking_to_nonblocking,157)']		0
	[] --template_seeding--> ['template(negate_equality,105)']		0
	[] --template_seeding--> ['template(nonblocking_to_blocking,309)']		0
	[] --template_seeding--> ['template(sens_to_all,224)']		0
	[] --template_seeding--> []		0
	[] --template_seeding--> ['template(negate_equality,171)']		0
	[] --template_seeding--> ['template(sens_to_level,93)']		0
	[] --template_seeding--> ['template(blocking_to_nonblocking,217)']		0
	[] --template_seeding--> ['template(negate_equality,171)']		0
	[] --template_seeding--> ['template(sens_to_negedge,95)']		0
	[] --template_seeding--> ['template(sens_to_all,89)']		0
	[] --template_seeding--> ['template(nonblocking_to_blocking,339)']		0
	[] --template_seeding--> ['template(sens_to_negedge,93)']		0
	[] --template_seeding--> ['template(sens_to_level,224)']		0
	[] --template_seeding--> ['template(sens_to_posedge,224)']		0
	[] --template_seeding--> ['template(decrement_by_one,133)']		0
	[] --template_seeding--> ['template(sens_to_posedge,91)']		0
	[] --template_seeding--> []		0
	[] --template_seeding--> ['template(decrement_by_one,154)']		0
	[] --template_seeding--> ['template(increment_by_one,337)']		0.75
	[] --template_seeding--> ['template(decrement_by_one,96)']		0.75
	[] --template_seeding--> ['template(sens_to_negedge,97)']		0.75
	[] --template_seeding--> ['template(increment_by_one,190)']		0.65476190476190477
	[] --template_seeding--> ['template(increment_by_one,197)']		0.65476190476190477
	[] --template_seeding--> ['template(decrement_by_one,151)']		0.65476190476190477
	[] --template_seeding--> ['template(negate_equality,153)']		0.65476190476190477
	[] --template_seeding--> []		0.65476190476190477
	[] --template_seeding--> ['template(sens_to_posedge,93)']		0.65476190476190477
	[] --template_seeding--> ['template(sens_to_all,224)']		0.65476190476190477
	[] --template_seeding--> ['template(sens_to_negedge,97)']		0.65476190476190477
	[] --template_seeding--> ['template(nonblocking_to_blocking,319)']		0.65476190476190477
	[] --template_seeding--> ['template(sens_to_posedge,91)']		0.65476190476190477
	[] --template_seeding--> ['template(increment_by_one,221)']		0.65476190476190477
	[] --template_seeding--> ['template(nonblocking_to_blocking,285)']		0.65476190476190477
	[] --template_seeding--> ['template(sens_to_posedge,89)']		0.65476190476190477
	[] --template_seeding--> []		0.65476190476190477
	[] --template_seeding--> ['template(decrement_by_one,90)']		0.65476190476190477
	[] --template_seeding--> ['template(negate_equality,125)']		0.65476190476190477
	[] --template_seeding--> ['template(negate_equality,135)']		0.65476190476190477
	[] --template_seeding--> ['template(increment_by_one,136)']		0.65476190476190477
	[] --template_seeding--> ['template(blocking_to_nonblocking,139)']		0.65476190476190477
	[] --template_seeding--> ['template(sens_to_level,93)']		0.65476190476190477
	[] --template_seeding--> []		0.65476190476190477
	[] --template_seeding--> []		0.65476190476190477
	[] --template_seeding--> ['template(increment_by_one,213)']		0.65476190476190477
	[] --template_seeding--> ['template(sens_to_level,91)']		0.65476190476190477
	[] --template_seeding--> ['template(sens_to_all,95)']		0.65476190476190477
	[] --template_seeding--> ['template(negate_equality,115)']		0.65476190476190477
	[] --template_seeding--> ['template(negate_equality,153)']		0.65476190476190477
	[] --template_seeding--> ['template(negate_equality,189)']		0.65476190476190477
	[] --template_seeding--> ['template(blocking_to_nonblocking,217)']		0.65476190476190477
	[] --template_seeding--> ['template(nonblocking_to_blocking,278)']		0.65476190476190477
	[] --template_seeding--> ['template(decrement_by_one,337)']		0.65476190476190477
	[] --template_seeding--> []		0.65476190476190477
	[] --template_seeding--> ['template(increment_by_one,149)']		0.72619047619047616
	[] --template_seeding--> []		0.72619047619047616
	[] --template_seeding--> ['template(nonblocking_to_blocking,319)']		0.72619047619047616
	[] --template_seeding--> ['template(blocking_to_nonblocking,119)']		0.72619047619047616
	[] --template_seeding--> ['template(decrement_by_one,327)']		0.72619047619047616
	[] --template_seeding--> ['template(decrement_by_one,205)']		0.72619047619047616
	[] --template_seeding--> ['template(decrement_by_one,177)']		0.72619047619047616
	[] --template_seeding--> []		0.72619047619047616
	[] --template_seeding--> ['template(increment_by_one,341)']		0.72619047619047616
	[] --template_seeding--> ['template(negate_equality,207)']		0.72619047619047616
	[] --template_seeding--> ['template(negate_equality,189)']		0.72619047619047616
	[] --template_seeding--> ['template(sens_to_all,97)']		0.72619047619047616
	[] --template_seeding--> ['template(increment_by_one,301)']		0.72619047619047616
	[] --template_seeding--> []		0.72619047619047616
	[] --template_seeding--> ['template(nonblocking_to_blocking,237)']		0.72619047619047616
	[] --template_seeding--> ['template(sens_to_posedge,97)']		0.72619047619047616
	[] --template_seeding--> []		0.72619047619047616
	[] --template_seeding--> []		0.72619047619047616
	[] --template_seeding--> ['template(nonblocking_to_blocking,285)']		0.72619047619047616
	[] --template_seeding--> []		0.72619047619047616
	[] --template_seeding--> ['template(negate_equality,171)']		0.72619047619047616
	[] --template_seeding--> ['template(sens_to_negedge,91)']		0.72619047619047616
	[] --template_seeding--> []		0.72619047619047616
	[] --template_seeding--> ['template(nonblocking_to_blocking,285)']		0.72619047619047616
	[] --template_seeding--> []		0.72619047619047616
	[] --template_seeding--> ['template(nonblocking_to_blocking,266)']		0.72619047619047616
	[] --template_seeding--> ['template(negate_equality,207)']		0.72619047619047616
	[] --template_seeding--> ['template(decrement_by_one,161)']		0.72619047619047616
	[] --template_seeding--> ['template(decrement_by_one,221)']		0.77380952380952384
	[] --template_seeding--> ['template(sens_to_level,97)']		0.77380952380952384
	[] --template_seeding--> ['template(sens_to_posedge,224)']		0.77380952380952384
	[] --template_seeding--> ['template(increment_by_one,294)']		0.77380952380952384
	[] --template_seeding--> ['template(decrement_by_one,331)']		0.77380952380952384
	[] --template_seeding--> ['template(increment_by_one,165)']		0.77380952380952384
	[] --template_seeding--> []		0.77380952380952384
	[] --template_seeding--> []		0.77380952380952384
	[] --template_seeding--> []		0.77380952380952384
	[] --template_seeding--> []		0.77380952380952384
	[] --template_seeding--> ['template(nonblocking_to_blocking,251)']		0.77380952380952384
	[] --template_seeding--> ['template(negate_equality,207)']		0.77380952380952384
	[] --template_seeding--> ['template(sens_to_negedge,224)']		0.77380952380952384
	[] --template_seeding--> ['template(increment_by_one,190)']		0.77380952380952384
	[] --template_seeding--> ['template(nonblocking_to_blocking,319)']		0.77380952380952384
	[] --template_seeding--> ['template(sens_to_level,95)']		0.77380952380952384
	[] --template_seeding--> ['template(increment_by_one,96)']		0.77380952380952384
	[] --template_seeding--> ['template(negate_equality,125)']		0.77380952380952384
	[] --template_seeding--> ['template(negate_equality,105)']		0.77380952380952384
	[] --template_seeding--> []		0.77380952380952384
	[] --template_seeding--> ['template(sens_to_posedge,89)']		0.77380952380952384
	[] --template_seeding--> ['template(increment_by_one,253)']		0
	[] --template_seeding--> ['template(negate_equality,189)']		0
	[] --template_seeding--> ['template(increment_by_one,208)']		0.79761904761904767
	[] --template_seeding--> []		0.79761904761904767
	[] --template_seeding--> ['template(nonblocking_to_blocking,285)']		0.79761904761904767
	[] --template_seeding--> ['template(sens_to_posedge,91)']		0.79761904761904767
	[] --template_seeding--> ['template(nonblocking_to_blocking,299)']		0.79761904761904767
	[] --template_seeding--> []		0.79761904761904767
	[] --template_seeding--> ['template(nonblocking_to_blocking,278)']		0.79761904761904767
	[] --template_seeding--> ['template(increment_by_one,260)']		0.79761904761904767
	[] --template_seeding--> ['template(nonblocking_to_blocking,237)']		0.79761904761904767
	[] --template_seeding--> ['template(negate_equality,189)']		0.79761904761904767
	[] --template_seeding--> ['template(nonblocking_to_blocking,258)']		0.79761904761904767
	[] --template_seeding--> ['template(negate_equality,171)']		0.79761904761904767
	[] --template_seeding--> ['template(sens_to_posedge,95)']		0.79761904761904767
	[] --template_seeding--> ['template(increment_by_one,161)']		0.79761904761904767
	[] --template_seeding--> ['template(sens_to_negedge,97)']		0.79761904761904767
	[] --template_seeding--> ['template(increment_by_one,151)']		0.79761904761904767
	[] --template_seeding--> ['template(decrement_by_one,143)']		0.7142857142857143
	[] --template_seeding--> ['template(negate_equality,171)']		0.7142857142857143
	[] --template_seeding--> []		0.7142857142857143
	[] --template_seeding--> ['template(decrement_by_one,151)']		0.7142857142857143
	[] --template_seeding--> ['template(sens_to_negedge,91)']		0.7142857142857143
	[] --template_seeding--> ['template(nonblocking_to_blocking,258)']		0.7142857142857143
	[] --template_seeding--> ['template(increment_by_one,225)']		0.7142857142857143
	[] --template_seeding--> ['template(negate_equality,105)']		0.7142857142857143
	[] --template_seeding--> ['template(blocking_to_nonblocking,129)']		0.7142857142857143
	[] --template_seeding--> ['template(decrement_by_one,246)']		0.7142857142857143
	[] --template_seeding--> ['template(sens_to_level,95)']		0.7142857142857143
	[] --template_seeding--> ['template(blocking_to_nonblocking,157)']		0.7142857142857143
	[] --template_seeding--> ['template(nonblocking_to_blocking,244)']		0.7142857142857143
	[] --template_seeding--> ['template(negate_equality,135)']		0.7142857142857143
	[] --template_seeding--> ['template(sens_to_level,89)']		0.7142857142857143
	[] --template_seeding--> ['template(sens_to_all,91)']		0.7142857142857143
	[] --template_seeding--> []		0.7142857142857143
	[] --template_seeding--> ['template(increment_by_one,172)']		0.7142857142857143
	[] --template_seeding--> ['template(decrement_by_one,213)']		0
	[] --template_seeding--> ['template(negate_equality,153)']		0
	[] --template_seeding--> ['template(blocking_to_nonblocking,139)']		0
	[] --template_seeding--> ['template(sens_to_level,91)']		0
	[] --template_seeding--> []		0
	[] --template_seeding--> ['template(sens_to_all,89)']		0
	[] --template_seeding--> ['template(increment_by_one,213)']		0
	[] --template_seeding--> ['template(blocking_to_nonblocking,129)']		0
	[] --template_seeding--> ['template(blocking_to_nonblocking,217)']		0
	[] --template_seeding--> ['template(increment_by_one,341)']		0
	[] --template_seeding--> ['template(sens_to_negedge,89)']		0
	[] --template_seeding--> ['template(sens_to_level,93)']		0
	[] --template_seeding--> ['template(sens_to_all,97)']		0
	[] --template_seeding--> ['template(decrement_by_one,321)']		0
	[] --template_seeding--> ['template(increment_by_one,172)']		0
	[] --template_seeding--> []		0
	[] --template_seeding--> ['template(blocking_to_nonblocking,181)']		0
	[] --template_seeding--> ['template(increment_by_one,221)']		0
	[] --template_seeding--> []		0
	[] --template_seeding--> ['template(decrement_by_one,203)']		0.77380952380952384
	[] --template_seeding--> ['template(increment_by_one,337)']		0.77380952380952384
	[] --template_seeding--> ['template(increment_by_one,287)']		0
	[] --template_seeding--> ['template(nonblocking_to_blocking,237)']		0
	[] --template_seeding--> ['template(negate_equality,125)']		0
	[] --template_seeding--> ['template(increment_by_one,126)']		0.5714285714285714
	[] --template_seeding--> ['template(decrement_by_one,221)']		0.5714285714285714
	[] --template_seeding--> ['template(nonblocking_to_blocking,266)']		0.5714285714285714
	[] --template_seeding--> ['template(nonblocking_to_blocking,309)']		0.5714285714285714
	[] --template_seeding--> []		0.5714285714285714
	[] --template_seeding--> ['template(negate_equality,153)']		0.5714285714285714
	[] --template_seeding--> ['template(blocking_to_nonblocking,175)']		0.5714285714285714
	[] --template_seeding--> ['template(sens_to_all,95)']		0.5714285714285714
	[] --template_seeding--> ['template(decrement_by_one,154)']		0.5714285714285714
	[] --template_seeding--> []		0.5714285714285714
	[] --template_seeding--> ['template(sens_to_negedge,95)']		0.5714285714285714
	[] --template_seeding--> ['template(decrement_by_one,143)']		0.5714285714285714
	[] --template_seeding--> []		0.5714285714285714
	[] --template_seeding--> ['template(sens_to_level,97)']		0.5714285714285714
	[] --template_seeding--> ['template(decrement_by_one,215)']		0.5714285714285714
	[] --template_seeding--> ['template(blocking_to_nonblocking,119)']		0.5714285714285714
	[] --template_seeding--> ['template(nonblocking_to_blocking,237)']		0.5714285714285714
	[] --template_seeding--> ['template(decrement_by_one,201)']		0.5714285714285714
	[] --template_seeding--> ['template(sens_to_negedge,89)']		0.5714285714285714
	[] --template_seeding--> ['template(increment_by_one,221)']		0.5714285714285714
	[] --template_seeding--> ['template(nonblocking_to_blocking,266)']		0.5714285714285714
	[] --template_seeding--> ['template(increment_by_one,131)']		0
	[] --template_seeding--> ['template(increment_by_one,151)']		0
	[] --template_seeding--> ['template(sens_to_negedge,95)']		0
	[] --template_seeding--> ['template(decrement_by_one,195)']		0
	[] --template_seeding--> ['template(decrement_by_one,161)']		0
	[] --template_seeding--> []		0
	[] --template_seeding--> []		0
	[] --template_seeding--> ['template(nonblocking_to_blocking,266)']		0
	[] --template_seeding--> []		0
	[] --template_seeding--> ['template(blocking_to_nonblocking,181)']		0
	[] --template_seeding--> ['template(sens_to_all,224)']		0
	[] --template_seeding--> ['template(nonblocking_to_blocking,258)']		0
	[] --template_seeding--> ['template(increment_by_one,165)']		0
	[] --template_seeding--> ['template(sens_to_posedge,89)']		0
	[] --template_seeding--> ['template(negate_equality,115)']		0
	[] --template_seeding--> ['template(decrement_by_one,187)']		0
	[] --template_seeding--> ['template(increment_by_one,159)']		0
	[] --template_seeding--> ['template(decrement_by_one,111)']		0
	[] --template_seeding--> ['template(nonblocking_to_blocking,251)']		0
	[] --template_seeding--> []		0
	[] --template_seeding--> ['template(decrement_by_one,116)']		0
	[] --template_seeding--> ['template(increment_by_one,253)']		0
	[] --template_seeding--> ['template(decrement_by_one,151)']		0
	[] --template_seeding--> ['template(decrement_by_one,111)']		0
	[] --template_seeding--> ['template(sens_to_negedge,93)']		0
	[] --template_seeding--> []		0
	[] --template_seeding--> ['template(increment_by_one,133)']		0
	[] --template_seeding--> ['template(sens_to_negedge,91)']		0
	[] --template_seeding--> ['template(increment_by_one,190)']		0
	[] --template_seeding--> ['template(decrement_by_one,294)']		0
	[] --template_seeding--> []		0
	[] --template_seeding--> []		0
	[] --template_seeding--> ['template(negate_equality,135)']		0
	[] --template_seeding--> ['template(negate_equality,105)']		0
	[] --template_seeding--> []		0
	[] --template_seeding--> ['template(sens_to_all,91)']		0
	[] --template_seeding--> ['template(sens_to_all,224)']		0
	[] --template_seeding--> ['template(increment_by_one,187)']		0.65476190476190477
	[] --template_seeding--> ['template(nonblocking_to_blocking,309)']		0.65476190476190477
	[] --template_seeding--> []		0.65476190476190477
	[] --template_seeding--> []		0.65476190476190477
	[] --template_seeding--> ['template(sens_to_negedge,95)']		0.65476190476190477
	[] --template_seeding--> ['template(blocking_to_nonblocking,157)']		0.65476190476190477
	[] --template_seeding--> ['template(decrement_by_one,133)']		0.65476190476190477
	[] --template_seeding--> ['template(sens_to_all,224)']		0.65476190476190477
	[] --template_seeding--> []		0.65476190476190477
	[] --template_seeding--> []		0.65476190476190477
	[] --template_seeding--> ['template(sens_to_level,95)']		0.65476190476190477
	[] --template_seeding--> ['template(blocking_to_nonblocking,145)']		0.65476190476190477
	[] --template_seeding--> ['template(increment_by_one,101)']		0.65476190476190477
	[] --template_seeding--> ['template(blocking_to_nonblocking,217)']		0.65476190476190477
	[] --template_seeding--> ['template(decrement_by_one,177)']		0.65476190476190477
	[] --template_seeding--> ['template(increment_by_one,183)']		0.65476190476190477
	[] --template_seeding--> []		0.65476190476190477
	[] --template_seeding--> ['template(decrement_by_one,92)']		0.65476190476190477
	[] --template_seeding--> ['template(nonblocking_to_blocking,299)']		0.65476190476190477
	[] --template_seeding--> ['template(nonblocking_to_blocking,339)']		0.65476190476190477
	[] --template_seeding--> ['template(sens_to_negedge,91)']		0.65476190476190477
	[] --template_seeding--> ['template(increment_by_one,187)']		0.65476190476190477
	[] --template_seeding--> ['template(increment_by_one,331)']		0
	[] --template_seeding--> ['template(sens_to_negedge,97)']		0
	[] --template_seeding--> ['template(blocking_to_nonblocking,139)']		0
	[] --template_seeding--> ['template(decrement_by_one,274)']		0
	[] --template_seeding--> []		0
	[] --template_seeding--> []		0
	[] --template_seeding--> ['template(increment_by_one,179)']		0
	[] --template_seeding--> []		0
	[] --template_seeding--> ['template(decrement_by_one,131)']		0
	[] --template_seeding--> []		0
	[] --template_seeding--> ['template(decrement_by_one,268)']		0
	[] --template_seeding--> ['template(decrement_by_one,94)']		0
	[] --template_seeding--> ['template(blocking_to_nonblocking,175)']		0
	[] --template_seeding--> ['template(blocking_to_nonblocking,157)']		0
	[] --template_seeding--> ['template(nonblocking_to_blocking,278)']		0
	[] --template_seeding--> ['template(decrement_by_one,169)']		0
	[] --template_seeding--> ['template(increment_by_one,341)']		0
	[] --template_seeding--> ['template(blocking_to_nonblocking,139)']		0
	[] --template_seeding--> ['template(blocking_to_nonblocking,193)']		0
	[] --template_seeding--> ['template(increment_by_one,165)']		0
	[] --template_seeding--> ['template(blocking_to_nonblocking,163)']		0
	[] --template_seeding--> ['template(nonblocking_to_blocking,285)']		0
	[] --template_seeding--> ['template(increment_by_one,179)']		0
	[] --template_seeding--> ['template(sens_to_posedge,97)']		0
	[] --template_seeding--> ['template(decrement_by_one,219)']		0
	[] --template_seeding--> ['template(negate_equality,105)']		0
	[] --template_seeding--> ['template(sens_to_negedge,95)']		0
	[] --template_seeding--> ['template(negate_equality,135)']		0
	[] --template_seeding--> []		0
	[] --template_seeding--> ['template(decrement_by_one,253)']		0
	[] --template_seeding--> ['template(negate_equality,153)']		0
	[] --template_seeding--> ['template(nonblocking_to_blocking,258)']		0
	[] --template_seeding--> ['template(increment_by_one,270)']		0
	[] --template_seeding--> []		0
	[] --template_seeding--> ['template(increment_by_one,270)']		0
	[] --template_seeding--> ['template(increment_by_one,94)']		0
	[] --template_seeding--> ['template(sens_to_level,89)']		0
	[] --template_seeding--> ['template(nonblocking_to_blocking,292)']		0
	[] --template_seeding--> ['template(sens_to_negedge,91)']		0
	[] --template_seeding--> ['template(decrement_by_one,121)']		0
	[] --template_seeding--> ['template(sens_to_level,91)']		0
	[] --template_seeding--> ['template(sens_to_all,93)']		0
	[] --template_seeding--> []		0
	[] --template_seeding--> ['template(decrement_by_one,201)']		0
	[] --template_seeding--> ['template(increment_by_one,331)']		0
	[] --template_seeding--> []		0
	[] --template_seeding--> []		0
	[] --template_seeding--> ['template(increment_by_one,90)']		0
	[] --template_seeding--> ['template(decrement_by_one,276)']		0
	[] --template_seeding--> []		0
	[] --template_seeding--> ['template(nonblocking_to_blocking,237)']		0
	[] --template_seeding--> ['template(sens_to_level,95)']		0
	[] --template_seeding--> ['template(sens_to_posedge,97)']		0
	[] --template_seeding--> ['template(increment_by_one,270)']		0
	[] --template_seeding--> ['template(decrement_by_one,221)']		0
	[] --template_seeding--> []		0
	[] --template_seeding--> []		0
	[] --template_seeding--> ['template(increment_by_one,274)']		0
	[] --template_seeding--> []		0
	[] --template_seeding--> []		0
	[] --template_seeding--> ['template(negate_equality,135)']		0
	[] --template_seeding--> ['template(decrement_by_one,179)']		0
	[] --template_seeding--> ['template(sens_to_posedge,89)']		0
	[] --template_seeding--> ['template(decrement_by_one,307)']		0.75
	[] --template_seeding--> ['template(negate_equality,171)']		0.75
	[] --template_seeding--> ['template(sens_to_all,224)']		0.75
	[] --template_seeding--> ['template(decrement_by_one,98)']		0.75
	[] --template_seeding--> ['template(nonblocking_to_blocking,258)']		0.75
	[] --template_seeding--> ['template(sens_to_level,91)']		0.75
	[] --template_seeding--> ['template(sens_to_all,91)']		0.75
	[] --template_seeding--> ['template(negate_equality,153)']		0.75
	[] --template_seeding--> ['template(blocking_to_nonblocking,175)']		0.75
	[] --template_seeding--> []		0.75
	[] --template_seeding--> ['template(sens_to_level,91)']		0.75
	[] --template_seeding--> ['template(blocking_to_nonblocking,163)']		0.75
	[] --template_seeding--> []		0.75
	[] --template_seeding--> []		0.75
	[] --template_seeding--> ['template(nonblocking_to_blocking,329)']		0.75
	[] --template_seeding--> ['template(sens_to_all,91)']		0.75
	[] --template_seeding--> ['template(negate_equality,189)']		0.75
	[] --template_seeding--> ['template(increment_by_one,228)']		0.75
	[] --template_seeding--> ['template(decrement_by_one,195)']		0.75
	[] --template_seeding--> ['template(sens_to_all,93)']		0.75
	[] --template_seeding--> ['template(increment_by_one,98)']		0.75
	[] --template_seeding--> ['template(decrement_by_one,165)']		0.75
	[] --template_seeding--> ['template(sens_to_posedge,95)']		0.75
	[] --template_seeding--> ['template(increment_by_one,141)']		0.75
	[] --template_seeding--> ['template(increment_by_one,143)']		0.75
	[] --template_seeding--> ['template(blocking_to_nonblocking,119)']		0.75
	[] --template_seeding--> []		0.75
	[] --template_seeding--> ['template(decrement_by_one,197)']		0.75
	[] --template_seeding--> ['template(increment_by_one,101)']		0.75
	[] --template_seeding--> []		0.75
	[] --template_seeding--> []		0.75
	[] --template_seeding--> ['template(decrement_by_one,113)']		0.75
	[] --template_seeding--> ['template(nonblocking_to_blocking,266)']		0.75
	[] --template_seeding--> ['template(negate_equality,115)']		0.75
	[] --template_seeding--> ['template(nonblocking_to_blocking,266)']		0.75
	[] --template_seeding--> []		0.75
	[] --template_seeding--> []		0.75
	[] --template_seeding--> ['template(nonblocking_to_blocking,309)']		0.75
	[] --template_seeding--> ['template(sens_to_negedge,224)']		0.75
	[] --template_seeding--> ['template(decrement_by_one,169)']		0.75
	[] --template_seeding--> ['template(sens_to_all,93)']		0.75
	[] --template_seeding--> ['template(negate_equality,207)']		0.75
	[] --template_seeding--> ['template(negate_equality,153)']		0.75
	[] --template_seeding--> ['template(blocking_to_nonblocking,199)']		0.75
	[] --template_seeding--> ['template(negate_equality,125)']		0.75
	[] --template_seeding--> []		0.75
	[] --template_seeding--> ['template(nonblocking_to_blocking,299)']		0.75
	[] --template_seeding--> ['template(sens_to_posedge,91)']		0.75
	[] --template_seeding--> ['template(decrement_by_one,167)']		0.75
	[] --template_seeding--> ['template(nonblocking_to_blocking,278)']		0.75
	[] --template_seeding--> ['template(increment_by_one,215)']		0.75
	[] --template_seeding--> ['template(blocking_to_nonblocking,163)']		0.75
	[] --template_seeding--> ['template(decrement_by_one,177)']		0.75
	[] --template_seeding--> ['template(negate_equality,171)']		0.75
	[] --template_seeding--> ['template(decrement_by_one,169)']		0.75
	[] --template_seeding--> []		0.75
	[] --template_seeding--> ['template(nonblocking_to_blocking,258)']		0.75
	[] --template_seeding--> ['template(sens_to_all,91)']		0.75
	[] --template_seeding--> []		0.75
	[] --template_seeding--> ['template(increment_by_one,341)']		0.75
	[] --template_seeding--> ['template(increment_by_one,169)']		0.75
	[] --template_seeding--> ['template(nonblocking_to_blocking,339)']		0.75
	[] --template_seeding--> ['template(increment_by_one,169)']		0.75
	[] --template_seeding--> ['template(increment_by_one,111)']		0
	[] --template_seeding--> ['template(sens_to_posedge,224)']		0
	[] --template_seeding--> []		0
	[] --template_seeding--> ['template(decrement_by_one,337)']		0
	[] --template_seeding--> ['template(negate_equality,135)']		0
	[] --template_seeding--> ['template(increment_by_one,262)']		0.79761904761904767
	[] --template_seeding--> []		0.79761904761904767
	[] --template_seeding--> ['template(negate_equality,171)']		0.79761904761904767
	[] --template_seeding--> ['template(decrement_by_one,167)']		0.79761904761904767
	[] --template_seeding--> ['template(nonblocking_to_blocking,285)']		0.79761904761904767
	[] --template_seeding--> ['template(increment_by_one,197)']		0.79761904761904767
	[] --template_seeding--> []		0.79761904761904767
	[] --template_seeding--> ['template(negate_equality,207)']		0.79761904761904767
	[] --template_seeding--> []		0.79761904761904767
	[] --template_seeding--> []		0.79761904761904767
	[] --template_seeding--> ['template(nonblocking_to_blocking,292)']		0.79761904761904767
	[] --template_seeding--> ['template(increment_by_one,177)']		0.79761904761904767
	[] --template_seeding--> ['template(sens_to_level,224)']		0.79761904761904767
	[] --template_seeding--> ['template(increment_by_one,96)']		0.79761904761904767
	[] --template_seeding--> ['template(blocking_to_nonblocking,119)']		0.79761904761904767
	[] --template_seeding--> ['template(sens_to_level,93)']		0.79761904761904767
	[] --template_seeding--> ['template(negate_equality,189)']		0.79761904761904767
	[] --template_seeding--> ['template(sens_to_negedge,224)']		0.79761904761904767
	[] --template_seeding--> ['template(increment_by_one,205)']		0.79761904761904767
	[] --template_seeding--> []		0.79761904761904767
	[] --template_seeding--> ['template(sens_to_posedge,97)']		0.79761904761904767
	[] --template_seeding--> ['template(decrement_by_one,337)']		0.79761904761904767
	[] --template_seeding--> ['template(negate_equality,207)']		0.79761904761904767
	[] --template_seeding--> ['template(increment_by_one,141)']		0.79761904761904767
	[] --template_seeding--> []		0.79761904761904767
	[] --template_seeding--> ['template(sens_to_negedge,89)']		0.79761904761904767
	[] --template_seeding--> ['template(decrement_by_one,274)']		0.79761904761904767
	[] --template_seeding--> []		0.79761904761904767
	[] --template_seeding--> ['template(sens_to_level,91)']		0.79761904761904767
	[] --template_seeding--> ['template(sens_to_posedge,95)']		0.79761904761904767
	[] --template_seeding--> ['template(negate_equality,135)']		0.79761904761904767
	[] --template_seeding--> ['template(sens_to_negedge,95)']		0.79761904761904767
	[] --template_seeding--> ['template(increment_by_one,165)']		0.79761904761904767
	[] --template_seeding--> ['template(sens_to_all,89)']		0.79761904761904767
	[] --template_seeding--> []		0.79761904761904767
	[] --template_seeding--> ['template(nonblocking_to_blocking,299)']		0.79761904761904767
	[] --template_seeding--> ['template(sens_to_negedge,95)']		0.79761904761904767
	[] --template_seeding--> []		0.79761904761904767
	[] --template_seeding--> []		0.79761904761904767
	[] --template_seeding--> ['template(nonblocking_to_blocking,329)']		0.79761904761904767
	[] --template_seeding--> []		0.79761904761904767
	[] --template_seeding--> ['template(increment_by_one,213)']		0.79761904761904767
	[] --template_seeding--> ['template(sens_to_posedge,95)']		0.79761904761904767
	[] --template_seeding--> ['template(negate_equality,125)']		0.79761904761904767
	[] --template_seeding--> ['template(negate_equality,105)']		0.79761904761904767
	[] --template_seeding--> ['template(negate_equality,105)']		0.79761904761904767
	[] --template_seeding--> []		0.79761904761904767
	[] --template_seeding--> ['template(blocking_to_nonblocking,145)']		0.79761904761904767
	[] --template_seeding--> ['template(nonblocking_to_blocking,237)']		0.79761904761904767
	[] --template_seeding--> ['template(sens_to_all,95)']		0.79761904761904767
	[] --template_seeding--> ['template(sens_to_posedge,93)']		0.79761904761904767
	[] --template_seeding--> ['template(sens_to_negedge,91)']		0.79761904761904767
	[] --template_seeding--> ['template(negate_equality,105)']		0.79761904761904767
	[] --template_seeding--> ['template(nonblocking_to_blocking,292)']		0.79761904761904767
	[] --template_seeding--> []		0.79761904761904767
	[] --template_seeding--> ['template(negate_equality,125)']		0.79761904761904767
	[] --template_seeding--> ['template(sens_to_negedge,89)']		0.79761904761904767
	[] --template_seeding--> []		0.79761904761904767
IN GENERATION 0 OF ATTEMPT 0
	['template(nonblocking_to_blocking,329)'] --mutation--> ['template(nonblocking_to_blocking,329)', 'insert(290,145)']		0 
	['template(blocking_to_nonblocking,181)'] --mutation--> ['template(blocking_to_nonblocking,181)', 'replace(288,148)']		0.80952380952380953 
	['template(sens_to_level,91)'] --mutation--> ['template(sens_to_level,91)', 'delete(266)']		0.5714285714285714 
	['template(sens_to_level,91)'] --mutation--> ['template(sens_to_level,91)', 'replace(269,66)']		0.33734939759036142 
	[] --mutation--> ['insert(297,258)']		0 
	['template(sens_to_level,97)'] --mutation--> ['template(sens_to_level,97)', 'replace(173,69)']		0.5 
	['template(blocking_to_nonblocking,139)'] --template--> ['template(blocking_to_nonblocking,139)']		0.79761904761904767 
	[] --template--> ['template(sens_to_posedge,97)']		0 
	[] --mutation--> ['insert(285,217)']		0.80952380952380953 
	['template(sens_to_level,97)'] --mutation--> ['template(sens_to_level,97)', 'replace(285,145)']		0.61904761904761907 
	['template(nonblocking_to_blocking,278)'] --mutation--> ['template(nonblocking_to_blocking,278)', 'replace(167,113)']		0.80952380952380953 
	['template(sens_to_level,93)'] --template--> ['template(sens_to_level,93)']		0.80952380952380953 
	['template(blocking_to_nonblocking,145)'] --mutation--> ['template(blocking_to_nonblocking,145)', 'replace(272,272)']		0.80952380952380953 
	[] --mutation--> ['delete(181)']		0.80952380952380953 
	['template(nonblocking_to_blocking,285)'] --mutation--> ['template(nonblocking_to_blocking,285)', 'replace(137,323)']		0.80952380952380953 
	['template(nonblocking_to_blocking,244)'] --mutation--> ['template(nonblocking_to_blocking,244)', 'insert(163,319)']		0.7857142857142857 
	['template(nonblocking_to_blocking,278)'] --mutation--> ['template(nonblocking_to_blocking,278)', 'delete(109)']		0.75 
	['template(nonblocking_to_blocking,230)'] --mutation--> ['template(nonblocking_to_blocking,230)', 'replace(214,312)']		0.7857142857142857 
	[] --mutation--> ['delete(324)']		0.80952380952380953 
	[] --template--> ['template(negate_equality,105)']		0.47619047619047616 
	['template(blocking_to_nonblocking,129)'] --mutation--> ['template(blocking_to_nonblocking,129)', 'insert(181,227)']		0.68862275449101795 
	['template(nonblocking_to_blocking,309)'] --mutation--> ['template(nonblocking_to_blocking,309)', 'replace(111,228)']		0 
	['template(blocking_to_nonblocking,129)'] --mutation--> ['template(blocking_to_nonblocking,129)', 'insert(283,258)']		0 
	[] --mutation--> ['replace(149,172)']		0.80952380952380953 
	['template(nonblocking_to_blocking,251)'] --mutation--> ['template(nonblocking_to_blocking,251)', 'delete(235)']		0.80952380952380953 
	['template(sens_to_negedge,224)'] --mutation--> ['template(sens_to_negedge,224)', 'delete(271)']		0.85365853658536583 
	['template(nonblocking_to_blocking,230)'] --template--> ['template(nonblocking_to_blocking,230)']		0.80952380952380953 
	['template(nonblocking_to_blocking,251)'] --mutation--> ['template(nonblocking_to_blocking,251)', 'insert(285,129)']		0.80952380952380953 
	['template(blocking_to_nonblocking,129)'] --mutation--> ['template(blocking_to_nonblocking,129)', 'replace(333,315)']		0.80952380952380953 
	['template(sens_to_level,95)'] --mutation--> ['template(sens_to_level,95)', 'insert(211,157)']		0.80952380952380953 
	['template(nonblocking_to_blocking,251)'] --mutation--> ['template(nonblocking_to_blocking,251)', 'replace(190,165)']		0.65476190476190477 
	['template(blocking_to_nonblocking,129)'] --mutation--> ['template(blocking_to_nonblocking,129)', 'insert(309,199)']		0.73809523809523814 
	['template(increment_by_one,197)'] --mutation--> ['template(increment_by_one,197)', 'replace(117,199)']		0.7857142857142857 
	['template(nonblocking_to_blocking,244)'] --mutation--> ['template(nonblocking_to_blocking,244)', 'insert(297,163)']		0 
	['template(nonblocking_to_blocking,299)'] --mutation--> ['template(nonblocking_to_blocking,299)', 'replace(289,56)']		0.80952380952380953 
	['template(decrement_by_one,337)'] --mutation--> ['template(decrement_by_one,337)', 'delete(263)']		0.75 
	['template(nonblocking_to_blocking,244)'] --mutation--> ['template(nonblocking_to_blocking,244)', 'delete(145)']		0.5714285714285714 
	['template(nonblocking_to_blocking,292)'] --mutation--> ['template(nonblocking_to_blocking,292)', 'delete(251)']		0.76470588235294112 
	['template(sens_to_level,93)'] --mutation--> ['template(sens_to_level,93)', 'delete(292)']		0.7142857142857143 
	['template(blocking_to_nonblocking,129)'] --mutation--> ['template(blocking_to_nonblocking,129)', 'delete(339)']		0.75 
	['template(blocking_to_nonblocking,163)'] --mutation--> ['template(blocking_to_nonblocking,163)', 'replace(343,313)']		0.80952380952380953 
	['template(nonblocking_to_blocking,319)'] --mutation--> ['template(nonblocking_to_blocking,319)', 'replace(200,140)']		0.80952380952380953 
	['template(nonblocking_to_blocking,309)'] --mutation--> ['template(nonblocking_to_blocking,309)', 'replace(157,139)']		0.7857142857142857 
	[] --mutation--> ['delete(256)']		0.80952380952380953 
	['template(sens_to_level,89)'] --mutation--> ['template(sens_to_level,89)', 'replace(106,187)']		0.75 
	[] --mutation--> ['replace(251,163)']		0.75294117647058822 
	[] --mutation--> ['insert(304,119)']		0 
	['template(blocking_to_nonblocking,181)'] --mutation--> ['template(blocking_to_nonblocking,181)', 'delete(285)']		0.61904761904761907 
	['template(sens_to_level,91)'] --mutation--> ['template(sens_to_level,91)', 'replace(285,299)']		0.61904761904761907 
	[] --template--> ['template(increment_by_one,116)']		0.54761904761904767 
	['template(nonblocking_to_blocking,237)'] --mutation--> ['template(nonblocking_to_blocking,237)', 'insert(309,227)']		0.45783132530120479 
	[] --mutation--> ['insert(278,339)']		0.80952380952380953 
	['template(blocking_to_nonblocking,217)'] --mutation--> ['template(blocking_to_nonblocking,217)', 'delete(251)']		0.76470588235294112 
	['template(blocking_to_nonblocking,217)'] --template--> ['template(blocking_to_nonblocking,217)', 'template(sens_to_all,89)']		0 
	[] --template--> ['template(increment_by_one,179)']		0.7857142857142857 
	[] --mutation--> ['replace(294,213)']		0.7142857142857143 
	['template(nonblocking_to_blocking,251)'] --template--> ['template(nonblocking_to_blocking,251)', 'template(decrement_by_one,126)']		0.75 
	['template(blocking_to_nonblocking,129)'] --mutation--> ['template(blocking_to_nonblocking,129)', 'insert(199,273)']		0.72455089820359286 
	['template(sens_to_level,95)'] --mutation--> ['template(sens_to_level,95)', 'insert(109,237)']		0.79761904761904767 
	['template(nonblocking_to_blocking,237)'] --mutation--> ['template(nonblocking_to_blocking,237)', 'insert(292,163)']		0.80952380952380953 
	['template(sens_to_level,91)'] --mutation--> ['template(sens_to_level,91)', 'replace(101,215)']		1 

######## REPAIR FOUND ########
		['template(sens_to_level,91)', 'replace(101,215)']
TOTAL TIME TAKEN TO FIND REPAIR = 214.216065
Minimized patch: ['replace(101,215)']
