SOURCE FILE:
	 /home/hammada/projects/verilog_repair/benchmarks/fsm_full/fsm_full_buggy_var.v
TEST BENCH:
	 /home/hammada/projects/verilog_repair/benchmarks/fsm_full/fsm_full_tb_t1.v
PROJ_DIR:
	 /home/hammada/projects/verilog_repair/benchmarks/fsm_full/
FITNESS_MODE:
	 outputwires
EVAL_SCRIPT:
	 /home/hammada/projects/verilog_repair/benchmarks/fsm_full/run.sh
ORACLE:
	 oracle_fsmfull.txt
PARAMETERS:
	gens=5
	popsize=10000
	mutation_rate=0.700000
	crossover_rate=0.300000
	replacement_rate=0.400000
	insertion_rate=0.300000
	deletion_rate=0.300000
	restarts=1
	fault_loc=True
	control_flow=True
	limit_transitive_dependency_set=True
	dependency_set_max=4

	[] --template_seeding--> ['template(nonblocking_to_blocking,350)']		0.97499999999999998
	[] --template_seeding--> ['template(negate_equality,212)']		0.9375
	[] --template_seeding--> ['template(sens_to_posedge,93)']		0
	[] --template_seeding--> ['template(sens_to_posedge,91)']		0
	[] --template_seeding--> ['template(blocking_to_nonblocking,198)']		0.97499999999999998
	[] --template_seeding--> ['template(decrement_by_one,195)']		0.78749999999999998
	[] --template_seeding--> ['template(blocking_to_nonblocking,114)']		0.97499999999999998
	[] --template_seeding--> ['template(sens_to_posedge,91)']		0.97499999999999998
	[] --template_seeding--> []		0.97499999999999998
	[] --template_seeding--> ['template(increment_by_one,202)']		0.90000000000000002
	[] --template_seeding--> []		0.90000000000000002
	[] --template_seeding--> ['template(increment_by_one,363)']		0.81818181818181823
	[] --template_seeding--> []		0.81818181818181823
	[] --template_seeding--> []		0.81818181818181823
	[] --template_seeding--> ['template(sens_to_posedge,91)']		0.81818181818181823
	[] --template_seeding--> ['template(negate_equality,110)']		0.47499999999999998
	[] --template_seeding--> ['template(increment_by_one,291)']		0
	[] --template_seeding--> ['template(increment_by_one,338)']		0.78749999999999998
	[] --template_seeding--> ['template(nonblocking_to_blocking,262)']		0.97499999999999998
	[] --template_seeding--> ['template(increment_by_one,152)']		0
	[] --template_seeding--> ['template(decrement_by_one,92)']		0
	[] --template_seeding--> ['template(decrement_by_one,184)']		0.92500000000000004
	[] --template_seeding--> []		0.92500000000000004
	[] --template_seeding--> ['template(sens_to_posedge,91)']		0.92500000000000004
	[] --template_seeding--> ['template(blocking_to_nonblocking,204)']		0.97499999999999998
	[] --template_seeding--> ['template(negate_equality,120)']		0.63749999999999996
	[] --template_seeding--> ['template(sens_to_posedge,93)']		0.63749999999999996
	[] --template_seeding--> ['template(decrement_by_one,98)']		0
	[] --template_seeding--> ['template(increment_by_one,342)']		0
	[] --template_seeding--> []		0
	[] --template_seeding--> ['template(decrement_by_one,352)']		0
	[] --template_seeding--> ['template(increment_by_one,322)']		0
	[] --template_seeding--> ['template(negate_equality,194)']		0.78749999999999998
	[] --template_seeding--> ['template(decrement_by_one,108)']		0.75
	[] --template_seeding--> ['template(sens_to_posedge,235)']		0.97499999999999998
	[] --template_seeding--> ['template(sens_to_all,91)']		0
	[] --template_seeding--> ['template(sens_to_level,235)']		0.80000000000000004
	[] --template_seeding--> ['template(sens_to_level,97)']		0.97499999999999998
	[] --template_seeding--> ['template(increment_by_one,118)']		0.90000000000000002
	[] --template_seeding--> ['template(negate_equality,110)']		0.90000000000000002
	[] --template_seeding--> ['template(decrement_by_one,94)']		0
	[] --template_seeding--> []		0
	[] --template_seeding--> ['template(increment_by_one,281)']		0
	[] --template_seeding--> ['template(increment_by_one,298)']		0
	[] --template_seeding--> ['template(sens_to_posedge,97)']		0
	[] --template_seeding--> ['template(nonblocking_to_blocking,303)']		0.97499999999999998
	[] --template_seeding--> ['template(sens_to_negedge,91)']		0
	[] --template_seeding--> []		0
	[] --template_seeding--> ['template(decrement_by_one,224)']		0
	[] --template_seeding--> ['template(blocking_to_nonblocking,134)']		0.97499999999999998
	[] --template_seeding--> ['template(increment_by_one,96)']		0
	[] --template_seeding--> ['template(blocking_to_nonblocking,124)']		0.96250000000000002
	[] --template_seeding--> ['template(increment_by_one,192)']		0.92500000000000004
	[] --template_seeding--> ['template(blocking_to_nonblocking,134)']		0.92500000000000004
	[] --template_seeding--> []		0.92500000000000004
	[] --template_seeding--> ['template(blocking_to_nonblocking,114)']		0.92500000000000004
	[] --template_seeding--> []		0.92500000000000004
	[] --template_seeding--> ['template(sens_to_negedge,97)']		0
	[] --template_seeding--> ['template(increment_by_one,287)']		0.5714285714285714
	[] --template_seeding--> ['template(sens_to_level,235)']		0.5714285714285714
	[] --template_seeding--> ['template(nonblocking_to_blocking,303)']		0.5714285714285714
	[] --template_seeding--> ['template(sens_to_posedge,95)']		0
	[] --template_seeding--> ['template(sens_to_level,235)']		0
	[] --template_seeding--> ['template(sens_to_all,91)']		0
	[] --template_seeding--> ['template(negate_equality,120)']		0
	[] --template_seeding--> ['template(blocking_to_nonblocking,186)']		0.97499999999999998
	[] --template_seeding--> ['template(sens_to_negedge,89)']		0
	[] --template_seeding--> ['template(increment_by_one,285)']		0
	[] --template_seeding--> ['template(increment_by_one,208)']		0.9375
	[] --template_seeding--> ['template(sens_to_negedge,91)']		0.9375
	[] --template_seeding--> ['template(blocking_to_nonblocking,134)']		0.9375
	[] --template_seeding--> ['template(decrement_by_one,190)']		0.92500000000000004
	[] --template_seeding--> ['template(decrement_by_one,273)']		0.97499999999999998
	[] --template_seeding--> ['template(blocking_to_nonblocking,186)']		0.97499999999999998
	[] --template_seeding--> ['template(decrement_by_one,312)']		0
	[] --template_seeding--> ['template(sens_to_level,95)']		0.97499999999999998
	[] --template_seeding--> ['template(sens_to_negedge,235)']		0.84999999999999998
	[] --template_seeding--> []		0.84999999999999998
	[] --template_seeding--> ['template(increment_by_one,166)']		0.97499999999999998
	[] --template_seeding--> ['template(decrement_by_one,281)']		0.48749999999999999
	[] --template_seeding--> ['template(sens_to_posedge,97)']		0.48749999999999999
	[] --template_seeding--> ['template(nonblocking_to_blocking,310)']		0.97499999999999998
	[] --template_seeding--> ['template(blocking_to_nonblocking,134)']		0.97499999999999998
	[] --template_seeding--> []		0.97499999999999998
	[] --template_seeding--> ['template(negate_equality,140)']		0.90000000000000002
	[] --template_seeding--> []		0.90000000000000002
	[] --template_seeding--> ['template(negate_equality,110)']		0.90000000000000002
	[] --template_seeding--> ['template(negate_equality,120)']		0.90000000000000002
	[] --template_seeding--> ['template(nonblocking_to_blocking,262)']		0.90000000000000002
	[] --template_seeding--> []		0.90000000000000002
	[] --template_seeding--> ['template(decrement_by_one,136)']		0
	[] --template_seeding--> ['template(negate_equality,176)']		0.91249999999999998
	[] --template_seeding--> []		0.91249999999999998
	[] --template_seeding--> ['template(decrement_by_one,342)']		0
	[] --template_seeding--> []		0
	[] --template_seeding--> []		0
	[] --template_seeding--> ['template(sens_to_level,91)']		0.97499999999999998
	[] --template_seeding--> []		0.97499999999999998
	[] --template_seeding--> ['template(decrement_by_one,291)']		0
	[] --template_seeding--> ['template(increment_by_one,154)']		0.8125
	[] --template_seeding--> []		0.8125
	[] --template_seeding--> ['template(negate_equality,130)']		0.73750000000000004
	[] --template_seeding--> ['template(negate_equality,158)']		0.96250000000000002
	[] --template_seeding--> ['template(decrement_by_one,206)']		0
	[] --template_seeding--> []		0
	[] --template_seeding--> []		0
	[] --template_seeding--> ['template(nonblocking_to_blocking,330)']		0.97499999999999998
	[] --template_seeding--> ['template(negate_equality,130)']		0.97499999999999998
	[] --template_seeding--> ['template(nonblocking_to_blocking,248)']		0.97499999999999998
	[] --template_seeding--> ['template(nonblocking_to_blocking,350)']		0.97499999999999998
	[] --template_seeding--> ['template(nonblocking_to_blocking,310)']		0.97499999999999998
	[] --template_seeding--> ['template(decrement_by_one,128)']		0.90000000000000002
	[] --template_seeding--> []		0.90000000000000002
	[] --template_seeding--> ['template(nonblocking_to_blocking,303)']		0.90000000000000002
	[] --template_seeding--> ['template(decrement_by_one,172)']		0.94999999999999996
	[] --template_seeding--> ['template(blocking_to_nonblocking,150)']		0.97499999999999998
	[] --template_seeding--> []		0.97499999999999998
	[] --template_seeding--> ['template(increment_by_one,257)']		0
	[] --template_seeding--> ['template(blocking_to_nonblocking,228)']		0.97499999999999998
	[] --template_seeding--> ['template(sens_to_negedge,97)']		0.97499999999999998
	[] --template_seeding--> ['template(decrement_by_one,118)']		0.9375
	[] --template_seeding--> ['template(decrement_by_one,131)']		0.91249999999999998
	[] --template_seeding--> ['template(decrement_by_one,279)']		0
	[] --template_seeding--> ['template(increment_by_one,338)']		0
	[] --template_seeding--> ['template(increment_by_one,271)']		0
	[] --template_seeding--> ['template(decrement_by_one,152)']		0
	[] --template_seeding--> ['template(blocking_to_nonblocking,124)']		0
	[] --template_seeding--> ['template(increment_by_one,322)']		0
	[] --template_seeding--> ['template(sens_to_all,91)']		0
	[] --template_seeding--> ['template(sens_to_all,95)']		0
	[] --template_seeding--> ['template(increment_by_one,192)']		0
	[] --template_seeding--> ['template(decrement_by_one,250)']		0
	[] --template_seeding--> ['template(decrement_by_one,226)']		0.9375
	[] --template_seeding--> ['template(negate_equality,158)']		0.9375
	[] --template_seeding--> []		0.9375
	[] --template_seeding--> []		0.9375
	[] --template_seeding--> ['template(increment_by_one,154)']		0.9375
	[] --template_seeding--> []		0.9375
	[] --template_seeding--> ['template(blocking_to_nonblocking,150)']		0.9375
	[] --template_seeding--> ['template(decrement_by_one,202)']		0.96250000000000002
	[] --template_seeding--> []		0.96250000000000002
	[] --template_seeding--> ['template(nonblocking_to_blocking,359)']		0.97499999999999998
	[] --template_seeding--> ['template(increment_by_one,338)']		0.97499999999999998
	[] --template_seeding--> []		0.97499999999999998
	[] --template_seeding--> []		0.97499999999999998
	[] --template_seeding--> []		0.97499999999999998
	[] --template_seeding--> ['template(negate_equality,194)']		0.97499999999999998
	[] --template_seeding--> ['template(decrement_by_one,338)']		0.91249999999999998
	[] --template_seeding--> ['template(sens_to_level,89)']		0.97499999999999998
	[] --template_seeding--> ['template(sens_to_all,91)']		0.97499999999999998
	[] --template_seeding--> ['template(nonblocking_to_blocking,330)']		0.97499999999999998
	[] --template_seeding--> ['template(blocking_to_nonblocking,186)']		0.97499999999999998
	[] --template_seeding--> ['template(decrement_by_one,285)']		0.5714285714285714
	[] --template_seeding--> ['template(sens_to_level,93)']		0.97499999999999998
	[] --template_seeding--> ['template(sens_to_all,93)']		0
	[] --template_seeding--> ['template(increment_by_one,141)']		0.90000000000000002
	[] --template_seeding--> ['template(blocking_to_nonblocking,204)']		0.90000000000000002
	[] --template_seeding--> ['template(sens_to_negedge,97)']		0.90000000000000002
	[] --template_seeding--> ['template(increment_by_one,210)']		0.94999999999999996
	[] --template_seeding--> ['template(nonblocking_to_blocking,310)']		0.94999999999999996
	[] --template_seeding--> ['template(sens_to_negedge,97)']		0.94999999999999996
	[] --template_seeding--> ['template(negate_equality,140)']		0.94999999999999996
	[] --template_seeding--> ['template(negate_equality,110)']		0.94999999999999996
	[] --template_seeding--> ['template(negate_equality,140)']		0.94999999999999996
	[] --template_seeding--> []		0.94999999999999996
	[] --template_seeding--> []		0.94999999999999996
	[] --template_seeding--> ['template(blocking_to_nonblocking,186)']		0.94999999999999996
	[] --template_seeding--> ['template(increment_by_one,318)']		0.8125
	[] --template_seeding--> ['template(sens_to_negedge,91)']		0.8125
	[] --template_seeding--> ['template(nonblocking_to_blocking,330)']		0.8125
	[] --template_seeding--> ['template(decrement_by_one,116)']		0
	[] --template_seeding--> ['template(negate_equality,110)']		0
	[] --template_seeding--> ['template(negate_equality,110)']		0
	[] --template_seeding--> []		0
	[] --template_seeding--> ['template(sens_to_all,91)']		0
	[] --template_seeding--> ['template(sens_to_negedge,95)']		0
	[] --template_seeding--> []		0
	[] --template_seeding--> ['template(decrement_by_one,177)']		0.91249999999999998
	[] --template_seeding--> ['template(sens_to_negedge,97)']		0.91249999999999998
	[] --template_seeding--> []		0.91249999999999998
	[] --template_seeding--> ['template(nonblocking_to_blocking,262)']		0.91249999999999998
	[] --template_seeding--> ['template(blocking_to_nonblocking,100)']		0.77500000000000002
	[] --template_seeding--> []		0.77500000000000002
	[] --template_seeding--> ['template(blocking_to_nonblocking,222)']		0.97499999999999998
	[] --template_seeding--> ['template(decrement_by_one,106)']		0.75
	[] --template_seeding--> ['template(sens_to_all,93)']		0.75
	[] --template_seeding--> ['template(blocking_to_nonblocking,228)']		0.75
	[] --template_seeding--> ['template(increment_by_one,118)']		0.75
	[] --template_seeding--> ['template(increment_by_one,118)']		0.75
	[] --template_seeding--> []		0.75
	[] --template_seeding--> ['template(negate_equality,110)']		0.75
	[] --template_seeding--> ['template(blocking_to_nonblocking,198)']		0.75
	[] --template_seeding--> ['template(decrement_by_one,328)']		0.92500000000000004
	[] --template_seeding--> ['template(sens_to_level,89)']		0.92500000000000004
	[] --template_seeding--> ['template(negate_equality,140)']		0.92500000000000004
	[] --template_seeding--> []		0.92500000000000004
	[] --template_seeding--> ['template(nonblocking_to_blocking,296)']		0.97499999999999998
	[] --template_seeding--> []		0.97499999999999998
	[] --template_seeding--> ['template(blocking_to_nonblocking,168)']		0.97499999999999998
	[] --template_seeding--> ['template(sens_to_all,91)']		0.97499999999999998
	[] --template_seeding--> ['template(sens_to_negedge,97)']		0.97499999999999998
	[] --template_seeding--> ['template(nonblocking_to_blocking,340)']		0.97499999999999998
	[] --template_seeding--> ['template(sens_to_level,97)']		0.97499999999999998
	[] --template_seeding--> []		0.97499999999999998
	[] --template_seeding--> ['template(increment_by_one,106)']		0.67500000000000004
	[] --template_seeding--> ['template(negate_equality,194)']		0.67500000000000004
	[] --template_seeding--> ['template(sens_to_level,95)']		0.67500000000000004
	[] --template_seeding--> ['template(blocking_to_nonblocking,162)']		0.97499999999999998
	[] --template_seeding--> ['template(sens_to_negedge,89)']		0.97499999999999998
	[] --template_seeding--> ['template(sens_to_all,97)']		0
	[] --template_seeding--> ['template(blocking_to_nonblocking,100)']		0
	[] --template_seeding--> []		0
	[] --template_seeding--> ['template(negate_equality,130)']		0
	[] --template_seeding--> ['template(decrement_by_one,188)']		0
	[] --template_seeding--> ['template(increment_by_one,348)']		0.91249999999999998
	[] --template_seeding--> ['template(blocking_to_nonblocking,134)']		0.91249999999999998
	[] --template_seeding--> ['template(decrement_by_one,172)']		0.91249999999999998
	[] --template_seeding--> ['template(decrement_by_one,126)']		0
	[] --template_seeding--> ['template(negate_equality,194)']		0
	[] --template_seeding--> []		0
	[] --template_seeding--> ['template(blocking_to_nonblocking,134)']		0
	[] --template_seeding--> ['template(sens_to_level,89)']		0
	[] --template_seeding--> ['template(sens_to_level,95)']		0
	[] --template_seeding--> ['template(increment_by_one,224)']		0
	[] --template_seeding--> []		0
	[] --template_seeding--> ['template(negate_equality,120)']		0
	[] --template_seeding--> []		0
	[] --template_seeding--> ['template(sens_to_posedge,93)']		0
	[] --template_seeding--> []		0
	[] --template_seeding--> ['template(blocking_to_nonblocking,150)']		0
	[] --template_seeding--> []		0
	[] --template_seeding--> ['template(blocking_to_nonblocking,114)']		0
	[] --template_seeding--> ['template(sens_to_negedge,235)']		0
	[] --template_seeding--> ['template(decrement_by_one,116)']		0
	[] --template_seeding--> ['template(negate_equality,212)']		0
	[] --template_seeding--> ['template(sens_to_level,89)']		0
	[] --template_seeding--> ['template(negate_equality,110)']		0
	[] --template_seeding--> ['template(increment_by_one,116)']		0
	[] --template_seeding--> []		0
	[] --template_seeding--> ['template(sens_to_level,235)']		0
	[] --template_seeding--> ['template(increment_by_one,224)']		0
	[] --template_seeding--> ['template(blocking_to_nonblocking,114)']		0
	[] --template_seeding--> ['template(blocking_to_nonblocking,222)']		0
	[] --template_seeding--> ['template(decrement_by_one,195)']		0
	[] --template_seeding--> ['template(sens_to_posedge,89)']		0
	[] --template_seeding--> ['template(sens_to_level,97)']		0
	[] --template_seeding--> ['template(nonblocking_to_blocking,277)']		0.80000000000000004
	[] --template_seeding--> ['template(sens_to_all,91)']		0.80000000000000004
	[] --template_seeding--> ['template(increment_by_one,264)']		0
	[] --template_seeding--> ['template(blocking_to_nonblocking,186)']		0
	[] --template_seeding--> ['template(sens_to_posedge,89)']		0
	[] --template_seeding--> ['template(sens_to_negedge,91)']		0
	[] --template_seeding--> ['template(negate_equality,158)']		0
	[] --template_seeding--> ['template(decrement_by_one,322)']		0
	[] --template_seeding--> ['template(sens_to_posedge,235)']		0
	[] --template_seeding--> []		0
	[] --template_seeding--> []		0
	[] --template_seeding--> ['template(negate_equality,120)']		0
	[] --template_seeding--> ['template(negate_equality,158)']		0
	[] --template_seeding--> []		0
	[] --template_seeding--> []		0
	[] --template_seeding--> ['template(blocking_to_nonblocking,198)']		0
	[] --template_seeding--> ['template(increment_by_one,106)']		0
	[] --template_seeding--> ['template(sens_to_all,93)']		0
	[] --template_seeding--> ['template(blocking_to_nonblocking,198)']		0
	[] --template_seeding--> []		0
	[] --template_seeding--> ['template(sens_to_posedge,91)']		0
	[] --template_seeding--> []		0
	[] --template_seeding--> ['template(increment_by_one,177)']		0.36249999999999999
	[] --template_seeding--> ['template(nonblocking_to_blocking,269)']		0.97499999999999998
	[] --template_seeding--> ['template(decrement_by_one,352)']		0.97499999999999998
	[] --template_seeding--> ['template(negate_equality,120)']		0.97499999999999998
	[] --template_seeding--> ['template(increment_by_one,363)']		0.97499999999999998
	[] --template_seeding--> []		0.97499999999999998
	[] --template_seeding--> ['template(nonblocking_to_blocking,296)']		0.97499999999999998
	[] --template_seeding--> ['template(increment_by_one,220)']		0.94999999999999996
	[] --template_seeding--> ['template(sens_to_posedge,235)']		0.94999999999999996
	[] --template_seeding--> ['template(negate_equality,120)']		0.94999999999999996
	[] --template_seeding--> ['template(sens_to_level,93)']		0.94999999999999996
	[] --template_seeding--> ['template(increment_by_one,116)']		0.94999999999999996
	[] --template_seeding--> ['template(blocking_to_nonblocking,198)']		0.94999999999999996
	[] --template_seeding--> ['template(sens_to_posedge,235)']		0.94999999999999996
	[] --template_seeding--> []		0.94999999999999996
	[] --template_seeding--> ['template(nonblocking_to_blocking,359)']		0.94999999999999996
	[] --template_seeding--> []		0.94999999999999996
	[] --template_seeding--> []		0.94999999999999996
	[] --template_seeding--> ['template(increment_by_one,141)']		0.94999999999999996
	[] --template_seeding--> ['template(negate_equality,140)']		0.94999999999999996
	[] --template_seeding--> ['template(sens_to_all,97)']		0.94999999999999996
	[] --template_seeding--> ['template(sens_to_posedge,97)']		0.94999999999999996
	[] --template_seeding--> ['template(decrement_by_one,182)']		0
	[] --template_seeding--> ['template(nonblocking_to_blocking,359)']		0
	[] --template_seeding--> ['template(decrement_by_one,257)']		0
	[] --template_seeding--> ['template(nonblocking_to_blocking,289)']		0.97499999999999998
	[] --template_seeding--> ['template(increment_by_one,287)']		0.97499999999999998
	[] --template_seeding--> []		0.97499999999999998
	[] --template_seeding--> ['template(decrement_by_one,352)']		0.97499999999999998
	[] --template_seeding--> ['template(blocking_to_nonblocking,216)']		0.97499999999999998
	[] --template_seeding--> ['template(blocking_to_nonblocking,100)']		0.97499999999999998
	[] --template_seeding--> ['template(nonblocking_to_blocking,248)']		0.97499999999999998
	[] --template_seeding--> ['template(decrement_by_one,128)']		0.97499999999999998
	[] --template_seeding--> ['template(decrement_by_one,279)']		0.97499999999999998
	[] --template_seeding--> ['template(increment_by_one,273)']		0.9375
	[] --template_seeding--> ['template(decrement_by_one,90)']		0
	[] --template_seeding--> []		0
	[] --template_seeding--> []		0
	[] --template_seeding--> ['template(increment_by_one,206)']		0
	[] --template_seeding--> ['template(blocking_to_nonblocking,198)']		0
	[] --template_seeding--> []		0
	[] --template_seeding--> ['template(sens_to_negedge,235)']		0
	[] --template_seeding--> ['template(blocking_to_nonblocking,134)']		0
	[] --template_seeding--> ['template(sens_to_all,235)']		0.80000000000000004
	[] --template_seeding--> ['template(sens_to_level,235)']		0.80000000000000004
	[] --template_seeding--> []		0.80000000000000004
	[] --template_seeding--> ['template(sens_to_level,97)']		0.80000000000000004
	[] --template_seeding--> ['template(blocking_to_nonblocking,186)']		0.80000000000000004
	[] --template_seeding--> ['template(sens_to_all,97)']		0.80000000000000004
	[] --template_seeding--> ['template(decrement_by_one,273)']		0.80000000000000004
	[] --template_seeding--> ['template(decrement_by_one,239)']		0.65000000000000002
	[] --template_seeding--> ['template(sens_to_negedge,97)']		0.65000000000000002
	[] --template_seeding--> ['template(sens_to_level,235)']		0.65000000000000002
	[] --template_seeding--> ['template(decrement_by_one,136)']		0.65000000000000002
	[] --template_seeding--> ['template(increment_by_one,312)']		0
	[] --template_seeding--> ['template(blocking_to_nonblocking,100)']		0
	[] --template_seeding--> ['template(increment_by_one,92)']		0
	[] --template_seeding--> []		0
	[] --template_seeding--> ['template(sens_to_level,93)']		0
	[] --template_seeding--> ['template(sens_to_level,89)']		0
	[] --template_seeding--> []		0
	[] --template_seeding--> ['template(sens_to_posedge,93)']		0
	[] --template_seeding--> ['template(decrement_by_one,118)']		0
	[] --template_seeding--> ['template(decrement_by_one,128)']		0
	[] --template_seeding--> ['template(decrement_by_one,318)']		0.9375
	[] --template_seeding--> ['template(decrement_by_one,138)']		0.875
	[] --template_seeding--> ['template(decrement_by_one,291)']		0.875
	[] --template_seeding--> []		0.875
	[] --template_seeding--> ['template(decrement_by_one,279)']		0.875
	[] --template_seeding--> ['template(decrement_by_one,363)']		0.7857142857142857
	[] --template_seeding--> ['template(blocking_to_nonblocking,162)']		0.7857142857142857
	[] --template_seeding--> ['template(nonblocking_to_blocking,340)']		0.7857142857142857
	[] --template_seeding--> ['template(increment_by_one,190)']		0.9375
	[] --template_seeding--> []		0.9375
	[] --template_seeding--> ['template(negate_equality,140)']		0.9375
	[] --template_seeding--> ['template(blocking_to_nonblocking,222)']		0.9375
	[] --template_seeding--> ['template(sens_to_negedge,95)']		0.9375
	[] --template_seeding--> ['template(nonblocking_to_blocking,255)']		0.97499999999999998
	[] --template_seeding--> ['template(increment_by_one,192)']		0.97499999999999998
	[] --template_seeding--> ['template(nonblocking_to_blocking,359)']		0.97499999999999998
	[] --template_seeding--> ['template(nonblocking_to_blocking,277)']		0.97499999999999998
	[] --template_seeding--> ['template(decrement_by_one,138)']		0.97499999999999998
	[] --template_seeding--> []		0.97499999999999998
	[] --template_seeding--> ['template(sens_to_level,97)']		0.97499999999999998
	[] --template_seeding--> ['template(increment_by_one,257)']		0.97499999999999998
	[] --template_seeding--> []		0.97499999999999998
	[] --template_seeding--> ['template(sens_to_all,91)']		0.97499999999999998
	[] --template_seeding--> ['template(negate_equality,176)']		0.97499999999999998
	[] --template_seeding--> ['template(blocking_to_nonblocking,222)']		0.97499999999999998
	[] --template_seeding--> ['template(negate_equality,176)']		0.97499999999999998
	[] --template_seeding--> ['template(sens_to_level,235)']		0.97499999999999998
	[] --template_seeding--> ['template(nonblocking_to_blocking,277)']		0.97499999999999998
	[] --template_seeding--> ['template(sens_to_all,91)']		0.97499999999999998
	[] --template_seeding--> ['template(decrement_by_one,224)']		0.97499999999999998
	[] --template_seeding--> ['template(decrement_by_one,206)']		0.97499999999999998
	[] --template_seeding--> ['template(sens_to_posedge,235)']		0.97499999999999998
	[] --template_seeding--> []		0.97499999999999998
	[] --template_seeding--> ['template(sens_to_level,89)']		0.97499999999999998
	[] --template_seeding--> ['template(decrement_by_one,98)']		0.97499999999999998
	[] --template_seeding--> ['template(increment_by_one,218)']		0
	[] --template_seeding--> ['template(blocking_to_nonblocking,204)']		0
	[] --template_seeding--> ['template(nonblocking_to_blocking,296)']		0
	[] --template_seeding--> []		0
	[] --template_seeding--> ['template(increment_by_one,291)']		0
	[] --template_seeding--> ['template(sens_to_posedge,97)']		0
	[] --template_seeding--> ['template(negate_equality,110)']		0
	[] --template_seeding--> ['template(negate_equality,110)']		0
	[] --template_seeding--> ['template(sens_to_level,97)']		0
	[] --template_seeding--> ['template(sens_to_level,89)']		0
	[] --template_seeding--> ['template(sens_to_posedge,235)']		0
	[] --template_seeding--> ['template(nonblocking_to_blocking,350)']		0
	[] --template_seeding--> []		0
	[] --template_seeding--> ['template(increment_by_one,118)']		0
	[] --template_seeding--> ['template(increment_by_one,363)']		0
	[] --template_seeding--> ['template(decrement_by_one,108)']		0
	[] --template_seeding--> ['template(increment_by_one,348)']		0
	[] --template_seeding--> []		0
	[] --template_seeding--> ['template(blocking_to_nonblocking,124)']		0
	[] --template_seeding--> ['template(decrement_by_one,218)']		0
	[] --template_seeding--> ['template(blocking_to_nonblocking,114)']		0
	[] --template_seeding--> ['template(decrement_by_one,138)']		0
	[] --template_seeding--> ['template(negate_equality,140)']		0
	[] --template_seeding--> ['template(blocking_to_nonblocking,168)']		0
	[] --template_seeding--> ['template(decrement_by_one,126)']		0
	[] --template_seeding--> ['template(nonblocking_to_blocking,296)']		0
	[] --template_seeding--> ['template(sens_to_posedge,95)']		0
	[] --template_seeding--> ['template(nonblocking_to_blocking,277)']		0
	[] --template_seeding--> []		0
	[] --template_seeding--> ['template(sens_to_negedge,93)']		0
	[] --template_seeding--> ['template(nonblocking_to_blocking,277)']		0
	[] --template_seeding--> ['template(decrement_by_one,332)']		0
	[] --template_seeding--> ['template(nonblocking_to_blocking,310)']		0
	[] --template_seeding--> ['template(blocking_to_nonblocking,180)']		0.97499999999999998
	[] --template_seeding--> ['template(negate_equality,158)']		0.97499999999999998
	[] --template_seeding--> ['template(negate_equality,212)']		0.97499999999999998
	[] --template_seeding--> ['template(sens_to_posedge,91)']		0.97499999999999998
	[] --template_seeding--> ['template(decrement_by_one,281)']		0.97499999999999998
	[] --template_seeding--> ['template(decrement_by_one,190)']		0.97499999999999998
	[] --template_seeding--> ['template(negate_equality,158)']		0.97499999999999998
	[] --template_seeding--> ['template(blocking_to_nonblocking,228)']		0.97499999999999998
	[] --template_seeding--> ['template(nonblocking_to_blocking,241)']		0.97499999999999998
	[] --template_seeding--> ['template(blocking_to_nonblocking,162)']		0.97499999999999998
	[] --template_seeding--> ['template(sens_to_negedge,93)']		0.97499999999999998
	[] --template_seeding--> ['template(sens_to_all,235)']		0.97499999999999998
	[] --template_seeding--> ['template(nonblocking_to_blocking,350)']		0.97499999999999998
	[] --template_seeding--> ['template(sens_to_level,95)']		0.97499999999999998
	[] --template_seeding--> ['template(increment_by_one,131)']		0.73750000000000004
	[] --template_seeding--> ['template(sens_to_negedge,95)']		0.73750000000000004
	[] --template_seeding--> ['template(increment_by_one,118)']		0.73750000000000004
	[] --template_seeding--> []		0.73750000000000004
	[] --template_seeding--> ['template(increment_by_one,170)']		0
	[] --template_seeding--> ['template(nonblocking_to_blocking,330)']		0
	[] --template_seeding--> []		0
	[] --template_seeding--> ['template(increment_by_one,322)']		0
	[] --template_seeding--> ['template(blocking_to_nonblocking,198)']		0
	[] --template_seeding--> ['template(negate_equality,140)']		0
	[] --template_seeding--> ['template(blocking_to_nonblocking,162)']		0
	[] --template_seeding--> []		0
	[] --template_seeding--> ['template(increment_by_one,192)']		0
	[] --template_seeding--> ['template(negate_equality,194)']		0
	[] --template_seeding--> ['template(increment_by_one,271)']		0
	[] --template_seeding--> ['template(increment_by_one,273)']		0
	[] --template_seeding--> ['template(blocking_to_nonblocking,100)']		0
	[] --template_seeding--> ['template(decrement_by_one,279)']		0
	[] --template_seeding--> []		0
	[] --template_seeding--> ['template(blocking_to_nonblocking,150)']		0
	[] --template_seeding--> ['template(sens_to_level,235)']		0
	[] --template_seeding--> ['template(nonblocking_to_blocking,310)']		0
	[] --template_seeding--> ['template(decrement_by_one,208)']		0.9375
	[] --template_seeding--> []		0.9375
	[] --template_seeding--> ['template(decrement_by_one,338)']		0.9375
	[] --template_seeding--> []		0.9375
	[] --template_seeding--> ['template(nonblocking_to_blocking,255)']		0.9375
	[] --template_seeding--> []		0.9375
	[] --template_seeding--> ['template(increment_by_one,273)']		0.9375
	[] --template_seeding--> ['template(negate_equality,140)']		0.9375
	[] --template_seeding--> ['template(blocking_to_nonblocking,144)']		0.96250000000000002
	[] --template_seeding--> ['template(decrement_by_one,106)']		0.96250000000000002
	[] --template_seeding--> ['template(decrement_by_one,243)']		0
	[] --template_seeding--> ['template(decrement_by_one,156)']		0.97499999999999998
	[] --template_seeding--> ['template(decrement_by_one,243)']		0.97499999999999998
	[] --template_seeding--> ['template(decrement_by_one,318)']		0.97499999999999998
	[] --template_seeding--> ['template(sens_to_all,95)']		0.97499999999999998
	[] --template_seeding--> ['template(nonblocking_to_blocking,359)']		0.97499999999999998
	[] --template_seeding--> []		0.97499999999999998
	[] --template_seeding--> ['template(blocking_to_nonblocking,186)']		0.97499999999999998
	[] --template_seeding--> ['template(decrement_by_one,152)']		0.97499999999999998
	[] --template_seeding--> ['template(increment_by_one,98)']		0
	[] --template_seeding--> ['template(negate_equality,212)']		0
	[] --template_seeding--> ['template(blocking_to_nonblocking,198)']		0
	[] --template_seeding--> ['template(decrement_by_one,218)']		0
	[] --template_seeding--> ['template(negate_equality,120)']		0
	[] --template_seeding--> ['template(increment_by_one,279)']		0
	[] --template_seeding--> ['template(sens_to_posedge,235)']		0
	[] --template_seeding--> ['template(increment_by_one,305)']		0
	[] --template_seeding--> ['template(nonblocking_to_blocking,296)']		0
	[] --template_seeding--> ['template(decrement_by_one,202)']		0
	[] --template_seeding--> ['template(negate_equality,212)']		0
	[] --template_seeding--> ['template(nonblocking_to_blocking,269)']		0
	[] --template_seeding--> ['template(decrement_by_one,318)']		0
	[] --template_seeding--> ['template(increment_by_one,250)']		0
	[] --template_seeding--> []		0
	[] --template_seeding--> ['template(increment_by_one,138)']		0.875
	[] --template_seeding--> []		0.875
	[] --template_seeding--> ['template(sens_to_negedge,97)']		0.875
	[] --template_seeding--> []		0.875
	[] --template_seeding--> ['template(decrement_by_one,118)']		0.875
	[] --template_seeding--> ['template(increment_by_one,273)']		0.875
	[] --template_seeding--> ['template(increment_by_one,257)']		0.875
	[] --template_seeding--> ['template(sens_to_posedge,89)']		0.875
	[] --template_seeding--> ['template(sens_to_negedge,93)']		0.875
	[] --template_seeding--> ['template(increment_by_one,361)']		0
	[] --template_seeding--> []		0
	[] --template_seeding--> ['template(nonblocking_to_blocking,340)']		0
	[] --template_seeding--> ['template(decrement_by_one,200)']		0
	[] --template_seeding--> ['template(increment_by_one,338)']		0
	[] --template_seeding--> ['template(decrement_by_one,138)']		0
	[] --template_seeding--> ['template(increment_by_one,243)']		0
	[] --template_seeding--> []		0
	[] --template_seeding--> ['template(decrement_by_one,202)']		0
	[] --template_seeding--> ['template(increment_by_one,154)']		0
	[] --template_seeding--> ['template(increment_by_one,126)']		0
	[] --template_seeding--> ['template(blocking_to_nonblocking,222)']		0
	[] --template_seeding--> ['template(nonblocking_to_blocking,255)']		0
	[] --template_seeding--> []		0
	[] --template_seeding--> ['template(negate_equality,110)']		0
	[] --template_seeding--> ['template(decrement_by_one,195)']		0
	[] --template_seeding--> ['template(decrement_by_one,111)']		0.9375
	[] --template_seeding--> ['template(sens_to_posedge,95)']		0.9375
	[] --template_seeding--> ['template(sens_to_level,93)']		0.9375
	[] --template_seeding--> []		0.9375
	[] --template_seeding--> []		0.9375
	[] --template_seeding--> []		0.9375
	[] --template_seeding--> ['template(increment_by_one,206)']		0.9375
	[] --template_seeding--> ['template(decrement_by_one,230)']		0
	[] --template_seeding--> ['template(sens_to_all,97)']		0
	[] --template_seeding--> ['template(increment_by_one,136)']		0
	[] --template_seeding--> ['template(decrement_by_one,90)']		0
	[] --template_seeding--> []		0
	[] --template_seeding--> ['template(sens_to_all,91)']		0
	[] --template_seeding--> ['template(sens_to_level,89)']		0
	[] --template_seeding--> ['template(sens_to_posedge,235)']		0
	[] --template_seeding--> ['template(increment_by_one,236)']		0
	[] --template_seeding--> []		0
	[] --template_seeding--> []		0
	[] --template_seeding--> ['template(negate_equality,110)']		0
	[] --template_seeding--> []		0
	[] --template_seeding--> ['template(sens_to_level,89)']		0
	[] --template_seeding--> ['template(sens_to_level,91)']		0
	[] --template_seeding--> ['template(nonblocking_to_blocking,340)']		0
	[] --template_seeding--> []		0
	[] --template_seeding--> ['template(increment_by_one,174)']		0.92500000000000004
	[] --template_seeding--> ['template(decrement_by_one,213)']		0.9375
	[] --template_seeding--> ['template(decrement_by_one,328)']		0.9375
	[] --template_seeding--> ['template(sens_to_level,89)']		0.9375
	[] --template_seeding--> ['template(increment_by_one,328)']		0.80000000000000004
	[] --template_seeding--> ['template(blocking_to_nonblocking,180)']		0.80000000000000004
	[] --template_seeding--> ['template(sens_to_posedge,95)']		0.80000000000000004
	[] --template_seeding--> []		0.80000000000000004
	[] --template_seeding--> ['template(nonblocking_to_blocking,262)']		0.80000000000000004
	[] --template_seeding--> ['template(nonblocking_to_blocking,359)']		0.80000000000000004
	[] --template_seeding--> ['template(increment_by_one,352)']		0
	[] --template_seeding--> ['template(decrement_by_one,348)']		0.91249999999999998
	[] --template_seeding--> ['template(sens_to_level,235)']		0.91249999999999998
	[] --template_seeding--> ['template(increment_by_one,156)']		0.65000000000000002
	[] --template_seeding--> ['template(blocking_to_nonblocking,100)']		0.65000000000000002
	[] --template_seeding--> ['template(decrement_by_one,332)']		0.65000000000000002
	[] --template_seeding--> ['template(nonblocking_to_blocking,310)']		0.65000000000000002
	[] --template_seeding--> ['template(nonblocking_to_blocking,303)']		0.65000000000000002
	[] --template_seeding--> ['template(sens_to_all,93)']		0.65000000000000002
	[] --template_seeding--> []		0.65000000000000002
	[] --template_seeding--> ['template(increment_by_one,159)']		0.52500000000000002
	[] --template_seeding--> []		0.52500000000000002
	[] --template_seeding--> ['template(sens_to_posedge,91)']		0.52500000000000002
	[] --template_seeding--> ['template(sens_to_negedge,89)']		0.52500000000000002
	[] --template_seeding--> ['template(decrement_by_one,166)']		0.52500000000000002
	[] --template_seeding--> ['template(increment_by_one,239)']		0.65000000000000002
	[] --template_seeding--> ['template(sens_to_all,91)']		0.65000000000000002
	[] --template_seeding--> ['template(negate_equality,176)']		0.65000000000000002
	[] --template_seeding--> []		0.65000000000000002
	[] --template_seeding--> []		0.65000000000000002
	[] --template_seeding--> ['template(sens_to_posedge,95)']		0.65000000000000002
	[] --template_seeding--> []		0.65000000000000002
	[] --template_seeding--> ['template(increment_by_one,352)']		0.65000000000000002
	[] --template_seeding--> ['template(blocking_to_nonblocking,180)']		0.65000000000000002
	[] --template_seeding--> []		0.65000000000000002
	[] --template_seeding--> []		0.65000000000000002
	[] --template_seeding--> []		0.65000000000000002
	[] --template_seeding--> ['template(increment_by_one,90)']		0
	[] --template_seeding--> ['template(blocking_to_nonblocking,168)']		0
	[] --template_seeding--> ['template(decrement_by_one,338)']		0
	[] --template_seeding--> []		0
	[] --template_seeding--> ['template(decrement_by_one,174)']		0.94999999999999996
	[] --template_seeding--> ['template(blocking_to_nonblocking,144)']		0.94999999999999996
	[] --template_seeding--> []		0.94999999999999996
	[] --template_seeding--> ['template(nonblocking_to_blocking,310)']		0.94999999999999996
	[] --template_seeding--> []		0.94999999999999996
	[] --template_seeding--> ['template(sens_to_posedge,97)']		0.94999999999999996
	[] --template_seeding--> ['template(blocking_to_nonblocking,228)']		0.94999999999999996
	[] --template_seeding--> ['template(blocking_to_nonblocking,144)']		0.94999999999999996
	[] --template_seeding--> ['template(increment_by_one,213)']		0.96250000000000002
	[] --template_seeding--> ['template(nonblocking_to_blocking,248)']		0.96250000000000002
	[] --template_seeding--> ['template(negate_equality,194)']		0.96250000000000002
	[] --template_seeding--> []		0.96250000000000002
	[] --template_seeding--> ['template(increment_by_one,342)']		0.96250000000000002
	[] --template_seeding--> ['template(decrement_by_one,363)']		0.96250000000000002
	[] --template_seeding--> []		0.96250000000000002
	[] --template_seeding--> ['template(decrement_by_one,257)']		0.96250000000000002
	[] --template_seeding--> ['template(increment_by_one,98)']		0.96250000000000002
	[] --template_seeding--> ['template(nonblocking_to_blocking,303)']		0.96250000000000002
	[] --template_seeding--> ['template(increment_by_one,172)']		0.96250000000000002
	[] --template_seeding--> ['template(blocking_to_nonblocking,216)']		0.96250000000000002
	[] --template_seeding--> ['template(sens_to_posedge,89)']		0.96250000000000002
	[] --template_seeding--> ['template(decrement_by_one,361)']		0
	[] --template_seeding--> ['template(sens_to_all,95)']		0
	[] --template_seeding--> ['template(blocking_to_nonblocking,198)']		0
	[] --template_seeding--> ['template(blocking_to_nonblocking,204)']		0
	[] --template_seeding--> ['template(decrement_by_one,141)']		0.91249999999999998
	[] --template_seeding--> ['template(nonblocking_to_blocking,350)']		0.91249999999999998
	[] --template_seeding--> ['template(blocking_to_nonblocking,198)']		0.91249999999999998
	[] --template_seeding--> ['template(increment_by_one,131)']		0.91249999999999998
	[] --template_seeding--> ['template(nonblocking_to_blocking,262)']		0.91249999999999998
	[] --template_seeding--> ['template(decrement_by_one,257)']		0.91249999999999998
	[] --template_seeding--> ['template(increment_by_one,159)']		0.91249999999999998
	[] --template_seeding--> []		0.91249999999999998
	[] --template_seeding--> ['template(increment_by_one,232)']		0.97499999999999998
	[] --template_seeding--> ['template(negate_equality,194)']		0.97499999999999998
	[] --template_seeding--> ['template(sens_to_all,93)']		0.97499999999999998
	[] --template_seeding--> []		0.97499999999999998
	[] --template_seeding--> ['template(decrement_by_one,271)']		0
	[] --template_seeding--> ['template(increment_by_one,159)']		0
	[] --template_seeding--> []		0
	[] --template_seeding--> []		0
	[] --template_seeding--> ['template(nonblocking_to_blocking,248)']		0
	[] --template_seeding--> ['template(decrement_by_one,159)']		0.96250000000000002
	[] --template_seeding--> ['template(sens_to_posedge,97)']		0.96250000000000002
	[] --template_seeding--> ['template(decrement_by_one,128)']		0.96250000000000002
	[] --template_seeding--> ['template(decrement_by_one,243)']		0.96250000000000002
	[] --template_seeding--> ['template(blocking_to_nonblocking,124)']		0.96250000000000002
	[] --template_seeding--> ['template(decrement_by_one,190)']		0.96250000000000002
	[] --template_seeding--> ['template(decrement_by_one,96)']		0
	[] --template_seeding--> []		0
	[] --template_seeding--> ['template(increment_by_one,239)']		0
	[] --template_seeding--> ['template(negate_equality,140)']		0
	[] --template_seeding--> []		0
	[] --template_seeding--> ['template(sens_to_all,97)']		0
	[] --template_seeding--> ['template(blocking_to_nonblocking,168)']		0
	[] --template_seeding--> []		0
	[] --template_seeding--> []		0
	[] --template_seeding--> ['template(nonblocking_to_blocking,359)']		0
	[] --template_seeding--> ['template(sens_to_negedge,97)']		0
	[] --template_seeding--> ['template(nonblocking_to_blocking,269)']		0
	[] --template_seeding--> []		0
	[] --template_seeding--> ['template(sens_to_level,235)']		0
	[] --template_seeding--> ['template(sens_to_negedge,235)']		0
	[] --template_seeding--> ['template(blocking_to_nonblocking,186)']		0
	[] --template_seeding--> ['template(increment_by_one,108)']		0.75
	[] --template_seeding--> ['template(increment_by_one,184)']		0.36249999999999999
	[] --template_seeding--> ['template(negate_equality,212)']		0.36249999999999999
	[] --template_seeding--> ['template(blocking_to_nonblocking,124)']		0.36249999999999999
	[] --template_seeding--> ['template(decrement_by_one,102)']		0
	[] --template_seeding--> ['template(decrement_by_one,243)']		0
	[] --template_seeding--> ['template(decrement_by_one,342)']		0
	[] --template_seeding--> ['template(nonblocking_to_blocking,277)']		0
	[] --template_seeding--> []		0
	[] --template_seeding--> ['template(increment_by_one,213)']		0
	[] --template_seeding--> ['template(decrement_by_one,164)']		0
	[] --template_seeding--> ['template(decrement_by_one,136)']		0
	[] --template_seeding--> ['template(sens_to_posedge,95)']		0
	[] --template_seeding--> ['template(increment_by_one,226)']		0.96250000000000002
	[] --template_seeding--> ['template(increment_by_one,361)']		0.96250000000000002
	[] --template_seeding--> ['template(decrement_by_one,281)']		0.96250000000000002
	[] --template_seeding--> ['template(sens_to_all,235)']		0.96250000000000002
	[] --template_seeding--> ['template(blocking_to_nonblocking,204)']		0.96250000000000002
	[] --template_seeding--> ['template(decrement_by_one,156)']		0.96250000000000002
	[] --template_seeding--> ['template(nonblocking_to_blocking,241)']		0.96250000000000002
	[] --template_seeding--> []		0.96250000000000002
	[] --template_seeding--> []		0.96250000000000002
	[] --template_seeding--> ['template(increment_by_one,218)']		0.96250000000000002
	[] --template_seeding--> ['template(sens_to_all,97)']		0.96250000000000002
	[] --template_seeding--> ['template(nonblocking_to_blocking,330)']		0.96250000000000002
	[] --template_seeding--> ['template(sens_to_negedge,235)']		0.96250000000000002
	[] --template_seeding--> ['template(blocking_to_nonblocking,204)']		0.96250000000000002
	[] --template_seeding--> ['template(negate_equality,130)']		0.96250000000000002
	[] --template_seeding--> ['template(sens_to_level,91)']		0.96250000000000002
	[] --template_seeding--> ['template(nonblocking_to_blocking,241)']		0.96250000000000002
	[] --template_seeding--> ['template(decrement_by_one,92)']		0.96250000000000002
	[] --template_seeding--> []		0.96250000000000002
	[] --template_seeding--> ['template(increment_by_one,138)']		0.96250000000000002
	[] --template_seeding--> ['template(decrement_by_one,273)']		0.96250000000000002
	[] --template_seeding--> ['template(decrement_by_one,318)']		0.96250000000000002
	[] --template_seeding--> []		0.96250000000000002
	[] --template_seeding--> ['template(increment_by_one,285)']		0.96250000000000002
	[] --template_seeding--> ['template(nonblocking_to_blocking,277)']		0.96250000000000002
	[] --template_seeding--> []		0.96250000000000002
	[] --template_seeding--> ['template(decrement_by_one,236)']		0
	[] --template_seeding--> []		0
	[] --template_seeding--> ['template(nonblocking_to_blocking,248)']		0
	[] --template_seeding--> []		0
	[] --template_seeding--> []		0
	[] --template_seeding--> ['template(decrement_by_one,96)']		0
	[] --template_seeding--> ['template(negate_equality,120)']		0
	[] --template_seeding--> []		0
	[] --template_seeding--> []		0
	[] --template_seeding--> ['template(increment_by_one,332)']		0
	[] --template_seeding--> ['template(sens_to_all,93)']		0
	[] --template_seeding--> ['template(sens_to_posedge,91)']		0
	[] --template_seeding--> ['template(negate_equality,120)']		0
	[] --template_seeding--> ['template(decrement_by_one,232)']		0.97499999999999998
	[] --template_seeding--> ['template(decrement_by_one,285)']		0.97499999999999998
	[] --template_seeding--> []		0.97499999999999998
	[] --template_seeding--> ['template(decrement_by_one,182)']		0.97499999999999998
	[] --template_seeding--> ['template(sens_to_negedge,235)']		0.97499999999999998
	[] --template_seeding--> ['template(increment_by_one,236)']		0.97499999999999998
	[] --template_seeding--> []		0.97499999999999998
	[] --template_seeding--> ['template(negate_equality,212)']		0.97499999999999998
	[] --template_seeding--> []		0.97499999999999998
	[] --template_seeding--> ['template(blocking_to_nonblocking,204)']		0.97499999999999998
	[] --template_seeding--> ['template(decrement_by_one,291)']		0.97499999999999998
	[] --template_seeding--> ['template(decrement_by_one,332)']		0.97499999999999998
	[] --template_seeding--> ['template(nonblocking_to_blocking,340)']		0.97499999999999998
	[] --template_seeding--> ['template(blocking_to_nonblocking,216)']		0.97499999999999998
	[] --template_seeding--> ['template(sens_to_negedge,95)']		0.97499999999999998
	[] --template_seeding--> ['template(sens_to_negedge,93)']		0.97499999999999998
	[] --template_seeding--> []		0.97499999999999998
	[] --template_seeding--> ['template(sens_to_all,89)']		0
	[] --template_seeding--> ['template(nonblocking_to_blocking,255)']		0
	[] --template_seeding--> ['template(increment_by_one,136)']		0
	[] --template_seeding--> ['template(negate_equality,140)']		0
	[] --template_seeding--> ['template(sens_to_negedge,93)']		0
	[] --template_seeding--> ['template(increment_by_one,90)']		0
	[] --template_seeding--> ['template(negate_equality,130)']		0
	[] --template_seeding--> ['template(nonblocking_to_blocking,303)']		0
	[] --template_seeding--> []		0
	[] --template_seeding--> ['template(nonblocking_to_blocking,296)']		0
	[] --template_seeding--> []		0
	[] --template_seeding--> ['template(negate_equality,176)']		0
	[] --template_seeding--> ['template(decrement_by_one,192)']		0.94999999999999996
	[] --template_seeding--> ['template(sens_to_posedge,91)']		0.94999999999999996
	[] --template_seeding--> ['template(nonblocking_to_blocking,340)']		0.94999999999999996
	[] --template_seeding--> ['template(sens_to_posedge,89)']		0.94999999999999996
	[] --template_seeding--> []		0.94999999999999996
	[] --template_seeding--> ['template(decrement_by_one,348)']		0.94999999999999996
	[] --template_seeding--> ['template(negate_equality,194)']		0.94999999999999996
	[] --template_seeding--> ['template(sens_to_all,97)']		0.94999999999999996
	[] --template_seeding--> ['template(increment_by_one,94)']		0
	[] --template_seeding--> ['template(increment_by_one,361)']		0
	[] --template_seeding--> ['template(blocking_to_nonblocking,114)']		0
	[] --template_seeding--> ['template(increment_by_one,342)']		0
	[] --template_seeding--> ['template(sens_to_all,235)']		0
	[] --template_seeding--> ['template(sens_to_negedge,93)']		0
	[] --template_seeding--> ['template(sens_to_all,89)']		0
	[] --template_seeding--> []		0
	[] --template_seeding--> ['template(sens_to_negedge,95)']		0
	[] --template_seeding--> ['template(increment_by_one,271)']		0
	[] --template_seeding--> ['template(sens_to_posedge,91)']		0
	[] --template_seeding--> ['template(blocking_to_nonblocking,228)']		0
	[] --template_seeding--> ['template(decrement_by_one,121)']		0.91249999999999998
	[] --template_seeding--> ['template(nonblocking_to_blocking,320)']		0.97499999999999998
	[] --template_seeding--> []		0.97499999999999998
	[] --template_seeding--> []		0.97499999999999998
	[] --template_seeding--> ['template(decrement_by_one,264)']		0
	[] --template_seeding--> ['template(increment_by_one,170)']		0
	[] --template_seeding--> ['template(decrement_by_one,232)']		0
	[] --template_seeding--> ['template(sens_to_all,235)']		0
	[] --template_seeding--> ['template(decrement_by_one,98)']		0
	[] --template_seeding--> ['template(blocking_to_nonblocking,100)']		0
	[] --template_seeding--> []		0
	[] --template_seeding--> ['template(sens_to_level,93)']		0
	[] --template_seeding--> ['template(negate_equality,120)']		0
	[] --template_seeding--> ['template(decrement_by_one,291)']		0
	[] --template_seeding--> ['template(sens_to_level,91)']		0
	[] --template_seeding--> ['template(increment_by_one,148)']		0.91249999999999998
	[] --template_seeding--> ['template(nonblocking_to_blocking,310)']		0.91249999999999998
	[] --template_seeding--> ['template(increment_by_one,148)']		0.91249999999999998
	[] --template_seeding--> ['template(decrement_by_one,164)']		0.91249999999999998
	[] --template_seeding--> ['template(decrement_by_one,230)']		0.91249999999999998
	[] --template_seeding--> ['template(increment_by_one,126)']		0.91249999999999998
	[] --template_seeding--> ['template(increment_by_one,206)']		0.91249999999999998
	[] --template_seeding--> ['template(decrement_by_one,92)']		0.91249999999999998
	[] --template_seeding--> []		0.91249999999999998
	[] --template_seeding--> ['template(decrement_by_one,232)']		0.91249999999999998
	[] --template_seeding--> ['template(sens_to_level,97)']		0.91249999999999998
	[] --template_seeding--> []		0.91249999999999998
	[] --template_seeding--> []		0.91249999999999998
	[] --template_seeding--> ['template(blocking_to_nonblocking,198)']		0.91249999999999998
	[] --template_seeding--> ['template(sens_to_posedge,95)']		0.91249999999999998
	[] --template_seeding--> ['template(increment_by_one,148)']		0.91249999999999998
	[] --template_seeding--> ['template(decrement_by_one,154)']		0.94999999999999996
	[] --template_seeding--> ['template(increment_by_one,118)']		0.94999999999999996
	[] --template_seeding--> ['template(increment_by_one,322)']		0.94999999999999996
	[] --template_seeding--> ['template(sens_to_negedge,93)']		0.94999999999999996
	[] --template_seeding--> ['template(negate_equality,130)']		0.94999999999999996
	[] --template_seeding--> ['template(sens_to_negedge,89)']		0.94999999999999996
	[] --template_seeding--> ['template(increment_by_one,195)']		0.8125
	[] --template_seeding--> ['template(decrement_by_one,116)']		0.8125
	[] --template_seeding--> ['template(negate_equality,110)']		0.8125
	[] --template_seeding--> ['template(sens_to_level,93)']		0.8125
	[] --template_seeding--> ['template(negate_equality,158)']		0.8125
	[] --template_seeding--> ['template(nonblocking_to_blocking,330)']		0.8125
	[] --template_seeding--> []		0.8125
	[] --template_seeding--> ['template(negate_equality,120)']		0.8125
	[] --template_seeding--> []		0.8125
	[] --template_seeding--> ['template(decrement_by_one,332)']		0.8125
	[] --template_seeding--> ['template(sens_to_level,91)']		0.8125
	[] --template_seeding--> ['template(increment_by_one,281)']		0.8125
	[] --template_seeding--> ['template(nonblocking_to_blocking,277)']		0.8125
	[] --template_seeding--> []		0.8125
	[] --template_seeding--> ['template(increment_by_one,190)']		0.8125
	[] --template_seeding--> ['template(nonblocking_to_blocking,359)']		0.8125
	[] --template_seeding--> []		0.8125
	[] --template_seeding--> ['template(sens_to_all,235)']		0.8125
	[] --template_seeding--> ['template(negate_equality,176)']		0.8125
	[] --template_seeding--> ['template(negate_equality,212)']		0.8125
	[] --template_seeding--> ['template(decrement_by_one,126)']		0.8125
	[] --template_seeding--> ['template(decrement_by_one,106)']		0.8125
	[] --template_seeding--> ['template(negate_equality,158)']		0.8125
	[] --template_seeding--> ['template(nonblocking_to_blocking,269)']		0.8125
	[] --template_seeding--> ['template(decrement_by_one,111)']		0.8125
	[] --template_seeding--> ['template(negate_equality,158)']		0.8125
	[] --template_seeding--> ['template(blocking_to_nonblocking,186)']		0.8125
	[] --template_seeding--> ['template(increment_by_one,190)']		0.8125
	[] --template_seeding--> []		0.8125
	[] --template_seeding--> ['template(negate_equality,110)']		0.8125
	[] --template_seeding--> ['template(decrement_by_one,159)']		0.8125
	[] --template_seeding--> []		0.8125
	[] --template_seeding--> ['template(sens_to_all,91)']		0.8125
	[] --template_seeding--> []		0.8125
	[] --template_seeding--> ['template(negate_equality,120)']		0.8125
	[] --template_seeding--> ['template(decrement_by_one,279)']		0.8125
	[] --template_seeding--> []		0.8125
	[] --template_seeding--> ['template(increment_by_one,166)']		0.8125
	[] --template_seeding--> ['template(nonblocking_to_blocking,241)']		0.8125
	[] --template_seeding--> []		0.8125
	[] --template_seeding--> []		0.8125
	[] --template_seeding--> ['template(increment_by_one,206)']		0.8125
	[] --template_seeding--> ['template(negate_equality,212)']		0.8125
	[] --template_seeding--> ['template(decrement_by_one,279)']		0.8125
	[] --template_seeding--> ['template(nonblocking_to_blocking,310)']		0.8125
	[] --template_seeding--> ['template(negate_equality,110)']		0.8125
	[] --template_seeding--> ['template(increment_by_one,146)']		0
	[] --template_seeding--> ['template(sens_to_posedge,93)']		0
	[] --template_seeding--> ['template(negate_equality,130)']		0
	[] --template_seeding--> ['template(blocking_to_nonblocking,150)']		0
	[] --template_seeding--> ['template(sens_to_all,95)']		0
	[] --template_seeding--> ['template(negate_equality,110)']		0
	[] --template_seeding--> []		0
	[] --template_seeding--> ['template(increment_by_one,250)']		0
	[] --template_seeding--> ['template(decrement_by_one,116)']		0
	[] --template_seeding--> ['template(sens_to_all,89)']		0
	[] --template_seeding--> ['template(blocking_to_nonblocking,100)']		0
	[] --template_seeding--> ['template(negate_equality,194)']		0
	[] --template_seeding--> ['template(sens_to_all,91)']		0
	[] --template_seeding--> ['template(nonblocking_to_blocking,255)']		0
	[] --template_seeding--> []		0
	[] --template_seeding--> ['template(sens_to_posedge,93)']		0
	[] --template_seeding--> ['template(decrement_by_one,159)']		0
	[] --template_seeding--> ['template(decrement_by_one,224)']		0
	[] --template_seeding--> ['template(increment_by_one,218)']		0
	[] --template_seeding--> ['template(blocking_to_nonblocking,222)']		0
	[] --template_seeding--> ['template(sens_to_level,89)']		0
	[] --template_seeding--> ['template(negate_equality,176)']		0
	[] --template_seeding--> ['template(blocking_to_nonblocking,216)']		0
	[] --template_seeding--> ['template(nonblocking_to_blocking,248)']		0
	[] --template_seeding--> ['template(increment_by_one,213)']		0
	[] --template_seeding--> ['template(blocking_to_nonblocking,114)']		0
	[] --template_seeding--> ['template(increment_by_one,348)']		0
	[] --template_seeding--> []		0
	[] --template_seeding--> ['template(increment_by_one,210)']		0
	[] --template_seeding--> ['template(nonblocking_to_blocking,359)']		0
	[] --template_seeding--> ['template(decrement_by_one,210)']		0.94999999999999996
	[] --template_seeding--> ['template(sens_to_posedge,97)']		0.94999999999999996
	[] --template_seeding--> []		0.94999999999999996
	[] --template_seeding--> ['template(decrement_by_one,352)']		0.94999999999999996
	[] --template_seeding--> ['template(nonblocking_to_blocking,289)']		0.94999999999999996
	[] --template_seeding--> ['template(sens_to_posedge,93)']		0.94999999999999996
	[] --template_seeding--> ['template(increment_by_one,239)']		0.94999999999999996
	[] --template_seeding--> ['template(decrement_by_one,195)']		0.94999999999999996
	[] --template_seeding--> []		0.94999999999999996
	[] --template_seeding--> []		0.94999999999999996
	[] --template_seeding--> ['template(increment_by_one,318)']		0.94999999999999996
	[] --template_seeding--> ['template(decrement_by_one,213)']		0.94999999999999996
	[] --template_seeding--> ['template(increment_by_one,291)']		0.94999999999999996
	[] --template_seeding--> []		0.94999999999999996
	[] --template_seeding--> ['template(sens_to_all,93)']		0.94999999999999996
	[] --template_seeding--> ['template(sens_to_posedge,91)']		0.94999999999999996
	[] --template_seeding--> ['template(negate_equality,120)']		0.94999999999999996
	[] --template_seeding--> ['template(blocking_to_nonblocking,186)']		0.94999999999999996
	[] --template_seeding--> ['template(sens_to_posedge,97)']		0.94999999999999996
	[] --template_seeding--> ['template(sens_to_all,97)']		0.94999999999999996
	[] --template_seeding--> ['template(increment_by_one,318)']		0.94999999999999996
	[] --template_seeding--> ['template(decrement_by_one,190)']		0.94999999999999996
	[] --template_seeding--> ['template(nonblocking_to_blocking,359)']		0.94999999999999996
	[] --template_seeding--> []		0.94999999999999996
	[] --template_seeding--> ['template(increment_by_one,210)']		0.94999999999999996
	[] --template_seeding--> ['template(increment_by_one,332)']		0.94999999999999996
	[] --template_seeding--> ['template(increment_by_one,348)']		0.94999999999999996
	[] --template_seeding--> ['template(nonblocking_to_blocking,269)']		0.94999999999999996
	[] --template_seeding--> ['template(sens_to_negedge,95)']		0.94999999999999996
	[] --template_seeding--> ['template(increment_by_one,128)']		0.875
	[] --template_seeding--> ['template(blocking_to_nonblocking,186)']		0.875
	[] --template_seeding--> ['template(sens_to_all,235)']		0.875
	[] --template_seeding--> ['template(blocking_to_nonblocking,180)']		0.875
	[] --template_seeding--> ['template(decrement_by_one,159)']		0.875
	[] --template_seeding--> ['template(increment_by_one,172)']		0.875
	[] --template_seeding--> ['template(sens_to_negedge,95)']		0.875
	[] --template_seeding--> []		0.875
	[] --template_seeding--> ['template(decrement_by_one,138)']		0.875
	[] --template_seeding--> []		0.875
	[] --template_seeding--> []		0.875
	[] --template_seeding--> []		0.875
	[] --template_seeding--> ['template(nonblocking_to_blocking,262)']		0.875
	[] --template_seeding--> ['template(sens_to_negedge,97)']		0.875
	[] --template_seeding--> ['template(decrement_by_one,202)']		0.875
	[] --template_seeding--> ['template(increment_by_one,220)']		0.875
	[] --template_seeding--> ['template(increment_by_one,111)']		0.47499999999999998
	[] --template_seeding--> ['template(sens_to_level,235)']		0.47499999999999998
	[] --template_seeding--> ['template(decrement_by_one,192)']		0.47499999999999998
	[] --template_seeding--> ['template(nonblocking_to_blocking,303)']		0.47499999999999998
	[] --template_seeding--> ['template(sens_to_posedge,91)']		0.47499999999999998
	[] --template_seeding--> ['template(sens_to_all,97)']		0.47499999999999998
	[] --template_seeding--> ['template(decrement_by_one,202)']		0.47499999999999998
	[] --template_seeding--> ['template(decrement_by_one,206)']		0.47499999999999998
	[] --template_seeding--> ['template(decrement_by_one,243)']		0.47499999999999998
	[] --template_seeding--> ['template(decrement_by_one,146)']		0
	[] --template_seeding--> ['template(sens_to_posedge,235)']		0
	[] --template_seeding--> ['template(increment_by_one,208)']		0
	[] --template_seeding--> ['template(blocking_to_nonblocking,186)']		0
	[] --template_seeding--> ['template(increment_by_one,232)']		0
	[] --template_seeding--> ['template(sens_to_level,235)']		0
	[] --template_seeding--> ['template(sens_to_all,235)']		0
	[] --template_seeding--> ['template(sens_to_posedge,89)']		0
	[] --template_seeding--> ['template(increment_by_one,363)']		0
	[] --template_seeding--> ['template(decrement_by_one,96)']		0
	[] --template_seeding--> []		0
	[] --template_seeding--> []		0
	[] --template_seeding--> ['template(decrement_by_one,164)']		0
	[] --template_seeding--> []		0
	[] --template_seeding--> ['template(negate_equality,158)']		0
	[] --template_seeding--> ['template(sens_to_all,235)']		0
	[] --template_seeding--> ['template(increment_by_one,190)']		0
	[] --template_seeding--> ['template(sens_to_posedge,91)']		0
	[] --template_seeding--> ['template(sens_to_level,91)']		0
	[] --template_seeding--> []		0
	[] --template_seeding--> ['template(increment_by_one,106)']		0
	[] --template_seeding--> ['template(decrement_by_one,200)']		0
	[] --template_seeding--> ['template(blocking_to_nonblocking,150)']		0
	[] --template_seeding--> ['template(nonblocking_to_blocking,296)']		0
	[] --template_seeding--> ['template(negate_equality,212)']		0
	[] --template_seeding--> ['template(decrement_by_one,164)']		0
	[] --template_seeding--> ['template(sens_to_all,97)']		0
	[] --template_seeding--> ['template(blocking_to_nonblocking,134)']		0
	[] --template_seeding--> ['template(sens_to_negedge,93)']		0
	[] --template_seeding--> ['template(blocking_to_nonblocking,100)']		0
	[] --template_seeding--> ['template(negate_equality,194)']		0
	[] --template_seeding--> ['template(decrement_by_one,190)']		0
	[] --template_seeding--> ['template(negate_equality,140)']		0
	[] --template_seeding--> ['template(decrement_by_one,166)']		0
	[] --template_seeding--> ['template(sens_to_level,89)']		0
	[] --template_seeding--> ['template(decrement_by_one,182)']		0
	[] --template_seeding--> ['template(decrement_by_one,226)']		0
	[] --template_seeding--> ['template(sens_to_posedge,97)']		0
	[] --template_seeding--> ['template(nonblocking_to_blocking,303)']		0
	[] --template_seeding--> ['template(sens_to_posedge,97)']		0
	[] --template_seeding--> ['template(increment_by_one,287)']		0
	[] --template_seeding--> ['template(sens_to_all,93)']		0
	[] --template_seeding--> []		0
	[] --template_seeding--> ['template(sens_to_negedge,235)']		0
	[] --template_seeding--> []		0
	[] --template_seeding--> []		0
	[] --template_seeding--> ['template(increment_by_one,200)']		0
	[] --template_seeding--> ['template(decrement_by_one,206)']		0
	[] --template_seeding--> []		0
	[] --template_seeding--> ['template(sens_to_level,95)']		0
	[] --template_seeding--> ['template(sens_to_all,93)']		0
	[] --template_seeding--> ['template(increment_by_one,184)']		0
	[] --template_seeding--> ['template(blocking_to_nonblocking,186)']		0
	[] --template_seeding--> ['template(increment_by_one,332)']		0
	[] --template_seeding--> ['template(blocking_to_nonblocking,180)']		0
	[] --template_seeding--> []		0
	[] --template_seeding--> ['template(blocking_to_nonblocking,216)']		0
	[] --template_seeding--> ['template(sens_to_level,95)']		0
	[] --template_seeding--> ['template(sens_to_negedge,89)']		0
	[] --template_seeding--> ['template(blocking_to_nonblocking,222)']		0
	[] --template_seeding--> ['template(negate_equality,176)']		0
	[] --template_seeding--> ['template(decrement_by_one,322)']		0
	[] --template_seeding--> ['template(negate_equality,158)']		0
	[] --template_seeding--> ['template(blocking_to_nonblocking,204)']		0
	[] --template_seeding--> ['template(nonblocking_to_blocking,330)']		0
	[] --template_seeding--> ['template(increment_by_one,154)']		0
	[] --template_seeding--> ['template(decrement_by_one,273)']		0
	[] --template_seeding--> ['template(sens_to_negedge,93)']		0
	[] --template_seeding--> ['template(nonblocking_to_blocking,310)']		0
	[] --template_seeding--> ['template(increment_by_one,271)']		0
	[] --template_seeding--> ['template(sens_to_all,235)']		0
	[] --template_seeding--> ['template(sens_to_level,95)']		0
	[] --template_seeding--> ['template(sens_to_all,95)']		0
	[] --template_seeding--> ['template(blocking_to_nonblocking,186)']		0
	[] --template_seeding--> ['template(increment_by_one,146)']		0
	[] --template_seeding--> ['template(increment_by_one,206)']		0
	[] --template_seeding--> []		0
	[] --template_seeding--> ['template(increment_by_one,118)']		0
	[] --template_seeding--> ['template(sens_to_all,95)']		0
	[] --template_seeding--> ['template(negate_equality,120)']		0
	[] --template_seeding--> ['template(sens_to_level,93)']		0
	[] --template_seeding--> ['template(sens_to_all,97)']		0
	[] --template_seeding--> ['template(sens_to_negedge,235)']		0
	[] --template_seeding--> ['template(negate_equality,194)']		0
	[] --template_seeding--> ['template(decrement_by_one,188)']		0
	[] --template_seeding--> ['template(sens_to_negedge,95)']		0
	[] --template_seeding--> ['template(nonblocking_to_blocking,350)']		0
	[] --template_seeding--> ['template(increment_by_one,281)']		0
	[] --template_seeding--> ['template(blocking_to_nonblocking,168)']		0
	[] --template_seeding--> []		0
	[] --template_seeding--> ['template(nonblocking_to_blocking,241)']		0
	[] --template_seeding--> ['template(blocking_to_nonblocking,216)']		0
	[] --template_seeding--> ['template(negate_equality,158)']		0
	[] --template_seeding--> ['template(sens_to_negedge,89)']		0
	[] --template_seeding--> ['template(sens_to_posedge,95)']		0
	[] --template_seeding--> []		0
	[] --template_seeding--> ['template(negate_equality,158)']		0
	[] --template_seeding--> ['template(increment_by_one,94)']		0
	[] --template_seeding--> ['template(increment_by_one,170)']		0
	[] --template_seeding--> ['template(negate_equality,194)']		0
	[] --template_seeding--> ['template(nonblocking_to_blocking,340)']		0
	[] --template_seeding--> ['template(blocking_to_nonblocking,162)']		0
	[] --template_seeding--> ['template(negate_equality,194)']		0
	[] --template_seeding--> ['template(negate_equality,140)']		0
	[] --template_seeding--> ['template(sens_to_level,97)']		0
	[] --template_seeding--> ['template(blocking_to_nonblocking,216)']		0
	[] --template_seeding--> []		0
IN GENERATION 0 OF ATTEMPT 0
	['template(decrement_by_one,318)'] --mutation--> ['template(decrement_by_one,318)', 'insert(144,352)']		0.9375 
	[] --template--> []		0.97499999999999998 
	['template(blocking_to_nonblocking,186)'] --mutation--> ['template(blocking_to_nonblocking,186)', 'replace(277,186)']		0.75 
	['template(increment_by_one,210)'] --mutation--> ['template(increment_by_one,210)', 'insert(271,204)']		0.88749999999999996 
	[] --mutation--> ['insert(301,271)']		0.97499999999999998 
	['template(sens_to_posedge,235)'] --template--> ['template(sens_to_posedge,235)', 'template(sens_to_level,235)']		0.80000000000000004 
	['template(nonblocking_to_blocking,320)'] --mutation--> ['template(nonblocking_to_blocking,320)', 'replace(219,201)']		0.97499999999999998 
	['template(nonblocking_to_blocking,350)'] --template--> ['template(nonblocking_to_blocking,350)', 'template(sens_to_posedge,95)']		0 
	['template(sens_to_level,91)'] --mutation--> ['template(sens_to_level,91)', 'delete(124)']		0.91249999999999998 
	['template(blocking_to_nonblocking,186)'] --mutation--> ['template(blocking_to_nonblocking,186)', 'insert(301,350)']		0 
	['template(sens_to_level,93)'] --mutation--> ['template(sens_to_level,93)', 'delete(296)']		0.71604938271604934 
	[] --mutation--> ['replace(183,353)']		0.36249999999999999 
	['template(nonblocking_to_blocking,359)'] --mutation--> ['template(nonblocking_to_blocking,359)', 'delete(198)']		0.97499999999999998 
	['template(nonblocking_to_blocking,330)'] --mutation--> ['template(nonblocking_to_blocking,330)', 'replace(195,305)']		0.94999999999999996 
	[] --template--> ['template(nonblocking_to_blocking,289)']		0.97499999999999998 
	['template(blocking_to_nonblocking,198)'] --mutation--> ['template(blocking_to_nonblocking,198)', 'insert(124,150)']		0.88749999999999996 
	['template(nonblocking_to_blocking,262)'] --template--> ['template(nonblocking_to_blocking,262)', 'template(sens_to_all,235)']		0.80000000000000004 
	['template(blocking_to_nonblocking,150)'] --template--> ['template(blocking_to_nonblocking,150)', 'template(nonblocking_to_blocking,330)']		0.97499999999999998 
	['template(blocking_to_nonblocking,124)'] --mutation--> ['template(blocking_to_nonblocking,124)', 'replace(121,154)']		0.91249999999999998 
	['template(nonblocking_to_blocking,303)'] --mutation--> ['template(nonblocking_to_blocking,303)', 'delete(269)']		0.97499999999999998 
	['template(increment_by_one,166)'] --template--> ['template(increment_by_one,166)', 'template(increment_by_one,111)']		0.47499999999999998 
	['template(nonblocking_to_blocking,296)'] --mutation--> ['template(nonblocking_to_blocking,296)', 'insert(186,238)']		0.83750000000000002 
	['template(blocking_to_nonblocking,186)'] --mutation--> ['template(blocking_to_nonblocking,186)', 'delete(241)']		0.97499999999999998 
	['template(nonblocking_to_blocking,255)'] --mutation--> ['template(nonblocking_to_blocking,255)', 'replace(297,169)']		0.71604938271604934 
	['template(blocking_to_nonblocking,180)'] --mutation--> ['template(blocking_to_nonblocking,180)', 'delete(330)']		0.92500000000000004 
	['template(sens_to_level,89)'] --mutation--> ['template(sens_to_level,89)', 'insert(228,144)']		0.91249999999999998 
	['template(nonblocking_to_blocking,359)'] --mutation--> ['template(nonblocking_to_blocking,359)', 'replace(328,264)']		0.92500000000000004 
	['template(nonblocking_to_blocking,303)'] --mutation--> ['template(nonblocking_to_blocking,303)', 'replace(282,364)']		0.97499999999999998 
	[] --mutation--> ['insert(186,284)']		0.83750000000000002 
	[] --mutation--> ['insert(253,198)']		0 
	['template(increment_by_one,232)'] --template--> ['template(increment_by_one,232)', 'template(sens_to_all,91)']		0 
	['template(blocking_to_nonblocking,198)'] --mutation--> ['template(blocking_to_nonblocking,198)', 'delete(162)']		1 

######## REPAIR FOUND ########
		['template(blocking_to_nonblocking,198)', 'delete(162)']
TOTAL TIME TAKEN TO FIND REPAIR = 208.789029
Minimized patch: ['delete(162)']
