SOURCE FILE:
	 /home/hammada/projects/verilog_repair/benchmarks/fsm_full/fsm_full_buggy_var.v
TEST BENCH:
	 /home/hammada/projects/verilog_repair/benchmarks/fsm_full/fsm_full_tb_t1.v
ORACLE:
	 oracle_fsmfull.txt
PARAMETERS:
	gens=5
	popsize=500
	restarts=2
	fault_loc=True
	control_flow=True
	limit_transitive_dependency_set=True
	dependency_set_max=4

IN GENERATION 0 OF ATTEMPT 0
	[] --mutation--> ['insert(204,204)']		0.975000
	[] --mutation--> ['insert(274,114)']		0.000000
	[] --mutation--> ['delete(144)']		0.912500
	[] --mutation--> ['replace(241,340)']		0.975000
	[] --mutation--> ['delete(274)']		0.975000
	[] --mutation--> ['replace(170,92)']		0.000000
	[] --mutation--> ['delete(241)']		0.975000
	[] --mutation--> ['insert(277,150)']		0.975000
	[] --mutation--> ['delete(144)']		0.912500
	[] --mutation--> ['insert(222,238)']		0.850000
	[] --mutation--> ['delete(134)']		0.912500
	[] --mutation--> ['replace(363,361)']		0.785714
	[] --mutation--> ['delete(330)']		0.925000
	[] --mutation--> ['delete(198)']		0.975000
	[] --mutation--> ['insert(269,262)']		0.975000
	[] --mutation--> ['delete(228)']		0.000000
	[] --mutation--> ['delete(253)']		0.975000
	[] --mutation--> ['insert(168,303)']		0.862500
	[] --mutation--> ['insert(330,248)']		0.950000
	[] --mutation--> ['delete(359)']		0.975000
	[] --mutation--> ['replace(219,171)']		0.950000
	[] --mutation--> ['insert(253,180)']		0.000000
	[] --mutation--> ['replace(282,308)']		0.975000
	[] --mutation--> ['replace(159,108)']		0.962500
	[] --mutation--> ['insert(320,180)']		0.962500
	[] --mutation--> ['replace(322,312)']		0.850000
	[] --mutation--> ['insert(274,144)']		0.000000
	[] --mutation--> ['insert(150,269)']		0.975000
	[] --mutation--> ['delete(364)']		0.975000
	[] --mutation--> ['insert(241,100)']		0.937500
	[] --mutation--> ['delete(335)']		0.975000
	[] --mutation--> ['insert(144,134)']		0.875000
	[] --mutation--> ['insert(162,180)']		0.362500
	[] --mutation--> ['insert(330,222)']		0.900000
	[] --mutation--> ['replace(204,269)']		0.912500
	[] --mutation--> ['insert(296,216)']		0.975000
	[] --mutation--> ['delete(294)']		0.975000
	[] --mutation--> ['insert(228,330)']		0.962500
	[] --mutation--> ['delete(134)']		0.912500
	[] --mutation--> ['insert(246,168)']		0.000000
	[] --mutation--> ['replace(239,328)']		0.650000
	[] --mutation--> ['insert(359,198)']		0.962500
	[] --mutation--> ['replace(229,341)']		0.925000
	[] --mutation--> ['delete(124)']		0.912500
	[] --mutation--> ['insert(150,162)']		1.000000
