SEED:
	 repair_2021-07-12-10:39:06
SOURCE FILE:
	 /home/hammada/projects/verilog_repair/benchmarks/fsm_full/fsm_full_ssscrazy_buggy1.v
TEST BENCH:
	 /home/hammada/projects/verilog_repair/benchmarks/fsm_full/fsm_full_tb_t1.v
PROJ_DIR:
	 /home/hammada/projects/verilog_repair/benchmarks/fsm_full/
FITNESS_MODE:
	 outputwires
EVAL_SCRIPT:
	 /home/hammada/projects/verilog_repair/benchmarks/fsm_full/run.sh
ORACLE:
	 /home/hammada/projects/verilog_repair/benchmarks/fsm_full/oracle_half.txt
PARAMETERS:
	gens=8
	popsize=5000
	mutation_rate=0.700000
	crossover_rate=0.300000
	replacement_rate=0.400000
	insertion_rate=0.300000
	deletion_rate=0.300000
	restarts=1
	fault_loc=True
	control_flow=True
	limit_transitive_dependency_set=True
	dependency_set_max=4

	[] --template_seeding--> ['template(sens_to_level,89)']		0.92500000000000004
	[] --template_seeding--> ['template(increment_by_one,175)']		0
	[] --template_seeding--> []		0.92500000000000004
	[] --template_seeding--> ['template(decrement_by_one,285)']		0
	[] --template_seeding--> ['template(nonblocking_to_blocking,235)']		0.92500000000000004
	[] --template_seeding--> []		0.92500000000000004
	[] --template_seeding--> ['template(negate_equality,123)']		0.65000000000000002
	[] --template_seeding--> ['template(decrement_by_one,237)']		0
	[] --template_seeding--> ['template(increment_by_one,244)']		0
	[] --template_seeding--> ['template(sens_to_posedge,222)']		0.92500000000000004
	[] --template_seeding--> ['template(blocking_to_nonblocking,173)']		0.90000000000000002
	[] --template_seeding--> ['template(sens_to_level,93)']		0.92500000000000004
	[] --template_seeding--> ['template(sens_to_level,91)']		0.92500000000000004
	[] --template_seeding--> ['template(decrement_by_one,165)']		0.92500000000000004
	[] --template_seeding--> ['template(decrement_by_one,193)']		0
	[] --template_seeding--> ['template(negate_equality,113)']		0.65000000000000002
	[] --template_seeding--> ['template(increment_by_one,199)']		0
	[] --template_seeding--> ['template(nonblocking_to_blocking,235)']		0.92500000000000004
	[] --template_seeding--> ['template(sens_to_negedge,222)']		0.94999999999999996
	[] --template_seeding--> ['template(negate_equality,151)']		0.92500000000000004
	[] --template_seeding--> []		0.92500000000000004
	[] --template_seeding--> ['template(sens_to_level,91)']		0.92500000000000004
	[] --template_seeding--> ['template(increment_by_one,206)']		0.92500000000000004
	[] --template_seeding--> ['template(blocking_to_nonblocking,197)']		0.92500000000000004
	[] --template_seeding--> ['template(nonblocking_to_blocking,327)']		0.92500000000000004
	[] --template_seeding--> ['template(nonblocking_to_blocking,307)']		0.92500000000000004
	[] --template_seeding--> ['template(sens_to_posedge,91)']		0
	[] --template_seeding--> ['template(increment_by_one,188)']		0.75
	[] --template_seeding--> ['template(blocking_to_nonblocking,191)']		0.92500000000000004
	[] --template_seeding--> ['template(sens_to_negedge,91)']		0
	[] --template_seeding--> ['template(decrement_by_one,114)']		0.875
	[] --template_seeding--> []		0.92500000000000004
	[] --template_seeding--> ['template(sens_to_negedge,93)']		0
	[] --template_seeding--> ['template(decrement_by_one,131)']		0.82499999999999996
	[] --template_seeding--> ['template(decrement_by_one,94)']		0
	[] --template_seeding--> ['template(sens_to_negedge,95)']		0
	[] --template_seeding--> []		0.92500000000000004
	[] --template_seeding--> ['template(sens_to_negedge,95)']		0
	[] --template_seeding--> []		0.92500000000000004
	[] --template_seeding--> ['template(increment_by_one,163)']		0
	[] --template_seeding--> ['template(blocking_to_nonblocking,191)']		0.92500000000000004
	[] --template_seeding--> []		0.92500000000000004
	[] --template_seeding--> ['template(increment_by_one,163)']		0
	[] --template_seeding--> ['template(decrement_by_one,203)']		0.92500000000000004
	[] --template_seeding--> ['template(nonblocking_to_blocking,283)']		0.92500000000000004
	[] --template_seeding--> ['template(decrement_by_one,131)']		0.82499999999999996
	[] --template_seeding--> []		0.92500000000000004
	[] --template_seeding--> ['template(increment_by_one,219)']		0.92500000000000004
	[] --template_seeding--> ['template(blocking_to_nonblocking,155)']		0.92500000000000004
	[] --template_seeding--> ['template(decrement_by_one,350)']		0.5714285714285714
	[] --template_seeding--> ['template(decrement_by_one,177)']		0.84999999999999998
	[] --template_seeding--> ['template(nonblocking_to_blocking,235)']		0.92500000000000004
	[] --template_seeding--> ['template(decrement_by_one,299)']		0
	[] --template_seeding--> ['template(sens_to_level,93)']		0.92500000000000004
	[] --template_seeding--> ['template(sens_to_all,95)']		0
	[] --template_seeding--> ['template(nonblocking_to_blocking,307)']		0.92500000000000004
	[] --template_seeding--> ['template(increment_by_one,99)']		0.75
	[] --template_seeding--> ['template(sens_to_posedge,91)']		0
	[] --template_seeding--> ['template(sens_to_negedge,91)']		0
	[] --template_seeding--> ['template(negate_equality,133)']		0.72499999999999998
	[] --template_seeding--> ['template(blocking_to_nonblocking,173)']		0.90000000000000002
	[] --template_seeding--> ['template(increment_by_one,319)']		0
	[] --template_seeding--> ['template(nonblocking_to_blocking,276)']		0.92500000000000004
	[] --template_seeding--> ['template(sens_to_negedge,95)']		0
	[] --template_seeding--> ['template(sens_to_posedge,91)']		0
	[] --template_seeding--> ['template(sens_to_negedge,89)']		0
	[] --template_seeding--> ['template(nonblocking_to_blocking,242)']		0.92500000000000004
	[] --template_seeding--> ['template(increment_by_one,121)']		0.82499999999999996
	[] --template_seeding--> ['template(blocking_to_nonblocking,179)']		0.92500000000000004
	[] --template_seeding--> ['template(sens_to_negedge,89)']		0
	[] --template_seeding--> ['template(blocking_to_nonblocking,107)']		0.92500000000000004
	[] --template_seeding--> []		0.92500000000000004
	[] --template_seeding--> ['template(decrement_by_one,350)']		0.5714285714285714
	[] --template_seeding--> ['template(sens_to_negedge,222)']		0.94999999999999996
	[] --template_seeding--> ['template(increment_by_one,96)']		0
	[] --template_seeding--> ['template(decrement_by_one,213)']		0.92500000000000004
	[] --template_seeding--> ['template(decrement_by_one,217)']		0
	[] --template_seeding--> []		0.92500000000000004
	[] --template_seeding--> ['template(nonblocking_to_blocking,307)']		0.92500000000000004
	[] --template_seeding--> ['template(increment_by_one,339)']		0
	[] --template_seeding--> []		0.92500000000000004
	[] --template_seeding--> ['template(increment_by_one,278)']		0
	[] --template_seeding--> ['template(sens_to_negedge,95)']		0
	[] --template_seeding--> ['template(decrement_by_one,268)']		0.59999999999999998
	[] --template_seeding--> ['template(decrement_by_one,134)']		0.84999999999999998
	[] --template_seeding--> ['template(sens_to_negedge,93)']		0
	[] --template_seeding--> []		0.92500000000000004
	[] --template_seeding--> ['template(decrement_by_one,177)']		0.84999999999999998
	[] --template_seeding--> ['template(nonblocking_to_blocking,337)']		0.92500000000000004
	[] --template_seeding--> ['template(nonblocking_to_blocking,264)']		0.66666666666666663
	[] --template_seeding--> ['template(sens_to_level,222)']		0.84999999999999998
	[] --template_seeding--> ['template(increment_by_one,213)']		0.92500000000000004
	[] --template_seeding--> ['template(nonblocking_to_blocking,337)']		0.92500000000000004
	[] --template_seeding--> ['template(increment_by_one,104)']		0.65000000000000002
	[] --template_seeding--> []		0.92500000000000004
	[] --template_seeding--> ['template(nonblocking_to_blocking,256)']		0.92500000000000004
	[] --template_seeding--> ['template(sens_to_posedge,95)']		0
	[] --template_seeding--> []		0.92500000000000004
	[] --template_seeding--> ['template(blocking_to_nonblocking,173)']		0.90000000000000002
	[] --template_seeding--> ['template(increment_by_one,145)']		0
	[] --template_seeding--> ['template(blocking_to_nonblocking,161)']		0.92500000000000004
	[] --template_seeding--> ['template(nonblocking_to_blocking,242)']		0.92500000000000004
	[] --template_seeding--> ['template(increment_by_one,199)']		0
	[] --template_seeding--> ['template(sens_to_posedge,93)']		0
	[] --template_seeding--> ['template(decrement_by_one,147)']		0.92500000000000004
	[] --template_seeding--> ['template(sens_to_level,91)']		0.92500000000000004
	[] --template_seeding--> ['template(nonblocking_to_blocking,242)']		0.92500000000000004
	[] --template_seeding--> ['template(sens_to_level,95)']		0.92500000000000004
	[] --template_seeding--> ['template(increment_by_one,206)']		0.92500000000000004
	[] --template_seeding--> ['template(sens_to_all,93)']		0
	[] --template_seeding--> ['template(nonblocking_to_blocking,256)']		0.92500000000000004
	[] --template_seeding--> ['template(nonblocking_to_blocking,235)']		0.92500000000000004
	[] --template_seeding--> ['template(blocking_to_nonblocking,107)']		0.92500000000000004
	[] --template_seeding--> ['template(sens_to_negedge,222)']		0.94999999999999996
	[] --template_seeding--> ['template(blocking_to_nonblocking,215)']		0.92500000000000004
	[] --template_seeding--> ['template(increment_by_one,159)']		0.92500000000000004
	[] --template_seeding--> ['template(sens_to_negedge,95)']		0
	[] --template_seeding--> []		0.92500000000000004
	[] --template_seeding--> []		0.92500000000000004
	[] --template_seeding--> ['template(sens_to_all,222)']		0.75
	[] --template_seeding--> ['template(negate_equality,169)']		0.59999999999999998
	[] --template_seeding--> ['template(sens_to_level,93)']		0.92500000000000004
	[] --template_seeding--> ['template(negate_equality,103)']		0.65000000000000002
	[] --template_seeding--> ['template(decrement_by_one,244)']		0
	[] --template_seeding--> ['template(sens_to_level,91)']		0.92500000000000004
	[] --template_seeding--> ['template(decrement_by_one,206)']		0.92500000000000004
	[] --template_seeding--> ['template(increment_by_one,272)']		0.20481927710843373
	[] --template_seeding--> ['template(increment_by_one,219)']		0.92500000000000004
	[] --template_seeding--> ['template(sens_to_posedge,91)']		0
	[] --template_seeding--> ['template(blocking_to_nonblocking,127)']		0.92500000000000004
	[] --template_seeding--> ['template(increment_by_one,165)']		0.92500000000000004
	[] --template_seeding--> ['template(sens_to_posedge,93)']		0
	[] --template_seeding--> ['template(sens_to_posedge,222)']		0.92500000000000004
	[] --template_seeding--> []		0.92500000000000004
	[] --template_seeding--> ['template(blocking_to_nonblocking,143)']		0.92500000000000004
	[] --template_seeding--> ['template(decrement_by_one,348)']		0
	[] --template_seeding--> []		0.92500000000000004
	[] --template_seeding--> ['template(decrement_by_one,149)']		0.92500000000000004
	[] --template_seeding--> ['template(sens_to_level,93)']		0.92500000000000004
	[] --template_seeding--> ['template(decrement_by_one,157)']		0
	[] --template_seeding--> ['template(negate_equality,103)']		0.65000000000000002
	[] --template_seeding--> ['template(blocking_to_nonblocking,191)']		0.92500000000000004
	[] --template_seeding--> []		0.92500000000000004
	[] --template_seeding--> ['template(blocking_to_nonblocking,137)']		0.90000000000000002
	[] --template_seeding--> ['template(negate_equality,169)']		0.59999999999999998
	[] --template_seeding--> ['template(decrement_by_one,325)']		0.875
	[] --template_seeding--> ['template(decrement_by_one,193)']		0
	[] --template_seeding--> ['template(nonblocking_to_blocking,242)']		0.92500000000000004
	[] --template_seeding--> ['template(sens_to_posedge,93)']		0
	[] --template_seeding--> ['template(negate_equality,169)']		0.59999999999999998
	[] --template_seeding--> ['template(negate_equality,123)']		0.65000000000000002
	[] --template_seeding--> ['template(sens_to_negedge,91)']		0
	[] --template_seeding--> ['template(nonblocking_to_blocking,297)']		0.92500000000000004
	[] --template_seeding--> ['template(sens_to_negedge,89)']		0
	[] --template_seeding--> ['template(decrement_by_one,157)']		0
	[] --template_seeding--> ['template(blocking_to_nonblocking,107)']		0.92500000000000004
	[] --template_seeding--> []		0.92500000000000004
	[] --template_seeding--> []		0.92500000000000004
	[] --template_seeding--> ['template(increment_by_one,305)']		0.82499999999999996
	[] --template_seeding--> ['template(decrement_by_one,278)']		0
	[] --template_seeding--> ['template(increment_by_one,139)']		0
	[] --template_seeding--> ['template(sens_to_negedge,91)']		0
	[] --template_seeding--> []		0.92500000000000004
	[] --template_seeding--> ['template(sens_to_posedge,93)']		0
	[] --template_seeding--> ['template(blocking_to_nonblocking,127)']		0.92500000000000004
	[] --template_seeding--> ['template(negate_equality,123)']		0.65000000000000002
	[] --template_seeding--> []		0.92500000000000004
	[] --template_seeding--> ['template(sens_to_negedge,222)']		0.94999999999999996
	[] --template_seeding--> ['template(sens_to_level,95)']		0.92500000000000004
	[] --template_seeding--> ['template(sens_to_level,222)']		0.84999999999999998
	[] --template_seeding--> ['template(sens_to_level,93)']		0.92500000000000004
	[] --template_seeding--> ['template(sens_to_posedge,89)']		0
	[] --template_seeding--> ['template(nonblocking_to_blocking,242)']		0.92500000000000004
	[] --template_seeding--> ['template(sens_to_level,93)']		0.92500000000000004
	[] --template_seeding--> ['template(blocking_to_nonblocking,143)']		0.92500000000000004
	[] --template_seeding--> ['template(increment_by_one,114)']		0.65000000000000002
	[] --template_seeding--> ['template(decrement_by_one,90)']		0
	[] --template_seeding--> []		0.92500000000000004
	[] --template_seeding--> ['template(increment_by_one,121)']		0.82499999999999996
	[] --template_seeding--> ['template(decrement_by_one,219)']		0.92500000000000004
	[] --template_seeding--> ['template(sens_to_all,222)']		0.75
	[] --template_seeding--> ['template(increment_by_one,147)']		0.65000000000000002
	[] --template_seeding--> ['template(decrement_by_one,101)']		0.75
	[] --template_seeding--> ['template(nonblocking_to_blocking,297)']		0.92500000000000004
	[] --template_seeding--> ['template(decrement_by_one,139)']		0
	[] --template_seeding--> ['template(sens_to_posedge,89)']		0
	[] --template_seeding--> ['template(negate_equality,133)']		0.72499999999999998
	[] --template_seeding--> []		0.92500000000000004
	[] --template_seeding--> ['template(increment_by_one,272)']		0.20481927710843373
	[] --template_seeding--> ['template(sens_to_all,95)']		0
	[] --template_seeding--> []		0.92500000000000004
	[] --template_seeding--> ['template(nonblocking_to_blocking,337)']		0.92500000000000004
	[] --template_seeding--> []		0.92500000000000004
	[] --template_seeding--> ['template(decrement_by_one,237)']		0
	[] --template_seeding--> ['template(increment_by_one,149)']		0.92500000000000004
	[] --template_seeding--> []		0.92500000000000004
	[] --template_seeding--> ['template(blocking_to_nonblocking,143)']		0.92500000000000004
	[] --template_seeding--> ['template(negate_equality,205)']		0.92500000000000004
	[] --template_seeding--> []		0.92500000000000004
	[] --template_seeding--> ['template(increment_by_one,309)']		0
	[] --template_seeding--> ['template(negate_equality,169)']		0.59999999999999998
	[] --template_seeding--> []		0.92500000000000004
	[] --template_seeding--> ['template(increment_by_one,183)']		0.92500000000000004
	[] --template_seeding--> ['template(sens_to_level,91)']		0.92500000000000004
	[] --template_seeding--> ['template(sens_to_level,93)']		0.92500000000000004
	[] --template_seeding--> []		0.92500000000000004
	[] --template_seeding--> ['template(sens_to_all,91)']		0
	[] --template_seeding--> []		0.92500000000000004
	[] --template_seeding--> ['template(increment_by_one,268)']		0.47499999999999998
	[] --template_seeding--> ['template(decrement_by_one,175)']		0
	[] --template_seeding--> []		0.92500000000000004
	[] --template_seeding--> ['template(sens_to_all,95)']		0
	[] --template_seeding--> []		0.92500000000000004
	[] --template_seeding--> ['template(sens_to_negedge,95)']		0
	[] --template_seeding--> ['template(increment_by_one,211)']		0
	[] --template_seeding--> []		0.92500000000000004
	[] --template_seeding--> ['template(increment_by_one,274)']		0.5714285714285714
	[] --template_seeding--> []		0.92500000000000004
	[] --template_seeding--> ['template(decrement_by_one,203)']		0.92500000000000004
	[] --template_seeding--> ['template(increment_by_one,90)']		0
	[] --template_seeding--> ['template(blocking_to_nonblocking,107)']		0.92500000000000004
	[] --template_seeding--> []		0.92500000000000004
	[] --template_seeding--> ['template(sens_to_negedge,95)']		0
	[] --template_seeding--> ['template(blocking_to_nonblocking,179)']		0.92500000000000004
	[] --template_seeding--> ['template(decrement_by_one,188)']		0.75
	[] --template_seeding--> []		0.92500000000000004
	[] --template_seeding--> ['template(sens_to_level,89)']		0.92500000000000004
	[] --template_seeding--> ['template(sens_to_posedge,93)']		0
	[] --template_seeding--> ['template(decrement_by_one,145)']		0
	[] --template_seeding--> ['template(decrement_by_one,134)']		0.84999999999999998
	[] --template_seeding--> ['template(negate_equality,123)']		0.65000000000000002
	[] --template_seeding--> []		0.92500000000000004
	[] --template_seeding--> ['template(blocking_to_nonblocking,117)']		0.92500000000000004
	[] --template_seeding--> []		0.92500000000000004
	[] --template_seeding--> ['template(nonblocking_to_blocking,327)']		0.92500000000000004
	[] --template_seeding--> ['template(increment_by_one,119)']		0
	[] --template_seeding--> ['template(decrement_by_one,211)']		0
	[] --template_seeding--> ['template(decrement_by_one,339)']		0
	[] --template_seeding--> ['template(sens_to_negedge,91)']		0
	[] --template_seeding--> ['template(nonblocking_to_blocking,276)']		0.92500000000000004
	[] --template_seeding--> []		0.92500000000000004
	[] --template_seeding--> []		0.92500000000000004
	[] --template_seeding--> []		0.92500000000000004
	[] --template_seeding--> ['template(blocking_to_nonblocking,117)']		0.92500000000000004
	[] --template_seeding--> ['template(negate_equality,123)']		0.65000000000000002
	[] --template_seeding--> ['template(blocking_to_nonblocking,137)']		0.90000000000000002
	[] --template_seeding--> ['template(decrement_by_one,315)']		0.875
	[] --template_seeding--> ['template(increment_by_one,170)']		0.59999999999999998
	[] --template_seeding--> []		0.92500000000000004
	[] --template_seeding--> ['template(increment_by_one,230)']		0
	[] --template_seeding--> []		0.92500000000000004
	[] --template_seeding--> ['template(sens_to_negedge,89)']		0
	[] --template_seeding--> []		0.92500000000000004
	[] --template_seeding--> []		0.92500000000000004
	[] --template_seeding--> ['template(negate_equality,113)']		0.65000000000000002
	[] --template_seeding--> ['template(decrement_by_one,114)']		0.875
	[] --template_seeding--> ['template(decrement_by_one,134)']		0.84999999999999998
	[] --template_seeding--> ['template(increment_by_one,167)']		0.59999999999999998
	[] --template_seeding--> ['template(negate_equality,103)']		0.65000000000000002
	[] --template_seeding--> ['template(sens_to_all,222)']		0.75
	[] --template_seeding--> ['template(negate_equality,123)']		0.65000000000000002
	[] --template_seeding--> ['template(sens_to_all,93)']		0
	[] --template_seeding--> []		0.92500000000000004
	[] --template_seeding--> ['template(increment_by_one,226)']		0.75
	[] --template_seeding--> ['template(nonblocking_to_blocking,276)']		0.92500000000000004
	[] --template_seeding--> ['template(negate_equality,169)']		0.59999999999999998
	[] --template_seeding--> []		0.92500000000000004
	[] --template_seeding--> ['template(increment_by_one,134)']		0.72499999999999998
	[] --template_seeding--> ['template(negate_equality,133)']		0.72499999999999998
	[] --template_seeding--> ['template(increment_by_one,348)']		0
	[] --template_seeding--> ['template(sens_to_negedge,91)']		0
	[] --template_seeding--> ['template(nonblocking_to_blocking,307)']		0.92500000000000004
	[] --template_seeding--> ['template(sens_to_posedge,95)']		0
	[] --template_seeding--> ['template(increment_by_one,223)']		0
	[] --template_seeding--> ['template(sens_to_level,95)']		0.92500000000000004
	[] --template_seeding--> ['template(nonblocking_to_blocking,290)']		0.92500000000000004
	[] --template_seeding--> ['template(increment_by_one,285)']		0
	[] --template_seeding--> ['template(blocking_to_nonblocking,107)']		0.92500000000000004
	[] --template_seeding--> ['template(decrement_by_one,96)']		0
	[] --template_seeding--> ['template(increment_by_one,199)']		0
	[] --template_seeding--> ['template(nonblocking_to_blocking,317)']		0.92500000000000004
	[] --template_seeding--> []		0.92500000000000004
	[] --template_seeding--> ['template(nonblocking_to_blocking,297)']		0.92500000000000004
	[] --template_seeding--> ['template(blocking_to_nonblocking,143)']		0.92500000000000004
	[] --template_seeding--> []		0.92500000000000004
	[] --template_seeding--> ['template(decrement_by_one,230)']		0
	[] --template_seeding--> []		0.92500000000000004
	[] --template_seeding--> ['template(negate_equality,187)']		0.75
	[] --template_seeding--> ['template(decrement_by_one,329)']		0
	[] --template_seeding--> ['template(decrement_by_one,109)']		0
	[] --template_seeding--> ['template(increment_by_one,104)']		0.65000000000000002
	[] --template_seeding--> ['template(blocking_to_nonblocking,197)']		0.92500000000000004
	[] --template_seeding--> ['template(nonblocking_to_blocking,290)']		0.92500000000000004
	[] --template_seeding--> ['template(increment_by_one,258)']		0
	[] --template_seeding--> ['template(blocking_to_nonblocking,143)']		0.92500000000000004
	[] --template_seeding--> ['template(sens_to_all,89)']		0
	[] --template_seeding--> ['template(negate_equality,187)']		0.75
	[] --template_seeding--> ['template(sens_to_negedge,89)']		0
	[] --template_seeding--> ['template(decrement_by_one,99)']		0.75
	[] --template_seeding--> ['template(blocking_to_nonblocking,191)']		0.92500000000000004
	[] --template_seeding--> ['template(nonblocking_to_blocking,327)']		0.92500000000000004
	[] --template_seeding--> ['template(blocking_to_nonblocking,143)']		0.92500000000000004
	[] --template_seeding--> []		0.92500000000000004
	[] --template_seeding--> ['template(decrement_by_one,325)']		0.875
	[] --template_seeding--> []		0.92500000000000004
	[] --template_seeding--> ['template(blocking_to_nonblocking,197)']		0.92500000000000004
	[] --template_seeding--> ['template(sens_to_negedge,91)']		0
	[] --template_seeding--> ['template(blocking_to_nonblocking,127)']		0.92500000000000004
	[] --template_seeding--> ['template(sens_to_all,95)']		0
	[] --template_seeding--> ['template(negate_equality,113)']		0.65000000000000002
	[] --template_seeding--> []		0.92500000000000004
	[] --template_seeding--> ['template(nonblocking_to_blocking,276)']		0.92500000000000004
	[] --template_seeding--> ['template(increment_by_one,157)']		0
	[] --template_seeding--> ['template(nonblocking_to_blocking,346)']		0.5714285714285714
	[] --template_seeding--> ['template(decrement_by_one,193)']		0
	[] --template_seeding--> []		0.92500000000000004
	[] --template_seeding--> ['template(nonblocking_to_blocking,327)']		0.92500000000000004
	[] --template_seeding--> ['template(increment_by_one,131)']		0.82499999999999996
	[] --template_seeding--> ['template(sens_to_posedge,222)']		0.92500000000000004
	[] --template_seeding--> ['template(increment_by_one,147)']		0.65000000000000002
	[] --template_seeding--> ['template(increment_by_one,181)']		0
	[] --template_seeding--> ['template(negate_equality,169)']		0.59999999999999998
	[] --template_seeding--> ['template(decrement_by_one,329)']		0
	[] --template_seeding--> ['template(blocking_to_nonblocking,127)']		0.92500000000000004
	[] --template_seeding--> ['template(sens_to_negedge,222)']		0.94999999999999996
	[] --template_seeding--> ['template(sens_to_level,95)']		0.92500000000000004
	[] --template_seeding--> ['template(decrement_by_one,272)']		0.5714285714285714
	[] --template_seeding--> []		0.92500000000000004
	[] --template_seeding--> ['template(negate_equality,133)']		0.72499999999999998
	[] --template_seeding--> ['template(decrement_by_one,175)']		0
	[] --template_seeding--> ['template(sens_to_all,95)']		0
	[] --template_seeding--> []		0.92500000000000004
	[] --template_seeding--> ['template(sens_to_posedge,222)']		0.92500000000000004
	[] --template_seeding--> ['template(sens_to_level,89)']		0.92500000000000004
	[] --template_seeding--> []		0.92500000000000004
	[] --template_seeding--> ['template(decrement_by_one,203)']		0.92500000000000004
	[] --template_seeding--> []		0.92500000000000004
	[] --template_seeding--> ['template(sens_to_posedge,91)']		0
	[] --template_seeding--> ['template(negate_equality,169)']		0.59999999999999998
	[] --template_seeding--> ['template(negate_equality,205)']		0.92500000000000004
	[] --template_seeding--> ['template(decrement_by_one,94)']		0
	[] --template_seeding--> ['template(negate_equality,151)']		0.92500000000000004
	[] --template_seeding--> ['template(increment_by_one,260)']		0.90000000000000002
	[] --template_seeding--> ['template(nonblocking_to_blocking,276)']		0.92500000000000004
	[] --template_seeding--> []		0.92500000000000004
	[] --template_seeding--> ['template(sens_to_negedge,89)']		0
	[] --template_seeding--> ['template(decrement_by_one,223)']		0
	[] --template_seeding--> ['template(sens_to_all,95)']		0
	[] --template_seeding--> ['template(blocking_to_nonblocking,197)']		0.92500000000000004
	[] --template_seeding--> ['template(nonblocking_to_blocking,264)']		0.66666666666666663
	[] --template_seeding--> ['template(sens_to_all,93)']		0
	[] --template_seeding--> ['template(nonblocking_to_blocking,327)']		0.92500000000000004
	[] --template_seeding--> ['template(decrement_by_one,181)']		0
	[] --template_seeding--> ['template(negate_equality,133)']		0.72499999999999998
	[] --template_seeding--> ['template(negate_equality,205)']		0.92500000000000004
	[] --template_seeding--> ['template(nonblocking_to_blocking,346)']		0.5714285714285714
	[] --template_seeding--> ['template(negate_equality,187)']		0.75
	[] --template_seeding--> ['template(nonblocking_to_blocking,276)']		0.92500000000000004
	[] --template_seeding--> ['template(nonblocking_to_blocking,235)']		0.92500000000000004
	[] --template_seeding--> ['template(nonblocking_to_blocking,242)']		0.92500000000000004
	[] --template_seeding--> ['template(sens_to_all,91)']		0
	[] --template_seeding--> ['template(sens_to_negedge,222)']		0.94999999999999996
	[] --template_seeding--> ['template(decrement_by_one,258)']		0
	[] --template_seeding--> ['template(sens_to_negedge,95)']		0
	[] --template_seeding--> ['template(negate_equality,187)']		0.75
	[] --template_seeding--> ['template(blocking_to_nonblocking,137)']		0.90000000000000002
	[] --template_seeding--> ['template(nonblocking_to_blocking,264)']		0.66666666666666663
	[] --template_seeding--> ['template(blocking_to_nonblocking,191)']		0.92500000000000004
	[] --template_seeding--> ['template(negate_equality,169)']		0.59999999999999998
	[] --template_seeding--> []		0.92500000000000004
	[] --template_seeding--> ['template(sens_to_level,91)']		0.92500000000000004
	[] --template_seeding--> ['template(increment_by_one,99)']		0.75
	[] --template_seeding--> ['template(nonblocking_to_blocking,228)']		0.92500000000000004
	[] --template_seeding--> ['template(increment_by_one,147)']		0.65000000000000002
	[] --template_seeding--> ['template(decrement_by_one,329)']		0
	[] --template_seeding--> []		0.92500000000000004
	[] --template_seeding--> ['template(blocking_to_nonblocking,155)']		0.92500000000000004
	[] --template_seeding--> ['template(sens_to_level,93)']		0.92500000000000004
	[] --template_seeding--> []		0.92500000000000004
	[] --template_seeding--> ['template(decrement_by_one,121)']		0.82499999999999996
	[] --template_seeding--> ['template(nonblocking_to_blocking,297)']		0.92500000000000004
	[] --template_seeding--> ['template(increment_by_one,185)']		0.75
	[] --template_seeding--> ['template(blocking_to_nonblocking,127)']		0.92500000000000004
	[] --template_seeding--> ['template(sens_to_level,91)']		0.92500000000000004
	[] --template_seeding--> ['template(sens_to_posedge,222)']		0.92500000000000004
	[] --template_seeding--> ['template(sens_to_posedge,222)']		0.92500000000000004
	[] --template_seeding--> ['template(nonblocking_to_blocking,307)']		0.92500000000000004
	[] --template_seeding--> []		0.92500000000000004
	[] --template_seeding--> ['template(decrement_by_one,309)']		0
	[] --template_seeding--> []		0.92500000000000004
	[] --template_seeding--> []		0.92500000000000004
	[] --template_seeding--> []		0.92500000000000004
	[] --template_seeding--> ['template(increment_by_one,258)']		0
	[] --template_seeding--> []		0.92500000000000004
	[] --template_seeding--> ['template(increment_by_one,315)']		0.77500000000000002
	[] --template_seeding--> ['template(blocking_to_nonblocking,155)']		0.92500000000000004
	[] --template_seeding--> ['template(decrement_by_one,114)']		0.875
	[] --template_seeding--> ['template(decrement_by_one,152)']		0.92500000000000004
	[] --template_seeding--> ['template(nonblocking_to_blocking,327)']		0.92500000000000004
	[] --template_seeding--> ['template(negate_equality,113)']		0.65000000000000002
	[] --template_seeding--> ['template(increment_by_one,141)']		0.84999999999999998
	[] --template_seeding--> []		0.92500000000000004
	[] --template_seeding--> ['template(increment_by_one,335)']		0.84999999999999998
	[] --template_seeding--> []		0.92500000000000004
	[] --template_seeding--> ['template(nonblocking_to_blocking,283)']		0.92500000000000004
	[] --template_seeding--> ['template(sens_to_all,222)']		0.75
	[] --template_seeding--> ['template(negate_equality,151)']		0.92500000000000004
	[] --template_seeding--> ['template(increment_by_one,348)']		0
	[] --template_seeding--> ['template(negate_equality,205)']		0.92500000000000004
	[] --template_seeding--> ['template(nonblocking_to_blocking,317)']		0.92500000000000004
	[] --template_seeding--> ['template(sens_to_level,89)']		0.92500000000000004
	[] --template_seeding--> ['template(negate_equality,151)']		0.92500000000000004
	[] --template_seeding--> ['template(increment_by_one,199)']		0
	[] --template_seeding--> ['template(nonblocking_to_blocking,297)']		0.92500000000000004
	[] --template_seeding--> ['template(blocking_to_nonblocking,191)']		0.92500000000000004
	[] --template_seeding--> []		0.92500000000000004
	[] --template_seeding--> ['template(increment_by_one,99)']		0.75
	[] --template_seeding--> ['template(increment_by_one,325)']		0.72499999999999998
	[] --template_seeding--> ['template(increment_by_one,167)']		0.59999999999999998
	[] --template_seeding--> []		0.92500000000000004
	[] --template_seeding--> ['template(increment_by_one,339)']		0
	[] --template_seeding--> ['template(blocking_to_nonblocking,197)']		0.92500000000000004
	[] --template_seeding--> ['template(nonblocking_to_blocking,249)']		0.92500000000000004
	[] --template_seeding--> ['template(blocking_to_nonblocking,107)']		0.92500000000000004
	[] --template_seeding--> []		0.92500000000000004
	[] --template_seeding--> ['template(blocking_to_nonblocking,179)']		0.92500000000000004
	[] --template_seeding--> ['template(decrement_by_one,157)']		0
	[] --template_seeding--> ['template(increment_by_one,94)']		0
	[] --template_seeding--> []		0.92500000000000004
	[] --template_seeding--> []		0.92500000000000004
	[] --template_seeding--> ['template(nonblocking_to_blocking,283)']		0.92500000000000004
	[] --template_seeding--> ['template(increment_by_one,348)']		0
	[] --template_seeding--> ['template(decrement_by_one,145)']		0
	[] --template_seeding--> []		0.92500000000000004
	[] --template_seeding--> []		0.92500000000000004
	[] --template_seeding--> ['template(blocking_to_nonblocking,107)']		0.92500000000000004
	[] --template_seeding--> ['template(decrement_by_one,157)']		0
	[] --template_seeding--> ['template(increment_by_one,217)']		0
	[] --template_seeding--> ['template(blocking_to_nonblocking,117)']		0.92500000000000004
	[] --template_seeding--> ['template(negate_equality,113)']		0.65000000000000002
	[] --template_seeding--> []		0.92500000000000004
	[] --template_seeding--> ['template(nonblocking_to_blocking,337)']		0.92500000000000004
	[] --template_seeding--> ['template(increment_by_one,163)']		0
	[] --template_seeding--> ['template(blocking_to_nonblocking,161)']		0.92500000000000004
	[] --template_seeding--> []		0.92500000000000004
	[] --template_seeding--> ['template(blocking_to_nonblocking,117)']		0.92500000000000004
	[] --template_seeding--> ['template(nonblocking_to_blocking,249)']		0.92500000000000004
	[] --template_seeding--> []		0.92500000000000004
	[] --template_seeding--> []		0.92500000000000004
	[] --template_seeding--> ['template(decrement_by_one,292)']		0
	[] --template_seeding--> ['template(negate_equality,187)']		0.75
	[] --template_seeding--> []		0.92500000000000004
	[] --template_seeding--> ['template(negate_equality,187)']		0.75
	[] --template_seeding--> ['template(sens_to_negedge,95)']		0
	[] --template_seeding--> ['template(increment_by_one,203)']		0.92500000000000004
	[] --template_seeding--> ['template(decrement_by_one,285)']		0
	[] --template_seeding--> ['template(blocking_to_nonblocking,179)']		0.92500000000000004
	[] --template_seeding--> []		0.92500000000000004
	[] --template_seeding--> ['template(nonblocking_to_blocking,242)']		0.92500000000000004
	[] --template_seeding--> ['template(negate_equality,169)']		0.59999999999999998
	[] --template_seeding--> ['template(blocking_to_nonblocking,107)']		0.92500000000000004
	[] --template_seeding--> ['template(blocking_to_nonblocking,127)']		0.92500000000000004
	[] --template_seeding--> []		0.92500000000000004
	[] --template_seeding--> []		0.92500000000000004
	[] --template_seeding--> []		0.92500000000000004
	[] --template_seeding--> ['template(increment_by_one,285)']		0
	[] --template_seeding--> []		0.92500000000000004
	[] --template_seeding--> []		0.92500000000000004
	[] --template_seeding--> ['template(negate_equality,103)']		0.65000000000000002
	[] --template_seeding--> ['template(nonblocking_to_blocking,346)']		0.5714285714285714
	[] --template_seeding--> ['template(sens_to_negedge,93)']		0
	[] --template_seeding--> ['template(increment_by_one,199)']		0
	[] --template_seeding--> ['template(decrement_by_one,177)']		0.84999999999999998
	[] --template_seeding--> ['template(decrement_by_one,251)']		0
	[] --template_seeding--> ['template(decrement_by_one,219)']		0.92500000000000004
	[] --template_seeding--> ['template(increment_by_one,223)']		0
	[] --template_seeding--> []		0.92500000000000004
	[] --template_seeding--> ['template(increment_by_one,315)']		0.77500000000000002
	[] --template_seeding--> ['template(negate_equality,113)']		0.65000000000000002
	[] --template_seeding--> []		0.92500000000000004
	[] --template_seeding--> ['template(decrement_by_one,272)']		0.5714285714285714
	[] --template_seeding--> ['template(increment_by_one,129)']		0
	[] --template_seeding--> []		0.92500000000000004
	[] --template_seeding--> ['template(blocking_to_nonblocking,191)']		0.92500000000000004
	[] --template_seeding--> []		0.92500000000000004
	[] --template_seeding--> []		0.92500000000000004
	[] --template_seeding--> ['template(sens_to_negedge,91)']		0
	[] --template_seeding--> ['template(blocking_to_nonblocking,161)']		0.92500000000000004
	[] --template_seeding--> ['template(increment_by_one,181)']		0
	[] --template_seeding--> ['template(sens_to_level,93)']		0.92500000000000004
	[] --template_seeding--> ['template(negate_equality,113)']		0.65000000000000002
	[] --template_seeding--> ['template(sens_to_all,95)']		0
	[] --template_seeding--> ['template(sens_to_negedge,89)']		0
	[] --template_seeding--> []		0.92500000000000004
	[] --template_seeding--> ['template(sens_to_level,222)']		0.84999999999999998
	[] --template_seeding--> ['template(decrement_by_one,258)']		0
	[] --template_seeding--> ['template(decrement_by_one,237)']		0
	[] --template_seeding--> ['template(sens_to_level,222)']		0.84999999999999998
	[] --template_seeding--> ['template(sens_to_all,222)']		0.75
	[] --template_seeding--> ['template(decrement_by_one,348)']		0
	[] --template_seeding--> ['template(sens_to_level,95)']		0.92500000000000004
	[] --template_seeding--> ['template(increment_by_one,211)']		0
	[] --template_seeding--> []		0.92500000000000004
	[] --template_seeding--> ['template(increment_by_one,309)']		0
	[] --template_seeding--> ['template(sens_to_negedge,222)']		0.94999999999999996
	[] --template_seeding--> ['template(increment_by_one,319)']		0
	[] --template_seeding--> ['template(decrement_by_one,230)']		0
	[] --template_seeding--> []		0.92500000000000004
	[] --template_seeding--> []		0.92500000000000004
	[] --template_seeding--> ['template(increment_by_one,139)']		0
	[] --template_seeding--> ['template(decrement_by_one,223)']		0
	[] --template_seeding--> ['template(negate_equality,205)']		0.92500000000000004
	[] --template_seeding--> ['template(sens_to_posedge,89)']		0
	[] --template_seeding--> []		0.92500000000000004
	[] --template_seeding--> ['template(sens_to_all,91)']		0
	[] --template_seeding--> ['template(sens_to_level,89)']		0.92500000000000004
	[] --template_seeding--> ['template(sens_to_level,222)']		0.84999999999999998
	[] --template_seeding--> ['template(negate_equality,187)']		0.75
	[] --template_seeding--> []		0.92500000000000004
	[] --template_seeding--> []		0.92500000000000004
	[] --template_seeding--> ['template(increment_by_one,329)']		0
	[] --template_seeding--> []		0.92500000000000004
	[] --template_seeding--> []		0.92500000000000004
	[] --template_seeding--> ['template(increment_by_one,274)']		0.5714285714285714
	[] --template_seeding--> []		0.92500000000000004
	[] --template_seeding--> ['template(decrement_by_one,350)']		0.5714285714285714
	[] --template_seeding--> []		0.92500000000000004
	[] --template_seeding--> []		0.92500000000000004
	[] --template_seeding--> ['template(nonblocking_to_blocking,276)']		0.92500000000000004
	[] --template_seeding--> ['template(sens_to_all,91)']		0
	[] --template_seeding--> ['template(nonblocking_to_blocking,249)']		0.92500000000000004
	[] --template_seeding--> ['template(increment_by_one,335)']		0.84999999999999998
	[] --template_seeding--> ['template(increment_by_one,217)']		0
	[] --template_seeding--> ['template(nonblocking_to_blocking,283)']		0.92500000000000004
	[] --template_seeding--> []		0.92500000000000004
	[] --template_seeding--> ['template(increment_by_one,223)']		0
	[] --template_seeding--> ['template(negate_equality,169)']		0.59999999999999998
	[] --template_seeding--> []		0.92500000000000004
	[] --template_seeding--> ['template(increment_by_one,251)']		0
	[] --template_seeding--> []		0.92500000000000004
	[] --template_seeding--> ['template(increment_by_one,292)']		0
	[] --template_seeding--> ['template(blocking_to_nonblocking,191)']		0.92500000000000004
	[] --template_seeding--> ['template(negate_equality,151)']		0.92500000000000004
	[] --template_seeding--> ['template(sens_to_level,89)']		0.92500000000000004
	[] --template_seeding--> ['template(sens_to_level,93)']		0.92500000000000004
	[] --template_seeding--> ['template(nonblocking_to_blocking,346)']		0.5714285714285714
	[] --template_seeding--> ['template(decrement_by_one,226)']		0.75
	[] --template_seeding--> []		0.92500000000000004
	[] --template_seeding--> ['template(decrement_by_one,266)']		0
	[] --template_seeding--> ['template(increment_by_one,121)']		0.82499999999999996
	[] --template_seeding--> ['template(nonblocking_to_blocking,276)']		0.92500000000000004
	[] --template_seeding--> ['template(nonblocking_to_blocking,337)']		0.92500000000000004
	[] --template_seeding--> []		0.92500000000000004
	[] --template_seeding--> ['template(sens_to_posedge,95)']		0
	[] --template_seeding--> []		0.92500000000000004
	[] --template_seeding--> ['template(negate_equality,169)']		0.59999999999999998
	[] --template_seeding--> ['template(decrement_by_one,319)']		0
	[] --template_seeding--> ['template(negate_equality,205)']		0.92500000000000004
	[] --template_seeding--> []		0.92500000000000004
	[] --template_seeding--> ['template(sens_to_negedge,93)']		0
	[] --template_seeding--> ['template(increment_by_one,141)']		0.84999999999999998
	[] --template_seeding--> ['template(sens_to_negedge,91)']		0
	[] --template_seeding--> ['template(negate_equality,103)']		0.65000000000000002
	[] --template_seeding--> ['template(decrement_by_one,266)']		0
	[] --template_seeding--> ['template(negate_equality,169)']		0.59999999999999998
	[] --template_seeding--> ['template(blocking_to_nonblocking,161)']		0.92500000000000004
	[] --template_seeding--> ['template(negate_equality,205)']		0.92500000000000004
	[] --template_seeding--> ['template(nonblocking_to_blocking,249)']		0.92500000000000004
	[] --template_seeding--> ['template(negate_equality,205)']		0.92500000000000004
	[] --template_seeding--> []		0.92500000000000004
	[] --template_seeding--> []		0.92500000000000004
	[] --template_seeding--> ['template(negate_equality,133)']		0.72499999999999998
	[] --template_seeding--> ['template(nonblocking_to_blocking,346)']		0.5714285714285714
	[] --template_seeding--> ['template(decrement_by_one,335)']		0.84999999999999998
	[] --template_seeding--> ['template(decrement_by_one,335)']		0.84999999999999998
	[] --template_seeding--> ['template(nonblocking_to_blocking,256)']		0.92500000000000004
	[] --template_seeding--> []		0.92500000000000004
	[] --template_seeding--> ['template(nonblocking_to_blocking,317)']		0.92500000000000004
	[] --template_seeding--> ['template(negate_equality,123)']		0.65000000000000002
	[] --template_seeding--> ['template(sens_to_all,93)']		0
	[] --template_seeding--> ['template(negate_equality,123)']		0.65000000000000002
	[] --template_seeding--> ['template(sens_to_level,89)']		0.92500000000000004
	[] --template_seeding--> ['template(blocking_to_nonblocking,161)']		0.92500000000000004
	[] --template_seeding--> ['template(increment_by_one,226)']		0.75
	[] --template_seeding--> ['template(blocking_to_nonblocking,117)']		0.92500000000000004
	[] --template_seeding--> ['template(sens_to_posedge,91)']		0
	[] --template_seeding--> ['template(negate_equality,169)']		0.59999999999999998
	[] --template_seeding--> ['template(nonblocking_to_blocking,297)']		0.92500000000000004
	[] --template_seeding--> []		0.92500000000000004
	[] --template_seeding--> ['template(negate_equality,103)']		0.65000000000000002
	[] --template_seeding--> []		0.92500000000000004
	[] --template_seeding--> ['template(increment_by_one,104)']		0.65000000000000002
	[] --template_seeding--> []		0.92500000000000004
	[] --template_seeding--> ['template(blocking_to_nonblocking,191)']		0.92500000000000004
	[] --template_seeding--> ['template(sens_to_negedge,91)']		0
	[] --template_seeding--> ['template(nonblocking_to_blocking,317)']		0.92500000000000004
	[] --template_seeding--> ['template(increment_by_one,90)']		0
	[] --template_seeding--> ['template(increment_by_one,251)']		0
	[] --template_seeding--> ['template(increment_by_one,201)']		0.92500000000000004
	[] --template_seeding--> []		0.92500000000000004
	[] --template_seeding--> []		0.92500000000000004
	[] --template_seeding--> ['template(negate_equality,151)']		0.92500000000000004
	[] --template_seeding--> []		0.92500000000000004
	[] --template_seeding--> ['template(nonblocking_to_blocking,276)']		0.92500000000000004
	[] --template_seeding--> ['template(sens_to_negedge,222)']		0.94999999999999996
	[] --template_seeding--> []		0.92500000000000004
	[] --template_seeding--> ['template(increment_by_one,230)']		0
	[] --template_seeding--> ['template(decrement_by_one,124)']		0.875
	[] --template_seeding--> ['template(nonblocking_to_blocking,290)']		0.92500000000000004
	[] --template_seeding--> []		0.92500000000000004
	[] --template_seeding--> []		0.92500000000000004
	[] --template_seeding--> []		0.92500000000000004
	[] --template_seeding--> []		0.92500000000000004
	[] --template_seeding--> ['template(increment_by_one,285)']		0
	[] --template_seeding--> ['template(increment_by_one,319)']		0
	[] --template_seeding--> []		0.92500000000000004
	[] --template_seeding--> ['template(sens_to_level,93)']		0.92500000000000004
	[] --template_seeding--> ['template(increment_by_one,121)']		0.82499999999999996
	[] --template_seeding--> ['template(decrement_by_one,131)']		0.82499999999999996
	[] --template_seeding--> ['template(nonblocking_to_blocking,228)']		0.92500000000000004
	[] --template_seeding--> ['template(blocking_to_nonblocking,179)']		0.92500000000000004
	[] --template_seeding--> []		0.92500000000000004
	[] --template_seeding--> ['template(blocking_to_nonblocking,143)']		0.92500000000000004
	[] --template_seeding--> []		0.92500000000000004
	[] --template_seeding--> ['template(decrement_by_one,99)']		0.75
	[] --template_seeding--> ['template(blocking_to_nonblocking,209)']		0.92500000000000004
	[] --template_seeding--> []		0.92500000000000004
	[] --template_seeding--> ['template(decrement_by_one,258)']		0
	[] --template_seeding--> ['template(increment_by_one,152)']		0.92500000000000004
	[] --template_seeding--> ['template(increment_by_one,94)']		0
	[] --template_seeding--> ['template(negate_equality,123)']		0.65000000000000002
	[] --template_seeding--> ['template(sens_to_all,95)']		0
	[] --template_seeding--> ['template(sens_to_posedge,95)']		0
	[] --template_seeding--> ['template(sens_to_all,222)']		0.75
	[] --template_seeding--> ['template(sens_to_negedge,95)']		0
	[] --template_seeding--> ['template(sens_to_posedge,222)']		0.92500000000000004
	[] --template_seeding--> ['template(blocking_to_nonblocking,107)']		0.92500000000000004
	[] --template_seeding--> ['template(sens_to_negedge,89)']		0
	[] --template_seeding--> ['template(nonblocking_to_blocking,290)']		0.92500000000000004
	[] --template_seeding--> ['template(negate_equality,205)']		0.92500000000000004
	[] --template_seeding--> ['template(negate_equality,123)']		0.65000000000000002
	[] --template_seeding--> []		0.92500000000000004
	[] --template_seeding--> ['template(blocking_to_nonblocking,155)']		0.92500000000000004
	[] --template_seeding--> ['template(blocking_to_nonblocking,137)']		0.90000000000000002
	[] --template_seeding--> ['template(blocking_to_nonblocking,197)']		0.92500000000000004
	[] --template_seeding--> ['template(increment_by_one,90)']		0
	[] --template_seeding--> ['template(sens_to_all,91)']		0
	[] --template_seeding--> ['template(nonblocking_to_blocking,242)']		0.92500000000000004
	[] --template_seeding--> ['template(increment_by_one,149)']		0.92500000000000004
	[] --template_seeding--> []		0.92500000000000004
	[] --template_seeding--> ['template(increment_by_one,201)']		0.92500000000000004
	[] --template_seeding--> ['template(increment_by_one,139)']		0
	[] --template_seeding--> ['template(blocking_to_nonblocking,209)']		0.92500000000000004
	[] --template_seeding--> []		0.92500000000000004
	[] --template_seeding--> ['template(sens_to_posedge,89)']		0
	[] --template_seeding--> ['template(blocking_to_nonblocking,143)']		0.92500000000000004
	[] --template_seeding--> ['template(nonblocking_to_blocking,228)']		0.92500000000000004
	[] --template_seeding--> ['template(blocking_to_nonblocking,197)']		0.92500000000000004
	[] --template_seeding--> ['template(blocking_to_nonblocking,173)']		0.90000000000000002
	[] --template_seeding--> ['template(sens_to_negedge,91)']		0
	[] --template_seeding--> ['template(nonblocking_to_blocking,346)']		0.5714285714285714
	[] --template_seeding--> []		0.92500000000000004
	[] --template_seeding--> ['template(decrement_by_one,139)']		0
	[] --template_seeding--> []		0.92500000000000004
	[] --template_seeding--> ['template(sens_to_posedge,222)']		0.92500000000000004
	[] --template_seeding--> ['template(decrement_by_one,251)']		0
	[] --template_seeding--> ['template(negate_equality,113)']		0.65000000000000002
	[] --template_seeding--> ['template(sens_to_posedge,95)']		0
	[] --template_seeding--> ['template(increment_by_one,211)']		0
	[] --template_seeding--> []		0.92500000000000004
	[] --template_seeding--> ['template(decrement_by_one,188)']		0.75
	[] --template_seeding--> []		0.92500000000000004
	[] --template_seeding--> ['template(blocking_to_nonblocking,155)']		0.92500000000000004
	[] --template_seeding--> []		0.92500000000000004
	[] --template_seeding--> ['template(sens_to_posedge,222)']		0.92500000000000004
	[] --template_seeding--> ['template(sens_to_level,93)']		0.92500000000000004
	[] --template_seeding--> ['template(sens_to_posedge,222)']		0.92500000000000004
	[] --template_seeding--> ['template(decrement_by_one,211)']		0
	[] --template_seeding--> []		0.92500000000000004
	[] --template_seeding--> []		0.92500000000000004
	[] --template_seeding--> ['template(blocking_to_nonblocking,173)']		0.90000000000000002
	[] --template_seeding--> ['template(decrement_by_one,272)']		0.5714285714285714
	[] --template_seeding--> ['template(decrement_by_one,339)']		0
	[] --template_seeding--> ['template(negate_equality,123)']		0.65000000000000002
	[] --template_seeding--> ['template(increment_by_one,272)']		0.20481927710843373
	[] --template_seeding--> ['template(increment_by_one,167)']		0.59999999999999998
	[] --template_seeding--> ['template(decrement_by_one,114)']		0.875
	[] --template_seeding--> []		0.92500000000000004
	[] --template_seeding--> ['template(increment_by_one,278)']		0
	[] --template_seeding--> ['template(blocking_to_nonblocking,209)']		0.92500000000000004
	[] --template_seeding--> ['template(blocking_to_nonblocking,215)']		0.92500000000000004
	[] --template_seeding--> ['template(increment_by_one,147)']		0.65000000000000002
	[] --template_seeding--> ['template(decrement_by_one,195)']		0.90000000000000002
	[] --template_seeding--> ['template(nonblocking_to_blocking,276)']		0.92500000000000004
	[] --template_seeding--> ['template(sens_to_negedge,91)']		0
	[] --template_seeding--> []		0.92500000000000004
	[] --template_seeding--> ['template(increment_by_one,193)']		0
	[] --template_seeding--> ['template(increment_by_one,134)']		0.72499999999999998
	[] --template_seeding--> ['template(blocking_to_nonblocking,143)']		0.92500000000000004
	[] --template_seeding--> ['template(decrement_by_one,159)']		0.92500000000000004
	[] --template_seeding--> ['template(increment_by_one,104)']		0.65000000000000002
	[] --template_seeding--> ['template(increment_by_one,152)']		0.92500000000000004
	[] --template_seeding--> ['template(decrement_by_one,251)']		0
	[] --template_seeding--> []		0.92500000000000004
	[] --template_seeding--> ['template(nonblocking_to_blocking,337)']		0.92500000000000004
	[] --template_seeding--> ['template(negate_equality,103)']		0.65000000000000002
	[] --template_seeding--> ['template(decrement_by_one,101)']		0.75
	[] --template_seeding--> ['template(sens_to_all,89)']		0
	[] --template_seeding--> ['template(nonblocking_to_blocking,264)']		0.66666666666666663
	[] --template_seeding--> ['template(sens_to_all,95)']		0
	[] --template_seeding--> ['template(increment_by_one,104)']		0.65000000000000002
	[] --template_seeding--> ['template(increment_by_one,170)']		0.59999999999999998
	[] --template_seeding--> []		0.92500000000000004
	[] --template_seeding--> ['template(sens_to_all,91)']		0
	[] --template_seeding--> []		0.92500000000000004
	[] --template_seeding--> ['template(decrement_by_one,163)']		0
	[] --template_seeding--> ['template(blocking_to_nonblocking,209)']		0.92500000000000004
	[] --template_seeding--> ['template(blocking_to_nonblocking,143)']		0.92500000000000004
	[] --template_seeding--> ['template(sens_to_posedge,89)']		0
	[] --template_seeding--> ['template(nonblocking_to_blocking,327)']		0.92500000000000004
	[] --template_seeding--> ['template(blocking_to_nonblocking,143)']		0.92500000000000004
	[] --template_seeding--> ['template(increment_by_one,299)']		0
	[] --template_seeding--> []		0.92500000000000004
	[] --template_seeding--> ['template(sens_to_posedge,222)']		0.92500000000000004
	[] --template_seeding--> ['template(blocking_to_nonblocking,209)']		0.92500000000000004
	[] --template_seeding--> ['template(sens_to_level,93)']		0.92500000000000004
	[] --template_seeding--> ['template(negate_equality,205)']		0.92500000000000004
	[] --template_seeding--> []		0.92500000000000004
	[] --template_seeding--> ['template(sens_to_posedge,222)']		0.92500000000000004
	[] --template_seeding--> ['template(blocking_to_nonblocking,127)']		0.92500000000000004
	[] --template_seeding--> ['template(nonblocking_to_blocking,283)']		0.92500000000000004
	[] --template_seeding--> []		0.92500000000000004
	[] --template_seeding--> ['template(decrement_by_one,226)']		0.75
	[] --template_seeding--> []		0.92500000000000004
	[] --template_seeding--> []		0.92500000000000004
	[] --template_seeding--> []		0.92500000000000004
	[] --template_seeding--> ['template(decrement_by_one,335)']		0.84999999999999998
	[] --template_seeding--> ['template(negate_equality,133)']		0.72499999999999998
	[] --template_seeding--> ['template(negate_equality,151)']		0.92500000000000004
	[] --template_seeding--> ['template(decrement_by_one,149)']		0.92500000000000004
	[] --template_seeding--> ['template(blocking_to_nonblocking,127)']		0.92500000000000004
	[] --template_seeding--> []		0.92500000000000004
	[] --template_seeding--> ['template(decrement_by_one,339)']		0
	[] --template_seeding--> []		0.92500000000000004
	[] --template_seeding--> ['template(decrement_by_one,147)']		0.92500000000000004
	[] --template_seeding--> ['template(negate_equality,123)']		0.65000000000000002
	[] --template_seeding--> ['template(sens_to_level,222)']		0.84999999999999998
	[] --template_seeding--> ['template(decrement_by_one,213)']		0.92500000000000004
	[] --template_seeding--> ['template(decrement_by_one,217)']		0
	[] --template_seeding--> ['template(nonblocking_to_blocking,317)']		0.92500000000000004
	[] --template_seeding--> ['template(negate_equality,205)']		0.92500000000000004
	[] --template_seeding--> ['template(sens_to_all,89)']		0
	[] --template_seeding--> ['template(decrement_by_one,268)']		0.59999999999999998
	[] --template_seeding--> ['template(sens_to_negedge,95)']		0
	[] --template_seeding--> ['template(blocking_to_nonblocking,179)']		0.92500000000000004
	[] --template_seeding--> ['template(sens_to_level,91)']		0.92500000000000004
	[] --template_seeding--> ['template(negate_equality,151)']		0.92500000000000004
	[] --template_seeding--> ['template(sens_to_level,89)']		0.92500000000000004
	[] --template_seeding--> []		0.92500000000000004
	[] --template_seeding--> []		0.92500000000000004
	[] --template_seeding--> ['template(nonblocking_to_blocking,337)']		0.92500000000000004
	[] --template_seeding--> ['template(decrement_by_one,90)']		0
	[] --template_seeding--> ['template(increment_by_one,147)']		0.65000000000000002
	[] --template_seeding--> ['template(blocking_to_nonblocking,161)']		0.92500000000000004
	[] --template_seeding--> ['template(negate_equality,133)']		0.72499999999999998
	[] --template_seeding--> ['template(decrement_by_one,96)']		0
	[] --template_seeding--> ['template(decrement_by_one,325)']		0.875
	[] --template_seeding--> ['template(sens_to_level,91)']		0.92500000000000004
	[] --template_seeding--> ['template(increment_by_one,335)']		0.84999999999999998
	[] --template_seeding--> ['template(negate_equality,103)']		0.65000000000000002
	[] --template_seeding--> ['template(blocking_to_nonblocking,197)']		0.92500000000000004
	[] --template_seeding--> ['template(blocking_to_nonblocking,173)']		0.90000000000000002
	[] --template_seeding--> ['template(nonblocking_to_blocking,307)']		0.92500000000000004
	[] --template_seeding--> []		0.92500000000000004
	[] --template_seeding--> []		0.92500000000000004
	[] --template_seeding--> ['template(blocking_to_nonblocking,197)']		0.92500000000000004
	[] --template_seeding--> ['template(negate_equality,205)']		0.92500000000000004
	[] --template_seeding--> []		0.92500000000000004
	[] --template_seeding--> []		0.92500000000000004
	[] --template_seeding--> ['template(blocking_to_nonblocking,179)']		0.92500000000000004
	[] --template_seeding--> ['template(decrement_by_one,92)']		0
	[] --template_seeding--> ['template(decrement_by_one,258)']		0
	[] --template_seeding--> ['template(negate_equality,113)']		0.65000000000000002
	[] --template_seeding--> []		0.92500000000000004
	[] --template_seeding--> ['template(negate_equality,113)']		0.65000000000000002
	[] --template_seeding--> ['template(sens_to_all,93)']		0
	[] --template_seeding--> ['template(nonblocking_to_blocking,228)']		0.92500000000000004
	[] --template_seeding--> ['template(decrement_by_one,141)']		0.77500000000000002
	[] --template_seeding--> ['template(sens_to_level,89)']		0.92500000000000004
	[] --template_seeding--> ['template(decrement_by_one,211)']		0
	[] --template_seeding--> ['template(increment_by_one,90)']		0
	[] --template_seeding--> ['template(nonblocking_to_blocking,317)']		0.92500000000000004
	[] --template_seeding--> []		0.92500000000000004
	[] --template_seeding--> ['template(nonblocking_to_blocking,256)']		0.92500000000000004
	[] --template_seeding--> ['template(nonblocking_to_blocking,297)']		0.92500000000000004
	[] --template_seeding--> ['template(nonblocking_to_blocking,249)']		0.92500000000000004
	[] --template_seeding--> ['template(increment_by_one,223)']		0
	[] --template_seeding--> ['template(nonblocking_to_blocking,307)']		0.92500000000000004
	[] --template_seeding--> []		0.92500000000000004
	[] --template_seeding--> ['template(increment_by_one,237)']		0
	[] --template_seeding--> []		0.92500000000000004
	[] --template_seeding--> ['template(nonblocking_to_blocking,307)']		0.92500000000000004
	[] --template_seeding--> []		0.92500000000000004
	[] --template_seeding--> ['template(decrement_by_one,237)']		0
	[] --template_seeding--> ['template(increment_by_one,350)']		0.80722891566265065
	[] --template_seeding--> ['template(sens_to_all,91)']		0
	[] --template_seeding--> ['template(decrement_by_one,181)']		0
	[] --template_seeding--> []		0.92500000000000004
	[] --template_seeding--> ['template(increment_by_one,329)']		0
	[] --template_seeding--> ['template(blocking_to_nonblocking,173)']		0.90000000000000002
	[] --template_seeding--> ['template(decrement_by_one,147)']		0.92500000000000004
	[] --template_seeding--> ['template(sens_to_negedge,91)']		0
	[] --template_seeding--> []		0.92500000000000004
	[] --template_seeding--> ['template(sens_to_all,91)']		0
	[] --template_seeding--> ['template(increment_by_one,157)']		0
	[] --template_seeding--> ['template(decrement_by_one,104)']		0.92500000000000004
	[] --template_seeding--> ['template(sens_to_negedge,93)']		0
	[] --template_seeding--> ['template(blocking_to_nonblocking,197)']		0.92500000000000004
	[] --template_seeding--> ['template(increment_by_one,101)']		0.75
	[] --template_seeding--> []		0.92500000000000004
	[] --template_seeding--> ['template(increment_by_one,274)']		0.5714285714285714
	[] --template_seeding--> []		0.92500000000000004
	[] --template_seeding--> []		0.92500000000000004
	[] --template_seeding--> ['template(decrement_by_one,309)']		0
	[] --template_seeding--> ['template(increment_by_one,309)']		0
	[] --template_seeding--> []		0.92500000000000004
	[] --template_seeding--> []		0.92500000000000004
	[] --template_seeding--> []		0.92500000000000004
	[] --template_seeding--> ['template(sens_to_negedge,91)']		0
	[] --template_seeding--> ['template(negate_equality,133)']		0.72499999999999998
	[] --template_seeding--> ['template(nonblocking_to_blocking,307)']		0.92500000000000004
	[] --template_seeding--> ['template(blocking_to_nonblocking,197)']		0.92500000000000004
	[] --template_seeding--> ['template(increment_by_one,177)']		0.77500000000000002
	[] --template_seeding--> ['template(decrement_by_one,94)']		0
	[] --template_seeding--> []		0.92500000000000004
	[] --template_seeding--> ['template(sens_to_negedge,91)']		0
	[] --template_seeding--> []		0.92500000000000004
	[] --template_seeding--> ['template(increment_by_one,230)']		0
	[] --template_seeding--> ['template(increment_by_one,167)']		0.59999999999999998
	[] --template_seeding--> ['template(sens_to_posedge,222)']		0.92500000000000004
	[] --template_seeding--> ['template(decrement_by_one,177)']		0.84999999999999998
	[] --template_seeding--> ['template(blocking_to_nonblocking,209)']		0.92500000000000004
	[] --template_seeding--> []		0.92500000000000004
	[] --template_seeding--> ['template(negate_equality,205)']		0.92500000000000004
	[] --template_seeding--> ['template(sens_to_negedge,93)']		0
	[] --template_seeding--> ['template(decrement_by_one,185)']		0.75
	[] --template_seeding--> ['template(sens_to_level,91)']		0.92500000000000004
	[] --template_seeding--> ['template(sens_to_level,91)']		0.92500000000000004
	[] --template_seeding--> ['template(decrement_by_one,213)']		0.92500000000000004
	[] --template_seeding--> ['template(blocking_to_nonblocking,209)']		0.92500000000000004
	[] --template_seeding--> ['template(sens_to_negedge,222)']		0.94999999999999996
	[] --template_seeding--> ['template(increment_by_one,244)']		0
	[] --template_seeding--> ['template(increment_by_one,244)']		0
	[] --template_seeding--> ['template(sens_to_level,95)']		0.92500000000000004
	[] --template_seeding--> ['template(sens_to_negedge,93)']		0
	[] --template_seeding--> ['template(sens_to_all,95)']		0
	[] --template_seeding--> ['template(sens_to_negedge,91)']		0
	[] --template_seeding--> ['template(negate_equality,169)']		0.59999999999999998
	[] --template_seeding--> ['template(increment_by_one,149)']		0.92500000000000004
	[] --template_seeding--> ['template(sens_to_negedge,222)']		0.94999999999999996
	[] --template_seeding--> []		0.92500000000000004
	[] --template_seeding--> ['template(decrement_by_one,175)']		0
	[] --template_seeding--> ['template(nonblocking_to_blocking,346)']		0.5714285714285714
	[] --template_seeding--> ['template(sens_to_posedge,95)']		0
	[] --template_seeding--> []		0.92500000000000004
	[] --template_seeding--> ['template(blocking_to_nonblocking,179)']		0.92500000000000004
	[] --template_seeding--> []		0.92500000000000004
	[] --template_seeding--> []		0.92500000000000004
	[] --template_seeding--> []		0.92500000000000004
	[] --template_seeding--> ['template(negate_equality,123)']		0.65000000000000002
	[] --template_seeding--> ['template(increment_by_one,92)']		0
	[] --template_seeding--> ['template(sens_to_all,91)']		0
	[] --template_seeding--> ['template(negate_equality,205)']		0.92500000000000004
	[] --template_seeding--> []		0.92500000000000004
	[] --template_seeding--> ['template(nonblocking_to_blocking,256)']		0.92500000000000004
	[] --template_seeding--> []		0.92500000000000004
	[] --template_seeding--> ['template(increment_by_one,230)']		0
	[] --template_seeding--> ['template(negate_equality,133)']		0.72499999999999998
	[] --template_seeding--> ['template(negate_equality,187)']		0.75
	[] --template_seeding--> ['template(blocking_to_nonblocking,209)']		0.92500000000000004
	[] --template_seeding--> ['template(nonblocking_to_blocking,337)']		0.92500000000000004
	[] --template_seeding--> ['template(increment_by_one,141)']		0.84999999999999998
	[] --template_seeding--> ['template(negate_equality,113)']		0.65000000000000002
	[] --template_seeding--> []		0.92500000000000004
	[] --template_seeding--> []		0.92500000000000004
	[] --template_seeding--> ['template(increment_by_one,278)']		0
	[] --template_seeding--> []		0.92500000000000004
	[] --template_seeding--> ['template(nonblocking_to_blocking,242)']		0.92500000000000004
	[] --template_seeding--> []		0.92500000000000004
	[] --template_seeding--> []		0.92500000000000004
	[] --template_seeding--> ['template(sens_to_posedge,95)']		0
	[] --template_seeding--> []		0.92500000000000004
	[] --template_seeding--> ['template(decrement_by_one,119)']		0
	[] --template_seeding--> ['template(increment_by_one,175)']		0
	[] --template_seeding--> []		0.92500000000000004
	[] --template_seeding--> ['template(increment_by_one,157)']		0
	[] --template_seeding--> ['template(sens_to_level,91)']		0.92500000000000004
	[] --template_seeding--> []		0.92500000000000004
	[] --template_seeding--> ['template(nonblocking_to_blocking,317)']		0.92500000000000004
	[] --template_seeding--> ['template(decrement_by_one,315)']		0.875
	[] --template_seeding--> []		0.92500000000000004
	[] --template_seeding--> ['template(increment_by_one,325)']		0.72499999999999998
	[] --template_seeding--> ['template(increment_by_one,266)']		0
	[] --template_seeding--> ['template(sens_to_negedge,93)']		0
	[] --template_seeding--> ['template(sens_to_all,222)']		0.75
	[] --template_seeding--> ['template(blocking_to_nonblocking,197)']		0.92500000000000004
	[] --template_seeding--> ['template(sens_to_posedge,95)']		0
	[] --template_seeding--> ['template(nonblocking_to_blocking,235)']		0.92500000000000004
	[] --template_seeding--> ['template(decrement_by_one,329)']		0
	[] --template_seeding--> ['template(negate_equality,133)']		0.72499999999999998
	[] --template_seeding--> []		0.92500000000000004
	[] --template_seeding--> ['template(blocking_to_nonblocking,107)']		0.92500000000000004
	[] --template_seeding--> ['template(blocking_to_nonblocking,191)']		0.92500000000000004
	[] --template_seeding--> ['template(blocking_to_nonblocking,155)']		0.92500000000000004
	[] --template_seeding--> ['template(sens_to_level,89)']		0.92500000000000004
	[] --template_seeding--> ['template(blocking_to_nonblocking,161)']		0.92500000000000004
	[] --template_seeding--> []		0.92500000000000004
	[] --template_seeding--> ['template(negate_equality,169)']		0.59999999999999998
	[] --template_seeding--> []		0.92500000000000004
	[] --template_seeding--> ['template(sens_to_all,91)']		0
	[] --template_seeding--> ['template(increment_by_one,260)']		0.90000000000000002
	[] --template_seeding--> ['template(decrement_by_one,230)']		0
	[] --template_seeding--> ['template(increment_by_one,149)']		0.92500000000000004
	[] --template_seeding--> ['template(nonblocking_to_blocking,346)']		0.5714285714285714
	[] --template_seeding--> ['template(nonblocking_to_blocking,317)']		0.92500000000000004
	[] --template_seeding--> ['template(negate_equality,103)']		0.65000000000000002
	[] --template_seeding--> ['template(sens_to_all,95)']		0
	[] --template_seeding--> ['template(decrement_by_one,203)']		0.92500000000000004
	[] --template_seeding--> ['template(sens_to_negedge,95)']		0
	[] --template_seeding--> ['template(decrement_by_one,213)']		0.92500000000000004
	[] --template_seeding--> ['template(nonblocking_to_blocking,242)']		0.92500000000000004
	[] --template_seeding--> []		0.92500000000000004
	[] --template_seeding--> ['template(nonblocking_to_blocking,228)']		0.92500000000000004
	[] --template_seeding--> ['template(negate_equality,151)']		0.92500000000000004
	[] --template_seeding--> ['template(negate_equality,205)']		0.92500000000000004
	[] --template_seeding--> []		0.92500000000000004
	[] --template_seeding--> ['template(increment_by_one,149)']		0.92500000000000004
	[] --template_seeding--> ['template(nonblocking_to_blocking,264)']		0.66666666666666663
	[] --template_seeding--> []		0.92500000000000004
	[] --template_seeding--> ['template(increment_by_one,94)']		0
	[] --template_seeding--> []		0.92500000000000004
	[] --template_seeding--> ['template(nonblocking_to_blocking,297)']		0.92500000000000004
	[] --template_seeding--> ['template(negate_equality,123)']		0.65000000000000002
	[] --template_seeding--> ['template(decrement_by_one,213)']		0.92500000000000004
	[] --template_seeding--> ['template(decrement_by_one,230)']		0
	[] --template_seeding--> []		0.92500000000000004
	[] --template_seeding--> []		0.92500000000000004
	[] --template_seeding--> ['template(sens_to_all,89)']		0
	[] --template_seeding--> ['template(negate_equality,103)']		0.65000000000000002
	[] --template_seeding--> ['template(decrement_by_one,285)']		0
	[] --template_seeding--> ['template(decrement_by_one,157)']		0
	[] --template_seeding--> ['template(increment_by_one,101)']		0.75
	[] --template_seeding--> []		0.92500000000000004
	[] --template_seeding--> ['template(negate_equality,123)']		0.65000000000000002
	[] --template_seeding--> []		0.92500000000000004
	[] --template_seeding--> ['template(sens_to_level,89)']		0.92500000000000004
	[] --template_seeding--> []		0.92500000000000004
	[] --template_seeding--> ['template(decrement_by_one,230)']		0
	[] --template_seeding--> ['template(decrement_by_one,230)']		0
	[] --template_seeding--> ['template(negate_equality,123)']		0.65000000000000002
	[] --template_seeding--> []		0.92500000000000004
	[] --template_seeding--> ['template(nonblocking_to_blocking,283)']		0.92500000000000004
	[] --template_seeding--> ['template(decrement_by_one,170)']		0.59999999999999998
	[] --template_seeding--> ['template(nonblocking_to_blocking,276)']		0.92500000000000004
	[] --template_seeding--> ['template(increment_by_one,211)']		0
	[] --template_seeding--> ['template(blocking_to_nonblocking,155)']		0.92500000000000004
	[] --template_seeding--> ['template(nonblocking_to_blocking,249)']		0.92500000000000004
	[] --template_seeding--> ['template(nonblocking_to_blocking,276)']		0.92500000000000004
	[] --template_seeding--> ['template(nonblocking_to_blocking,276)']		0.92500000000000004
	[] --template_seeding--> ['template(sens_to_negedge,222)']		0.94999999999999996
	[] --template_seeding--> ['template(decrement_by_one,272)']		0.5714285714285714
	[] --template_seeding--> ['template(blocking_to_nonblocking,127)']		0.92500000000000004
	[] --template_seeding--> []		0.92500000000000004
	[] --template_seeding--> ['template(negate_equality,113)']		0.65000000000000002
	[] --template_seeding--> ['template(blocking_to_nonblocking,107)']		0.92500000000000004
	[] --template_seeding--> ['template(decrement_by_one,185)']		0.75
	[] --template_seeding--> ['template(decrement_by_one,193)']		0
	[] --template_seeding--> ['template(increment_by_one,159)']		0.92500000000000004
	[] --template_seeding--> ['template(decrement_by_one,165)']		0.92500000000000004
	[] --template_seeding--> ['template(decrement_by_one,121)']		0.82499999999999996
	[] --template_seeding--> ['template(negate_equality,123)']		0.65000000000000002
	[] --template_seeding--> ['template(increment_by_one,185)']		0.75
	[] --template_seeding--> ['template(sens_to_posedge,95)']		0
	[] --template_seeding--> ['template(decrement_by_one,206)']		0.92500000000000004
	[] --template_seeding--> []		0.92500000000000004
	[] --template_seeding--> ['template(decrement_by_one,199)']		0
	[] --template_seeding--> ['template(decrement_by_one,177)']		0.84999999999999998
	[] --template_seeding--> ['template(nonblocking_to_blocking,235)']		0.92500000000000004
	[] --template_seeding--> ['template(nonblocking_to_blocking,276)']		0.92500000000000004
	[] --template_seeding--> ['template(decrement_by_one,199)']		0
	[] --template_seeding--> ['template(sens_to_all,91)']		0
	[] --template_seeding--> ['template(decrement_by_one,131)']		0.82499999999999996
	[] --template_seeding--> ['template(decrement_by_one,244)']		0
	[] --template_seeding--> []		0.92500000000000004
	[] --template_seeding--> ['template(decrement_by_one,119)']		0
	[] --template_seeding--> ['template(nonblocking_to_blocking,307)']		0.92500000000000004
	[] --template_seeding--> ['template(blocking_to_nonblocking,143)']		0.92500000000000004
	[] --template_seeding--> ['template(sens_to_all,91)']		0
	[] --template_seeding--> ['template(increment_by_one,167)']		0.59999999999999998
IN GENERATION 0 OF ATTEMPT 0
	['template(blocking_to_nonblocking,127)'] --template--> ['template(blocking_to_nonblocking,127)', 'template(increment_by_one,348)']		0 
	['template(increment_by_one,206)'] --mutation--> ['template(increment_by_one,206)', 'delete(230)']		0.92500000000000004 
	['template(negate_equality,151)'] --mutation--> ['template(negate_equality,151)', 'insert(281,276)']		0.92500000000000004 
	['template(decrement_by_one,206)'] --mutation--> ['template(decrement_by_one,206)', 'replace(123,206)']		0.80000000000000004 
	['template(nonblocking_to_blocking,297)'] --mutation--> ['template(nonblocking_to_blocking,297)', 'insert(233,143)']		0 
	['template(sens_to_level,91)'] --template--> ['template(sens_to_level,91)']		0.92500000000000004 
	['template(increment_by_one,149)'] --mutation--> ['template(increment_by_one,149)', 'insert(117,249)']		0.92500000000000004 
	['template(blocking_to_nonblocking,215)'] --mutation--> ['template(blocking_to_nonblocking,215)', 'delete(312)']		0.92500000000000004 
	['template(nonblocking_to_blocking,337)'] --mutation--> ['template(nonblocking_to_blocking,337)', 'insert(215,307)']		0.92500000000000004 
	['template(decrement_by_one,101)'] --template--> ['template(decrement_by_one,101)', 'template(decrement_by_one,161)']		0.75 
	['template(nonblocking_to_blocking,249)'] --mutation--> ['template(nonblocking_to_blocking,249)', 'insert(233,215)']		0 
	[] --mutation--> ['replace(135,311)']		0.92500000000000004 
	[] --mutation--> ['replace(195,274)']		0.92500000000000004 
	['template(blocking_to_nonblocking,179)'] --template--> ['template(blocking_to_nonblocking,179)', 'template(blocking_to_nonblocking,117)']		0.92500000000000004 
	['template(decrement_by_one,141)'] --mutation--> ['template(decrement_by_one,141)', 'replace(348,145)']		0.66666666666666663 
	['template(nonblocking_to_blocking,242)'] --template--> ['template(nonblocking_to_blocking,242)', 'template(sens_to_all,93)']		0 
	['template(blocking_to_nonblocking,127)'] --template--> ['template(blocking_to_nonblocking,127)', 'template(decrement_by_one,163)']		0 
	['template(sens_to_level,91)'] --mutation--> ['template(sens_to_level,91)', 'replace(274,299)']		0.73809523809523814 
	['template(blocking_to_nonblocking,179)'] --template--> ['template(blocking_to_nonblocking,179)', 'template(increment_by_one,129)']		0 
	['template(sens_to_posedge,222)'] --mutation--> ['template(sens_to_posedge,222)', 'insert(215,143)']		0.72499999999999998 
	[] --mutation--> ['insert(209,264)']		0.80000000000000004 
	['template(increment_by_one,201)'] --template--> ['template(increment_by_one,201)', 'template(increment_by_one,134)']		0.72499999999999998 
	['template(decrement_by_one,213)'] --template--> ['template(decrement_by_one,213)', 'template(sens_to_level,93)']		0.92500000000000004 
	['template(decrement_by_one,159)'] --mutation--> ['template(decrement_by_one,159)', 'replace(171,113)']		0.59999999999999998 
	['template(sens_to_level,93)'] --template--> ['template(sens_to_level,93)', 'template(negate_equality,187)']		0.75 
	['template(blocking_to_nonblocking,197)'] --mutation--> ['template(blocking_to_nonblocking,197)', 'replace(199,145)']		0.92500000000000004 
	['template(blocking_to_nonblocking,179)'] --mutation--> ['template(blocking_to_nonblocking,179)', 'replace(194,310)']		0.80000000000000004 
	['template(nonblocking_to_blocking,327)'] --template--> ['template(nonblocking_to_blocking,327)', 'template(nonblocking_to_blocking,242)']		0.92500000000000004 
	[] --mutation--> ['replace(280,46)']		0.92500000000000004 
	['template(decrement_by_one,147)'] --mutation--> ['template(decrement_by_one,147)', 'insert(117,225)']		0.92500000000000004 
	['template(nonblocking_to_blocking,290)'] --mutation--> ['template(nonblocking_to_blocking,290)', 'insert(209,264)']		0.80000000000000004 
	['template(blocking_to_nonblocking,209)'] --template--> ['template(blocking_to_nonblocking,209)', 'template(sens_to_posedge,91)']		0 
	[] --mutation--> ['delete(351)']		0.5714285714285714 
	['template(sens_to_negedge,222)'] --mutation--> ['template(sens_to_negedge,222)', 'insert(256,266)']		0.94999999999999996 
	['template(blocking_to_nonblocking,197)'] --mutation--> ['template(blocking_to_nonblocking,197)', 'delete(173)']		0.59999999999999998 
	['template(sens_to_level,93)'] --mutation--> ['template(sens_to_level,93)', 'delete(346)']		0.5714285714285714 
	['template(nonblocking_to_blocking,290)'] --mutation--> ['template(nonblocking_to_blocking,290)', 'delete(307)']		0.92500000000000004 
	[] --mutation--> ['insert(161,161)']		0.92500000000000004 
	[] --mutation--> ['replace(281,281)']		0.92500000000000004 
	['template(nonblocking_to_blocking,317)'] --mutation--> ['template(nonblocking_to_blocking,317)', 'delete(312)']		0.92500000000000004 
	['template(blocking_to_nonblocking,107)'] --mutation--> ['template(blocking_to_nonblocking,107)', 'replace(213,163)']		0.92500000000000004 
	[] --mutation--> ['delete(173)']		0.59999999999999998 
	['template(sens_to_level,93)'] --mutation--> ['template(sens_to_level,93)', 'delete(233)']		0.92500000000000004 
	['template(increment_by_one,165)'] --mutation--> ['template(increment_by_one,165)', 'delete(271)']		0.92500000000000004 
	['template(blocking_to_nonblocking,179)'] --mutation--> ['template(blocking_to_nonblocking,179)', 'insert(256,143)']		0.92500000000000004 
	['template(sens_to_level,93)'] --template--> ['template(sens_to_level,93)', 'template(decrement_by_one,114)']		0.875 
	['template(blocking_to_nonblocking,197)'] --mutation--> ['template(blocking_to_nonblocking,197)', 'insert(173,117)']		0.875 
	[] --mutation--> ['insert(256,283)']		0.75 
	['template(nonblocking_to_blocking,297)'] --mutation--> ['template(nonblocking_to_blocking,297)', 'replace(175,203)']		0 
	['template(increment_by_one,159)'] --mutation--> ['template(increment_by_one,159)', 'replace(104,119)']		0.92500000000000004 
	['template(nonblocking_to_blocking,290)'] --mutation--> ['template(nonblocking_to_blocking,290)', 'delete(281)']		0.92500000000000004 
	['template(decrement_by_one,104)'] --template--> ['template(decrement_by_one,104)', 'template(nonblocking_to_blocking,230)']		0.92500000000000004 
	['template(sens_to_posedge,222)'] --mutation--> ['template(sens_to_posedge,222)', 'replace(135,270)']		0.92500000000000004 
	['template(blocking_to_nonblocking,161)'] --mutation--> ['template(blocking_to_nonblocking,161)', 'replace(128,216)']		0.92500000000000004 
	['template(negate_equality,205)'] --template--> ['template(negate_equality,205)', 'template(negate_inequality,205)']		0.92500000000000004 
	['template(blocking_to_nonblocking,191)'] --template--> ['template(blocking_to_nonblocking,191)', 'template(increment_by_one,339)']		0 
	[] --mutation--> ['insert(351,137)']		0 
	['template(decrement_by_one,124)'] --template--> ['template(decrement_by_one,124)', 'template(decrement_by_one,125)']		0.875 
	['template(nonblocking_to_blocking,327)'] --template--> ['template(nonblocking_to_blocking,327)', 'template(decrement_by_one,94)']		0 
	['template(nonblocking_to_blocking,290)'] --template--> ['template(nonblocking_to_blocking,290)']		0.92500000000000004 
	['template(increment_by_one,152)'] --mutation--> ['template(increment_by_one,152)', 'replace(262,262)']		0.92500000000000004 
	['template(negate_equality,205)'] --mutation--> ['template(negate_equality,205)', 'insert(307,191)']		0.90000000000000002 
	['template(nonblocking_to_blocking,242)'] --mutation--> ['template(nonblocking_to_blocking,242)', 'delete(161)']		0.92500000000000004 
	[] --mutation--> ['insert(179,137)']		0.77500000000000002 
	['template(blocking_to_nonblocking,179)'] --mutation--> ['template(blocking_to_nonblocking,179)', 'insert(143,256)']		1 

######## REPAIR FOUND ########
		['template(blocking_to_nonblocking,179)', 'insert(143,256)']
TOTAL TIME TAKEN TO FIND REPAIR = 236.778939
Minimized patch: ['insert(143,256)']
