SEED:
	 repair_2021-07-11-20:29:38
SOURCE FILE:
	 /home/hammada/projects/verilog_repair/benchmarks/fsm_full/fsm_full_ssscrazy_buggy2.v
TEST BENCH:
	 /home/hammada/projects/verilog_repair/benchmarks/fsm_full/fsm_full_tb_t1.v
PROJ_DIR:
	 /home/hammada/projects/verilog_repair/benchmarks/fsm_full/
FITNESS_MODE:
	 outputwires
EVAL_SCRIPT:
	 /home/hammada/projects/verilog_repair/benchmarks/fsm_full/run.sh
ORACLE:
	 /home/hammada/projects/verilog_repair/benchmarks/fsm_full/oracle_half.txt
PARAMETERS:
	gens=8
	popsize=5000
	mutation_rate=0.700000
	crossover_rate=0.300000
	replacement_rate=0.400000
	insertion_rate=0.300000
	deletion_rate=0.300000
	restarts=1
	fault_loc=True
	control_flow=True
	limit_transitive_dependency_set=True
	dependency_set_max=4

IN GENERATION 0 OF ATTEMPT 0
	[] --mutation--> ['delete(335)']		0.94999999999999996 
	[] --template--> []		0.94999999999999996 
	[] --mutation--> ['delete(134)']		0.90000000000000002 
	[] --mutation--> ['replace(160,67)']		0.55000000000000004 
	[] --mutation--> ['replace(156,285)']		0.80000000000000004 
	[] --mutation--> ['delete(274)']		0.94999999999999996 
	[] --mutation--> ['insert(144,289)']		0.75 
	[] --template--> ['template(negate_equality,130)']		0.80000000000000004 
	[] --mutation--> ['delete(100)']		0.94999999999999996 
	[] --mutation--> ['replace(154,348)']		0.90000000000000002 
	[] --mutation--> ['insert(162,144)']		0.875 
	[] --template--> ['template(decrement_by_one,213)']		0.92500000000000004 
	[] --mutation--> ['delete(282)']		0.92500000000000004 
	[] --mutation--> ['insert(216,269)']		0.94999999999999996 
	[] --template--> ['template(decrement_by_one,243)']		0 
	[] --mutation--> ['delete(150)']		0.94999999999999996 
	[] --mutation--> ['insert(198,134)']		0.90000000000000002 
	[] --mutation--> ['insert(296,248)']		0.94999999999999996 
	[] --mutation--> ['replace(134,303)']		0.90000000000000002 
	[] --mutation--> ['delete(180)']		0.94999999999999996 
	[] --mutation--> ['delete(253)']		0.94999999999999996 
	[] --mutation--> ['insert(124,269)']		0.94999999999999996 
	[] --mutation--> ['delete(246)']		0.94999999999999996 
	[] --template--> []		0.94999999999999996 
	[] --template--> ['template(decrement_by_one,190)']		0.92500000000000004 
	[] --mutation--> ['replace(281,239)']		0.75 
	[] --mutation--> ['delete(364)']		0.94999999999999996 
	[] --mutation--> ['replace(272,201)']		0.94999999999999996 
	[] --template--> ['template(negate_equality,130)']		0.80000000000000004 
	[] --mutation--> ['delete(180)']		0.94999999999999996 
	[] --template--> []		0.94999999999999996 
	[] --template--> []		0.94999999999999996 
	[] --template--> ['template(sens_to_negedge,93)']		0 
	[] --mutation--> ['replace(158,194)']		0.94999999999999996 
	[] --mutation--> ['delete(335)']		0.94999999999999996 
	[] --template--> ['template(blocking_to_nonblocking,359)']		0.94999999999999996 
	[] --template--> ['template(blocking_to_nonblocking,310)']		0.94999999999999996 
	[] --mutation--> ['delete(274)']		0.94999999999999996 
	[] --mutation--> ['replace(178,254)']		0.875 
	[] --mutation--> ['replace(213,108)']		0.92500000000000004 
	[] --mutation--> ['insert(134,222)']		0.90000000000000002 
	[] --template--> []		0.94999999999999996 
	[] --template--> []		0.94999999999999996 
	[] --mutation--> ['delete(144)']		0.875 
	[] --mutation--> ['replace(188,126)']		0.94999999999999996 
	[] --mutation--> ['delete(228)']		0 
	[] --mutation--> ['replace(152,121)']		0 
	[] --template--> ['template(decrement_by_one,206)']		0 
	[] --mutation--> ['insert(269,330)']		0.94999999999999996 
	[] --mutation--> ['insert(301,255)']		0.94999999999999996 
	[] --mutation--> ['replace(285,264)']		0.5714285714285714 
	[] --mutation--> ['delete(168)']		0.94999999999999996 
	[] --template--> ['template(sens_to_negedge,91)']		0 
	[] --mutation--> ['replace(328,342)']		0.92500000000000004 
	[] --mutation--> ['delete(204)']		0.92500000000000004 
	[] --mutation--> ['insert(282,186)']		0 
	[] --mutation--> ['delete(301)']		0.92500000000000004 
	[] --mutation--> ['replace(325,260)']		0.94999999999999996 
	[] --template--> ['template(negate_equality,212)']		0.92500000000000004 
	[] --template--> []		0.94999999999999996 
	[] --mutation--> ['replace(153,362)']		0.94999999999999996 
	[] --template--> []		0.94999999999999996 
	[] --template--> ['template(blocking_to_nonblocking,269)']		0.94999999999999996 
	[] --mutation--> ['delete(277)']		0.75 
	[] --mutation--> ['delete(294)']		0.92500000000000004 
	[] --mutation--> ['replace(222,180)']		0.92500000000000004 
	[] --mutation--> ['delete(216)']		0.94999999999999996 
	[] --mutation--> ['insert(144,303)']		0.75 
	[] --mutation--> ['delete(330)']		0.92500000000000004 
	[] --mutation--> ['replace(165,258)']		0.94999999999999996 
	[] --mutation--> ['replace(273,363)']		0.94999999999999996 
	[] --mutation--> ['insert(150,114)']		0.92500000000000004 
	[] --mutation--> ['replace(110,212)']		0.77500000000000002 
	[] --mutation--> ['replace(241,186)']		0.94999999999999996 
	[] --mutation--> ['replace(326,300)']		0 
	[] --template--> []		0.94999999999999996 
	[] --mutation--> ['replace(124,114)']		0.875 
	[] --mutation--> ['replace(229,101)']		0.94999999999999996 
	[] --template--> ['template(increment_by_one,264)']		0 
	[] --mutation--> ['replace(271,184)']		0 
	[] --mutation--> ['insert(246,204)']		0 
	[] --mutation--> ['delete(216)']		0.94999999999999996 
	[] --mutation--> ['insert(241,238)']		0.90000000000000002 
	[] --mutation--> ['delete(296)']		0.63414634146341464 
	[] --mutation--> ['delete(325)']		0.94999999999999996 
	[] --template--> ['template(negate_equality,130)']		0.80000000000000004 
	[] --mutation--> ['replace(124,180)']		0.90000000000000002 
	[] --template--> []		0.94999999999999996 
	[] --mutation--> ['delete(294)']		0.92500000000000004 
	[] --mutation--> ['delete(204)']		0.92500000000000004 
	[] --mutation--> ['delete(294)']		0.92500000000000004 
	[] --template--> ['template(negate_equality,130)']		0.80000000000000004 
	[] --mutation--> ['insert(282,284)']		0 
	[] --mutation--> ['insert(277,262)']		0.94999999999999996 
	[] --mutation--> ['insert(228,114)']		0.92500000000000004 
	[] --mutation--> ['delete(320)']		0.90000000000000002 
	[] --mutation--> ['replace(290,163)']		0.6097560975609756 
	[] --mutation--> ['replace(126,243)']		0.90000000000000002 
	[] --template--> ['template(blocking_to_nonblocking,162)']		0.94999999999999996 
	[] --mutation--> ['insert(124,144)']		0.84999999999999998 
	[] --mutation--> ['insert(162,204)']		0.92500000000000004 
	[] --template--> []		0.94999999999999996 
	[] --mutation--> ['replace(328,226)']		0.80000000000000004 
	[] --mutation--> ['delete(241)']		0.94999999999999996 
	[] --mutation--> ['delete(222)']		0.92500000000000004 
	[] --mutation--> ['insert(294,262)']		0.94999999999999996 
	[] --mutation--> ['replace(242,242)']		0.94999999999999996 
	[] --template--> []		0.94999999999999996 
	[] --mutation--> ['delete(228)']		0 
	[] --mutation--> ['insert(134,262)']		0.94999999999999996 
	[] --mutation--> ['delete(301)']		0.92500000000000004 
	[] --mutation--> ['replace(204,350)']		0.875 
	[] --mutation--> ['insert(114,269)']		0.94999999999999996 
	[] --template--> ['template(increment_by_one,92)']		0 
	[] --template--> ['template(decrement_by_one,348)']		0.875 
	[] --mutation--> ['replace(117,292)']		0.92500000000000004 
	[] --mutation--> ['insert(150,320)']		0.94999999999999996 
	[] --mutation--> ['insert(359,204)']		0.94999999999999996 
	[] --mutation--> ['delete(246)']		0.94999999999999996 
	[] --mutation--> ['replace(180,303)']		0.94999999999999996 
	[] --mutation--> ['replace(172,363)']		0.94999999999999996 
	[] --mutation--> ['insert(180,248)']		0.94999999999999996 
	[] --mutation--> ['insert(144,296)']		0.75 
	[] --mutation--> ['replace(279,361)']		0.94999999999999996 
	[] --mutation--> ['delete(320)']		0.90000000000000002 
	[] --mutation--> ['replace(148,281)']		0.875 
	[] --mutation--> ['replace(130,120)']		0.90000000000000002 
	[] --mutation--> ['replace(201,333)']		0.94999999999999996 
	[] --template--> ['template(decrement_by_one,159)']		0.94999999999999996 
	[] --mutation--> ['replace(174,224)']		0.875 
	[] --template--> ['template(decrement_by_one,328)']		0.92500000000000004 
	[] --mutation--> ['insert(198,114)']		0.92500000000000004 
	[] --mutation--> ['insert(114,340)']		0.90000000000000002 
	[] --template--> []		0.94999999999999996 
	[] --template--> []		0.94999999999999996 
	[] --template--> ['template(negate_equality,176)']		0.875 
	[] --mutation--> ['insert(335,114)']		0 
	[] --mutation--> ['replace(269,277)']		0.94999999999999996 
	[] --mutation--> ['delete(325)']		0.94999999999999996 
	[] --mutation--> ['replace(299,52)']		0.59999999999999998 
	[] --mutation--> ['delete(198)']		0.94999999999999996 
	[] --mutation--> ['insert(289,269)']		0.94999999999999996 
	[] --mutation--> ['insert(168,186)']		0.92500000000000004 
	[] --mutation--> ['replace(302,259)']		0 
	[] --mutation--> ['delete(364)']		0.94999999999999996 
	[] --template--> ['template(negate_equality,158)']		0.94999999999999996 
	[] --mutation--> ['replace(222,186)']		0.90000000000000002 
	[] --mutation--> ['replace(166,298)']		0.94999999999999996 
	[] --template--> ['template(increment_by_one,166)']		0.55000000000000004 
	[] --mutation--> ['delete(144)']		0.875 
	[] --template--> ['template(blocking_to_nonblocking,134)']		0.94999999999999996 
	[] --template--> []		0.94999999999999996 
	[] --template--> ['template(sens_to_posedge,95)']		0 
	[] --template--> []		0.94999999999999996 
	[] --template--> ['template(sens_to_negedge,89)']		0 
	[] --template--> ['template(increment_by_one,121)']		0.69999999999999996 
	[] --template--> ['template(negate_equality,120)']		0.69999999999999996 
	[] --mutation--> ['delete(320)']		0.90000000000000002 
	[] --mutation--> ['insert(144,248)']		0.92500000000000004 
	[] --mutation--> ['delete(134)']		0.90000000000000002 
	[] --template--> []		0.94999999999999996 
	[] --template--> ['template(increment_by_one,230)']		0 
	[] --mutation--> ['replace(324,302)']		0.94999999999999996 
	[] --mutation--> ['delete(162)']		0.94999999999999996 
	[] --mutation--> ['insert(180,269)']		0.94999999999999996 
	[] --mutation--> ['replace(146,126)']		0.94999999999999996 
	[] --mutation--> ['delete(144)']		0.875 
	[] --mutation--> ['replace(181,145)']		0.94999999999999996 
	[] --mutation--> ['delete(150)']		0.94999999999999996 
	[] --mutation--> ['replace(114,269)']		0.92500000000000004 
	[] --mutation--> ['insert(335,340)']		0 
	[] --mutation--> ['delete(364)']		0.94999999999999996 
	[] --mutation--> ['delete(246)']		0.94999999999999996 
	[] --mutation--> ['delete(301)']		0.92500000000000004 
	[] --mutation--> ['delete(320)']		0.90000000000000002 
	[] --mutation--> ['insert(253,359)']		0 
	[] --mutation--> ['delete(294)']		0.92500000000000004 
	[] --mutation--> ['delete(114)']		0.92500000000000004 
	[] --mutation--> ['delete(335)']		0.94999999999999996 
	[] --mutation--> ['replace(187,321)']		0.875 
	[] --mutation--> ['delete(320)']		0.90000000000000002 
	[] --mutation--> ['insert(289,238)']		0.90000000000000002 
	[] --template--> []		0.94999999999999996 
	[] --template--> ['template(sens_to_all,89)']		0 
	[] --template--> []		0.94999999999999996 
	[] --mutation--> ['replace(250,156)']		0 
	[] --mutation--> ['replace(279,96)']		0 
	[] --mutation--> ['delete(186)']		0.875 
	[] --mutation--> ['delete(114)']		0.92500000000000004 
	[] --template--> ['template(sens_to_posedge,97)']		0 
	[] --mutation--> ['replace(162,296)']		0.94999999999999996 
	[] --mutation--> ['insert(216,303)']		0.90000000000000002 
	[] --mutation--> ['insert(248,124)']		0.94999999999999996 
	[] --template--> ['template(blocking_to_nonblocking,330)']		0.94999999999999996 
	[] --mutation--> ['insert(320,269)']		0.92500000000000004 
	[] --mutation--> ['delete(134)']		0.90000000000000002 
	[] --mutation--> ['replace(103,353)']		0.94999999999999996 
	[] --mutation--> ['delete(204)']		0.92500000000000004 
	[] --mutation--> ['insert(274,303)']		0.94999999999999996 
	[] --template--> ['template(decrement_by_one,287)']		0.21428571428571427 
	[] --mutation--> ['insert(335,289)']		0.94999999999999996 
	[] --mutation--> ['delete(150)']		0.94999999999999996 
	[] --mutation--> ['replace(293,214)']		0.94999999999999996 
	[] --mutation--> ['insert(222,180)']		0.90000000000000002 
	[] --mutation--> ['replace(292,323)']		0.625 
	[] --mutation--> ['replace(243,148)']		0 
	[] --mutation--> ['delete(150)']		0.94999999999999996 
	[] --mutation--> ['replace(216,330)']		0.94999999999999996 
	[] --template--> ['template(sens_to_level,97)']		0.94999999999999996 
	[] --template--> []		0.94999999999999996 
	[] --template--> ['template(negate_equality,212)']		0.92500000000000004 
	[] --mutation--> ['insert(168,310)']		0.84999999999999998 
	[] --mutation--> ['insert(301,180)']		0 
	[] --template--> ['template(negate_equality,120)']		0.69999999999999996 
	[] --mutation--> ['replace(156,116)']		0.94999999999999996 
	[] --template--> ['template(sens_to_level,91)']		0.94999999999999996 
	[] --mutation--> ['replace(219,165)']		0.94999999999999996 
	[] --mutation--> ['delete(335)']		0.94999999999999996 
	[] --mutation--> ['replace(275,70)']		0.94999999999999996 
	[] --mutation--> ['insert(301,100)']		0 
	[] --mutation--> ['replace(333,103)']		0.92500000000000004 
	[] --mutation--> ['delete(253)']		0.94999999999999996 
	[] --mutation--> ['delete(246)']		0.94999999999999996 
	[] --template--> []		0.94999999999999996 
	[] --mutation--> ['insert(204,216)']		0.92500000000000004 
	[] --mutation--> ['delete(228)']		0 
	[] --mutation--> ['insert(301,359)']		0 
	[] --mutation--> ['insert(222,320)']		0.90000000000000002 
	[] --mutation--> ['replace(142,62)']		0.875 
	[] --template--> ['template(blocking_to_nonblocking,241)']		0.94999999999999996 
	[] --mutation--> ['delete(335)']		0.94999999999999996 
	[] --mutation--> ['insert(114,296)']		0.84999999999999998 
	[] --mutation--> ['replace(251,343)']		0.92500000000000004 
	[] --mutation--> ['replace(231,127)']		0.90123456790123457 
	[] --mutation--> ['delete(222)']		0.92500000000000004 
	[] --mutation--> ['insert(241,100)']		0.94999999999999996 
	[] --mutation--> ['replace(188,192)']		0 
	[] --mutation--> ['insert(277,204)']		0.94999999999999996 
	[] --mutation--> ['replace(323,201)']		0.90000000000000002 
	[] --mutation--> ['replace(178,67)']		0.625 
	[] --mutation--> ['delete(100)']		0.94999999999999996 
	[] --template--> ['template(sens_to_posedge,89)']		0 
	[] --mutation--> ['replace(269,303)']		0.94999999999999996 
	[] --mutation--> ['insert(204,186)']		0.92500000000000004 
	[] --template--> []		0.94999999999999996 
	[] --template--> []		0.94999999999999996 
	[] --mutation--> ['delete(144)']		0.875 
	[] --mutation--> ['replace(189,306)']		0.875 
	[] --mutation--> ['insert(320,216)']		0.94999999999999996 
	[] --mutation--> ['delete(216)']		0.94999999999999996 
	[] --mutation--> ['insert(296,303)']		0.94999999999999996 
	[] --template--> ['template(sens_to_posedge,235)']		0.94999999999999996 
	[] --mutation--> ['delete(204)']		0.92500000000000004 
	[] --mutation--> ['replace(178,67)']		0.625 
	[] --mutation--> ['replace(299,292)']		0.94999999999999996 
	[] --mutation--> ['replace(296,303)']		0.65853658536585369 
	[] --mutation--> ['replace(205,270)']		0.92500000000000004 
	[] --template--> ['template(decrement_by_one,174)']		0.875 
	[] --template--> ['template(increment_by_one,239)']		0.75 
	[] --mutation--> ['delete(335)']		0.94999999999999996 
	[] --mutation--> ['replace(156,108)']		0.94999999999999996 
	[] --mutation--> ['insert(289,269)']		0.94999999999999996 
	[] --mutation--> ['replace(362,189)']		0.94999999999999996 
	[] --mutation--> ['delete(186)']		0.875 
	[] --mutation--> ['replace(128,138)']		0.875 
	[] --template--> ['template(negate_equality,130)']		0.80000000000000004 
	[] --mutation--> ['insert(282,204)']		0 
	[] --mutation--> ['delete(277)']		0.75 
	[] --mutation--> ['replace(159,213)']		0.94999999999999996 
	[] --mutation--> ['replace(176,120)']		0.875 
	[] --mutation--> ['replace(283,48)']		0.94999999999999996 
	[] --template--> ['template(increment_by_one,287)']		0.40476190476190477 
	[] --mutation--> ['delete(359)']		0.94999999999999996 
	[] --mutation--> ['insert(301,350)']		0 
	[] --mutation--> ['delete(162)']		0.94999999999999996 
	[] --mutation--> ['delete(335)']		0.94999999999999996 
	[] --mutation--> ['insert(180,241)']		0.94999999999999996 
	[] --mutation--> ['insert(274,238)']		0 
	[] --mutation--> ['insert(282,238)']		0 
	[] --mutation--> ['insert(320,340)']		0.90000000000000002 
	[] --template--> []		0.94999999999999996 
	[] --mutation--> ['replace(180,262)']		0.94999999999999996 
	[] --mutation--> ['insert(330,310)']		0.65000000000000002 
	[] --template--> []		0.94999999999999996 
	[] --mutation--> ['delete(325)']		0.94999999999999996 
	[] --mutation--> ['replace(365,81)']		0.94999999999999996 
	[] --mutation--> ['replace(330,320)']		0.84999999999999998 
	[] --mutation--> ['insert(162,216)']		0.94999999999999996 
	[] --mutation--> ['insert(241,350)']		0.94999999999999996 
	[] --template--> []		0.94999999999999996 
	[] --mutation--> ['replace(214,56)']		0.94999999999999996 
	[] --mutation--> ['replace(278,135)']		0.70370370370370372 
	[] --template--> ['template(sens_to_level,95)']		0.94999999999999996 
	[] --template--> ['template(decrement_by_one,224)']		0 
	[] --mutation--> ['replace(247,302)']		0.94999999999999996 
	[] --mutation--> ['insert(241,216)']		0.94999999999999996 
	[] --mutation--> ['replace(299,183)']		0.94999999999999996 
	[] --mutation--> ['delete(330)']		0.92500000000000004 
	[] --mutation--> ['insert(294,162)']		0 
	[] --mutation--> ['delete(269)']		0.94999999999999996 
	[] --mutation--> ['delete(364)']		0.94999999999999996 
	[] --mutation--> ['replace(195,342)']		0.75 
	[] --template--> ['template(blocking_to_nonblocking,100)']		0.77500000000000002 
	[] --template--> ['template(decrement_by_one,208)']		0.90000000000000002 
	[] --mutation--> ['replace(296,296)']		0.94999999999999996 
	[] --template--> ['template(decrement_by_one,352)']		0 
	[] --mutation--> ['replace(162,144)']		0.97499999999999998 
	[] --mutation--> ['delete(186)']		0.875 
	[] --template--> ['template(sens_to_level,97)']		0.94999999999999996 
	[] --template--> []		0.94999999999999996 
	[] --mutation--> ['replace(361,172)']		0 
	[] --mutation--> ['replace(183,59)']		0.625 
	[] --mutation--> ['replace(177,273)']		0.875 
	[] --mutation--> ['delete(114)']		0.92500000000000004 
	[] --mutation--> ['insert(198,168)']		0.94999999999999996 
	[] --mutation--> ['delete(216)']		0.94999999999999996 
	[] --mutation--> ['insert(124,248)']		0.94999999999999996 
	[] --template--> ['template(negate_equality,140)']		0.82499999999999996 
	[] --mutation--> ['insert(241,204)']		0.94999999999999996 
	[] --mutation--> ['replace(100,198)']		0.94999999999999996 
	[] --mutation--> ['replace(102,232)']		0 
	[] --mutation--> ['delete(294)']		0.92500000000000004 
	[] --mutation--> ['insert(162,289)']		0.94999999999999996 
	[] --template--> ['template(blocking_to_nonblocking,262)']		0.94999999999999996 
	[] --mutation--> ['delete(248)']		0.94999999999999996 
	[] --mutation--> ['delete(320)']		0.90000000000000002 
	[] --mutation--> ['delete(330)']		0.92500000000000004 
	[] --mutation--> ['replace(169,169)']		0.94999999999999996 
	[] --mutation--> ['delete(359)']		0.94999999999999996 
	[] --mutation--> ['delete(277)']		0.75 
	[] --template--> ['template(decrement_by_one,128)']		0.875 
	[] --mutation--> ['insert(144,162)']		0.97499999999999998 
	[] --mutation--> ['replace(108,172)']		0.75 
	[] --mutation--> ['replace(160,178)']		0.94999999999999996 
	[] --mutation--> ['delete(246)']		0.94999999999999996 
	[] --mutation--> ['replace(118,156)']		0.94999999999999996 
	[] --mutation--> ['delete(246)']		0.94999999999999996 
	[] --mutation--> ['insert(325,269)']		0 
	[] --mutation--> ['insert(296,134)']		0.94999999999999996 
	[] --mutation--> ['replace(336,309)']		0.94999999999999996 
	[] --mutation--> ['replace(189,333)']		0.92500000000000004 
	[] --template--> ['template(negate_equality,176)']		0.875 
	[] --mutation--> ['replace(141,195)']		0.875 
	[] --mutation--> ['replace(194,140)']		0.90000000000000002 
	[] --template--> ['template(decrement_by_one,131)']		0.90000000000000002 
	[] --mutation--> ['replace(168,198)']		0.94999999999999996 
	[] --mutation--> ['insert(274,310)']		0 
	[] --template--> ['template(increment_by_one,200)']		0 
	[] --mutation--> ['delete(150)']		0.94999999999999996 
	[] --mutation--> ['insert(114,350)']		0.90000000000000002 
	[] --template--> ['template(sens_to_all,97)']		0 
	[] --mutation--> ['delete(186)']		0.875 
	[] --mutation--> ['replace(250,361)']		0.94999999999999996 
	[] --mutation--> ['insert(274,144)']		0 
	[] --template--> ['template(negate_equality,120)']		0.69999999999999996 
	[] --template--> ['template(negate_equality,194)']		0.75 
	[] --mutation--> ['delete(222)']		0.92500000000000004 
	[] --mutation--> ['replace(335,294)']		0.94999999999999996 
	[] --template--> ['template(decrement_by_one,264)']		0 
	[] --mutation--> ['delete(186)']		0.875 
	[] --mutation--> ['replace(272,153)']		0.94999999999999996 
	[] --mutation--> ['delete(186)']		0.875 
	[] --template--> []		0.94999999999999996 
	[] --mutation--> ['delete(246)']		0.94999999999999996 
	[] --mutation--> ['delete(294)']		0.92500000000000004 
	[] --mutation--> ['replace(103,306)']		0.94999999999999996 
	[] --mutation--> ['replace(278,163)']		0.70370370370370372 
	[] --mutation--> ['replace(148,148)']		0.94999999999999996 
	[] --mutation--> ['insert(269,186)']		0.94999999999999996 
	[] --mutation--> ['replace(163,169)']		0.94999999999999996 
	[] --mutation--> ['replace(187,115)']		0.94999999999999996 
	[] --mutation--> ['delete(294)']		0.92500000000000004 
	[] --mutation--> ['replace(134,277)']		0.90000000000000002 
	[] --mutation--> ['replace(210,166)']		0.92500000000000004 
	[] --mutation--> ['delete(222)']		0.92500000000000004 
	[] --mutation--> ['replace(120,176)']		0.69999999999999996 
	[] --mutation--> ['insert(180,340)']		0.92500000000000004 
	[] --mutation--> ['insert(253,162)']		0 
	[] --mutation--> ['replace(166,177)']		0.94999999999999996 
	[] --template--> ['template(decrement_by_one,224)']		0 
	[] --mutation--> ['insert(124,134)']		0.875 
	[] --mutation--> ['insert(241,262)']		0.94999999999999996 
	[] --mutation--> ['insert(168,359)']		0.94999999999999996 
	[] --template--> ['template(negate_equality,130)']		0.80000000000000004 
	[] --mutation--> ['replace(271,96)']		0 
	[] --mutation--> ['replace(289,289)']		0.94999999999999996 
	[] --mutation--> ['delete(180)']		0.94999999999999996 
	[] --mutation--> ['insert(277,330)']		0.94999999999999996 
	[] --mutation--> ['insert(248,124)']		0.94999999999999996 
	[] --mutation--> ['replace(137,258)']		0.90000000000000002 
	[] --mutation--> ['delete(144)']		0.875 
	[] --mutation--> ['replace(239,312)']		0.90000000000000002 
	[] --mutation--> ['insert(282,162)']		0 
	[] --mutation--> ['replace(226,281)']		0.92500000000000004 
	[] --mutation--> ['replace(216,248)']		0.94999999999999996 
	[] --mutation--> ['delete(248)']		0.94999999999999996 
	[] --mutation--> ['replace(251,353)']		0.92500000000000004 
	[] --mutation--> ['insert(253,134)']		0 
	[] --mutation--> ['insert(246,320)']		0 
	[] --mutation--> ['delete(162)']		0.94999999999999996 
	[] --template--> []		0.94999999999999996 
	[] --mutation--> ['insert(204,359)']		0.94999999999999996 
	[] --template--> ['template(negate_equality,110)']		0.625 
	[] --template--> []		0.94999999999999996 
	[] --mutation--> ['replace(254,266)']		0 
	[] --mutation--> ['replace(321,311)']		0.82499999999999996 
	[] --mutation--> ['delete(241)']		0.94999999999999996 
	[] --mutation--> ['delete(228)']		0 
	[] --mutation--> ['replace(252,245)']		0.94999999999999996 
	[] --mutation--> ['replace(204,296)']		0.92500000000000004 
	[] --mutation--> ['delete(180)']		0.94999999999999996 
	[] --mutation--> ['replace(117,244)']		0.92500000000000004 
	[] --mutation--> ['replace(245,69)']		0.94999999999999996 
	[] --mutation--> ['delete(186)']		0.875 
	[] --mutation--> ['replace(251,353)']		0.92500000000000004 
	[] --mutation--> ['insert(168,340)']		0.90000000000000002 
	[] --mutation--> ['replace(362,147)']		0.94999999999999996 
	[] --mutation--> ['replace(110,120)']		0.84999999999999998 
	[] --mutation--> ['delete(274)']		0.94999999999999996 
	[] --mutation--> ['replace(253,364)']		0.94999999999999996 
	[] --template--> []		0.94999999999999996 
	[] --mutation--> ['replace(190,131)']		0.875 
	[] --template--> ['template(decrement_by_one,318)']		0.90000000000000002 
	[] --mutation--> ['replace(135,217)']		0.94999999999999996 
	[] --mutation--> ['insert(241,248)']		0.94999999999999996 
	[] --mutation--> ['replace(126,164)']		0.94999999999999996 
	[] --mutation--> ['replace(325,325)']		0.94999999999999996 
	[] --template--> []		0.94999999999999996 
	[] --mutation--> ['replace(196,245)']		0.94999999999999996 
	[] --mutation--> ['replace(148,188)']		0.875 
	[] --mutation--> ['insert(180,284)']		0.75 
	[] --mutation--> ['delete(186)']		0.875 
	[] --template--> ['template(blocking_to_nonblocking,124)']		0.97499999999999998 
	[] --mutation--> ['delete(325)']		0.94999999999999996 
	[] --template--> ['template(blocking_to_nonblocking,228)']		0.94999999999999996 
	[] --mutation--> ['insert(296,241)']		0.94999999999999996 
	[] --mutation--> ['insert(241,186)']		0.94999999999999996 
	[] --template--> ['template(decrement_by_one,118)']		0.92500000000000004 
	[] --mutation--> ['replace(273,138)']		0.94999999999999996 
	[] --template--> []		0.94999999999999996 
	[] --mutation--> ['insert(277,134)']		0.94999999999999996 
	[] --mutation--> ['delete(114)']		0.92500000000000004 
	[] --mutation--> ['delete(134)']		0.90000000000000002 
	[] --template--> ['template(decrement_by_one,312)']		0 
	[] --mutation--> ['replace(168,296)']		0.94999999999999996 
	[] --mutation--> ['replace(164,159)']		0 
	[] --template--> ['template(increment_by_one,200)']		0 
	[] --template--> ['template(negate_equality,176)']		0.875 
	[] --mutation--> ['replace(178,76)']		0.625 
	[] --mutation--> ['insert(269,350)']		0.94999999999999996 
	[] --mutation--> ['delete(144)']		0.875 
	[] --mutation--> ['delete(277)']		0.75 
	[] --mutation--> ['insert(274,262)']		0.94999999999999996 
	[] --mutation--> ['delete(168)']		0.94999999999999996 
	[] --mutation--> ['replace(294,246)']		0.94999999999999996 
	[] --mutation--> ['delete(204)']		0.92500000000000004 
	[] --mutation--> ['delete(150)']		0.94999999999999996 
	[] --mutation--> ['insert(335,340)']		0 
	[] --template--> ['template(blocking_to_nonblocking,340)']		0.94999999999999996 
	[] --mutation--> ['replace(323,343)']		0.94999999999999996 
	[] --mutation--> ['insert(100,100)']		0.94999999999999996 
	[] --mutation--> ['replace(100,144)']		0.94999999999999996 
	[] --mutation--> ['insert(289,162)']		0.94999999999999996 
	[] --mutation--> ['delete(216)']		0.94999999999999996 
	[] --template--> ['template(sens_to_negedge,97)']		0 
	[] --mutation--> ['insert(168,340)']		0.90000000000000002 
	[] --mutation--> ['replace(144,222)']		0.94999999999999996 
	[] --template--> ['template(decrement_by_one,257)']		0 
	[] --mutation--> ['replace(242,199)']		0.94999999999999996 
	[] --template--> ['template(increment_by_one,174)']		0.82499999999999996 
	[] --template--> ['template(increment_by_one,182)']		0 
	[] --mutation--> ['delete(216)']		0.94999999999999996 
	[] --mutation--> ['insert(168,100)']		0.94999999999999996 
	[] --mutation--> ['delete(320)']		0.90000000000000002 
	[] --mutation--> ['delete(222)']		0.92500000000000004 
	[] --mutation--> ['insert(364,269)']		0 
	[] --mutation--> ['delete(289)']		0.58536585365853655 
	[] --template--> ['template(decrement_by_one,152)']		0 
	[] --template--> ['template(decrement_by_one,318)']		0.90000000000000002 
	[] --template--> ['template(blocking_to_nonblocking,186)']		0.94999999999999996 
	[] --template--> []		0.94999999999999996 
	[] --mutation--> ['replace(277,320)']		0.70370370370370372 
	[] --mutation--> ['delete(180)']		0.94999999999999996 
	[] --mutation--> ['insert(335,124)']		0 
	[] --template--> ['template(decrement_by_one,322)']		0 
	[] --mutation--> ['replace(159,279)']		0.55000000000000004 
	[] --mutation--> ['replace(128,338)']		0.875 
	[] --template--> ['template(increment_by_one,236)']		0 
	[] --template--> ['template(blocking_to_nonblocking,241)']		0.94999999999999996 
	[] --mutation--> ['delete(100)']		0.94999999999999996 
	[] --mutation--> ['insert(320,134)']		0.875 
	[] --mutation--> ['replace(140,176)']		0.90000000000000002 
	[] --mutation--> ['replace(146,213)']		0 
	[] --mutation--> ['replace(130,110)']		0.90000000000000002 
	[] --mutation--> ['insert(216,168)']		0.94999999999999996 
	[] --mutation--> ['replace(194,194)']		0.94999999999999996 
	[] --mutation--> ['insert(124,238)']		0.69999999999999996 
	[] --mutation--> ['delete(246)']		0.94999999999999996 
	[] --mutation--> ['replace(206,271)']		0.92500000000000004 
	[] --mutation--> ['delete(277)']		0.75 
	[] --mutation--> ['replace(249,242)']		0.94999999999999996 
	[] --mutation--> ['delete(228)']		0 
	[] --template--> ['template(sens_to_posedge,89)']		0 
	[] --mutation--> ['insert(168,310)']		0.84999999999999998 
	[] --mutation--> ['replace(332,96)']		0 
	[] --template--> []		0.94999999999999996 
	[] --mutation--> ['delete(359)']		0.94999999999999996 
	[] --mutation--> ['replace(165,225)']		0.97499999999999998 
	[] --template--> ['template(sens_to_negedge,235)']		0.7831325301204819 
	[] --template--> ['template(blocking_to_nonblocking,340)']		0.94999999999999996 
	[] --mutation--> ['replace(230,188)']		0.94999999999999996 
	[] --mutation--> ['insert(301,303)']		0.94999999999999996 
	[] --mutation--> ['delete(198)']		0.94999999999999996 
	[] --mutation--> ['replace(287,352)']		0.76190476190476186 
	[] --mutation--> ['delete(150)']		0.94999999999999996 
	[] --template--> []		0.94999999999999996 
	[] --mutation--> ['insert(180,296)']		0.90000000000000002 
	[] --mutation--> ['replace(300,48)']		0.94999999999999996 
	[] --template--> ['template(sens_to_negedge,91)']		0 
	[] --template--> ['template(sens_to_all,97)']		0 
	[] --template--> []		0.94999999999999996 
	[] --mutation--> ['delete(330)']		0.92500000000000004 
	[] --template--> ['template(decrement_by_one,208)']		0.90000000000000002 
	[] --template--> ['template(increment_by_one,146)']		0 
	[] --mutation--> ['insert(330,100)']		0.77500000000000002 
	[] --mutation--> ['insert(114,222)']		0.90000000000000002 
	[] --template--> []		0.94999999999999996 
	[] --template--> ['template(increment_by_one,206)']		0 
	[] --template--> []		0.94999999999999996 
	[] --template--> ['template(increment_by_one,90)']		0 
	[] --mutation--> ['delete(150)']		0.94999999999999996 
	[] --mutation--> ['replace(298,177)']		0 
	[] --template--> []		0.94999999999999996 
	[] --mutation--> ['replace(194,130)']		0.75 
	[] --mutation--> ['replace(248,241)']		0.94999999999999996 
	[] --mutation--> ['insert(228,198)']		0.94999999999999996 
	[] --mutation--> ['insert(198,289)']		0.94999999999999996 
	[] --template--> ['template(blocking_to_nonblocking,180)']		0.94999999999999996 
	[] --template--> ['template(sens_to_posedge,89)']		0 
	[] --mutation--> ['replace(182,328)']		0 
	[] --mutation--> ['delete(228)']		0 
	[] --mutation--> ['delete(253)']		0.94999999999999996 
	[] --mutation--> ['insert(198,114)']		0.92500000000000004 
	[] --mutation--> ['insert(134,150)']		0.90000000000000002 
	[] --mutation--> ['replace(213,257)']		0.92500000000000004 
	[] --mutation--> ['insert(301,330)']		0 
	[] --template--> ['template(increment_by_one,202)']		0.94999999999999996 
	[] --mutation--> ['replace(230,236)']		0 
	[] --mutation--> ['delete(282)']		0.92500000000000004 
	[] --mutation--> ['insert(269,186)']		0.94999999999999996 
	[] --mutation--> ['replace(362,207)']		0.94999999999999996 
	[] --mutation--> ['replace(225,258)']		0.92500000000000004 
	[] --mutation--> ['replace(212,120)']		0.94999999999999996 
	[] --mutation--> ['replace(219,137)']		0.92500000000000004 
	[] --mutation--> ['delete(325)']		0.94999999999999996 
	[] --mutation--> ['delete(282)']		0.92500000000000004 
	[] --mutation--> ['replace(300,356)']		0.59999999999999998 
	[] --mutation--> ['replace(151,223)']		0.94999999999999996 
	[] --template--> ['template(sens_to_level,97)']		0.94999999999999996 
	[] --mutation--> ['replace(219,201)']		0.94999999999999996 
	[] --mutation--> ['insert(320,262)']		0.92500000000000004 
	[] --mutation--> ['delete(114)']		0.92500000000000004 
	[] --template--> ['template(decrement_by_one,273)']		0.94999999999999996 
	[] --mutation--> ['replace(223,351)']		0.92500000000000004 
	[] --mutation--> ['replace(178,53)']		0.875 
	[] --mutation--> ['replace(170,102)']		0.94999999999999996 
	[] --mutation--> ['replace(282,315)']		0.94999999999999996 
	[] --mutation--> ['insert(198,216)']		0.94999999999999996 
	[] --mutation--> ['replace(218,239)']		0 
	[] --mutation--> ['replace(216,303)']		0.94999999999999996 
	[] --mutation--> ['replace(108,190)']		0.75 
	[] --mutation--> ['insert(274,162)']		0 
	[] --mutation--> ['delete(150)']		0.94999999999999996 
	[] --mutation--> ['insert(204,162)']		0.97499999999999998 
	[] --template--> ['template(increment_by_one,328)']		0.82499999999999996 
	[] --mutation--> ['replace(127,103)']		0.90000000000000002 
	[] --mutation--> ['delete(150)']		0.94999999999999996 
	[] --mutation--> ['insert(248,241)']		0.94999999999999996 
	[] --mutation--> ['replace(269,277)']		0.94999999999999996 
	[] --mutation--> ['insert(222,303)']		0.75 
	[] --mutation--> ['replace(223,217)']		0.94999999999999996 
	[] --mutation--> ['replace(190,206)']		0.875 
	[] --mutation--> ['replace(212,140)']		0.92500000000000004 
	[] --mutation--> ['replace(249,205)']		0.94999999999999996 
	[] --mutation--> ['replace(154,239)']		0.94999999999999996 
	[] --template--> []		0.94999999999999996 
	[] --template--> []		0.94999999999999996 
	[] --mutation--> ['delete(144)']		0.875 
	[] --mutation--> ['replace(359,241)']		0.94999999999999996 
	[] --template--> ['template(increment_by_one,177)']		0.625 
	[] --mutation--> ['replace(285,287)']		0.75 
	[] --mutation--> ['insert(359,168)']		1 

######## REPAIR FOUND ########
		['insert(359,168)']
TOTAL TIME TAKEN TO FIND REPAIR = 384.748373
Minimized patch: ['insert(359,168)']
