SEED:
	 repair_2020-10-12-14:53:55
SOURCE FILE:
	 /home/hammada/projects/verilog_repair/benchmarks/opencores/pairing/tate_pairing_wadden_buggy1.v
TEST BENCH:
	 /home/hammada/projects/verilog_repair/benchmarks/opencores/pairing/test_duursma_lee_algo_t1.v
PROJ_DIR:
	 /home/hammada/projects/verilog_repair/benchmarks/opencores/pairing/
FITNESS_MODE:
	 outputwires
EVAL_SCRIPT:
	 /home/hammada/projects/verilog_repair/benchmarks/opencores/pairing/run.sh
ORACLE:
	 /home/hammada/projects/verilog_repair/benchmarks/opencores/pairing/oracle.txt
PARAMETERS:
	gens=8
	popsize=5000
	mutation_rate=0.700000
	crossover_rate=0.300000
	replacement_rate=0.400000
	insertion_rate=0.300000
	deletion_rate=0.300000
	restarts=1
	fault_loc=True
	control_flow=True
	limit_transitive_dependency_set=True
	dependency_set_max=4

	[] --template_seeding--> ['template(decrement_by_one,437)']		0
	[] --template_seeding--> []		0
	[] --template_seeding--> ['template(increment_by_one,292)']		0
	[] --template_seeding--> ['template(sens_to_level,424)']		0
	[] --template_seeding--> []		0
	[] --template_seeding--> ['template(sens_to_posedge,485)']		0
	[] --template_seeding--> ['template(sens_to_level,395)']		0
	[] --template_seeding--> ['template(sens_to_negedge,538)']		0
	[] --template_seeding--> []		0
	[] --template_seeding--> ['template(increment_by_one,363)']		0
	[] --template_seeding--> []		0
	[] --template_seeding--> []		0
	[] --template_seeding--> ['template(sens_to_all,510)']		0
	[] --template_seeding--> []		0
	[] --template_seeding--> []		0
	[] --template_seeding--> ['template(sens_to_all,485)']		0
	[] --template_seeding--> ['template(nonblocking_to_blocking,520)']		0
	[] --template_seeding--> []		0
	[] --template_seeding--> ['template(nonblocking_to_blocking,445)']		0
	[] --template_seeding--> ['template(nonblocking_to_blocking,778)']		0
	[] --template_seeding--> ['template(increment_by_one,375)']		0
	[] --template_seeding--> ['template(sens_to_level,395)']		0
	[] --template_seeding--> ['template(decrement_by_one,452)']		0
	[] --template_seeding--> ['template(nonblocking_to_blocking,515)']		0
	[] --template_seeding--> ['template(nonblocking_to_blocking,773)']		0
	[] --template_seeding--> []		0
	[] --template_seeding--> ['template(nonblocking_to_blocking,435)']		0
	[] --template_seeding--> ['template(decrement_by_one,437)']		0
	[] --template_seeding--> ['template(sens_to_posedge,759)']		0
	[] --template_seeding--> []		0
	[] --template_seeding--> ['template(decrement_by_one,258)']		0
	[] --template_seeding--> ['template(decrement_by_one,361)']		0
	[] --template_seeding--> ['template(decrement_by_one,465)']		0
	[] --template_seeding--> ['template(sens_to_level,759)']		0
	[] --template_seeding--> ['template(increment_by_one,341)']		0
	[] --template_seeding--> ['template(decrement_by_one,678)']		0
	[] --template_seeding--> ['template(nonblocking_to_blocking,778)']		0
	[] --template_seeding--> []		0
	[] --template_seeding--> ['template(increment_by_one,318)']		0
