SOURCE FILE:
	 /home/hammada/projects/verilog_repair/benchmarks/opencores/pairing/tate_pairing_buggy_v2.v
TEST BENCH:
	 /home/hammada/projects/verilog_repair/benchmarks/opencores/pairing/test_duursma_lee_algo_t1.v
INCLUDE_DIR:
	 /home/hammada/projects/verilog_repair/benchmarks/opencores/pairing
DEP_FILES:
	 /home/hammada/projects/verilog_repair/benchmarks/opencores/pairing/f32m.v /home/hammada/projects/verilog_repair/benchmarks/opencores/pairing/f33m.v /home/hammada/projects/verilog_repair/benchmarks/opencores/pairing/f36m.v /home/hammada/projects/verilog_repair/benchmarks/opencores/pairing/f3m.v /home/hammada/projects/verilog_repair/benchmarks/opencores/pairing/f3.v /home/hammada/projects/verilog_repair/benchmarks/opencores/pairing/fun.v
ORACLE:
	 /home/hammada/projects/verilog_repair/benchmarks/opencores/pairing/oracle.txt
PARAMETERS:
	gens=4
	popsize=500
	mutation_rate=0
	crossover_rate=0
	replacement_rate=0
	insertion_rate=0
	deletion_rate=0
	restarts=1
	fault_loc=True
	control_flow=True
	limit_transitive_dependency_set=True
	dependency_set_max=4

IN GENERATION 0 OF ATTEMPT 0
	[] --mutation--> ['insert(763,773)']		0 
	[] --mutation--> ['insert(399,473)']		0 
	[] --mutation--> ['insert(256,526)']		0 
	[] --mutation--> ['insert(778,503)']		0 
	[] --mutation--> ['delete(256)']		0 
	[] --mutation--> ['insert(503,440)']		0 
	[] --mutation--> ['delete(503)']		0 
	[] --mutation--> ['delete(399)']		0 
	[] --mutation--> ['replace(417,311)']		0 
	[] --mutation--> ['delete(503)']		0 
	[] --mutation--> ['insert(729,478)']		0 
	[] --mutation--> ['delete(490)']		0.99828372497219531 
	[] --mutation--> ['insert(256,435)']		0 
	[] --mutation--> ['replace(779,543)']		0 
	[] --mutation--> ['insert(490,440)']		0 
	[] --mutation--> ['insert(763,778)']		0 
	[] --mutation--> ['insert(729,450)']		0 
	[] --mutation--> ['replace(262,639)']		0 
	[] --mutation--> ['replace(417,748)']		0 
	[] --mutation--> ['replace(773,435)']		0 
	[] --mutation--> ['insert(729,531)']		0 
	[] --mutation--> ['replace(410,44)']		0 
	[] --mutation--> ['replace(731,475)']		0 
	[] --mutation--> ['replace(762,380)']		0 
	[] --mutation--> ['delete(750)']		0 
	[] --mutation--> ['insert(778,435)']		0 
	[] --mutation--> ['insert(490,427)']		0 
	[] --mutation--> ['insert(498,463)']		0 
	[] --mutation--> ['delete(415)']		0 
	[] --mutation--> ['replace(494,139)']		0 
	[] --mutation--> ['replace(733,60)']		0 
	[] --mutation--> ['insert(415,520)']		0 
	[] --mutation--> ['delete(399)']		0 
	[] --mutation--> ['replace(496,666)']		0 
	[] --mutation--> ['delete(778)']		0 
	[] --mutation--> ['delete(503)']		0 
	[] --mutation--> ['delete(750)']		0 
	[] --mutation--> ['replace(493,781)']		0 
	[] --mutation--> ['replace(769,260)']		0 
	[] --mutation--> ['replace(765,284)']		0 
	[] --mutation--> ['replace(412,260)']		0 
	[] --mutation--> ['delete(399)']		0 
	[] --mutation--> ['insert(256,526)']		0 
	[] --mutation--> ['replace(767,92)']		0 
	[] --mutation--> ['insert(399,490)']		0 
	[] --mutation--> ['delete(750)']		0 
	[] --mutation--> ['insert(498,707)']		0 
	[] --mutation--> ['delete(399)']		0 
	[] --mutation--> ['delete(503)']		0 
	[] --mutation--> ['insert(415,773)']		0 
	[] --mutation--> ['insert(415,440)']		0 
	[] --mutation--> ['replace(407,203)']		0 
	[] --mutation--> ['replace(402,438)']		0 
	[] --mutation--> ['delete(763)']		0 
	[] --mutation--> ['insert(773,778)']		0 
	[] --mutation--> ['insert(415,713)']		0 
	[] --mutation--> ['replace(456,359)']		0 
	[] --mutation--> ['delete(763)']		0 
	[] --mutation--> ['insert(503,531)']		0 
	[] --mutation--> ['delete(490)']		0.99828372497219531 
	[] --mutation--> ['insert(256,478)']		0 
	[] --mutation--> ['replace(505,324)']		0 
	[] --mutation--> ['insert(778,515)']		0 
	[] --mutation--> ['replace(505,307)']		0 
	[] --mutation--> ['insert(763,713)']		0 
	[] --mutation--> ['insert(503,531)']		0 
	[] --mutation--> ['insert(750,468)']		0 
	[] --mutation--> ['insert(498,515)']		0 
	[] --mutation--> ['delete(763)']		0 
	[] --mutation--> ['replace(505,449)']		0 
	[] --mutation--> ['replace(752,384)']		0 
	[] --mutation--> ['replace(781,418)']		0 
	[] --mutation--> ['insert(750,515)']		0 
	[] --mutation--> ['replace(765,530)']		0 
	[] --mutation--> ['insert(399,430)']		0 
	[] --mutation--> ['replace(419,601)']		0 
	[] --mutation--> ['insert(729,503)']		0 
	[] --mutation--> ['delete(503)']		0 
	[] --mutation--> ['delete(778)']		0 
	[] --mutation--> ['insert(503,440)']		0 
	[] --mutation--> ['replace(505,551)']		0 
	[] --mutation--> ['replace(728,755)']		0 
	[] --mutation--> ['replace(541,229)']		0 
	[] --mutation--> ['delete(498)']		0 
	[] --mutation--> ['delete(490)']		0.99828372497219531 
	[] --mutation--> ['delete(773)']		0 
	[] --mutation--> ['replace(412,738)']		0 
	[] --mutation--> ['delete(750)']		0 
	[] --mutation--> ['delete(778)']		0 
	[] --mutation--> ['insert(773,707)']		0 
	[] --mutation--> ['replace(262,148)']		0 
	[] --mutation--> ['replace(501,453)']		0 
	[] --mutation--> ['delete(778)']		0 
	[] --mutation--> ['replace(762,533)']		0 
	[] --mutation--> ['replace(732,716)']		0 
	[] --mutation--> ['delete(773)']		0 
	[] --mutation--> ['delete(399)']		0 
	[] --mutation--> ['replace(780,277)']		0 
	[] --mutation--> ['replace(404,163)']		0 
	[] --mutation--> ['insert(773,773)']		0 
	[] --mutation--> ['delete(256)']		0 
	[] --mutation--> ['delete(778)']		0 
	[] --mutation--> ['replace(405,405)']		0 
	[] --mutation--> ['delete(778)']		0 
	[] --mutation--> ['delete(778)']		0 
	[] --mutation--> ['delete(490)']		0.99828372497219531 
	[] --mutation--> ['replace(456,752)']		0 
	[] --mutation--> ['insert(778,450)']		0 
	[] --mutation--> ['insert(763,490)']		1 ######## REPAIR FOUND ########
		['insert(763,490)']
TOTAL TIME TAKEN TO FIND REPAIR = 992.377451
