SOURCE FILE:
	 /home/hammada/projects/verilog_repair/benchmarks/first_counter/first_counter_buggy_num.v
TEST BENCH:
	 /home/hammada/projects/verilog_repair/benchmarks/first_counter/first_counter_tb_t3.v
ORACLE:
	 oracle_firstcounter.txt
PARAMETERS:
	gens=2
	popsize=1000
	restarts=2
	fault_loc=True
	control_flow=True
	limit_transitive_dependency_set=True
	dependency_set_max=4

IN GENERATION 0 OF ATTEMPT 0
	[] --mutation--> ['delete(41)']		0.000000
	[] --mutation--> ['delete(41)']		0.000000
	[] --mutation--> ['delete(41)']		0.000000
	[] --mutation--> ['insert(53,53)']		0.500000
	[] --mutation--> ['replace(38,34)']		0.107143
	[] --mutation--> ['insert(60,36)']		0.000000
	[] --mutation--> ['replace(46,46)']		0.500000
	[] --mutation--> ['replace(49,37)']		0.678571
	[] --mutation--> ['insert(60,36)']		0.000000
	[] --mutation--> ['insert(53,36)']		0.000000
	[] --mutation--> ['delete(41)']		0.000000
	[] --mutation--> ['replace(43,38)']		0.000000
	[] --mutation--> ['insert(60,41)']		0.000000
	[] --mutation--> ['replace(59,18)']		0.714286
	[] --mutation--> ['insert(41,41)']		0.500000
	[] --mutation--> ['delete(60)']		0.500000
	[] --mutation--> ['delete(53)']		0.678571
	[] --mutation--> ['replace(37,57)']		0.000000
	[] --mutation--> ['delete(53)']		0.678571
	[] --mutation--> ['insert(41,53)']		0.678571
	[] --mutation--> ['replace(38,58)']		0.000000
	[] --mutation--> ['replace(61,61)']		0.500000
	[] --mutation--> ['delete(41)']		0.000000
	[] --mutation--> ['replace(37,57)']		0.000000
	[] --mutation--> ['delete(60)']		0.500000
	[] --mutation--> ['replace(53,41)']		0.678571
	[] --mutation--> ['insert(41,36)']		0.107143
	[] --mutation--> ['delete(46)']		0.500000
	[] --mutation--> ['replace(39,19)']		0.107143
	[] --mutation--> ['delete(53)']		0.678571
	[] --mutation--> ['insert(41,36)']		0.107143
	[] --mutation--> ['replace(44,44)']		0.500000
	[] --mutation--> ['delete(46)']		0.500000
	[] --mutation--> ['delete(60)']		0.500000
	[] --mutation--> ['delete(41)']		0.000000
	[] --mutation--> ['delete(60)']		0.500000
	[] --mutation--> ['delete(46)']		0.500000
	[] --mutation--> ['insert(46,36)']		0.000000
	[] --mutation--> ['replace(54,42)']		0.500000
	[] --mutation--> ['replace(45,30)']		0.500000
	[] --mutation--> ['replace(56,44)']		0.678571
	[] --mutation--> ['insert(41,36)']		0.107143
	[] --mutation--> ['delete(46)']		0.500000
	[] --mutation--> ['replace(45,19)']		0.500000
	[] --mutation--> ['delete(46)']		0.500000
	[] --mutation--> ['insert(41,36)']		0.107143
	[] --mutation--> ['insert(60,41)']		0.000000
	[] --mutation--> ['replace(53,41)']		0.678571
	[] --mutation--> ['replace(57,57)']		0.500000
	[] --mutation--> ['delete(46)']		0.500000
	[] --mutation--> ['replace(61,29)']		0.500000
	[] --mutation--> ['replace(54,42)']		0.500000
	[] --mutation--> ['replace(56,56)']		0.500000
	[] --mutation--> ['replace(44,44)']		0.500000
	[] --mutation--> ['insert(41,36)']		0.107143
	[] --mutation--> ['insert(46,41)']		0.000000
	[] --mutation--> ['replace(57,49)']		0.678571
	[] --mutation--> ['delete(53)']		0.678571
	[] --mutation--> ['delete(41)']		0.000000
	[] --mutation--> ['insert(60,53)']		0.000000
	[] --mutation--> ['replace(60,46)']		0.500000
	[] --mutation--> ['replace(58,58)']		0.500000
	[] --mutation--> ['insert(41,36)']		0.107143
	[] --mutation--> ['insert(53,41)']		0.000000
	[] --mutation--> ['replace(39,45)']		0.107143
	[] --mutation--> ['delete(53)']		0.678571
	[] --mutation--> ['delete(60)']		0.500000
	[] --mutation--> ['delete(60)']		0.500000
	[] --mutation--> ['replace(57,37)']		0.678571
	[] --mutation--> ['replace(61,61)']		0.500000
	[] --mutation--> ['delete(53)']		0.678571
	[] --mutation--> ['replace(60,46)']		0.500000
	[] --mutation--> ['replace(47,61)']		0.500000
	[] --mutation--> ['insert(41,41)']		0.500000
	[] --mutation--> ['replace(50,58)']		0.678571
	[] --mutation--> ['delete(60)']		0.500000
	[] --mutation--> ['replace(37,57)']		0.000000
	[] --mutation--> ['replace(42,54)']		0.500000
	[] --mutation--> ['delete(60)']		0.500000
	[] --mutation--> ['insert(60,36)']		0.000000
	[] --mutation--> ['replace(58,38)']		0.678571
	[] --mutation--> ['insert(46,41)']		0.000000
	[] --mutation--> ['replace(57,49)']		0.678571
	[] --mutation--> ['delete(60)']		0.500000
	[] --mutation--> ['insert(41,36)']		0.107143
	[] --mutation--> ['delete(46)']		0.500000
	[] --mutation--> ['replace(51,47)']		0.500000
	[] --mutation--> ['insert(46,41)']		0.000000
	[] --mutation--> ['replace(53,41)']		0.678571
	[] --mutation--> ['delete(46)']		0.500000
	[] --mutation--> ['replace(47,59)']		0.500000
	[] --mutation--> ['replace(60,46)']		0.500000
	[] --mutation--> ['insert(46,53)']		0.000000
	[] --mutation--> ['replace(60,60)']		0.500000
	[] --mutation--> ['replace(37,49)']		0.218750
	[] --mutation--> ['delete(46)']		0.500000
	[] --mutation--> ['replace(47,30)']		0.500000
	[] --mutation--> ['replace(38,50)']		0.218750
	[] --mutation--> ['replace(56,44)']		0.678571
	[] --mutation--> ['delete(41)']		0.000000
	[] --mutation--> ['delete(60)']		0.500000
	[] --mutation--> ['delete(46)']		0.500000
	[] --mutation--> ['delete(41)']		0.000000
	[] --mutation--> ['replace(43,55)']		0.500000
	[] --mutation--> ['replace(53,53)']		0.500000
	[] --mutation--> ['replace(57,57)']		0.500000
	[] --mutation--> ['replace(47,30)']		0.500000
	[] --mutation--> ['replace(51,59)']		0.678571
	[] --mutation--> ['replace(51,39)']		0.500000
	[] --mutation--> ['replace(47,30)']		0.500000
	[] --mutation--> ['insert(46,36)']		0.000000
	[] --mutation--> ['insert(46,53)']		0.000000
	[] --mutation--> ['replace(47,51)']		0.000000
	[] --mutation--> ['insert(60,53)']		0.000000
	[] --mutation--> ['insert(46,41)']		0.000000
	[] --mutation--> ['replace(53,53)']		0.500000
	[] --mutation--> ['replace(50,58)']		0.678571
	[] --mutation--> ['delete(46)']		0.500000
	[] --mutation--> ['replace(60,60)']		0.500000
	[] --mutation--> ['delete(46)']		0.500000
	[] --mutation--> ['replace(42,42)']		0.500000
	[] --mutation--> ['replace(53,41)']		0.678571
	[] --mutation--> ['replace(54,54)']		0.500000
	[] --mutation--> ['replace(51,19)']		0.642857
	[] --mutation--> ['replace(44,44)']		0.500000
	[] --mutation--> ['insert(46,41)']		0.000000
	[] --mutation--> ['delete(53)']		0.678571
	[] --mutation--> ['delete(46)']		0.500000
	[] --mutation--> ['replace(49,49)']		0.500000
	[] --mutation--> ['replace(58,50)']		0.678571
	[] --mutation--> ['replace(58,50)']		0.678571
	[] --mutation--> ['delete(41)']		0.000000
	[] --mutation--> ['insert(41,36)']		0.107143
	[] --mutation--> ['replace(61,47)']		0.500000
	[] --mutation--> ['insert(46,41)']		0.000000
	[] --mutation--> ['delete(41)']		0.000000
	[] --mutation--> ['insert(46,41)']		0.000000
	[] --mutation--> ['replace(54,54)']		0.500000
	[] --mutation--> ['replace(57,37)']		0.678571
	[] --mutation--> ['insert(46,41)']		0.000000
	[] --mutation--> ['replace(44,56)']		0.000000
	[] --mutation--> ['insert(60,36)']		0.000000
	[] --mutation--> ['delete(53)']		0.678571
	[] --mutation--> ['replace(60,60)']		0.500000
	[] --mutation--> ['delete(41)']		0.000000
	[] --mutation--> ['replace(37,57)']		0.000000
	[] --mutation--> ['delete(53)']		0.678571
	[] --mutation--> ['replace(44,56)']		0.000000
	[] --mutation--> ['delete(60)']		0.500000
	[] --mutation--> ['delete(46)']		0.500000
	[] --mutation--> ['insert(53,36)']		0.000000
	[] --mutation--> ['replace(47,39)']		0.000000
	[] --mutation--> ['insert(46,41)']		0.000000
	[] --mutation--> ['replace(55,43)']		0.500000
	[] --mutation--> ['replace(57,57)']		0.500000
	[] --mutation--> ['replace(56,44)']		0.678571
	[] --mutation--> ['replace(47,39)']		0.000000
	[] --mutation--> ['replace(57,57)']		0.500000
	[] --mutation--> ['replace(56,44)']		0.678571
	[] --mutation--> ['replace(39,59)']		0.000000
	[] --mutation--> ['insert(60,41)']		0.000000
	[] --mutation--> ['replace(50,43)']		0.678571
	[] --mutation--> ['replace(50,34)']		0.535714
	[] --mutation--> ['replace(51,59)']		0.678571
	[] --mutation--> ['replace(46,46)']		0.500000
	[] --mutation--> ['replace(58,34)']		0.678571
	[] --mutation--> ['insert(46,36)']		0.000000
	[] --mutation--> ['replace(42,42)']		0.500000
	[] --mutation--> ['insert(46,53)']		0.000000
	[] --mutation--> ['insert(41,53)']		0.678571
	[] --mutation--> ['delete(46)']		0.500000
	[] --mutation--> ['replace(43,38)']		0.000000
	[] --mutation--> ['delete(46)']		0.500000
	[] --mutation--> ['insert(46,53)']		0.000000
	[] --mutation--> ['replace(59,30)']		0.678571
	[] --mutation--> ['insert(53,41)']		0.000000
	[] --mutation--> ['delete(41)']		0.000000
	[] --mutation--> ['insert(46,36)']		0.000000
	[] --mutation--> ['replace(55,55)']		0.500000
	[] --mutation--> ['replace(54,42)']		0.500000
	[] --mutation--> ['delete(41)']		0.000000
	[] --mutation--> ['replace(51,59)']		0.678571
	[] --mutation--> ['insert(60,53)']		0.000000
	[] --mutation--> ['insert(60,53)']		0.000000
	[] --mutation--> ['insert(60,53)']		0.000000
	[] --mutation--> ['delete(41)']		0.000000
	[] --mutation--> ['insert(60,53)']		0.000000
	[] --mutation--> ['insert(60,41)']		0.000000
	[] --mutation--> ['replace(55,58)']		0.500000
	[] --mutation--> ['replace(53,41)']		0.678571
	[] --mutation--> ['delete(46)']		0.500000
	[] --mutation--> ['replace(51,30)']		0.642857
	[] --mutation--> ['delete(60)']		0.500000
	[] --mutation--> ['replace(38,50)']		0.218750
	[] --mutation--> ['insert(53,53)']		0.500000
	[] --mutation--> ['replace(41,41)']		0.500000
	[] --mutation--> ['replace(43,58)']		0.500000
	[] --mutation--> ['insert(41,36)']		0.107143
	[] --mutation--> ['insert(41,41)']		0.500000
	[] --mutation--> ['insert(41,53)']		0.678571
	[] --mutation--> ['insert(53,53)']		0.500000
	[] --mutation--> ['replace(42,54)']		0.500000
	[] --mutation--> ['delete(46)']		0.500000
	[] --mutation--> ['replace(50,43)']		0.678571
	[] --mutation--> ['delete(46)']		0.500000
	[] --mutation--> ['replace(58,38)']		0.678571
	[] --mutation--> ['insert(46,53)']		0.000000
	[] --mutation--> ['insert(53,53)']		0.500000
	[] --mutation--> ['replace(51,59)']		0.678571
	[] --mutation--> ['replace(46,46)']		0.500000
	[] --mutation--> ['replace(39,39)']		0.500000
	[] --mutation--> ['replace(45,51)']		0.428571
	[] --mutation--> ['replace(49,49)']		0.500000
	[] --mutation--> ['replace(38,43)']		0.000000
	[] --mutation--> ['replace(42,42)']		0.500000
	[] --mutation--> ['replace(56,56)']		0.500000
	[] --mutation--> ['insert(53,41)']		0.000000
	[] --mutation--> ['delete(53)']		0.678571
	[] --mutation--> ['replace(61,39)']		0.000000
	[] --mutation--> ['replace(55,34)']		0.000000
	[] --mutation--> ['delete(60)']		0.500000
	[] --mutation--> ['replace(54,54)']		0.500000
	[] --mutation--> ['replace(60,46)']		0.500000
	[] --mutation--> ['insert(60,53)']		0.000000
	[] --mutation--> ['insert(60,53)']		0.000000
	[] --mutation--> ['replace(44,56)']		0.000000
	[] --mutation--> ['replace(43,43)']		0.500000
	[] --mutation--> ['replace(45,47)']		0.428571
	[] --mutation--> ['replace(47,39)']		0.000000
	[] --mutation--> ['replace(39,19)']		0.107143
	[] --mutation--> ['insert(46,41)']		0.000000
	[] --mutation--> ['insert(41,41)']		0.500000
	[] --mutation--> ['replace(42,54)']		0.500000
	[] --mutation--> ['insert(60,41)']		0.000000
	[] --mutation--> ['delete(41)']		0.000000
	[] --mutation--> ['insert(46,36)']		0.000000
	[] --mutation--> ['delete(53)']		0.678571
	[] --mutation--> ['delete(53)']		0.678571
	[] --mutation--> ['delete(41)']		0.000000
	[] --mutation--> ['replace(57,37)']		0.678571
	[] --mutation--> ['delete(41)']		0.000000
	[] --mutation--> ['replace(59,47)']		1.000000
