SEED:
	 repair_2021-07-12-11:17:40
SOURCE FILE:
	 /home/hammada/projects/verilog_repair/benchmarks/flip_flop/tff_wadden_buggy1.v
TEST BENCH:
	 /home/hammada/projects/verilog_repair/benchmarks/flip_flop/tff_tb.v
PROJ_DIR:
	 /home/hammada/projects/verilog_repair/benchmarks/flip_flop
FITNESS_MODE:
	 outputwires
EVAL_SCRIPT:
	 /home/hammada/projects/verilog_repair/benchmarks/flip_flop/run.sh
ORACLE:
	 /home/hammada/projects/verilog_repair/benchmarks/flip_flop/oracle_half.txt
PARAMETERS:
	gens=8
	popsize=5000
	mutation_rate=0.700000
	crossover_rate=0.300000
	replacement_rate=0.400000
	insertion_rate=0.300000
	deletion_rate=0.300000
	restarts=1
	fault_loc=True
	control_flow=True
	limit_transitive_dependency_set=True
	dependency_set_max=4

	[] --template_seeding--> []		0.57894736842105265
	[] --template_seeding--> ['template(sens_to_posedge,16)']		0.57894736842105265
	[] --template_seeding--> ['template(nonblocking_to_blocking,28)']		0.57894736842105265
	[] --template_seeding--> ['template(decrement_by_one,38)']		0.57894736842105265
	[] --template_seeding--> []		0.57894736842105265
	[] --template_seeding--> []		0.57894736842105265
	[] --template_seeding--> []		0.57894736842105265
	[] --template_seeding--> ['template(decrement_by_one,30)']		0
	[] --template_seeding--> ['template(sens_to_level,16)']		0.57894736842105265
	[] --template_seeding--> []		0.57894736842105265
	[] --template_seeding--> []		0.57894736842105265
	[] --template_seeding--> ['template(sens_to_posedge,16)']		0.57894736842105265
	[] --template_seeding--> []		0.57894736842105265
	[] --template_seeding--> []		0.57894736842105265
	[] --template_seeding--> []		0.57894736842105265
	[] --template_seeding--> []		0.57894736842105265
	[] --template_seeding--> ['template(sens_to_all,16)']		0.57894736842105265
	[] --template_seeding--> []		0.57894736842105265
	[] --template_seeding--> []		0.57894736842105265
	[] --template_seeding--> ['template(sens_to_posedge,16)']		0.57894736842105265
	[] --template_seeding--> []		0.57894736842105265
	[] --template_seeding--> ['template(increment_by_one,38)']		0.57894736842105265
	[] --template_seeding--> ['template(decrement_by_one,20)']		1


######## REPAIR FOUND ########
		['template(decrement_by_one,20)']
TOTAL TIME TAKEN TO FIND REPAIR = 8.375536
Minimized patch: ['template(decrement_by_one,20)']
