SOURCE FILE:
	 /home/hammada/projects/verilog_repair/benchmarks/lshift_reg/lshift_reg_wadden_buggy2.v
TEST BENCH:
	 /home/hammada/projects/verilog_repair/benchmarks/lshift_reg/lshift_reg_tb_t1.v
PROJ_DIR:
	 /home/hammada/projects/verilog_repair/benchmarks/lshift_reg/
FITNESS_MODE:
	 outputwires
EVAL_SCRIPT:
	 /home/hammada/projects/verilog_repair/benchmarks/lshift_reg/run.sh
ORACLE:
	 oracle_lshiftreg.txt
PARAMETERS:
	gens=8
	popsize=5000
	mutation_rate=0.700000
	crossover_rate=0.300000
	replacement_rate=0.400000
	insertion_rate=0.300000
	deletion_rate=0.300000
	restarts=1
	fault_loc=True
	control_flow=True
	limit_transitive_dependency_set=True
	dependency_set_max=4

	[] --template_seeding--> ['template(sens_to_negedge,32)']		0.69999999999999996
	[] --template_seeding--> ['template(blocking_to_nonblocking,62)']		0
	[] --template_seeding--> ['template(sens_to_all,32)']		0.69999999999999996
	[] --template_seeding--> []		0.58064516129032262
	[] --template_seeding--> ['template(blocking_to_nonblocking,62)']		0
	[] --template_seeding--> ['template(increment_by_one,51)']		0.58064516129032262
	[] --template_seeding--> []		0.58064516129032262
	[] --template_seeding--> ['template(increment_by_one,49)']		0
	[] --template_seeding--> ['template(increment_by_one,67)']		0.58064516129032262
	[] --template_seeding--> []		0.58064516129032262
	[] --template_seeding--> ['template(nonblocking_to_blocking,81)']		0.58064516129032262
	[] --template_seeding--> ['template(nonblocking_to_blocking,47)']		0.58064516129032262
	[] --template_seeding--> ['template(sens_to_posedge,32)']		0.58064516129032262
	[] --template_seeding--> ['template(increment_by_one,73)']		0
	[] --template_seeding--> ['template(decrement_by_one,51)']		0.58064516129032262
	[] --template_seeding--> []		0.58064516129032262
	[] --template_seeding--> ['template(increment_by_one,75)']		0.58064516129032262
	[] --template_seeding--> []		0.58064516129032262
	[] --template_seeding--> ['template(sens_to_level,32)']		0.69999999999999996
	[] --template_seeding--> []		0.58064516129032262
	[] --template_seeding--> ['template(sens_to_negedge,32)']		0.69999999999999996
	[] --template_seeding--> ['template(increment_by_one,60)']		0.58064516129032262
	[] --template_seeding--> ['template(sens_to_all,32)']		0.69999999999999996
	[] --template_seeding--> ['template(decrement_by_one,80)']		0.58064516129032262
	[] --template_seeding--> ['template(sens_to_level,32)']		0.69999999999999996
	[] --template_seeding--> ['template(increment_by_one,56)']		0
	[] --template_seeding--> ['template(decrement_by_one,40)']		0
	[] --template_seeding--> ['template(blocking_to_nonblocking,54)']		0
	[] --template_seeding--> ['template(nonblocking_to_blocking,47)']		0.58064516129032262
	[] --template_seeding--> ['template(sens_to_all,32)']		0.69999999999999996
	[] --template_seeding--> ['template(decrement_by_one,49)']		0
	[] --template_seeding--> ['template(decrement_by_one,45)']		0.81034482758620685
	[] --template_seeding--> ['template(blocking_to_nonblocking,62)']		0
	[] --template_seeding--> []		0.58064516129032262
	[] --template_seeding--> ['template(increment_by_one,67)']		0.58064516129032262
	[] --template_seeding--> []		0.58064516129032262
	[] --template_seeding--> ['template(nonblocking_to_blocking,70)']		0.58064516129032262
	[] --template_seeding--> []		0.58064516129032262
	[] --template_seeding--> ['template(decrement_by_one,84)']		0
	[] --template_seeding--> ['template(decrement_by_one,84)']		0
	[] --template_seeding--> ['template(decrement_by_one,84)']		0
	[] --template_seeding--> ['template(blocking_to_nonblocking,54)']		0
	[] --template_seeding--> ['template(sens_to_all,32)']		0.69999999999999996
	[] --template_seeding--> ['template(decrement_by_one,60)']		0.58064516129032262
	[] --template_seeding--> ['template(increment_by_one,60)']		0.58064516129032262
	[] --template_seeding--> ['template(sens_to_negedge,32)']		0.69999999999999996
	[] --template_seeding--> ['template(increment_by_one,33)']		0
	[] --template_seeding--> ['template(decrement_by_one,45)']		0.81034482758620685
	[] --template_seeding--> ['template(decrement_by_one,56)']		0
	[] --template_seeding--> []		0.58064516129032262
	[] --template_seeding--> ['template(decrement_by_one,36)']		1


######## REPAIR FOUND ########
		['template(decrement_by_one,36)']
TOTAL TIME TAKEN TO FIND REPAIR = 18.462114
Minimized patch: ['template(decrement_by_one,36)']
