SOURCE FILE:
	 /home/hammada/projects/verilog_repair/benchmarks/lshift_reg/lshift_reg_kgoliya_buggy1.v
TEST BENCH:
	 /home/hammada/projects/verilog_repair/benchmarks/lshift_reg/lshift_reg_tb_t1.v
PROJ_DIR:
	 /home/hammada/projects/verilog_repair/benchmarks/lshift_reg/
FITNESS_MODE:
	 outputwires
EVAL_SCRIPT:
	 /home/hammada/projects/verilog_repair/benchmarks/lshift_reg/run.sh
ORACLE:
	 oracle_lshiftreg.txt
PARAMETERS:
	gens=8
	popsize=5000
	mutation_rate=0.700000
	crossover_rate=0.300000
	replacement_rate=0.400000
	insertion_rate=0.300000
	deletion_rate=0.300000
	restarts=1
	fault_loc=True
	control_flow=True
	limit_transitive_dependency_set=True
	dependency_set_max=4

	[] --template_seeding--> ['template(increment_by_one,85)']		0
	[] --template_seeding--> ['template(decrement_by_one,80)']		0
	[] --template_seeding--> ['template(increment_by_one,74)']		0
	[] --template_seeding--> ['template(decrement_by_one,50)']		0
	[] --template_seeding--> ['template(blocking_to_nonblocking,55)']		0
	[] --template_seeding--> ['template(increment_by_one,46)']		0.51724137931034486
	[] --template_seeding--> ['template(nonblocking_to_blocking,48)']		0.50862068965517238
	[] --template_seeding--> ['template(increment_by_one,57)']		0
	[] --template_seeding--> ['template(negate_ulnot,36)']		0.50862068965517238
	[] --template_seeding--> ['template(nonblocking_to_blocking,48)']		0.50862068965517238
	[] --template_seeding--> ['template(nonblocking_to_blocking,39)']		0.50862068965517238
	[] --template_seeding--> ['template(nonblocking_to_blocking,39)']		0.50862068965517238
	[] --template_seeding--> []		0.50862068965517238
	[] --template_seeding--> ['template(nonblocking_to_blocking,39)']		0.50862068965517238
	[] --template_seeding--> []		0.50862068965517238
	[] --template_seeding--> ['template(decrement_by_one,46)']		0.51724137931034486
	[] --template_seeding--> ['template(sens_to_posedge,32)']		1


######## REPAIR FOUND ########
		['template(sens_to_posedge,32)']
TOTAL TIME TAKEN TO FIND REPAIR = 6.583019
Minimized patch: ['template(sens_to_posedge,32)']
