SEED:
	 repair_2021-07-12-11:50:06
SOURCE FILE:
	 /home/hammada/projects/verilog_repair/benchmarks/lshift_reg/lshift_reg_wadden_buggy2.v
TEST BENCH:
	 /home/hammada/projects/verilog_repair/benchmarks/lshift_reg/lshift_reg_tb_t1.v
PROJ_DIR:
	 /home/hammada/projects/verilog_repair/benchmarks/lshift_reg/
FITNESS_MODE:
	 outputwires
EVAL_SCRIPT:
	 /home/hammada/projects/verilog_repair/benchmarks/lshift_reg/run.sh
ORACLE:
	 /home/hammada/projects/verilog_repair/benchmarks/lshift_reg/oracle_half.txt
PARAMETERS:
	gens=8
	popsize=5000
	mutation_rate=0.700000
	crossover_rate=0.300000
	replacement_rate=0.400000
	insertion_rate=0.300000
	deletion_rate=0.300000
	restarts=1
	fault_loc=True
	control_flow=True
	limit_transitive_dependency_set=True
	dependency_set_max=4

	[] --template_seeding--> ['template(sens_to_negedge,32)']		0.56666666666666665
	[] --template_seeding--> ['template(sens_to_posedge,32)']		0.56666666666666665
	[] --template_seeding--> ['template(decrement_by_one,75)']		0.56666666666666665
	[] --template_seeding--> ['template(decrement_by_one,60)']		0.56666666666666665
	[] --template_seeding--> ['template(nonblocking_to_blocking,81)']		0.56666666666666665
	[] --template_seeding--> []		0.56666666666666665
	[] --template_seeding--> []		0.56666666666666665
	[] --template_seeding--> ['template(increment_by_one,36)']		0.8214285714285714
	[] --template_seeding--> []		0.56666666666666665
	[] --template_seeding--> []		0.56666666666666665
	[] --template_seeding--> []		0.56666666666666665
	[] --template_seeding--> ['template(nonblocking_to_blocking,38)']		0.56666666666666665
	[] --template_seeding--> []		0.56666666666666665
	[] --template_seeding--> ['template(increment_by_one,45)']		0.8035714285714286
	[] --template_seeding--> ['template(blocking_to_nonblocking,62)']		0
	[] --template_seeding--> ['template(blocking_to_nonblocking,62)']		0
	[] --template_seeding--> ['template(blocking_to_nonblocking,62)']		0
	[] --template_seeding--> []		0.56666666666666665
	[] --template_seeding--> ['template(nonblocking_to_blocking,38)']		0.56666666666666665
	[] --template_seeding--> ['template(increment_by_one,67)']		0.56666666666666665
	[] --template_seeding--> ['template(blocking_to_nonblocking,62)']		0
	[] --template_seeding--> ['template(decrement_by_one,64)']		0
	[] --template_seeding--> ['template(decrement_by_one,60)']		0.56666666666666665
	[] --template_seeding--> ['template(nonblocking_to_blocking,81)']		0.56666666666666665
	[] --template_seeding--> ['template(nonblocking_to_blocking,81)']		0.56666666666666665
	[] --template_seeding--> []		0.56666666666666665
	[] --template_seeding--> []		0.56666666666666665
	[] --template_seeding--> ['template(sens_to_negedge,32)']		0.56666666666666665
	[] --template_seeding--> []		0.56666666666666665
	[] --template_seeding--> ['template(sens_to_all,32)']		0.56666666666666665
	[] --template_seeding--> ['template(decrement_by_one,80)']		0.56666666666666665
	[] --template_seeding--> ['template(sens_to_level,32)']		0.56666666666666665
	[] --template_seeding--> ['template(increment_by_one,80)']		0.56666666666666665
	[] --template_seeding--> ['template(nonblocking_to_blocking,47)']		0.56666666666666665
	[] --template_seeding--> ['template(blocking_to_nonblocking,54)']		0
	[] --template_seeding--> ['template(blocking_to_nonblocking,54)']		0
	[] --template_seeding--> []		0.56666666666666665
	[] --template_seeding--> []		0.56666666666666665
	[] --template_seeding--> ['template(sens_to_level,32)']		0.56666666666666665
	[] --template_seeding--> ['template(decrement_by_one,88)']		0
	[] --template_seeding--> []		0.56666666666666665
	[] --template_seeding--> ['template(sens_to_negedge,32)']		0.56666666666666665
	[] --template_seeding--> []		0.56666666666666665
	[] --template_seeding--> ['template(decrement_by_one,84)']		0
	[] --template_seeding--> []		0.56666666666666665
	[] --template_seeding--> ['template(blocking_to_nonblocking,54)']		0
	[] --template_seeding--> []		0.56666666666666665
	[] --template_seeding--> ['template(increment_by_one,33)']		0
	[] --template_seeding--> ['template(increment_by_one,64)']		0
	[] --template_seeding--> []		0.56666666666666665
	[] --template_seeding--> []		0.56666666666666665
	[] --template_seeding--> ['template(decrement_by_one,36)']		1


######## REPAIR FOUND ########
		['template(decrement_by_one,36)']
TOTAL TIME TAKEN TO FIND REPAIR = 17.162991
Minimized patch: ['template(decrement_by_one,36)']
