SEED:
	 repair_2021-07-19-22:17:18
SOURCE FILE:
	 /home/hammada/projects/verilog_repair/benchmarks/lshift_reg/lshift_reg_kgoliya_buggy1.v
TEST BENCH:
	 /home/hammada/projects/verilog_repair/benchmarks/lshift_reg/lshift_reg_tb_t1.v
PROJ_DIR:
	 /home/hammada/projects/verilog_repair/benchmarks/lshift_reg/
FITNESS_MODE:
	 outputwires
EVAL_SCRIPT:
	 /home/hammada/projects/verilog_repair/benchmarks/lshift_reg/run.sh
ORACLE:
	 /home/hammada/projects/verilog_repair/benchmarks/lshift_reg/oracle_quarter.txt
PARAMETERS:
	gens=8
	popsize=5000
	mutation_rate=0.700000
	crossover_rate=0.300000
	replacement_rate=0.400000
	insertion_rate=0.300000
	deletion_rate=0.300000
	restarts=1
	fault_loc=True
	control_flow=True
	limit_transitive_dependency_set=True
	dependency_set_max=4

	[] --template_seeding--> []		1
	[] --template_seeding--> ['template(increment_by_one,76)']		0.7857142857142857
	[] --template_seeding--> ['template(decrement_by_one,89)']		0
	[] --template_seeding--> ['template(decrement_by_one,85)']		0
	[] --template_seeding--> ['template(increment_by_one,46)']		0.6071428571428571
	[] --template_seeding--> ['template(decrement_by_one,52)']		0.8214285714285714
	[] --template_seeding--> ['template(decrement_by_one,37)']		0.34375
	[] --template_seeding--> ['template(negate_ulnot,36)']		1


######## REPAIR FOUND ########
		['template(negate_ulnot,36)']
TOTAL TIME TAKEN TO FIND REPAIR = 4.908403
Minimized patch: ['template(negate_ulnot,36)']
