SEED:
	 repair_2021-07-19-22:20:23
SOURCE FILE:
	 /home/hammada/projects/verilog_repair/benchmarks/lshift_reg/lshift_reg_wadden_buggy1.v
TEST BENCH:
	 /home/hammada/projects/verilog_repair/benchmarks/lshift_reg/lshift_reg_tb_t1.v
PROJ_DIR:
	 /home/hammada/projects/verilog_repair/benchmarks/lshift_reg/
FITNESS_MODE:
	 outputwires
EVAL_SCRIPT:
	 /home/hammada/projects/verilog_repair/benchmarks/lshift_reg/run.sh
ORACLE:
	 /home/hammada/projects/verilog_repair/benchmarks/lshift_reg/oracle_quarter.txt
PARAMETERS:
	gens=8
	popsize=5000
	mutation_rate=0.700000
	crossover_rate=0.300000
	replacement_rate=0.400000
	insertion_rate=0.300000
	deletion_rate=0.300000
	restarts=1
	fault_loc=True
	control_flow=True
	limit_transitive_dependency_set=True
	dependency_set_max=4

	[] --template_seeding--> []		0
	[] --template_seeding--> []		0
	[] --template_seeding--> ['template(blocking_to_nonblocking,39)']		0
	[] --template_seeding--> ['template(increment_by_one,89)']		0
	[] --template_seeding--> ['template(negate_ulnot,36)']		0
	[] --template_seeding--> ['template(decrement_by_one,50)']		0
	[] --template_seeding--> ['template(decrement_by_one,33)']		0
	[] --template_seeding--> ['template(blocking_to_nonblocking,39)']		0
	[] --template_seeding--> ['template(sens_to_level,32)']		0
	[] --template_seeding--> ['template(decrement_by_one,85)']		0
	[] --template_seeding--> ['template(sens_to_all,32)']		0
	[] --template_seeding--> ['template(sens_to_all,32)']		0
	[] --template_seeding--> []		0
	[] --template_seeding--> ['template(negate_ulnot,36)']		0
	[] --template_seeding--> ['template(negate_ulnot,36)']		0
	[] --template_seeding--> []		0
	[] --template_seeding--> ['template(blocking_to_nonblocking,55)']		0
	[] --template_seeding--> ['template(decrement_by_one,76)']		0.8214285714285714
	[] --template_seeding--> ['template(increment_by_one,85)']		0
	[] --template_seeding--> ['template(increment_by_one,57)']		0
	[] --template_seeding--> []		0
	[] --template_seeding--> ['template(sens_to_all,32)']		0
	[] --template_seeding--> ['template(increment_by_one,46)']		0.6071428571428571
	[] --template_seeding--> []		0
	[] --template_seeding--> []		0
	[] --template_seeding--> ['template(negate_ulnot,36)']		0
	[] --template_seeding--> []		0
	[] --template_seeding--> ['template(negate_ulnot,36)']		0
	[] --template_seeding--> ['template(increment_by_one,33)']		0
	[] --template_seeding--> ['template(decrement_by_one,68)']		0
	[] --template_seeding--> ['template(sens_to_negedge,32)']		0
	[] --template_seeding--> ['template(increment_by_one,46)']		0.6071428571428571
	[] --template_seeding--> []		0
	[] --template_seeding--> []		0
	[] --template_seeding--> ['template(negate_ulnot,36)']		0
	[] --template_seeding--> ['template(decrement_by_one,74)']		0
	[] --template_seeding--> []		0
	[] --template_seeding--> ['template(negate_ulnot,36)']		0
	[] --template_seeding--> []		0
	[] --template_seeding--> ['template(increment_by_one,85)']		0
	[] --template_seeding--> []		0
	[] --template_seeding--> ['template(increment_by_one,89)']		0
	[] --template_seeding--> ['template(blocking_to_nonblocking,48)']		0
	[] --template_seeding--> ['template(sens_to_level,32)']		0
	[] --template_seeding--> ['template(sens_to_all,32)']		0
	[] --template_seeding--> ['template(negate_ulnot,36)']		0
	[] --template_seeding--> ['template(sens_to_all,32)']		0
	[] --template_seeding--> []		0
	[] --template_seeding--> ['template(increment_by_one,57)']		0
	[] --template_seeding--> ['template(blocking_to_nonblocking,71)']		1


######## REPAIR FOUND ########
		['template(blocking_to_nonblocking,71)']
TOTAL TIME TAKEN TO FIND REPAIR = 16.477536
Minimized patch: ['template(blocking_to_nonblocking,71)']
