SEED:
	 repair_2020-09-24-09:48:40
SOURCE FILE:
	 /home/hammada/projects/verilog_repair/benchmarks/opencores/sha3/low_throughput_core/keccak_wadden_buggy1.v
TEST BENCH:
	 /home/hammada/projects/verilog_repair/benchmarks/opencores/sha3/low_throughput_core/test_keccak_t1.v
PROJ_DIR:
	 /home/hammada/projects/verilog_repair/benchmarks/opencores/sha3/low_throughput_core/
FITNESS_MODE:
	 outputwires
EVAL_SCRIPT:
	 /home/hammada/projects/verilog_repair/benchmarks/opencores/sha3/low_throughput_core/run.sh
ORACLE:
	 /home/hammada/projects/verilog_repair/benchmarks/opencores/sha3/low_throughput_core/oracle.txt
PARAMETERS:
	gens=8
	popsize=5000
	mutation_rate=0.700000
	crossover_rate=0.300000
	replacement_rate=0.400000
	insertion_rate=0.300000
	deletion_rate=0.300000
	restarts=1
	fault_loc=True
	control_flow=True
	limit_transitive_dependency_set=True
	dependency_set_max=4

	[] --template_seeding--> ['template(increment_by_one,174)']		0
	[] --template_seeding--> []		0
	[] --template_seeding--> ['template(decrement_by_one,94)']		0
	[] --template_seeding--> []		0
	[] --template_seeding--> []		0
	[] --template_seeding--> []		0
	[] --template_seeding--> ['template(decrement_by_one,317)']		0
	[] --template_seeding--> ['template(decrement_by_one,96)']		0
	[] --template_seeding--> ['template(sens_to_level,116)']		0
	[] --template_seeding--> ['template(nonblocking_to_blocking,303)']		0
	[] --template_seeding--> ['template(blocking_to_nonblocking,151)']		0
	[] --template_seeding--> ['template(sens_to_all,290)']		0
	[] --template_seeding--> ['template(blocking_to_nonblocking,134)']		0
	[] --template_seeding--> ['template(sens_to_negedge,116)']		0
	[] --template_seeding--> ['template(increment_by_one,218)']		0
	[] --template_seeding--> ['template(decrement_by_one,222)']		0
	[] --template_seeding--> ['template(increment_by_one,193)']		0
	[] --template_seeding--> []		0
	[] --template_seeding--> ['template(decrement_by_one,319)']		0
	[] --template_seeding--> []		0
	[] --template_seeding--> ['template(nonblocking_to_blocking,102)']		0
	[] --template_seeding--> ['template(decrement_by_one,157)']		0
	[] --template_seeding--> []		0
	[] --template_seeding--> ['template(sens_to_posedge,116)']		0
	[] --template_seeding--> []		0
	[] --template_seeding--> []		0
	[] --template_seeding--> ['template(blocking_to_nonblocking,212)']		0
	[] --template_seeding--> ['template(blocking_to_nonblocking,237)']		0
	[] --template_seeding--> ['template(decrement_by_one,252)']		0
	[] --template_seeding--> []		0
	[] --template_seeding--> ['template(increment_by_one,161)']		0
	[] --template_seeding--> []		0
	[] --template_seeding--> ['template(nonblocking_to_blocking,303)']		0
	[] --template_seeding--> ['template(nonblocking_to_blocking,120)']		0
	[] --template_seeding--> ['template(decrement_by_one,104)']		0
	[] --template_seeding--> ['template(increment_by_one,99)']		0
	[] --template_seeding--> ['template(sens_to_all,290)']		0
	[] --template_seeding--> ['template(decrement_by_one,321)']		0
	[] --template_seeding--> []		0
	[] --template_seeding--> ['template(sens_to_level,93)']		0
	[] --template_seeding--> []		0
	[] --template_seeding--> ['template(sens_to_all,93)']		0
	[] --template_seeding--> ['template(increment_by_one,231)']		0
	[] --template_seeding--> ['template(decrement_by_one,339)']		0
	[] --template_seeding--> ['template(increment_by_one,182)']		0
	[] --template_seeding--> ['template(blocking_to_nonblocking,220)']		0
	[] --template_seeding--> []		0
	[] --template_seeding--> ['template(sens_to_all,290)']		0
	[] --template_seeding--> ['template(decrement_by_one,339)']		0
	[] --template_seeding--> []		0
	[] --template_seeding--> ['template(sens_to_posedge,290)']		0
	[] --template_seeding--> ['template(sens_to_all,93)']		0
	[] --template_seeding--> ['template(decrement_by_one,218)']		1


######## REPAIR FOUND ########
		['template(decrement_by_one,218)']
TOTAL TIME TAKEN TO FIND REPAIR = 50.401492
Minimized patch: ['template(decrement_by_one,218)']
