SEED:
	 4.
SOURCE FILE:
	 /home/hammada/projects/verilog_repair/benchmarks/opencores/sha3/low_throughput_core/padder_ssscrazy_buggy1.v
TEST BENCH:
	 /home/hammada/projects/verilog_repair/benchmarks/opencores/sha3/low_throughput_core/test_padder_t1.v
PROJ_DIR:
	 /home/hammada/projects/verilog_repair/benchmarks/opencores/sha3/low_throughput_core/
FITNESS_MODE:
	 outputwires
EVAL_SCRIPT:
	 /home/hammada/projects/verilog_repair/benchmarks/opencores/sha3/low_throughput_core/run_padder.sh
ORACLE:
	 /home/hammada/projects/verilog_repair/benchmarks/opencores/sha3/low_throughput_core/oracle_padder_quarter.txt
PARAMETERS:
	gens=8
	popsize=5000
	mutation_rate=0.700000
	crossover_rate=0.300000
	replacement_rate=0.400000
	insertion_rate=0.300000
	deletion_rate=0.300000
	restarts=1
	fault_loc=True
	control_flow=True
	limit_transitive_dependency_set=True
	dependency_set_max=4

	[] --template_seeding--> ['template(nonblocking_to_blocking,181)']		0.93187716262975784
	[] --template_seeding--> []		0.93187716262975784
	[] --template_seeding--> ['template(sens_to_level,159)']		0
	[] --template_seeding--> []		0.93187716262975784
	[] --template_seeding--> ['template(sens_to_all,177)']		1


######## REPAIR FOUND ########
		['template(sens_to_all,177)']
TOTAL TIME TAKEN TO FIND REPAIR = 4.160657
Minimized patch: ['template(sens_to_all,177)']
