SOURCE FILE:
	 /home/hammada/projects/verilog_repair/benchmarks/opencores/sha3/low_throughput_core/f_permutation_buggy.v
TEST BENCH:
	 /home/hammada/projects/verilog_repair/benchmarks/opencores/sha3/low_throughput_core/test_f_permutation_t1.v
INCLUDE_DIR:
	 /home/hammada/projects/verilog_repair/benchmarks/opencores/sha3/low_throughput_core
DEP_FILES:
	 /home/hammada/projects/verilog_repair/benchmarks/opencores/sha3/low_throughput_core/rconst.v /home/hammada/projects/verilog_repair/benchmarks/opencores/sha3/low_throughput_core/round.v
ORACLE:
	 /home/hammada/projects/verilog_repair/benchmarks/opencores/sha3/low_throughput_core/oracle.txt
PARAMETERS:
	gens=4
	popsize=500
	mutation_rate=0
	crossover_rate=0
	replacement_rate=0
	insertion_rate=0
	deletion_rate=0
	restarts=1
	fault_loc=True
	control_flow=True
	limit_transitive_dependency_set=True
	dependency_set_max=4

IN GENERATION 0 OF ATTEMPT 0
	[] --mutation--> ['replace(202,173)']		0.12897379009513782 
	[] --mutation--> []		0.37428646636332868 
	[] --mutation--> ['replace(97,76)']		0 
	[] --mutation--> ['replace(117,117)']		0.37428646636332868 
	[] --mutation--> []		0.37428646636332868 
	[] --mutation--> ['delete(80)']		0 
	[] --mutation--> ['replace(137,130)']		0 
	[] --mutation--> ['replace(76,148)']		0 
	[] --mutation--> ['delete(61)']		0 
	[] --mutation--> ['replace(77,179)']		0 
	[] --mutation--> ['delete(80)']		0 
	[] --mutation--> ['delete(96)']		0 
	[] --mutation--> ['delete(75)']		0 
	[] --mutation--> []		0.37428646636332868 
	[] --mutation--> ['delete(196)']		0 
	[] --mutation--> ['replace(111,100)']		0.12679276501334938 
	[] --mutation--> ['replace(102,81)']		0 
	[] --mutation--> ['replace(196,131)']		0 
	[] --mutation--> []		0.37428646636332868 
	[] --mutation--> ['replace(111,39)']		1 ######## REPAIR FOUND ########
		['replace(111,39)']
TOTAL TIME TAKEN TO FIND REPAIR = 102.845461
