SOURCE FILE:
	 /home/hammada/projects/verilog_repair/benchmarks/opencores/sha3/low_throughput_core/f_permutation_buggy.v
TEST BENCH:
	 /home/hammada/projects/verilog_repair/benchmarks/opencores/sha3/low_throughput_core/test_f_permutation_t1.v
INCLUDE_DIR:
	 /home/hammada/projects/verilog_repair/benchmarks/opencores/sha3/low_throughput_core
DEP_FILES:
	 /home/hammada/projects/verilog_repair/benchmarks/opencores/sha3/low_throughput_core/rconst.v /home/hammada/projects/verilog_repair/benchmarks/opencores/sha3/low_throughput_core/round.v
ORACLE:
	 /home/hammada/projects/verilog_repair/benchmarks/opencores/sha3/low_throughput_core/oracle.txt
PARAMETERS:
	gens=4
	popsize=500
	mutation_rate=0
	crossover_rate=0
	replacement_rate=0
	insertion_rate=0
	deletion_rate=0
	restarts=1
	fault_loc=True
	control_flow=True
	limit_transitive_dependency_set=True
	dependency_set_max=4

IN GENERATION 0 OF ATTEMPT 0
	[] --mutation--> ['delete(96)']		0 
	[] --mutation--> []		0.37428646636332868 
	[] --mutation--> ['delete(101)']		0.12844733576505096 
	[] --mutation--> []		0.37428646636332868 
	[] --mutation--> []		0.37428646636332868 
	[] --mutation--> []		0.37428646636332868 
	[] --mutation--> []		0.37428646636332868 
	[] --mutation--> ['replace(63,86)']		0 
	[] --mutation--> ['replace(85,167)']		0 
	[] --mutation--> ['delete(196)']		0 
	[] --mutation--> ['replace(102,139)']		0.12838716955589816 
	[] --mutation--> []		0.37428646636332868 
	[] --mutation--> ['delete(196)']		0 
	[] --mutation--> ['delete(80)']		0 
	[] --mutation--> ['delete(75)']		0 
	[] --mutation--> []		0.37428646636332868 
	[] --mutation--> ['replace(195,162)']		0 
	[] --mutation--> []		0.37428646636332868 
	[] --mutation--> ['delete(75)']		0 
	[] --mutation--> []		0.37428646636332868 
	[] --mutation--> ['delete(196)']		0 
	[] --mutation--> ['delete(101)']		0.12844733576505096 
	[] --mutation--> ['delete(203)']		0 
	[] --mutation--> ['replace(107,63)']		0.12679276501334938 
	[] --mutation--> []		0.37428646636332868 
	[] --mutation--> []		0.37428646636332868 
	[] --mutation--> ['replace(86,124)']		0 
	[] --mutation--> ['replace(61,120)']		0 
	[] --mutation--> ['delete(203)']		0 
	[] --mutation--> ['replace(74,189)']		0 
	[] --mutation--> ['delete(203)']		0 
	[] --mutation--> ['delete(203)']		0 
	[] --mutation--> ['replace(66,66)']		0.37428646636332868 
	[] --mutation--> ['replace(118,181)']		0.12922949648403714 
	[] --mutation--> ['replace(77,195)']		0 
	[] --mutation--> ['delete(75)']		0 
	[] --mutation--> ['delete(96)']		0 
	[] --mutation--> ['replace(205,118)']		0.12897379009513782 
	[] --mutation--> ['delete(203)']		0 
	[] --mutation--> ['replace(107,68)']		0.37428646636332868 
	[] --mutation--> ['delete(80)']		0 
	[] --mutation--> ['replace(116,64)']		0.12844733576505096 
	[] --mutation--> ['delete(101)']		0.12844733576505096 
	[] --mutation--> ['delete(101)']		0.12844733576505096 
	[] --mutation--> ['replace(99,123)']		0.37428646636332868 
	[] --mutation--> []		0.37428646636332868 
	[] --mutation--> []		0.37428646636332868 
	[] --mutation--> ['delete(80)']		0 
	[] --mutation--> ['replace(203,96)']		0.12897379009513782 
	[] --mutation--> []		0.37428646636332868 
	[] --mutation--> []		0.37428646636332868 
	[] --mutation--> ['replace(96,196)']		0 
	[] --mutation--> ['replace(107,195)']		0.12679276501334938 
	[] --mutation--> ['replace(118,133)']		0.13070356860828036 
	[] --mutation--> ['delete(101)']		0.12844733576505096 
	[] --mutation--> ['replace(103,74)']		0 
	[] --mutation--> []		0.37428646636332868 
	[] --mutation--> ['delete(75)']		0 
	[] --mutation--> ['replace(83,155)']		0 
	[] --mutation--> ['replace(65,105)']		0 
	[] --mutation--> ['delete(61)']		0 
	[] --mutation--> []		0.37428646636332868 
	[] --mutation--> ['delete(113)']		0.12897379009513782 
	[] --mutation--> []		0.37428646636332868 
	[] --mutation--> ['replace(87,28)']		0 
	[] --mutation--> ['replace(65,106)']		0 
	[] --mutation--> ['replace(116,64)']		0.12844733576505096 
	[] --mutation--> []		0.37428646636332868 
	[] --mutation--> ['delete(101)']		0.12844733576505096 
	[] --mutation--> []		0.37428646636332868 
	[] --mutation--> []		0.37428646636332868 
	[] --mutation--> ['delete(61)']		0 
	[] --mutation--> []		0.37428646636332868 
	[] --mutation--> ['delete(113)']		0.12897379009513782 
	[] --mutation--> ['delete(113)']		0.12897379009513782 
	[] --mutation--> ['delete(196)']		0 
	[] --mutation--> []		0.37428646636332868 
	[] --mutation--> []		0.37428646636332868 
	[] --mutation--> ['replace(78,141)']		0.37428646636332868 
	[] --mutation--> ['delete(80)']		0 
	[] --mutation--> ['delete(61)']		0 
	[] --mutation--> ['replace(202,198)']		0.12897379009513782 
	[] --mutation--> ['delete(61)']		0 
	[] --mutation--> ['replace(112,112)']		0.37428646636332868 
	[] --mutation--> ['replace(114,114)']		0.37428646636332868 
	[] --mutation--> ['delete(113)']		0.12897379009513782 
	[] --mutation--> []		0.37428646636332868 
	[] --mutation--> ['replace(89,63)']		0.37428646636332868 
	[] --mutation--> ['replace(61,113)']		0 
	[] --mutation--> []		0.37428646636332868 
	[] --mutation--> ['replace(107,98)']		0.37428646636332868 
	[] --mutation--> ['delete(203)']		0 
	[] --mutation--> []		0.37428646636332868 
	[] --mutation--> ['replace(117,169)']		0.38480051141277782 
	[] --mutation--> ['replace(115,72)']		0 
	[] --mutation--> ['delete(196)']		0 
	[] --mutation--> ['delete(196)']		0 
	[] --mutation--> []		0.37428646636332868 
	[] --mutation--> ['delete(203)']		0 
	[] --mutation--> []		0.37428646636332868 
	[] --mutation--> ['delete(96)']		0 
	[] --mutation--> ['delete(203)']		0 
	[] --mutation--> []		0.37428646636332868 
	[] --mutation--> []		0.37428646636332868 
	[] --mutation--> ['delete(203)']		0 
	[] --mutation--> ['replace(61,113)']		0 
	[] --mutation--> ['replace(75,138)']		0 
	[] --mutation--> ['replace(102,197)']		0.12898883164742603 
	[] --mutation--> ['delete(196)']		0 
	[] --mutation--> ['replace(102,139)']		0.12838716955589816 
	[] --mutation--> ['delete(101)']		0.12844733576505096 
	[] --mutation--> ['replace(62,153)']		0 
	[] --mutation--> ['delete(80)']		0 
	[] --mutation--> ['replace(202,133)']		0.12898883164742603 
	[] --mutation--> ['replace(116,64)']		0.12844733576505096 
	[] --mutation--> ['replace(112,160)']		0.12844733576505096 
	[] --mutation--> []		0.37428646636332868 
	[] --mutation--> ['replace(78,83)']		0 
	[] --mutation--> []		0.37428646636332868 
	[] --mutation--> []		0.37428646636332868 
	[] --mutation--> ['delete(113)']		0.12897379009513782 
	[] --mutation--> []		0.37428646636332868 
	[] --mutation--> ['replace(112,162)']		0.12844733576505096 
	[] --mutation--> ['replace(68,140)']		0 
	[] --mutation--> []		0.37428646636332868 
	[] --mutation--> ['delete(80)']		0 
	[] --mutation--> []		0.37428646636332868 
	[] --mutation--> ['replace(203,96)']		0.12897379009513782 
	[] --mutation--> ['replace(198,179)']		0 
	[] --mutation--> ['replace(63,74)']		0 
	[] --mutation--> ['delete(80)']		0 
	[] --mutation--> ['replace(96,80)']		0 
	[] --mutation--> ['replace(111,19)']		0.12679276501334938 
	[] --mutation--> ['replace(81,62)']		0 
	[] --mutation--> []		0.37428646636332868 
	[] --mutation--> []		0.37428646636332868 
	[] --mutation--> ['replace(75,80)']		0 
	[] --mutation--> ['delete(80)']		0 
	[] --mutation--> []		0.37428646636332868 
	[] --mutation--> []		0.37428646636332868 
	[] --mutation--> []		0.37428646636332868 
	[] --mutation--> ['replace(104,83)']		0.12679276501334938 
	[] --mutation--> []		0.37428646636332868 
	[] --mutation--> ['delete(203)']		0 
	[] --mutation--> []		0.37428646636332868 
	[] --mutation--> []		0.37428646636332868 
	[] --mutation--> ['replace(118,118)']		0.37428646636332868 
	[] --mutation--> ['replace(110,145)']		0.37428646636332868 
	[] --mutation--> ['delete(80)']		0 
	[] --mutation--> ['delete(196)']		0 
	[] --mutation--> ['replace(110,181)']		0 
	[] --mutation--> ['delete(80)']		0 
	[] --mutation--> []		0.37428646636332868 
	[] --mutation--> ['replace(67,108)']		0.37428646636332868 
	[] --mutation--> ['delete(101)']		0.12844733576505096 
	[] --mutation--> ['delete(96)']		0 
	[] --mutation--> ['replace(118,140)']		0.13070356860828036 
	[] --mutation--> ['replace(87,79)']		0 
	[] --mutation--> ['delete(61)']		0 
	[] --mutation--> ['replace(63,202)']		0 
	[] --mutation--> ['delete(196)']		0 
	[] --mutation--> []		0.37428646636332868 
	[] --mutation--> []		0.37428646636332868 
	[] --mutation--> []		0.37428646636332868 
	[] --mutation--> []		0.37428646636332868 
	[] --mutation--> []		0.37428646636332868 
	[] --mutation--> ['replace(78,64)']		0.37428646636332868 
	[] --mutation--> ['replace(130,173)']		0 
	[] --mutation--> ['delete(113)']		0.12897379009513782 
	[] --mutation--> []		0.37428646636332868 
	[] --mutation--> ['replace(199,83)']		0.37372825915315033 
	[] --mutation--> ['replace(114,97)']		0 
	[] --mutation--> []		0.37428646636332868 
	[] --mutation--> []		0.37428646636332868 
	[] --mutation--> ['replace(103,187)']		0 
	[] --mutation--> []		0.37428646636332868 
	[] --mutation--> ['delete(196)']		0 
	[] --mutation--> ['replace(81,62)']		0 
	[] --mutation--> ['replace(67,67)']		0.37428646636332868 
	[] --mutation--> []		0.37428646636332868 
	[] --mutation--> ['replace(203,147)']		0 
	[] --mutation--> ['delete(196)']		0 
	[] --mutation--> ['replace(83,104)']		0 
	[] --mutation--> ['delete(101)']		0.12844733576505096 
	[] --mutation--> ['delete(101)']		0.12844733576505096 
	[] --mutation--> []		0.37428646636332868 
	[] --mutation--> ['replace(83,155)']		0 
	[] --mutation--> ['delete(113)']		0.12897379009513782 
	[] --mutation--> ['delete(80)']		0 
	[] --mutation--> []		0.37428646636332868 
	[] --mutation--> []		0.37428646636332868 
	[] --mutation--> []		0.37428646636332868 
	[] --mutation--> ['delete(196)']		0 
	[] --mutation--> []		0.37428646636332868 
	[] --mutation--> ['replace(206,150)']		0.12886849922912044 
	[] --mutation--> ['delete(96)']		0 
	[] --mutation--> []		0.37428646636332868 
	[] --mutation--> ['replace(206,78)']		0.12897379009513782 
	[] --mutation--> ['replace(77,115)']		0 
	[] --mutation--> ['delete(203)']		0 
	[] --mutation--> ['replace(103,93)']		0 
	[] --mutation--> ['delete(203)']		0 
	[] --mutation--> ['delete(113)']		0.12897379009513782 
	[] --mutation--> ['delete(96)']		0 
	[] --mutation--> []		0.37428646636332868 
	[] --mutation--> ['delete(101)']		0.12844733576505096 
	[] --mutation--> ['delete(203)']		0 
	[] --mutation--> ['replace(112,74)']		0.12844733576505096 
	[] --mutation--> []		0.37428646636332868 
	[] --mutation--> ['replace(111,151)']		0.13088406723573873 
	[] --mutation--> ['replace(81,76)']		0.37428646636332868 
	[] --mutation--> []		0.37428646636332868 
	[] --mutation--> []		0.37428646636332868 
	[] --mutation--> []		0.37428646636332868 
	[] --mutation--> []		0.37428646636332868 
	[] --mutation--> []		0.37428646636332868 
	[] --mutation--> []		0.37428646636332868 
	[] --mutation--> ['delete(75)']		0 
	[] --mutation--> []		0.37428646636332868 
	[] --mutation--> []		0.37428646636332868 
	[] --mutation--> []		0.37428646636332868 
	[] --mutation--> ['delete(196)']		0 
	[] --mutation--> []		0.37428646636332868 
	[] --mutation--> []		0.37428646636332868 
	[] --mutation--> ['delete(75)']		0 
	[] --mutation--> ['replace(137,66)']		0.37428646636332868 
	[] --mutation--> []		0.37428646636332868 
	[] --mutation--> []		0.37428646636332868 
	[] --mutation--> []		0.37428646636332868 
	[] --mutation--> ['replace(75,131)']		0 
	[] --mutation--> ['replace(77,128)']		0 
	[] --mutation--> ['delete(101)']		0.12844733576505096 
	[] --mutation--> ['delete(61)']		0 
	[] --mutation--> ['delete(113)']		0.12897379009513782 
	[] --mutation--> []		0.37428646636332868 
	[] --mutation--> ['delete(113)']		0.12897379009513782 
	[] --mutation--> []		0.37428646636332868 
	[] --mutation--> ['replace(86,160)']		0 
	[] --mutation--> []		0.37428646636332868 
	[] --mutation--> ['delete(96)']		0 
	[] --mutation--> []		0.37428646636332868 
	[] --mutation--> ['replace(96,131)']		0 
	[] --mutation--> ['replace(99,123)']		0.37428646636332868 
	[] --mutation--> ['replace(195,168)']		0 
	[] --mutation--> ['delete(61)']		0 
	[] --mutation--> ['delete(101)']		0.12844733576505096 
	[] --mutation--> []		0.37428646636332868 
	[] --mutation--> ['delete(113)']		0.12897379009513782 
	[] --mutation--> []		0.37428646636332868 
	[] --mutation--> []		0.37428646636332868 
	[] --mutation--> ['delete(113)']		0.12897379009513782 
	[] --mutation--> []		0.37428646636332868 
	[] --mutation--> ['delete(203)']		0 
	[] --mutation--> ['replace(105,105)']		0.37428646636332868 
	[] --mutation--> ['replace(84,177)']		0.37428646636332868 
	[] --mutation--> []		0.37428646636332868 
	[] --mutation--> ['replace(78,141)']		0.37428646636332868 
	[] --mutation--> ['delete(96)']		0 
	[] --mutation--> ['replace(130,202)']		0.37413420971490025 
	[] --mutation--> ['delete(80)']		0 
	[] --mutation--> []		0.37428646636332868 
	[] --mutation--> ['delete(96)']		0 
	[] --mutation--> ['delete(101)']		0.12844733576505096 
	[] --mutation--> ['delete(96)']		0 
	[] --mutation--> ['replace(82,157)']		0 
	[] --mutation--> ['delete(75)']		0 
	[] --mutation--> ['replace(199,141)']		0.37428646636332868 
	[] --mutation--> []		0.37428646636332868 
	[] --mutation--> ['delete(80)']		0 
	[] --mutation--> ['replace(106,156)']		0.13079381792200956 
	[] --mutation--> ['delete(80)']		0 
	[] --mutation--> ['delete(96)']		0 
	[] --mutation--> []		0.37428646636332868 
	[] --mutation--> ['replace(204,204)']		0.37428646636332868 
	[] --mutation--> []		0.37428646636332868 
	[] --mutation--> []		0.37428646636332868 
	[] --mutation--> ['replace(106,159)']		0.12882337457225584 
	[] --mutation--> []		0.37428646636332868 
	[] --mutation--> ['delete(75)']		0 
	[] --mutation--> []		0.37428646636332868 
	[] --mutation--> ['delete(61)']		0 
	[] --mutation--> ['replace(98,118)']		0.37428646636332868 
	[] --mutation--> []		0.37428646636332868 
	[] --mutation--> []		0.37428646636332868 
	[] --mutation--> ['replace(80,96)']		0 
	[] --mutation--> ['replace(88,111)']		0 
	[] --mutation--> ['replace(202,160)']		0.12897379009513782 
	[] --mutation--> ['replace(61,120)']		0 
	[] --mutation--> []		0.37428646636332868 
	[] --mutation--> ['delete(113)']		0.12897379009513782 
	[] --mutation--> ['delete(113)']		0.12897379009513782 
	[] --mutation--> ['replace(79,172)']		0.37428646636332868 
	[] --mutation--> ['delete(101)']		0.12844733576505096 
	[] --mutation--> []		0.37428646636332868 
	[] --mutation--> ['replace(64,199)']		0 
	[] --mutation--> []		0.37428646636332868 
	[] --mutation--> []		0.37428646636332868 
	[] --mutation--> ['delete(196)']		0 
	[] --mutation--> []		0.37428646636332868 
	[] --mutation--> []		0.37428646636332868 
	[] --mutation--> ['delete(61)']		0 
	[] --mutation--> ['delete(96)']		0 
	[] --mutation--> []		0.37428646636332868 
	[] --mutation--> []		0.37428646636332868 
	[] --mutation--> ['replace(206,104)']		0.12885345767683226 
	[] --mutation--> []		0.37428646636332868 
	[] --mutation--> []		0.37428646636332868 
	[] --mutation--> ['delete(61)']		0 
	[] --mutation--> []		0.37428646636332868 
	[] --mutation--> ['replace(96,147)']		0 
	[] --mutation--> []		0.37428646636332868 
	[] --mutation--> ['delete(196)']		0 
	[] --mutation--> ['delete(196)']		0 
	[] --mutation--> ['delete(101)']		0.12844733576505096 
	[] --mutation--> ['replace(116,134)']		0.12897379009513782 
	[] --mutation--> ['replace(207,157)']		0.12892866543827322 
	[] --mutation--> ['replace(116,134)']		0.12897379009513782 
	[] --mutation--> ['replace(102,204)']		0.12898883164742603 
	[] --mutation--> []		0.37428646636332868 
	[] --mutation--> ['replace(77,124)']		0 
	[] --mutation--> ['replace(64,104)']		0 
	[] --mutation--> ['delete(113)']		0.12897379009513782 
	[] --mutation--> ['delete(101)']		0.12844733576505096 
	[] --mutation--> ['replace(104,99)']		0.12844733576505096 
	[] --mutation--> []		0.37428646636332868 
	[] --mutation--> []		0.37428646636332868 
	[] --mutation--> []		0.37428646636332868 
	[] --mutation--> []		0.37428646636332868 
	[] --mutation--> ['replace(110,189)']		0.14958071672996653 
	[] --mutation--> ['replace(117,106)']		0.12382957921257474 
	[] --mutation--> []		0.37428646636332868 
	[] --mutation--> ['delete(196)']		0 
	[] --mutation--> ['replace(82,157)']		0 
	[] --mutation--> ['replace(86,205)']		0 
	[] --mutation--> ['delete(203)']		0 
	[] --mutation--> []		0.37428646636332868 
	[] --mutation--> ['delete(96)']		0 
	[] --mutation--> ['delete(203)']		0 
	[] --mutation--> []		0.37428646636332868 
	[] --mutation--> ['delete(203)']		0 
	[] --mutation--> ['replace(113,61)']		0.12897379009513782 
	[] --mutation--> ['delete(96)']		0 
	[] --mutation--> ['delete(80)']		0 
	[] --mutation--> ['replace(200,54)']		0.37428646636332868 
	[] --mutation--> ['replace(197,114)']		0 
	[] --mutation--> ['replace(112,181)']		0 
	[] --mutation--> ['replace(115,181)']		0.12897379009513782 
	[] --mutation--> ['delete(196)']		0 
	[] --mutation--> ['replace(207,86)']		0.12885345767683226 
	[] --mutation--> ['delete(75)']		0 
	[] --mutation--> ['replace(79,39)']		0.12240063174519611 
	[] --mutation--> ['delete(75)']		0 
	[] --mutation--> []		0.37428646636332868 
	[] --mutation--> ['replace(198,185)']		0 
	[] --mutation--> ['delete(75)']		0 
	[] --mutation--> []		0.37428646636332868 
	[] --mutation--> ['replace(108,108)']		0.37428646636332868 
	[] --mutation--> []		0.37428646636332868 
	[] --mutation--> ['replace(67,67)']		0.37428646636332868 
	[] --mutation--> ['delete(96)']		0 
	[] --mutation--> ['replace(205,110)']		0 
	[] --mutation--> ['replace(83,123)']		0 
	[] --mutation--> ['replace(203,96)']		0.12897379009513782 
	[] --mutation--> ['replace(99,99)']		0.37428646636332868 
	[] --mutation--> ['replace(105,65)']		0.12679276501334938 
	[] --mutation--> []		0.37428646636332868 
	[] --mutation--> []		0.37428646636332868 
	[] --mutation--> ['delete(101)']		0.12844733576505096 
	[] --mutation--> []		0.37428646636332868 
	[] --mutation--> ['replace(207,68)']		0.12891362388598504 
	[] --mutation--> []		0.37428646636332868 
	[] --mutation--> ['delete(113)']		0.12897379009513782 
	[] --mutation--> ['replace(99,206)']		0.37428646636332868 
	[] --mutation--> []		0.37428646636332868 
	[] --mutation--> ['delete(96)']		0 
	[] --mutation--> ['delete(80)']		0 
	[] --mutation--> ['delete(196)']		0 
	[] --mutation--> ['replace(61,61)']		0.37428646636332868 
	[] --mutation--> ['replace(106,105)']		0.37428646636332868 
	[] --mutation--> []		0.37428646636332868 
	[] --mutation--> ['replace(63,128)']		0 
	[] --mutation--> ['replace(199,141)']		0.37428646636332868 
	[] --mutation--> []		0.37428646636332868 
	[] --mutation--> ['delete(96)']		0 
	[] --mutation--> ['delete(80)']		0 
	[] --mutation--> []		0.37428646636332868 
	[] --mutation--> ['delete(96)']		0 
	[] --mutation--> ['replace(97,76)']		0 
	[] --mutation--> ['replace(198,63)']		0 
	[] --mutation--> []		0.37428646636332868 
	[] --mutation--> ['delete(196)']		0 
	[] --mutation--> ['delete(96)']		0 
	[] --mutation--> ['delete(61)']		0 
	[] --mutation--> []		0.37428646636332868 
	[] --mutation--> ['delete(203)']		0 
	[] --mutation--> []		0.37428646636332868 
	[] --mutation--> ['replace(76,114)']		0 
	[] --mutation--> ['delete(75)']		0 
	[] --mutation--> ['delete(75)']		0 
	[] --mutation--> ['delete(61)']		0 
	[] --mutation--> ['replace(74,119)']		0 
	[] --mutation--> ['replace(85,161)']		0 
	[] --mutation--> ['replace(61,61)']		0.37428646636332868 
	[] --mutation--> []		0.37428646636332868 
	[] --mutation--> ['replace(104,116)']		0 
	[] --mutation--> ['replace(76,132)']		0 
	[] --mutation--> []		0.37428646636332868 
	[] --mutation--> []		0.37428646636332868 
	[] --mutation--> ['replace(196,138)']		0 
	[] --mutation--> ['delete(113)']		0.12897379009513782 
	[] --mutation--> []		0.37428646636332868 
	[] --mutation--> ['delete(101)']		0.12844733576505096 
	[] --mutation--> ['replace(61,113)']		0 
	[] --mutation--> ['delete(101)']		0.12844733576505096 
	[] --mutation--> []		0.37428646636332868 
	[] --mutation--> ['replace(61,61)']		0.37428646636332868 
	[] --mutation--> ['replace(108,67)']		0.12679276501334938 
	[] --mutation--> ['replace(109,144)']		1 ######## REPAIR FOUND ########
		['replace(109,144)']
TOTAL TIME TAKEN TO FIND REPAIR = 809.201787
