SOURCE FILE:
	 /home/hammada/projects/verilog_repair/benchmarks/mux_4_1/mux_4_1_buggy_var.v
TEST BENCH:
	 /home/hammada/projects/verilog_repair/benchmarks/mux_4_1/mux_4_1_tb.v
PROJ_DIR:
	 /home/hammada/projects/verilog_repair/benchmarks/mux_4_1/
FITNESS_MODE:
	 outputwires
EVAL_SCRIPT:
	 /home/hammada/projects/verilog_repair/benchmarks/mux_4_1/run.sh
ORACLE:
	 /home/hammada/projects/verilog_repair/benchmarks/mux_4_1/oracle.txt
PARAMETERS:
	gens=5
	popsize=10000
	mutation_rate=0.700000
	crossover_rate=0.300000
	replacement_rate=0.400000
	insertion_rate=0.300000
	deletion_rate=0.300000
	restarts=1
	fault_loc=True
	control_flow=True
	limit_transitive_dependency_set=True
	dependency_set_max=4

IN GENERATION 0 OF ATTEMPT 0
	[] --mutation--> ['replace(71,64)']		0.80000000000000004 
	[] --mutation--> ['delete(77)']		0 
	[] --mutation--> ['replace(70,63)']		0.34999999999999998 
	[] --mutation--> ['delete(77)']		0 
	[] --mutation--> ['replace(74,74)']		0.80000000000000004 
	[] --mutation--> ['delete(70)']		0 
	[] --mutation--> ['replace(56,63)']		0.80000000000000004 
	[] --mutation--> ['insert(63,52)']		0.050000000000000003 
	[] --mutation--> ['delete(77)']		0 
	[] --mutation--> ['replace(65,65)']		0.80000000000000004 
	[] --mutation--> ['delete(63)']		0 
	[] --mutation--> ['delete(56)']		0 
	[] --mutation--> ['insert(70,52)']		0.25 
	[] --mutation--> ['replace(81,50)']		0.80000000000000004 
	[] --mutation--> ['insert(70,52)']		0.25 
	[] --mutation--> ['insert(63,52)']		0.050000000000000003 
	[] --mutation--> ['replace(76,38)']		0.59999999999999998 
	[] --mutation--> ['insert(77,52)']		0.14999999999999999 
	[] --mutation--> ['insert(56,52)']		0.050000000000000003 
	[] --mutation--> ['replace(67,53)']		1 

######## REPAIR FOUND ########
		['replace(67,53)']
TOTAL TIME TAKEN TO FIND REPAIR = 15.178897
Minimized patch: ['replace(67,53)']
