SOURCE FILE:
	 /home/hammada/projects/verilog_repair/benchmarks/opencores/amber/a23_multiply_buggy.v
TEST BENCH:
	 /home/hammada/projects/verilog_repair/benchmarks/opencores/amber/tb.v
PROJ_DIR:
	 /home/hammada/projects/verilog_repair/benchmarks/opencores/amber
FITNESS_MODE:
	 testcases
EVAL_SCRIPT:
	 /home/hammada/projects/verilog_repair/benchmarks/opencores/amber/run.sh
ORACLE:
	 /home/hammada/projects/verilog_repair/benchmarks/opencores/amber/oracle.txt
PARAMETERS:
	gens=5
	popsize=10000
	mutation_rate=0.700000
	crossover_rate=0.300000
	replacement_rate=0.400000
	insertion_rate=0.300000
	deletion_rate=0.300000
	restarts=1
	fault_loc=False
	control_flow=True
	limit_transitive_dependency_set=True
	dependency_set_max=4

IN GENERATION 0 OF ATTEMPT 0
	[] --mutation--> ['replace(219,217)']		0.59999999999999998 
	[] --mutation--> ['replace(219,217)']		0.59999999999999998 
	[] --mutation--> ['replace(219,217)']		0.59999999999999998 
	[] --mutation--> ['delete(331)']		1 

######## REPAIR FOUND ########
		['delete(331)']
TOTAL TIME TAKEN TO FIND REPAIR = 76.028727
Minimized patch: ['delete(331)']
