SOURCE FILE:
	 /home/hammada/projects/verilog_repair/benchmarks/opencores/amber/a23_multiply_buggy.v
TEST BENCH:
	 /home/hammada/projects/verilog_repair/benchmarks/opencores/amber/tb.v
PROJ_DIR:
	 /home/hammada/projects/verilog_repair/benchmarks/opencores/amber
FITNESS_MODE:
	 testcases
EVAL_SCRIPT:
	 /home/hammada/projects/verilog_repair/benchmarks/opencores/amber/run.sh
ORACLE:
	 /home/hammada/projects/verilog_repair/benchmarks/opencores/amber/oracle.txt
PARAMETERS:
	gens=5
	popsize=1000
	mutation_rate=0.700000
	crossover_rate=0.300000
	replacement_rate=0.400000
	insertion_rate=0.300000
	deletion_rate=0.300000
	restarts=1
	fault_loc=False
	control_flow=True
	limit_transitive_dependency_set=True
	dependency_set_max=4

IN GENERATION 0 OF ATTEMPT 0
	[] --mutation--> ['insert(195,171)']		0 
	[] --mutation--> ['insert(155,171)']		0 
	[] --mutation--> ['insert(321,190)']		0 
	[] --mutation--> ['replace(184,245)']		0 
	[] --mutation--> ['delete(222)']		0 
	[] --mutation--> ['replace(184,170)']		0 
	[] --mutation--> ['delete(297)']		0 
	[] --mutation--> ['delete(176)']		0 
	[] --mutation--> ['delete(176)']		0 
	[] --mutation--> ['delete(260)']		0 
	[] --mutation--> ['replace(287,312)']		0 
	[] --mutation--> ['insert(297,195)']		0 
	[] --mutation--> ['replace(36,5)']		0 
	[] --mutation--> ['delete(190)']		0 
	[] --mutation--> ['replace(64,32)']		0 
	[] --mutation--> ['delete(305)']		0 
	[] --mutation--> ['insert(290,305)']		0 
	[] --mutation--> ['insert(239,260)']		0 
	[] --mutation--> ['delete(272)']		0 
	[] --mutation--> ['replace(182,298)']		0 
	[] --mutation--> ['delete(181)']		0 
	[] --mutation--> ['replace(7,5)']		0 
	[] --mutation--> ['insert(313,185)']		0 
	[] --mutation--> ['insert(297,195)']		0 
	[] --mutation--> ['insert(260,313)']		0 
	[] --mutation--> ['insert(176,321)']		0 
	[] --mutation--> ['replace(119,278)']		0 
	[] --mutation--> ['replace(187,276)']		0 
	[] --mutation--> ['insert(100,195)']		0 
	[] --mutation--> ['delete(297)']		0 
	[] --mutation--> ['replace(227,314)']		0 
	[] --mutation--> ['replace(242,157)']		0 
	[] --mutation--> ['replace(234,168)']		0 
	[] --mutation--> ['replace(310,95)']		0 
	[] --mutation--> ['delete(124)']		0 
	[] --mutation--> ['replace(319,224)']		0 
	[] --mutation--> ['replace(305,213)']		0 
	[] --mutation--> ['insert(171,321)']		0 
	[] --mutation--> ['insert(305,195)']		0 
	[] --mutation--> ['replace(50,21)']		0 
	[] --mutation--> ['insert(239,305)']		0 
	[] --mutation--> ['delete(297)']		0 
	[] --mutation--> ['delete(213)']		0 
	[] --mutation--> ['insert(246,185)']		0 
	[] --mutation--> ['replace(270,86)']		0 
	[] --mutation--> ['delete(304)']		0 
	[] --mutation--> ['replace(180,123)']		0 
	[] --mutation--> ['insert(185,260)']		0 
	[] --mutation--> ['replace(175,35)']		0 
	[] --mutation--> ['delete(100)']		0 
	[] --mutation--> ['replace(76,259)']		0 
	[] --mutation--> ['replace(94,332)']		0 
	[] --mutation--> ['insert(285,190)']		0 
	[] --mutation--> ['delete(290)']		0 
	[] --mutation--> ['delete(285)']		0 
	[] --mutation--> ['insert(93,313)']		0 
	[] --mutation--> ['replace(338,296)']		0 
	[] --mutation--> ['delete(185)']		0 
	[] --mutation--> ['delete(100)']		0 
	[] --mutation--> ['replace(254,338)']		0 
	[] --mutation--> ['insert(290,246)']		0 
	[] --mutation--> ['insert(209,260)']		0 
	[] --mutation--> ['insert(145,176)']		0 
	[] --mutation--> ['insert(181,190)']		0 
	[] --mutation--> ['insert(222,321)']		0 
	[] --mutation--> ['replace(166,250)']		0 
	[] --mutation--> ['delete(245)']		0 
	[] --mutation--> ['insert(246,246)']		0 
	[] --mutation--> ['replace(176,321)']		0 
	[] --mutation--> ['replace(209,301)']		0 
	[] --mutation--> ['delete(301)']		0 
	[] --mutation--> ['delete(181)']		0 
	[] --mutation--> ['replace(158,174)']		0 
	[] --mutation--> ['delete(213)']		0 
	[] --mutation--> ['replace(140,56)']		0 
	[] --mutation--> ['delete(305)']		0 
	[] --mutation--> ['replace(215,211)']		0 
	[] --mutation--> ['insert(321,185)']		0 
	[] --mutation--> ['delete(155)']		0 
	[] --mutation--> ['replace(135,131)']		0 
	[] --mutation--> ['insert(145,305)']		0 
	[] --mutation--> ['replace(120,230)']		0 
	[] --mutation--> ['replace(309,274)']		0 
	[] --mutation--> ['insert(176,313)']		0 
	[] --mutation--> ['insert(185,209)']		0 
	[] --mutation--> ['delete(222)']		0 
	[] --mutation--> ['insert(239,185)']		0 
	[] --mutation--> ['delete(264)']		0 
	[] --mutation--> ['insert(260,209)']		0 
	[] --mutation--> ['insert(114,246)']		0 
	[] --mutation--> ['delete(145)']		0 
	[] --mutation--> ['replace(38,10)']		0 
	[] --mutation--> ['insert(246,313)']		0 
	[] --mutation--> ['replace(191,177)']		0 
	[] --mutation--> ['replace(42,6)']		0 
	[] --mutation--> ['delete(226)']		0 
	[] --mutation--> ['replace(153,13)']		0 
	[] --mutation--> ['replace(110,103)']		0 
	[] --mutation--> ['insert(290,209)']		0 
	[] --mutation--> ['insert(195,246)']		0 
	[] --mutation--> ['replace(268,118)']		0 
	[] --mutation--> ['delete(222)']		0 
	[] --mutation--> ['replace(290,285)']		0 
	[] --mutation--> ['replace(291,214)']		0 
	[] --mutation--> ['insert(285,171)']		0 
	[] --mutation--> ['delete(246)']		0 
	[] --mutation--> ['replace(121,337)']		0 
	[] --mutation--> ['replace(208,153)']		0 
	[] --mutation--> ['insert(260,171)']		0 
	[] --mutation--> ['delete(305)']		0 
	[] --mutation--> ['replace(32,6)']		0 
	[] --mutation--> ['delete(213)']		0 
	[] --mutation--> ['delete(184)']		0 
	[] --mutation--> ['replace(157,102)']		0 
	[] --mutation--> ['replace(273,274)']		0 
	[] --mutation--> ['delete(107)']		0 
	[] --mutation--> ['replace(185,321)']		0 
	[] --mutation--> ['delete(339)']		0 
	[] --mutation--> ['insert(305,176)']		0 
	[] --mutation--> ['replace(176,290)']		0 
	[] --mutation--> ['insert(195,195)']		0 
	[] --mutation--> ['delete(313)']		0 
	[] --mutation--> ['delete(209)']		0 
	[] --mutation--> ['insert(171,246)']		0 
	[] --mutation--> ['replace(70,45)']		0 
	[] --mutation--> ['replace(275,223)']		0 
	[] --mutation--> ['delete(100)']		0 
	[] --mutation--> ['insert(176,260)']		0 
	[] --mutation--> ['replace(239,301)']		0 
	[] --mutation--> ['insert(226,171)']		0 
	[] --mutation--> ['replace(135,232)']		0 
	[] --mutation--> ['insert(226,190)']		0 
	[] --mutation--> ['insert(171,185)']		0 
	[] --mutation--> ['delete(185)']		0 
	[] --mutation--> ['delete(155)']		0 
	[] --mutation--> ['insert(222,260)']		0 
	[] --mutation--> ['delete(260)']		0 
	[] --mutation--> ['delete(260)']		0 
	[] --mutation--> ['replace(140,66)']		0 
	[] --mutation--> ['insert(226,176)']		0 
	[] --mutation--> ['delete(246)']		0 
	[] --mutation--> ['replace(18,271)']		0 
	[] --mutation--> ['delete(246)']		0 
	[] --mutation--> ['replace(232,205)']		0 
	[] --mutation--> ['delete(321)']		0 
	[] --mutation--> ['insert(285,313)']		0 
	[] --mutation--> ['delete(272)']		0 
	[] --mutation--> ['replace(154,236)']		0 
	[] --mutation--> ['delete(297)']		0 
	[] --mutation--> ['replace(56,52)']		0 
	[] --mutation--> ['delete(184)']		0 
	[] --mutation--> ['delete(209)']		0 
	[] --mutation--> ['replace(80,45)']		0 
	[] --mutation--> ['delete(184)']		0 
	[] --mutation--> ['insert(264,185)']		0 
	[] --mutation--> ['replace(325,309)']		0 
	[] --mutation--> ['replace(235,235)']		0 
	[] --mutation--> ['insert(260,195)']		0 
	[] --mutation--> ['replace(264,171)']		0 
	[] --mutation--> ['replace(43,39)']		0 
	[] --mutation--> ['insert(246,260)']		0 
	[] --mutation--> ['insert(155,195)']		0 
	[] --mutation--> ['insert(313,176)']		0 
	[] --mutation--> ['insert(176,313)']		0 
	[] --mutation--> ['replace(84,54)']		0 
	[] --mutation--> ['replace(215,236)']		0 
	[] --mutation--> ['insert(100,185)']		0 
	[] --mutation--> ['replace(123,30)']		0 
	[] --mutation--> ['insert(272,176)']		0 
	[] --mutation--> ['replace(106,259)']		0 
	[] --mutation--> ['replace(30,329)']		0 
	[] --mutation--> ['replace(105,194)']		0 
	[] --mutation--> ['insert(181,171)']		0 
	[] --mutation--> ['replace(304,304)']		0 
	[] --mutation--> ['insert(339,190)']		0 
	[] --mutation--> ['replace(246,226)']		0 
	[] --mutation--> ['replace(183,183)']		0 
	[] --mutation--> ['replace(81,207)']		0 
	[] --mutation--> ['insert(195,195)']		0 
	[] --mutation--> ['insert(239,176)']		0 
	[] --mutation--> ['delete(176)']		0 
	[] --mutation--> ['replace(146,125)']		0 
	[] --mutation--> ['replace(217,199)']		0 
	[] --mutation--> ['insert(321,305)']		0 
	[] --mutation--> ['delete(171)']		0 
	[] --mutation--> ['insert(297,209)']		0 
	[] --mutation--> ['delete(181)']		0 
	[] --mutation--> ['replace(158,174)']		0 
	[] --mutation--> ['delete(124)']		0 
	[] --mutation--> ['delete(100)']		0 
	[] --mutation--> ['delete(222)']		0 
	[] --mutation--> ['insert(222,185)']		0 
	[] --mutation--> ['delete(246)']		0 
	[] --mutation--> ['insert(246,195)']		0 
	[] --mutation--> ['replace(173,330)']		0 
	[] --mutation--> ['replace(2,2)']		0 
	[] --mutation--> ['insert(339,321)']		0 
	[] --mutation--> ['replace(251,162)']		0 
	[] --mutation--> ['delete(185)']		0 
	[] --mutation--> ['insert(339,305)']		0 
	[] --mutation--> ['delete(171)']		0 
	[] --mutation--> ['insert(297,321)']		0 
	[] --mutation--> ['insert(114,321)']		0 
	[] --mutation--> ['delete(260)']		0 
	[] --mutation--> ['insert(213,185)']		0 
	[] --mutation--> ['replace(166,230)']		0 
	[] --mutation--> ['replace(136,327)']		0 
	[] --mutation--> ['insert(313,305)']		0 
	[] --mutation--> ['delete(145)']		0 
	[] --mutation--> ['insert(181,260)']		0 
	[] --mutation--> ['delete(260)']		0 
	[] --mutation--> ['replace(91,254)']		0 
	[] --mutation--> ['delete(304)']		0 
	[] --mutation--> ['insert(176,171)']		0 
	[] --mutation--> ['replace(276,295)']		0 
	[] --mutation--> ['replace(183,183)']		0 
	[] --mutation--> ['insert(321,176)']		0 
	[] --mutation--> ['delete(213)']		0 
	[] --mutation--> ['insert(226,260)']		0 
	[] --mutation--> ['replace(330,192)']		0 
	[] --mutation--> ['replace(236,168)']		0 
	[] --mutation--> ['replace(203,325)']		0 
	[] --mutation--> ['delete(239)']		0 
	[] --mutation--> ['delete(195)']		0 
	[] --mutation--> ['insert(185,246)']		0 
	[] --mutation--> ['delete(272)']		0 
	[] --mutation--> ['replace(77,23)']		0 
	[] --mutation--> ['delete(239)']		0 
	[] --mutation--> ['delete(195)']		0 
	[] --mutation--> ['insert(272,246)']		0 
	[] --mutation--> ['delete(290)']		0 
	[] --mutation--> ['insert(239,313)']		0 
	[] --mutation--> ['delete(176)']		0 
	[] --mutation--> ['replace(40,89)']		0 
	[] --mutation--> ['delete(297)']		0 
	[] --mutation--> ['insert(239,305)']		0 
	[] --mutation--> ['replace(168,232)']		0 
	[] --mutation--> ['delete(285)']		0 
	[] --mutation--> ['replace(165,47)']		0 
	[] --mutation--> ['insert(213,305)']		0 
	[] --mutation--> ['insert(301,260)']		0 
	[] --mutation--> ['replace(229,308)']		0 
	[] --mutation--> ['delete(321)']		0 
	[] --mutation--> ['replace(301,222)']		0 
	[] --mutation--> ['insert(176,209)']		0 
	[] --mutation--> ['insert(181,176)']		0 
	[] --mutation--> []		0 
	[] --mutation--> ['delete(114)']		0 
	[] --mutation--> ['replace(245,304)']		0 
	[] --mutation--> ['delete(260)']		0 
	[] --mutation--> ['insert(93,313)']		0 
	[] --mutation--> ['delete(246)']		0 
	[] --mutation--> ['insert(239,313)']		0 
	[] --mutation--> ['insert(176,321)']		0 
	[] --mutation--> ['replace(240,241)']		0 
	[] --mutation--> ['delete(181)']		0 
	[] --mutation--> ['replace(63,41)']		0 
	[] --mutation--> ['replace(120,250)']		0 
	[] --mutation--> ['delete(170)']		0 
	[] --mutation--> ['insert(264,171)']		0 
	[] --mutation--> ['delete(213)']		0 
	[] --mutation--> ['replace(25,6)']		0 
	[] --mutation--> ['replace(174,216)']		0 
	[] --mutation--> ['delete(297)']		0 
	[] --mutation--> ['replace(16,33)']		0 
	[] --mutation--> ['delete(339)']		0 
	[] --mutation--> ['delete(264)']		0 
	[] --mutation--> ['insert(145,209)']		0 
	[] --mutation--> ['delete(155)']		0 
	[] --mutation--> ['replace(194,105)']		0 
	[] --mutation--> ['insert(260,176)']		0 
	[] --mutation--> ['replace(103,110)']		0 
	[] --mutation--> ['insert(93,171)']		0 
	[] --mutation--> ['insert(114,305)']		0 
	[] --mutation--> ['replace(63,63)']		0 
	[] --mutation--> ['insert(305,305)']		0 
	[] --mutation--> ['replace(89,59)']		0 
	[] --mutation--> ['delete(285)']		0 
	[] --mutation--> ['replace(106,254)']		0 
	[] --mutation--> ['delete(176)']		0 
	[] --mutation--> ['replace(84,79)']		0 
	[] --mutation--> ['replace(155,107)']		0 
	[] --mutation--> ['replace(299,183)']		0 
	[] --mutation--> ['delete(100)']		0 
	[] --mutation--> ['insert(239,171)']		0 
	[] --mutation--> ['insert(222,171)']		0 
	[] --mutation--> ['delete(145)']		0 
	[] --mutation--> ['insert(190,190)']		0 
	[] --mutation--> ['delete(297)']		0 
	[] --mutation--> ['insert(272,260)']		0 
	[] --mutation--> ['replace(6,74)']		0 
	[] --mutation--> ['delete(222)']		0 
	[] --mutation--> ['delete(331)']		0 
	[] --mutation--> ['replace(94,340)']		0 
	[] --mutation--> ['replace(277,263)']		0 
	[] --mutation--> ['insert(226,171)']		0 
	[] --mutation--> ['delete(246)']		0 
	[] --mutation--> ['insert(297,190)']		0 
	[] --mutation--> ['replace(134,218)']		0 
	[] --mutation--> ['delete(226)']		0 
	[] --mutation--> ['insert(305,305)']		0 
	[] --mutation--> ['replace(202,22)']		0 
	[] --mutation--> ['delete(181)']		0 
	[] --mutation--> ['delete(226)']		0 
	[] --mutation--> ['delete(93)']		0 
	[] --mutation--> ['insert(114,171)']		0 
	[] --mutation--> ['replace(229,127)']		0 
	[] --mutation--> ['insert(331,246)']		0 
	[] --mutation--> ['replace(23,329)']		0 
	[] --mutation--> ['replace(5,26)']		0 
	[] --mutation--> ['delete(185)']		0 
	[] --mutation--> ['replace(175,46)']		0 
	[] --mutation--> ['insert(114,176)']		0 
	[] --mutation--> ['insert(195,209)']		0 
	[] --mutation--> ['insert(124,305)']		0 
	[] --mutation--> ['replace(282,282)']		0 
	[] --mutation--> ['replace(343,323)']		0 
	[] --mutation--> ['delete(239)']		0 
	[] --mutation--> ['delete(185)']		0 
	[] --mutation--> ['replace(258,12)']		0 
	[] --mutation--> ['insert(190,176)']		0 
	[] --mutation--> ['insert(301,305)']		0 
	[] --mutation--> ['replace(161,180)']		0 
	[] --mutation--> ['insert(213,176)']		0 
	[] --mutation--> ['delete(176)']		0 
	[] --mutation--> ['replace(185,226)']		0 
	[] --mutation--> ['insert(190,185)']		0 
	[] --mutation--> ['replace(253,277)']		0 
	[] --mutation--> ['replace(27,32)']		0 
	[] --mutation--> ['delete(222)']		0 
	[] --mutation--> ['replace(169,169)']		0 
	[] --mutation--> ['insert(213,176)']		0 
	[] --mutation--> ['insert(145,190)']		0 
	[] --mutation--> ['replace(212,123)']		0 
	[] --mutation--> ['delete(170)']		0 
	[] --mutation--> ['delete(305)']		0 
	[] --mutation--> ['delete(124)']		0 
	[] --mutation--> ['replace(150,130)']		0 
	[] --mutation--> ['insert(145,171)']		0 
	[] --mutation--> ['replace(33,11)']		0 
	[] --mutation--> ['insert(171,185)']		0 
	[] --mutation--> ['replace(81,243)']		0 
	[] --mutation--> ['delete(124)']		0 
	[] --mutation--> ['replace(162,138)']		0 
	[] --mutation--> ['insert(176,190)']		0 
	[] --mutation--> ['delete(245)']		0 
	[] --mutation--> ['replace(102,326)']		0 
	[] --mutation--> ['delete(171)']		0 
	[] --mutation--> ['insert(176,321)']		0 
	[] --mutation--> ['delete(260)']		0 
	[] --mutation--> ['delete(190)']		0 
	[] --mutation--> ['delete(107)']		0 
	[] --mutation--> ['replace(44,25)']		0 
	[] --mutation--> ['insert(313,305)']		0 
	[] --mutation--> ['insert(209,305)']		0 
	[] --mutation--> ['insert(195,195)']		0 
	[] --mutation--> ['delete(313)']		0 
	[] --mutation--> ['insert(272,171)']		0 
	[] --mutation--> ['replace(95,252)']		0 
	[] --mutation--> ['insert(246,171)']		0 
	[] --mutation--> ['delete(290)']		0 
	[] --mutation--> ['replace(64,54)']		0 
	[] --mutation--> ['replace(175,329)']		0 
	[] --mutation--> ['replace(200,231)']		0 
	[] --mutation--> ['replace(79,27)']		0 
	[] --mutation--> ['insert(246,176)']		0 
	[] --mutation--> ['insert(190,171)']		0 
	[] --mutation--> ['insert(176,321)']		0 
	[] --mutation--> ['insert(145,313)']		0 
	[] --mutation--> ['replace(43,53)']		0 
	[] --mutation--> ['replace(22,62)']		0 
	[] --mutation--> ['insert(145,246)']		0 
	[] --mutation--> ['replace(333,276)']		0 
	[] --mutation--> ['replace(144,141)']		0 
	[] --mutation--> ['delete(93)']		0 
	[] --mutation--> ['delete(246)']		0 
	[] --mutation--> ['insert(195,260)']		0 
	[] --mutation--> ['delete(313)']		0 
	[] --mutation--> ['delete(170)']		0 
	[] --mutation--> ['replace(161,141)']		0 
	[] --mutation--> ['delete(272)']		0 
	[] --mutation--> ['replace(209,209)']		0 
	[] --mutation--> ['replace(251,255)']		0 
	[] --mutation--> ['delete(176)']		0 
	[] --mutation--> ['insert(297,195)']		0 
	[] --mutation--> ['insert(226,171)']		0 
	[] --mutation--> ['replace(211,234)']		0 
	[] --mutation--> ['insert(297,260)']		0 
	[] --mutation--> ['insert(145,260)']		0 
	[] --mutation--> ['replace(120,199)']		0 
	[] --mutation--> ['replace(13,337)']		0 
	[] --mutation--> ['replace(335,255)']		0 
	[] --mutation--> ['delete(184)']		0 
	[] --mutation--> ['insert(339,246)']		0 
	[] --mutation--> ['delete(260)']		0 
	[] --mutation--> ['insert(222,246)']		0 
	[] --mutation--> ['replace(263,164)']		0 
	[] --mutation--> ['insert(285,171)']		0 
	[] --mutation--> ['delete(260)']		0 
	[] --mutation--> ['replace(189,122)']		0 
	[] --mutation--> ['replace(59,20)']		0 
	[] --mutation--> ['delete(297)']		0 
	[] --mutation--> ['replace(12,23)']		0 
	[] --mutation--> ['insert(260,171)']		0 
	[] --mutation--> ['delete(195)']		0 
	[] --mutation--> ['delete(100)']		0 
	[] --mutation--> ['replace(267,158)']		0 
	[] --mutation--> ['replace(90,80)']		0 
	[] --mutation--> ['delete(304)']		0 
	[] --mutation--> ['replace(78,73)']		0 
	[] --mutation--> ['replace(79,49)']		0 
	[] --mutation--> ['delete(246)']		0 
	[] --mutation--> ['delete(239)']		0 
	[] --mutation--> ['insert(339,305)']		0 
	[] --mutation--> ['insert(222,171)']		0 
	[] --mutation--> ['delete(301)']		0 
	[] --mutation--> ['delete(331)']		0 
	[] --mutation--> ['replace(158,193)']		0 
	[] --mutation--> ['replace(86,270)']		0 
	[] --mutation--> ['delete(285)']		0 
	[] --mutation--> ['insert(222,185)']		0 
	[] --mutation--> ['delete(222)']		0 
	[] --mutation--> ['replace(91,254)']		0 
	[] --mutation--> ['delete(304)']		0 
	[] --mutation--> ['delete(114)']		0 
	[] --mutation--> ['insert(301,195)']		0 
	[] --mutation--> ['insert(272,185)']		0 
	[] --mutation--> ['replace(244,201)']		0 
	[] --mutation--> ['replace(178,333)']		0 
	[] --mutation--> ['delete(100)']		0 
	[] --mutation--> ['insert(339,260)']		0 
	[] --mutation--> ['replace(102,234)']		0 
	[] --mutation--> ['insert(301,185)']		0 
	[] --mutation--> ['insert(321,185)']		0 
	[] --mutation--> ['insert(226,321)']		0 
	[] --mutation--> ['delete(93)']		0 
	[] --mutation--> ['insert(213,246)']		0 
	[] --mutation--> ['delete(226)']		0 
	[] --mutation--> ['delete(209)']		0 
	[] --mutation--> ['replace(124,155)']		0 
	[] --mutation--> ['insert(301,171)']		0 
	[] --mutation--> ['delete(209)']		0 
	[] --mutation--> ['replace(211,192)']		0 
	[] --mutation--> ['replace(195,313)']		0 
	[] --mutation--> ['replace(31,7)']		0 
	[] --mutation--> ['replace(199,217)']		0 
	[] --mutation--> ['delete(195)']		0 
	[] --mutation--> ['insert(297,260)']		0 
	[] --mutation--> ['replace(98,282)']		0 
	[] --mutation--> ['insert(93,260)']		0 
	[] --mutation--> ['delete(246)']		0 
	[] --mutation--> ['insert(290,171)']		0 
	[] --mutation--> ['delete(339)']		0 
	[] --mutation--> ['delete(260)']		0 
	[] --mutation--> ['insert(176,176)']		0 
	[] --mutation--> ['delete(145)']		0 
	[] --mutation--> ['delete(321)']		0 
	[] --mutation--> ['delete(209)']		0 
	[] --mutation--> ['replace(243,141)']		0 
	[] --mutation--> ['replace(153,257)']		0 
	[] --mutation--> ['delete(107)']		0 
	[] --mutation--> ['replace(103,174)']		0 
	[] --mutation--> ['insert(239,321)']		0 
	[] --mutation--> ['replace(343,328)']		0 
	[] --mutation--> ['replace(15,89)']		0 
	[] --mutation--> ['delete(272)']		0 
	[] --mutation--> ['insert(145,195)']		0 
	[] --mutation--> ['insert(331,190)']		0 
	[] --mutation--> ['delete(145)']		0 
	[] --mutation--> ['delete(226)']		0 
	[] --mutation--> ['delete(145)']		0 
	[] --mutation--> ['replace(300,168)']		0 
	[] --mutation--> ['delete(171)']		0 
	[] --mutation--> ['delete(195)']		0 
	[] --mutation--> ['replace(156,115)']		0 
	[] --mutation--> ['delete(301)']		0 
	[] --mutation--> ['replace(5,14)']		0 
	[] --mutation--> ['replace(215,242)']		0 
	[] --mutation--> ['replace(270,140)']		0 
	[] --mutation--> ['insert(171,246)']		0 
	[] --mutation--> ['insert(190,209)']		0 
	[] --mutation--> ['delete(170)']		0 
	[] --mutation--> ['insert(93,260)']		0 
	[] --mutation--> ['delete(176)']		0 
	[] --mutation--> ['replace(88,41)']		0 
	[] --mutation--> ['delete(213)']		0 
	[] --mutation--> ['delete(171)']		0 
	[] --mutation--> ['delete(93)']		0 
	[] --mutation--> ['replace(334,179)']		0 
	[] --mutation--> ['delete(222)']		0 
	[] --mutation--> ['replace(25,32)']		0 
	[] --mutation--> ['insert(185,176)']		0 
	[] --mutation--> ['insert(213,305)']		0 
	[] --mutation--> ['replace(42,89)']		0 
	[] --mutation--> ['replace(45,75)']		0 
	[] --mutation--> ['delete(313)']		0 
	[] --mutation--> ['delete(285)']		0 
	[] --mutation--> ['replace(137,280)']		0 
	[] --mutation--> ['delete(304)']		0 
	[] --mutation--> ['replace(52,152)']		0 
	[] --mutation--> ['insert(239,321)']		0 
	[] --mutation--> ['replace(14,9)']		0 
	[] --mutation--> ['insert(290,305)']		0 
	[] --mutation--> ['replace(328,224)']		0 
	[] --mutation--> ['delete(93)']		0 
	[] --mutation--> ['delete(245)']		0 
	[] --mutation--> ['replace(161,47)']		0 
	[] --mutation--> ['insert(285,176)']		0 
	[] --mutation--> ['replace(179,293)']		0 
	[] --mutation--> ['insert(190,209)']		0 
	[] --mutation--> ['replace(18,35)']		0 
	[] --mutation--> ['replace(290,185)']		0 
	[] --mutation--> ['insert(181,313)']		0 
	[] --mutation--> []		0 
	[] --mutation--> ['insert(190,321)']		0 
	[] --mutation--> ['replace(122,269)']		0 
	[] --mutation--> ['delete(213)']		0 
	[] --mutation--> ['insert(209,246)']		0 
	[] --mutation--> ['insert(190,195)']		0 
	[] --mutation--> ['delete(331)']		0 
	[] --mutation--> ['replace(84,64)']		0 
	[] --mutation--> ['delete(209)']		0 
	[] --mutation--> ['delete(264)']		0 
	[] --mutation--> ['insert(301,185)']		0 
	[] --mutation--> ['insert(107,209)']		0 
	[] --mutation--> ['delete(195)']		0 
	[] --mutation--> ['replace(117,267)']		0 
	[] --mutation--> ['replace(185,290)']		0 
	[] --mutation--> ['delete(176)']		0 
	[] --mutation--> ['replace(169,169)']		0 
	[] --mutation--> ['replace(222,272)']		0 
	[] --mutation--> ['insert(171,313)']		0 
	[] --mutation--> ['delete(185)']		0 
	[] --mutation--> ['replace(226,171)']		0 
	[] --mutation--> ['delete(170)']		0 
	[] --mutation--> ['replace(15,79)']		0 
	[] --mutation--> ['insert(213,246)']		0 
	[] --mutation--> ['insert(93,313)']		0 
	[] --mutation--> ['replace(47,52)']		0 
	[] --mutation--> ['replace(238,81)']		0 
	[] --mutation--> ['delete(93)']		0 
	[] --mutation--> ['insert(190,209)']		0 
	[] --mutation--> ['replace(228,312)']		0 
	[] --mutation--> ['delete(213)']		0 
	[] --mutation--> ['replace(176,321)']		0 
	[] --mutation--> ['insert(213,185)']		0 
	[] --mutation--> ['replace(217,160)']		0 
	[] --mutation--> ['replace(9,26)']		0 
	[] --mutation--> ['delete(285)']		0 
	[] --mutation--> ['insert(100,260)']		0 
	[] --mutation--> ['replace(101,314)']		0 
	[] --mutation--> ['insert(264,305)']		0 
	[] --mutation--> ['delete(124)']		0 
	[] --mutation--> ['delete(190)']		0 
	[] --mutation--> ['insert(321,246)']		0 
	[] --mutation--> ['insert(331,209)']		0 
	[] --mutation--> ['replace(187,105)']		0 
	[] --mutation--> ['replace(227,177)']		0 
	[] --mutation--> ['replace(184,245)']		0 
	[] --mutation--> ['insert(305,185)']		0 
	[] --mutation--> ['replace(92,61)']		0 
	[] --mutation--> ['replace(208,283)']		0 
	[] --mutation--> ['insert(171,313)']		0 
	[] --mutation--> ['replace(23,30)']		0 
	[] --mutation--> ['replace(141,218)']		0 
	[] --mutation--> ['delete(272)']		0 
	[] --mutation--> ['replace(281,274)']		0 
	[] --mutation--> ['replace(206,270)']		0 
	[] --mutation--> ['replace(129,327)']		0 
	[] --mutation--> ['delete(339)']		0 
	[] --mutation--> ['replace(334,110)']		0 
	[] --mutation--> ['delete(239)']		0 
	[] --mutation--> ['insert(213,313)']		0 
	[] --mutation--> ['replace(123,34)']		0 
	[] --mutation--> ['delete(297)']		0 
	[] --mutation--> ['insert(209,171)']		0 
	[] --mutation--> ['replace(67,225)']		0 
	[] --mutation--> ['insert(239,260)']		0 
	[] --mutation--> ['replace(328,95)']		0 
	[] --mutation--> ['insert(260,209)']		0 
	[] --mutation--> ['delete(181)']		0 
	[] --mutation--> ['replace(65,45)']		0 
	[] --mutation--> ['insert(260,190)']		0 
	[] --mutation--> ['delete(176)']		0 
	[] --mutation--> ['delete(184)']		0 
	[] --mutation--> ['replace(183,183)']		0 
	[] --mutation--> ['replace(316,179)']		0 
	[] --mutation--> ['insert(239,246)']		0 
	[] --mutation--> ['replace(34,238)']		0 
	[] --mutation--> ['replace(166,111)']		0 
	[] --mutation--> ['delete(176)']		0 
	[] --mutation--> ['replace(24,24)']		0 
	[] --mutation--> ['delete(124)']		0 
	[] --mutation--> ['replace(128,317)']		0 
	[] --mutation--> ['insert(100,321)']		0 
	[] --mutation--> ['insert(124,171)']		0 
	[] --mutation--> ['insert(190,313)']		0 
	[] --mutation--> ['replace(226,285)']		0 
	[] --mutation--> ['replace(113,315)']		0 
	[] --mutation--> ['replace(133,67)']		0 
	[] --mutation--> ['insert(297,313)']		0 
	[] --mutation--> ['replace(339,331)']		0 
	[] --mutation--> ['insert(264,305)']		0 
	[] --mutation--> ['replace(60,21)']		0 
	[] --mutation--> ['delete(114)']		0 
	[] --mutation--> ['replace(179,148)']		0 
	[] --mutation--> ['delete(155)']		0 
	[] --mutation--> ['replace(31,5)']		0 
	[] --mutation--> ['replace(160,120)']		0 
	[] --mutation--> ['insert(226,171)']		0 
	[] --mutation--> ['insert(285,176)']		0 
	[] --mutation--> ['delete(171)']		0 
	[] --mutation--> ['replace(61,99)']		0 
	[] --mutation--> ['replace(37,27)']		0 
	[] --mutation--> ['replace(174,267)']		0 
	[] --mutation--> ['insert(331,185)']		0 
	[] --mutation--> ['insert(272,321)']		0 
	[] --mutation--> ['insert(185,185)']		0 
	[] --mutation--> ['delete(331)']		0 
	[] --mutation--> ['delete(246)']		0 
	[] --mutation--> ['delete(285)']		0 
	[] --mutation--> ['delete(264)']		0 
	[] --mutation--> ['insert(213,176)']		0 
	[] --mutation--> ['delete(93)']		0 
	[] --mutation--> ['replace(14,31)']		0 
	[] --mutation--> ['insert(190,305)']		0 
	[] --mutation--> ['replace(57,218)']		0 
	[] --mutation--> ['insert(209,305)']		0 
	[] --mutation--> ['delete(155)']		0 
	[] --mutation--> ['replace(155,331)']		0 
	[] --mutation--> ['delete(107)']		0 
	[] --mutation--> ['delete(181)']		0 
	[] --mutation--> ['replace(1,1)']		0 
	[] --mutation--> ['delete(124)']		0 
	[] --mutation--> ['insert(114,313)']		0 
	[] --mutation--> ['insert(124,321)']		0 
	[] --mutation--> ['delete(305)']		0 
	[] --mutation--> ['delete(185)']		0 
	[] --mutation--> ['replace(157,187)']		0 
	[] --mutation--> ['insert(264,260)']		0 
	[] --mutation--> ['replace(209,222)']		0 
	[] --mutation--> ['replace(172,340)']		0 
	[] --mutation--> ['delete(100)']		0 
	[] --mutation--> ['replace(140,337)']		0 
	[] --mutation--> ['replace(40,59)']		0 
	[] --mutation--> ['delete(171)']		0 
	[] --mutation--> ['replace(152,46)']		0 
	[] --mutation--> ['replace(158,117)']		0 
	[] --mutation--> ['insert(246,185)']		0 
	[] --mutation--> ['replace(309,273)']		0 
	[] --mutation--> []		0 
	[] --mutation--> ['delete(213)']		0 
	[] --mutation--> ['delete(114)']		0 
	[] --mutation--> ['insert(264,176)']		0 
	[] --mutation--> ['insert(313,305)']		0 
	[] --mutation--> ['insert(114,246)']		0 
	[] --mutation--> ['insert(171,305)']		0 
	[] --mutation--> ['replace(115,291)']		0 
	[] --mutation--> ['insert(222,195)']		0 
	[] --mutation--> ['delete(155)']		0 
	[] --mutation--> ['insert(107,185)']		0 
	[] --mutation--> ['insert(114,209)']		0 
	[] --mutation--> ['insert(339,209)']		0 
	[] --mutation--> ['insert(239,209)']		0 
	[] --mutation--> ['delete(100)']		0 
	[] --mutation--> ['delete(100)']		0 
	[] --mutation--> ['delete(245)']		0 
	[] --mutation--> ['insert(246,190)']		0 
	[] --mutation--> ['replace(82,253)']		0 
	[] --mutation--> ['insert(195,185)']		0 
	[] --mutation--> ['replace(10,15)']		0 
	[] --mutation--> ['replace(128,327)']		0 
	[] --mutation--> ['insert(190,260)']		0 
	[] --mutation--> ['delete(321)']		0 
	[] --mutation--> ['insert(264,209)']		0 
	[] --mutation--> ['insert(321,195)']		0 
	[] --mutation--> ['insert(297,260)']		0 
	[] --mutation--> ['insert(145,246)']		0 
	[] --mutation--> ['delete(176)']		0 
	[] --mutation--> ['insert(339,246)']		0 
	[] --mutation--> ['replace(8,54)']		0 
	[] --mutation--> ['replace(72,132)']		0 
	[] --mutation--> ['delete(213)']		0 
	[] --mutation--> ['replace(104,231)']		0 
	[] --mutation--> ['replace(211,154)']		0 
	[] --mutation--> ['insert(239,185)']		0 
	[] --mutation--> ['replace(316,179)']		0 
	[] --mutation--> ['insert(290,313)']		0 
	[] --mutation--> ['delete(290)']		0 
	[] --mutation--> ['insert(176,246)']		0 
	[] --mutation--> ['replace(230,230)']		0 
	[] --mutation--> ['insert(264,305)']		0 
	[] --mutation--> ['insert(239,190)']		0 
	[] --mutation--> []		0 
	[] --mutation--> ['insert(93,190)']		0 
	[] --mutation--> ['delete(245)']		0 
	[] --mutation--> ['replace(202,257)']		0 
	[] --mutation--> ['replace(225,66)']		0 
	[] --mutation--> ['delete(145)']		0 
	[] --mutation--> ['replace(256,220)']		0 
	[] --mutation--> ['delete(155)']		0 
	[] --mutation--> ['replace(10,74)']		0 
	[] --mutation--> ['delete(181)']		0 
	[] --mutation--> ['insert(185,305)']		0 
	[] --mutation--> ['replace(142,34)']		0 
	[] --mutation--> ['replace(325,240)']		0 
	[] --mutation--> ['delete(114)']		0 
	[] --mutation--> ['delete(184)']		0 
	[] --mutation--> ['replace(204,162)']		0 
	[] --mutation--> ['delete(226)']		0 
	[] --mutation--> ['replace(294,223)']		0 
	[] --mutation--> ['delete(114)']		0 
	[] --mutation--> ['replace(309,273)']		0 
	[] --mutation--> ['delete(260)']		0 
	[] --mutation--> ['delete(264)']		0 
	[] --mutation--> ['insert(331,313)']		0 
	[] --mutation--> ['replace(118,273)']		0 
	[] --mutation--> ['replace(208,141)']		0 
	[] --mutation--> ['delete(239)']		0 
	[] --mutation--> ['delete(213)']		0 
	[] --mutation--> ['insert(321,305)']		0 
	[] --mutation--> ['insert(124,246)']		0 
	[] --mutation--> ['replace(79,49)']		0 
	[] --mutation--> ['replace(3,3)']		0 
	[] --mutation--> ['delete(304)']		0 
	[] --mutation--> ['delete(245)']		0 
	[] --mutation--> ['insert(155,209)']		0 
	[] --mutation--> ['replace(207,133)']		0 
	[] --mutation--> ['replace(123,99)']		0 
	[] --mutation--> ['delete(185)']		0 
	[] --mutation--> ['replace(26,24)']		0 
	[] --mutation--> ['replace(137,137)']		0 
	[] --mutation--> ['insert(321,185)']		0 
	[] --mutation--> ['replace(255,162)']		0 
	[] --mutation--> ['delete(171)']		0 
	[] --mutation--> ['insert(313,305)']		0 
	[] --mutation--> ['replace(229,110)']		0 
	[] --mutation--> ['insert(100,305)']		0 
	[] --mutation--> ['insert(285,246)']		0 
	[] --mutation--> ['delete(145)']		0 
	[] --mutation--> ['insert(107,171)']		0 
	[] --mutation--> ['replace(47,212)']		0 
	[] --mutation--> ['delete(321)']		0 
	[] --mutation--> ['replace(257,253)']		0 
	[] --mutation--> ['replace(96,117)']		0 
	[] --mutation--> ['replace(83,41)']		0 
	[] --mutation--> ['delete(272)']		0 
	[] --mutation--> ['replace(102,311)']		0 
	[] --mutation--> ['insert(176,171)']		0 
	[] --mutation--> ['replace(292,311)']		0 
	[] --mutation--> ['replace(60,60)']		0 
	[] --mutation--> ['replace(335,204)']		0 
	[] --mutation--> ['delete(272)']		0 
	[] --mutation--> ['insert(209,305)']		0 
	[] --mutation--> ['replace(146,115)']		0 
	[] --mutation--> ['insert(239,176)']		0 
	[] --mutation--> ['replace(259,92)']		0 
	[] --mutation--> ['insert(114,185)']		0 
	[] --mutation--> ['replace(278,278)']		0 
	[] --mutation--> ['replace(303,303)']		0 
	[] --mutation--> ['delete(246)']		0 
	[] --mutation--> ['replace(56,238)']		0 
	[] --mutation--> ['replace(201,319)']		0 
	[] --mutation--> ['replace(224,154)']		0 
	[] --mutation--> ['insert(100,195)']		0 
	[] --mutation--> ['replace(184,170)']		0 
	[] --mutation--> ['delete(285)']		0 
	[] --mutation--> ['replace(116,116)']		0 
	[] --mutation--> ['replace(223,136)']		0 
	[] --mutation--> ['delete(313)']		0 
	[] --mutation--> ['insert(285,305)']		0 
	[] --mutation--> ['insert(107,171)']		0 
	[] --mutation--> ['replace(63,63)']		0 
	[] --mutation--> ['delete(190)']		0 
	[] --mutation--> ['insert(93,313)']		0 
	[] --mutation--> ['delete(195)']		0 
	[] --mutation--> ['delete(339)']		0 
	[] --mutation--> ['delete(184)']		0 
	[] --mutation--> ['replace(85,65)']		0 
	[] --mutation--> ['delete(285)']		0 
	[] --mutation--> ['delete(297)']		0 
	[] --mutation--> ['replace(166,230)']		0 
	[] --mutation--> ['replace(241,137)']		0 
	[] --mutation--> ['delete(190)']		0 
	[] --mutation--> ['replace(318,256)']		0 
	[] --mutation--> ['delete(331)']		0 
	[] --mutation--> ['delete(264)']		0 
	[] --mutation--> ['replace(74,89)']		0 
	[] --mutation--> ['insert(297,321)']		0 
	[] --mutation--> []		0 
	[] --mutation--> ['delete(124)']		0 
	[] --mutation--> ['delete(100)']		0 
	[] --mutation--> ['delete(226)']		0 
	[] --mutation--> ['delete(290)']		0 
	[] --mutation--> ['delete(246)']		0 
	[] --mutation--> ['replace(180,221)']		0 
	[] --mutation--> ['insert(190,313)']		0 
	[] --mutation--> ['delete(339)']		0 
	[] --mutation--> ['insert(272,305)']		0 
	[] --mutation--> ['replace(74,74)']		0 
	[] --mutation--> ['replace(146,172)']		0 
	[] --mutation--> ['delete(171)']		0 
	[] --mutation--> ['delete(245)']		0 
	[] --mutation--> ['delete(176)']		0 
	[] --mutation--> ['delete(170)']		0 
	[] --mutation--> ['delete(264)']		0 
	[] --mutation--> ['delete(331)']		0 
	[] --mutation--> ['insert(100,313)']		0 
	[] --mutation--> ['delete(264)']		0 
	[] --mutation--> ['replace(178,236)']		0 
	[] --mutation--> ['insert(226,246)']		0 
	[] --mutation--> ['delete(222)']		0 
	[] --mutation--> ['replace(287,236)']		0 
	[] --mutation--> ['delete(246)']		0 
	[] --mutation--> ['insert(155,246)']		0 
	[] --mutation--> ['replace(339,124)']		0 
	[] --mutation--> ['delete(176)']		0 
	[] --mutation--> ['delete(264)']		0 
	[] --mutation--> ['replace(127,96)']		0 
	[] --mutation--> ['delete(245)']		0 
	[] --mutation--> ['replace(167,144)']		0 
	[] --mutation--> ['insert(272,195)']		0 
	[] --mutation--> ['replace(202,208)']		0 
	[] --mutation--> ['delete(305)']		0 
	[] --mutation--> ['replace(30,134)']		0 
	[] --mutation--> ['replace(144,175)']		0 
	[] --mutation--> ['replace(198,229)']		0 
	[] --mutation--> ['delete(184)']		0 
	[] --mutation--> ['delete(181)']		0 
	[] --mutation--> ['replace(12,161)']		0 
	[] --mutation--> ['replace(152,221)']		0 
	[] --mutation--> ['replace(66,218)']		0 
	[] --mutation--> ['insert(305,246)']		0 
	[] --mutation--> ['insert(331,260)']		0 
	[] --mutation--> ['insert(114,209)']		0 
	[] --mutation--> ['insert(171,171)']		0 
	[] --mutation--> ['replace(141,81)']		0 
	[] --mutation--> ['replace(249,103)']		0 
	[] --mutation--> ['replace(227,286)']		0 
	[] --mutation--> ['insert(260,246)']		0 
	[] --mutation--> ['delete(181)']		0 
	[] --mutation--> ['insert(331,313)']		0 
	[] --mutation--> ['replace(83,83)']		0 
	[] --mutation--> ['delete(107)']		0 
	[] --mutation--> ['replace(132,283)']		0 
	[] --mutation--> ['replace(108,101)']		0 
	[] --mutation--> ['replace(76,233)']		0 
	[] --mutation--> ['insert(301,321)']		0 
	[] --mutation--> ['delete(176)']		0 
	[] --mutation--> ['replace(37,10)']		0 
	[] --mutation--> ['insert(145,321)']		0 
	[] --mutation--> ['delete(321)']		0 
	[] --mutation--> ['replace(127,267)']		0 
	[] --mutation--> ['insert(246,313)']		0 
	[] --mutation--> ['delete(226)']		0 
	[] --mutation--> ['replace(12,17)']		0 
	[] --mutation--> ['replace(240,240)']		0 
	[] --mutation--> ['insert(321,246)']		0 
	[] --mutation--> ['replace(325,261)']		0 
	[] --mutation--> ['insert(190,195)']		0 
	[] --mutation--> ['delete(181)']		0 
	[] --mutation--> ['replace(117,179)']		0 
	[] --mutation--> ['replace(326,323)']		0 
	[] --mutation--> ['replace(160,199)']		0 
	[] --mutation--> ['insert(145,185)']		0 
	[] --mutation--> ['delete(145)']		0 
	[] --mutation--> ['replace(73,78)']		0 
	[] --mutation--> ['replace(183,183)']		0 
	[] --mutation--> ['replace(326,318)']		0 
	[] --mutation--> ['replace(297,181)']		0 
	[] --mutation--> ['insert(107,190)']		0 
	[] --mutation--> ['replace(185,246)']		0 
	[] --mutation--> ['replace(149,309)']		0 
	[] --mutation--> ['replace(60,55)']		0 
	[] --mutation--> ['replace(322,322)']		0 
	[] --mutation--> ['replace(263,12)']		0 
	[] --mutation--> ['replace(310,320)']		0 
	[] --mutation--> ['delete(313)']		0 
	[] --mutation--> ['delete(222)']		0 
	[] --mutation--> ['delete(246)']		0 
	[] --mutation--> ['delete(213)']		0 
	[] --mutation--> ['delete(93)']		0 
	[] --mutation--> ['replace(141,338)']		0 
	[] --mutation--> ['replace(123,91)']		0 
	[] --mutation--> ['replace(80,28)']		0 
	[] --mutation--> ['insert(100,321)']		0 
	[] --mutation--> ['replace(124,124)']		0 
	[] --mutation--> ['replace(237,123)']		0 
	[] --mutation--> ['delete(100)']		0 
	[] --mutation--> ['insert(213,195)']		0 
	[] --mutation--> ['replace(50,70)']		0 
	[] --mutation--> ['delete(321)']		0 
	[] --mutation--> ['replace(309,203)']		0 
	[] --mutation--> ['insert(145,185)']		0 
	[] --mutation--> ['delete(114)']		0 
	[] --mutation--> ['insert(313,195)']		0 
	[] --mutation--> ['replace(337,237)']		0 
	[] --mutation--> ['delete(290)']		0 
	[] --mutation--> ['delete(100)']		0 
	[] --mutation--> ['replace(219,219)']		0 
	[] --mutation--> ['replace(303,276)']		0 
	[] --mutation--> ['insert(171,246)']		0 
	[] --mutation--> ['replace(40,8)']		0 
	[] --mutation--> ['delete(185)']		0 
	[] --mutation--> ['delete(226)']		0 
	[] --mutation--> ['insert(181,260)']		0 
	[] --mutation--> ['replace(79,8)']		0 
	[] --mutation--> ['replace(241,129)']		0 
	[] --mutation--> ['replace(275,280)']		0 
	[] --mutation--> ['replace(81,161)']		0 
	[] --mutation--> ['delete(190)']		0 
	[] --mutation--> ['insert(301,209)']		0 
	[] --mutation--> ['insert(297,209)']		0 
	[] --mutation--> ['delete(301)']		0 
	[] --mutation--> ['delete(297)']		0 
	[] --mutation--> ['replace(74,74)']		0 
	[] --mutation--> ['delete(145)']		0 
	[] --mutation--> ['replace(220,279)']		0 
	[] --mutation--> ['delete(290)']		0 
	[] --mutation--> ['delete(264)']		0 
	[] --mutation--> ['insert(209,185)']		0 
	[] --mutation--> ['insert(239,321)']		0 
	[] --mutation--> ['delete(171)']		0 
	[] --mutation--> ['insert(301,176)']		0 
	[] --mutation--> ['delete(190)']		0 
	[] --mutation--> ['insert(195,185)']		0 
	[] --mutation--> ['replace(116,330)']		0 
	[] --mutation--> ['insert(290,185)']		0 
	[] --mutation--> ['delete(301)']		0 
	[] --mutation--> ['replace(66,62)']		0 
	[] --mutation--> ['replace(228,126)']		0 
	[] --mutation--> ['insert(114,321)']		0 
	[] --mutation--> ['delete(239)']		0 
	[] --mutation--> ['replace(313,313)']		0 
	[] --mutation--> ['insert(313,321)']		0 
	[] --mutation--> ['delete(226)']		0 
	[] --mutation--> ['delete(297)']		0 
	[] --mutation--> ['insert(339,246)']		0 
	[] --mutation--> ['insert(155,260)']		0 
	[] --mutation--> ['insert(339,185)']		0 
	[] --mutation--> ['replace(280,149)']		0 
	[] --mutation--> ['replace(317,317)']		0 
	[] --mutation--> ['delete(226)']		0 
	[] --mutation--> ['insert(155,176)']		0 
	[] --mutation--> ['insert(155,176)']		0 
	[] --mutation--> ['replace(341,310)']		0 
	[] --mutation--> ['replace(100,331)']		0 
	[] --mutation--> ['replace(10,27)']		0 
	[] --mutation--> ['replace(26,31)']		0 
	[] --mutation--> ['delete(246)']		0 
	[] --mutation--> ['insert(181,209)']		0 
	[] --mutation--> ['insert(222,190)']		0 
	[] --mutation--> ['insert(226,260)']		0 
	[] --mutation--> ['delete(209)']		0 
	[] --mutation--> ['replace(239,260)']		0 
	[] --mutation--> ['delete(260)']		0 
	[] --mutation--> ['delete(195)']		0 
	[] --mutation--> ['delete(290)']		0 
	[] --mutation--> ['insert(114,313)']		0 
	[] --mutation--> ['insert(176,171)']		0 
	[] --mutation--> ['replace(296,12)']		0 
	[] --mutation--> ['insert(209,246)']		0 
	[] --mutation--> ['replace(185,176)']		0 
	[] --mutation--> ['insert(239,171)']		0 
	[] --mutation--> ['insert(209,209)']		0 
	[] --mutation--> ['replace(27,44)']		0 
	[] --mutation--> ['insert(124,190)']		0 
	[] --mutation--> ['delete(331)']		0 
	[] --mutation--> ['insert(171,321)']		0 
	[] --mutation--> ['replace(146,196)']		0 
	[] --mutation--> ['insert(145,209)']		0 
	[] --mutation--> ['insert(114,321)']		0 
	[] --mutation--> ['insert(93,176)']		0 
	[] --mutation--> ['insert(339,313)']		0 
	[] --mutation--> ['replace(79,42)']		0 
	[] --mutation--> ['delete(213)']		0 
	[] --mutation--> ['insert(260,176)']		0 
	[] --mutation--> ['delete(93)']		0 
	[] --mutation--> ['insert(155,209)']		0 
	[] --mutation--> ['replace(133,165)']		1 

######## REPAIR FOUND ########
		['replace(133,165)']
TOTAL TIME TAKEN TO FIND REPAIR = 4053.245665
Minimized patch: ['replace(133,165)']
