SOURCE FILE:
	 /home/hammada/projects/verilog_repair/benchmarks/sdram_controller/sdram_controller_buggy_var.v
TEST BENCH:
	 /home/hammada/projects/verilog_repair/benchmarks/sdram_controller/sdram_controller_tb_t1.v
ORACLE:
	 oracle_sdramcontroller.txt
PARAMETERS:
	gens=3
	popsize=10000
	restarts=1
	fault_loc=True
	control_flow=True
	limit_transitive_dependency_set=True
	dependency_set_max=4

IN GENERATION 0 OF ATTEMPT 0
	[] --mutation--> ['replace(676,444)']		0.997758
	[] --mutation--> ['replace(921,152)']		0.997758
	[] --mutation--> ['replace(879,793)']		0.997758
	[] --mutation--> ['replace(583,369)']		0.996369
	[] --mutation--> ['insert(819,905)']		0.984919
	[] --mutation--> ['replace(608,513)']		0.000000
	[] --mutation--> ['replace(609,609)']		0.997758
	[] --mutation--> ['insert(422,952)']		0.996943
	[] --mutation--> ['replace(362,495)']		0.000000
	[] --mutation--> ['replace(655,597)']		0.997721
	[] --mutation--> ['delete(640)']		0.997258
	[] --mutation--> ['delete(845)']		0.997758
	[] --mutation--> ['replace(673,653)']		0.997758
	[] --mutation--> ['replace(606,103)']		0.997110
	[] --mutation--> ['replace(688,425)']		0.997758
	[] --mutation--> ['insert(574,983)']		0.996869
	[] --mutation--> ['insert(451,866)']		0.997276
	[] --mutation--> ['replace(338,911)']		0.000000
	[] --mutation--> ['insert(819,827)']		0.997758
	[] --mutation--> ['replace(334,334)']		0.997758
	[] --mutation--> ['insert(640,793)']		0.997758
	[] --mutation--> ['replace(524,404)']		0.997758
	[] --mutation--> ['replace(542,559)']		0.995813
	[] --mutation--> ['delete(819)']		0.997758
	[] --mutation--> ['delete(514)']		0.000000
	[] --mutation--> ['replace(920,928)']		0.994349
	[] --mutation--> ['replace(369,648)']		0.997740
	[] --mutation--> ['replace(334,360)']		0.000000
	[] --mutation--> ['replace(715,915)']		0.736232
	[] --mutation--> ['replace(423,474)']		0.997758
	[] --mutation--> ['insert(918,430)']		0.997758
	[] --mutation--> ['replace(464,827)']		0.095933
	[] --mutation--> ['delete(507)']		0.000000
	[] --mutation--> ['replace(615,298)']		0.000000
	[] --mutation--> ['insert(957,717)']		0.766992
	[] --mutation--> ['replace(610,803)']		0.000000
	[] --mutation--> ['replace(467,148)']		0.095933
	[] --mutation--> ['insert(412,569)']		0.995572
	[] --mutation--> ['replace(656,120)']		0.000000
	[] --mutation--> ['replace(673,673)']		0.997758
	[] --mutation--> ['insert(574,505)']		0.997314
	[] --mutation--> ['delete(514)']		0.000000
	[] --mutation--> ['delete(446)']		0.837417
	[] --mutation--> ['insert(535,931)']		0.996776
	[] --mutation--> ['insert(514,685)']		0.992793
	[] --mutation--> ['insert(422,827)']		0.997758
	[] --mutation--> ['insert(459,913)']		0.997758
	[] --mutation--> ['insert(603,574)']		0.994612
	[] --mutation--> ['replace(583,377)']		0.991025
	[] --mutation--> ['insert(879,780)']		0.997758
	[] --mutation--> ['replace(918,944)']		0.997036
	[] --mutation--> ['insert(360,879)']		0.000000
	[] --mutation--> ['insert(407,845)']		0.997758
	[] --mutation--> ['insert(793,446)']		0.724849
	[] --mutation--> ['insert(879,407)']		0.997758
	[] --mutation--> ['insert(446,640)']		0.766000
	[] --mutation--> ['replace(580,192)']		0.997758
	[] --mutation--> ['insert(451,471)']		0.997758
	[] --mutation--> ['replace(539,143)']		0.997758
	[] --mutation--> ['delete(446)']		0.837417
	[] --mutation--> ['replace(642,865)']		0.000000
	[] --mutation--> ['delete(407)']		0.989569
	[] --mutation--> ['insert(459,793)']		0.997758
	[] --mutation--> ['replace(696,532)']		0.895666
	[] --mutation--> ['insert(879,551)']		0.997758
	[] --mutation--> ['insert(879,478)']		0.997758
	[] --mutation--> ['replace(959,402)']		0.000000
	[] --mutation--> ['replace(715,367)']		0.901545
	[] --mutation--> ['replace(615,713)']		0.000000
	[] --mutation--> ['replace(608,980)']		0.996795
	[] --mutation--> ['replace(823,428)']		0.997758
	[] --mutation--> ['replace(667,889)']		0.997536
	[] --mutation--> ['replace(468,696)']		0.993905
	[] --mutation--> ['replace(452,846)']		0.995572
	[] --mutation--> ['insert(819,498)']		0.997758
	[] --mutation--> ['insert(931,498)']		0.997758
	[] --mutation--> ['delete(685)']		0.095933
	[] --mutation--> ['insert(669,690)']		0.995405
	[] --mutation--> ['replace(515,760)']		0.996961
	[] --mutation--> ['insert(669,780)']		0.997758
	[] --mutation--> ['delete(879)']		0.997758
	[] --mutation--> ['insert(957,704)']		0.996295
	[] --mutation--> ['insert(526,488)']		0.997758
	[] --mutation--> ['replace(417,913)']		0.603301
	[] --mutation--> ['replace(577,363)']		0.995074
	[] --mutation--> ['replace(525,487)']		0.996776
	[] --mutation--> ['replace(514,874)']		0.996961
	[] --mutation--> ['insert(879,801)']		0.997758
	[] --mutation--> ['insert(464,407)']		0.997758
	[] --mutation--> ['replace(459,866)']		0.763075
	[] --mutation--> ['replace(421,221)']		0.997758
	[] --mutation--> ['insert(422,775)']		0.997758
	[] --mutation--> ['replace(534,728)']		0.996776
	[] --mutation--> ['delete(459)']		0.000000
	[] --mutation--> ['replace(378,948)']		0.000000
	[] --mutation--> ['insert(669,978)']		0.996647
	[] --mutation--> ['delete(540)']		0.996776
	[] --mutation--> ['replace(417,730)']		0.190834
	[] --mutation--> ['replace(931,861)']		0.902249
	[] --mutation--> ['replace(415,148)']		0.996517
	[] --mutation--> ['insert(446,879)']		0.997758
	[] --mutation--> ['replace(603,918)']		0.997091
	[] --mutation--> ['replace(427,673)']		0.997758
	[] --mutation--> ['delete(360)']		0.713636
	[] --mutation--> ['replace(361,828)']		0.000000
	[] --mutation--> ['replace(535,574)']		0.988921
	[] --mutation--> ['delete(957)']		0.769371
	[] --mutation--> ['delete(526)']		0.000000
	[] --mutation--> ['delete(574)']		0.995074
	[] --mutation--> ['replace(416,409)']		0.994833
	[] --mutation--> ['replace(613,896)']		0.997758
	[] --mutation--> ['delete(793)']		0.997758
	[] --mutation--> ['replace(819,562)']		0.997758
	[] --mutation--> ['replace(421,561)']		0.997758
	[] --mutation--> ['insert(931,983)']		0.997758
	[] --mutation--> ['replace(648,270)']		0.997758
	[] --mutation--> ['insert(574,430)']		0.997758
	[] --mutation--> ['replace(383,243)']		0.997740
	[] --mutation--> ['replace(669,574)']		0.997758
	[] --mutation--> ['replace(576,750)']		0.837417
	[] --mutation--> ['insert(685,690)']		0.997758
	[] --mutation--> ['replace(364,351)']		0.995905
	[] --mutation--> ['delete(535)']		0.000000
	[] --mutation--> ['replace(405,480)']		0.000000
	[] --mutation--> ['insert(464,685)']		0.000000
	[] --mutation--> ['replace(413,984)']		0.991915
	[] --mutation--> ['replace(689,183)']		0.997758
	[] --mutation--> ['insert(669,918)']		0.997591
	[] --mutation--> ['replace(679,434)']		0.997758
	[] --mutation--> ['replace(883,247)']		0.997758
	[] --mutation--> ['insert(879,669)']		0.997758
	[] --mutation--> ['replace(541,465)']		0.095933
	[] --mutation--> ['insert(459,735)']		0.997758
	[] --mutation--> ['replace(537,390)']		0.959443
	[] --mutation--> ['insert(879,488)']		0.997758
	[] --mutation--> ['insert(540,879)']		0.000000
	[] --mutation--> ['replace(658,356)']		0.997221
	[] --mutation--> ['replace(702,558)']		0.842517
	[] --mutation--> ['replace(574,473)']		0.993073
	[] --mutation--> ['insert(407,591)']		0.892494
	[] --mutation--> ['delete(446)']		0.837417
	[] --mutation--> ['replace(685,978)']		0.095933
	[] --mutation--> ['replace(793,780)']		0.997758
	[] --mutation--> ['replace(375,675)']		0.997758
	[] --mutation--> ['replace(467,510)']		0.095933
	[] --mutation--> ['replace(370,241)']		0.997758
	[] --mutation--> ['replace(647,428)']		0.997758
	[] --mutation--> ['replace(462,738)']		0.095933
	[] --mutation--> ['insert(918,972)']		0.997758
	[] --mutation--> ['replace(544,388)']		0.996776
	[] --mutation--> ['replace(679,136)']		0.000000
	[] --mutation--> ['insert(957,422)']		0.997758
	[] --mutation--> ['insert(669,704)']		0.997758
	[] --mutation--> ['replace(336,336)']		0.997758
	[] --mutation--> ['insert(879,422)']		0.997758
	[] --mutation--> ['replace(574,892)']		0.995074
	[] --mutation--> ['replace(462,986)']		0.629422
	[] --mutation--> ['insert(892,767)']		0.997758
	[] --mutation--> ['insert(412,628)']		0.997036
	[] --mutation--> ['replace(959,915)']		0.904287
	[] --mutation--> ['replace(508,723)']		0.995980
	[] --mutation--> ['replace(845,780)']		0.997758
	[] --mutation--> ['replace(894,724)']		0.993609
	[] --mutation--> ['replace(679,32)']		0.993609
	[] --mutation--> ['insert(412,879)']		0.997276
	[] --mutation--> ['insert(819,939)']		0.762097
	[] --mutation--> ['replace(365,655)']		0.997740
	[] --mutation--> ['replace(467,56)']		0.095933
	[] --mutation--> ['replace(525,638)']		0.996776
	[] --mutation--> ['delete(417)']		0.095933
	[] --mutation--> ['replace(671,638)']		0.000000
	[] --mutation--> ['replace(340,782)']		0.000000
	[] --mutation--> ['replace(662,613)']		0.997758
	[] --mutation--> ['insert(526,471)']		0.997758
	[] --mutation--> ['replace(370,610)']		0.997758
	[] --mutation--> ['replace(701,878)']		0.996776
	[] --mutation--> ['replace(701,891)']		0.996776
	[] --mutation--> ['insert(446,918)']		0.995924
	[] --mutation--> ['insert(407,412)']		0.997758
	[] --mutation--> ['replace(797,247)']		0.997758
	[] --mutation--> ['replace(660,600)']		0.997536
	[] --mutation--> ['replace(820,789)']		0.997758
	[] --mutation--> ['replace(715,907)']		0.338611
	[] --mutation--> ['insert(892,918)']		0.997758
	[] --mutation--> ['insert(334,690)']		0.000000
	[] --mutation--> ['replace(883,65)']		0.997758
	[] --mutation--> ['replace(405,836)']		0.613849
	[] --mutation--> ['insert(464,926)']		0.159776
	[] --mutation--> ['replace(624,665)']		0.997369
	[] --mutation--> ['insert(451,730)']		0.997758
	[] --mutation--> ['replace(366,502)']		0.997758
	[] --mutation--> ['delete(459)']		0.000000
	[] --mutation--> ['insert(879,814)']		0.997758
	[] --mutation--> ['insert(845,730)']		0.993905
	[] --mutation--> ['insert(451,972)']		0.997758
	[] --mutation--> ['replace(381,987)']		0.997758
	[] --mutation--> ['replace(335,418)']		0.000000
	[] --mutation--> ['replace(697,635)']		0.895666
	[] --mutation--> ['replace(657,765)']		0.997758
	[] --mutation--> ['replace(404,404)']		0.997758
	[] --mutation--> ['insert(685,939)']		0.997758
	[] --mutation--> ['replace(793,983)']		0.997758
	[] --mutation--> ['replace(539,212)']		0.997758
	[] --mutation--> ['replace(794,932)']		0.997758
	[] --mutation--> ['replace(613,317)']		0.997591
	[] --mutation--> ['replace(379,546)']		0.997758
	[] --mutation--> ['replace(845,628)']		0.997758
	[] --mutation--> ['replace(538,517)']		0.997758
	[] --mutation--> ['replace(537,954)']		0.988921
	[] --mutation--> ['insert(918,435)']		0.997758
	[] --mutation--> ['insert(407,456)']		0.835529
	[] --mutation--> ['replace(375,675)']		0.997758
	[] --mutation--> ['replace(376,86)']		0.986234
	[] --mutation--> ['replace(624,377)']		0.992041
	[] --mutation--> ['replace(931,640)']		0.767249
	[] --mutation--> ['replace(336,564)']		0.000000
	[] --mutation--> ['replace(883,647)']		0.997758
	[] --mutation--> ['replace(408,413)']		0.989569
	[] --mutation--> ['replace(423,841)']		0.997758
	[] --mutation--> ['replace(343,343)']		0.997758
	[] --mutation--> ['replace(882,843)']		0.997758
	[] --mutation--> ['replace(446,628)']		0.837417
	[] --mutation--> ['insert(793,788)']		0.997758
	[] --mutation--> ['replace(546,650)']		0.986957
	[] --mutation--> ['insert(464,972)']		0.634657
	[] --mutation--> ['replace(613,211)']		0.997184
	[] --mutation--> ['replace(679,382)']		0.997758
	[] --mutation--> ['replace(935,73)']		0.766893
	[] --mutation--> ['replace(407,488)']		0.989087
	[] --mutation--> ['replace(666,859)']		0.997758
	[] --mutation--> ['replace(378,969)']		0.997758
	[] --mutation--> ['replace(370,808)']		0.997758
	[] --mutation--> ['replace(511,719)']		0.995980
	[] --mutation--> ['replace(377,660)']		0.997758
	[] --mutation--> ['replace(446,879)']		0.837417
	[] --mutation--> ['replace(795,190)']		0.000000
	[] --mutation--> ['insert(793,957)']		0.769074
	[] --mutation--> ['replace(688,916)']		0.718589
	[] --mutation--> ['insert(819,730)']		0.987755
	[] --mutation--> ['replace(672,672)']		0.997758
	[] --mutation--> ['insert(446,939)']		0.767616
	[] --mutation--> ['delete(918)']		0.997276
	[] --mutation--> ['insert(514,435)']		0.997758
	[] --mutation--> ['delete(892)']		0.994572
	[] --mutation--> ['insert(819,695)']		0.724849
	[] --mutation--> ['replace(641,423)']		0.996535
	[] --mutation--> ['replace(335,508)']		0.000000
	[] --mutation--> ['replace(528,525)']		0.000000
	[] --mutation--> ['replace(540,905)']		0.805587
	[] --mutation--> ['insert(514,952)']		0.996943
	[] --mutation--> ['replace(621,609)']		0.992041
	[] --mutation--> ['replace(846,460)']		0.997758
	[] --mutation--> ['replace(415,68)']		0.995313
	[] --mutation--> ['insert(407,754)']		0.997758
	[] --mutation--> ['insert(669,944)']		0.997703
	[] --mutation--> ['replace(422,754)']		0.996017
	[] --mutation--> ['replace(797,114)']		0.997758
	[] --mutation--> ['insert(540,939)']		0.000000
	[] --mutation--> ['replace(648,584)']		0.997425
	[] --mutation--> ['replace(663,327)']		0.997554
	[] --mutation--> ['replace(700,377)']		0.838571
	[] --mutation--> ['insert(334,669)']		0.000000
	[] --mutation--> ['replace(674,426)']		0.997758
	[] --mutation--> ['replace(343,356)']		0.387536
	[] --mutation--> ['insert(845,722)']		0.766992
	[] --mutation--> ['replace(821,264)']		0.000000
	[] --mutation--> ['replace(468,609)']		0.095933
	[] --mutation--> ['replace(365,468)']		0.997740
	[] --mutation--> ['delete(793)']		0.997758
	[] --mutation--> ['replace(577,921)']		0.997591
	[] --mutation--> ['replace(529,631)']		0.997758
	[] --mutation--> ['replace(543,287)']		0.996776
	[] --mutation--> ['replace(459,412)']		0.762377
	[] --mutation--> ['insert(459,861)']		0.997758
	[] --mutation--> ['replace(339,617)']		0.000000
	[] --mutation--> ['replace(673,427)']		0.997758
	[] --mutation--> ['replace(959,721)']		0.000000
	[] --mutation--> ['insert(407,478)']		0.835529
	[] --mutation--> ['replace(576,771)']		0.000000
	[] --mutation--> ['replace(881,825)']		0.000000
	[] --mutation--> ['insert(793,471)']		0.997758
	[] --mutation--> ['replace(361,880)']		0.000000
	[] --mutation--> ['replace(667,612)']		0.997758
	[] --mutation--> ['delete(793)']		0.997758
	[] --mutation--> ['replace(382,647)']		0.997758
	[] --mutation--> ['replace(660,624)']		0.000000
	[] --mutation--> ['replace(612,518)']		0.000000
	[] --mutation--> ['insert(507,603)']		0.996796
	[] --mutation--> ['replace(750,974)']		0.870596
	[] --mutation--> ['insert(819,972)']		0.997758
	[] --mutation--> ['insert(412,900)']		0.997758
	[] --mutation--> ['insert(464,788)']		0.997758
	[] --mutation--> ['replace(371,857)']		0.997758
	[] --mutation--> ['replace(612,799)']		0.997295
	[] --mutation--> ['replace(640,412)']		0.996535
	[] --mutation--> ['replace(882,142)']		0.997758
	[] --mutation--> ['replace(797,171)']		0.997758
	[] --mutation--> ['replace(616,634)']		0.997628
	[] --mutation--> ['replace(624,50)']		0.992041
	[] --mutation--> ['replace(539,383)']		0.997758
	[] --mutation--> ['replace(584,479)']		0.995832
	[] --mutation--> ['replace(382,130)']		0.974873
	[] --mutation--> ['replace(920,558)']		0.997036
	[] --mutation--> ['replace(670,807)']		0.997758
	[] --mutation--> ['replace(607,356)']		0.997036
	[] --mutation--> ['insert(417,451)']		0.997758
	[] --mutation--> ['replace(507,819)']		0.995980
	[] --mutation--> ['replace(646,427)']		0.997758
	[] --mutation--> ['replace(892,983)']		0.994331
	[] --mutation--> ['delete(459)']		0.000000
	[] --mutation--> ['replace(700,624)']		0.996776
	[] --mutation--> ['replace(675,427)']		0.997758
	[] --mutation--> ['insert(640,717)']		0.997758
	[] --mutation--> ['insert(892,861)']		0.997276
	[] --mutation--> ['replace(935,303)']		0.767389
	[] --mutation--> ['replace(702,941)']		0.000000
	[] --mutation--> ['replace(674,578)']		0.997758
	[] --mutation--> ['replace(418,940)']		0.895666
	[] --mutation--> ['delete(464)']		0.095933
	[] --mutation--> ['replace(371,344)']		0.997758
	[] --mutation--> ['replace(459,628)']		0.763075
	[] --mutation--> ['replace(795,52)']		0.000000
	[] --mutation--> ['delete(507)']		0.000000
	[] --mutation--> ['replace(467,164)']		0.095933
	[] --mutation--> ['replace(338,847)']		0.000000
	[] --mutation--> ['insert(957,478)']		0.997758
	[] --mutation--> ['replace(616,50)']		0.997758
	[] --mutation--> ['insert(669,874)']		0.997758
	[] --mutation--> ['delete(879)']		0.997758
	[] --mutation--> ['replace(796,567)']		0.997758
	[] --mutation--> ['insert(845,819)']		0.997758
	[] --mutation--> ['insert(334,690)']		0.000000
	[] --mutation--> ['delete(640)']		0.997258
	[] --mutation--> ['replace(537,386)']		0.000000
	[] --mutation--> ['replace(464,709)']		0.095933
	[] --mutation--> ['replace(577,443)']		0.997758
	[] --mutation--> ['replace(511,442)']		0.995980
	[] --mutation--> ['insert(451,440)']		0.994835
	[] --mutation--> ['insert(845,628)']		0.997758
	[] --mutation--> ['insert(417,569)']		0.646246
	[] --mutation--> ['insert(819,944)']		0.762097
	[] --mutation--> ['replace(524,404)']		0.997758
	[] --mutation--> ['insert(845,446)']		0.761234
	[] --mutation--> ['replace(404,524)']		0.997758
	[] --mutation--> ['insert(819,488)']		0.997758
	[] --mutation--> ['insert(535,793)']		0.997758
	[] --mutation--> ['insert(793,866)']		0.994386
	[] --mutation--> ['replace(460,984)']		0.763075
	[] --mutation--> ['replace(579,675)']		0.997758
	[] --mutation--> ['insert(417,446)']		0.997758
	[] --mutation--> ['replace(338,836)']		0.000000
	[] --mutation--> ['replace(679,647)']		0.997758
	[] --mutation--> ['replace(920,818)']		0.000000
	[] --mutation--> ['replace(662,327)']		0.997628
	[] --mutation--> ['replace(848,420)']		0.997758
	[] --mutation--> ['replace(957,507)']		0.769371
	[] --mutation--> ['replace(335,927)']		0.000000
	[] --mutation--> ['delete(407)']		0.989569
	[] --mutation--> ['insert(507,717)']		0.997758
	[] --mutation--> ['insert(540,931)']		0.000000
	[] --mutation--> ['replace(961,650)']		0.768287
	[] --mutation--> ['replace(517,778)']		0.996961
	[] --mutation--> ['replace(671,902)']		0.997758
	[] --mutation--> ['replace(377,365)']		0.000000
	[] --mutation--> ['replace(417,983)']		0.095933
	[] --mutation--> ['delete(540)']		0.996776
	[] --mutation--> ['replace(656,328)']		0.000000
	[] --mutation--> ['replace(538,415)']		0.997758
	[] --mutation--> ['delete(464)']		0.095933
	[] --mutation--> ['replace(958,802)']		0.904287
	[] --mutation--> ['insert(422,505)']		0.993775
	[] --mutation--> ['insert(603,669)']		0.997758
	[] --mutation--> ['replace(449,529)']		0.835529
	[] --mutation--> ['insert(819,913)']		0.997758
	[] --mutation--> ['insert(459,952)']		0.997758
	[] --mutation--> ['insert(417,814)']		0.997758
	[] --mutation--> ['insert(464,905)']		0.633349
	[] --mutation--> ['insert(535,695)']		0.996776
	[] --mutation--> ['delete(819)']		0.997758
	[] --mutation--> ['replace(415,68)']		0.995313
	[] --mutation--> ['replace(672,152)']		0.997758
	[] --mutation--> ['replace(536,888)']		0.988921
	[] --mutation--> ['replace(361,776)']		0.000000
	[] --mutation--> ['replace(535,775)']		0.988921
	[] --mutation--> ['replace(932,710)']		0.766481
	[] --mutation--> ['replace(673,579)']		0.997758
	[] --mutation--> ['insert(819,780)']		0.997758
	[] --mutation--> ['replace(609,620)']		0.000000
	[] --mutation--> ['insert(879,446)']		0.724849
	[] --mutation--> ['insert(845,866)']		0.997276
	[] --mutation--> ['replace(882,869)']		0.997758
	[] --mutation--> ['replace(535,440)']		0.988921
	[] --mutation--> ['replace(656,191)']		0.000000
	[] --mutation--> ['replace(373,653)']		0.997740
	[] --mutation--> ['replace(650,327)']		0.997758
	[] --mutation--> ['replace(339,453)']		0.000000
	[] --mutation--> ['delete(685)']		0.095933
	[] --mutation--> ['replace(896,393)']		0.633349
	[] --mutation--> ['delete(669)']		0.997758
	[] --mutation--> ['replace(376,247)']		0.974710
	[] --mutation--> ['replace(525,585)']		0.996776
	[] --mutation--> ['replace(583,365)']		0.991025
	[] --mutation--> ['delete(957)']		0.769371
	[] --mutation--> ['insert(640,832)']		0.997758
	[] --mutation--> ['replace(452,973)']		0.995572
	[] --mutation--> ['delete(685)']		0.095933
	[] --mutation--> ['insert(407,905)']		0.994479
	[] --mutation--> ['insert(417,582)']		0.646246
	[] --mutation--> ['delete(464)']		0.095933
	[] --mutation--> ['insert(507,422)']		0.997758
	[] --mutation--> ['replace(418,794)']		0.095933
	[] --mutation--> ['insert(446,582)']		0.000000
	[] --mutation--> ['replace(518,721)']		0.996943
	[] --mutation--> ['replace(882,123)']		0.997758
	[] --mutation--> ['insert(526,983)']		0.996776
	[] --mutation--> ['insert(417,717)']		0.751889
	[] --mutation--> ['replace(648,696)']		0.997425
	[] --mutation--> ['replace(366,502)']		0.997758
	[] --mutation--> ['replace(342,942)']		0.690666
	[] --mutation--> ['insert(464,780)']		0.997758
	[] --mutation--> ['replace(517,135)']		0.996961
	[] --mutation--> ['insert(451,892)']		0.997517
	[] --mutation--> ['insert(892,866)']		0.997276
	[] --mutation--> ['delete(360)']		0.713636
	[] --mutation--> ['replace(418,984)']		0.095058
	[] --mutation--> ['replace(673,375)']		0.997758
	[] --mutation--> ['replace(715,453)']		0.338611
	[] --mutation--> ['insert(685,505)']		0.997758
	[] --mutation--> ['replace(467,869)']		0.095933
	[] --mutation--> ['replace(934,167)']		0.664283
	[] --mutation--> ['insert(957,582)']		0.997758
	[] --mutation--> ['replace(797,647)']		0.997758
	[] --mutation--> ['replace(584,377)']		0.991025
	[] --mutation--> ['insert(640,918)']		0.997758
	[] --mutation--> ['replace(920,758)']		0.000000
	[] --mutation--> ['replace(922,153)']		0.997758
	[] --mutation--> ['replace(449,350)']		0.837005
	[] --mutation--> ['replace(545,612)']		0.996776
	[] --mutation--> ['replace(537,920)']		0.988921
	[] --mutation--> ['insert(464,827)']		0.997758
	[] --mutation--> ['insert(640,417)']		0.997758
	[] --mutation--> ['insert(451,827)']		0.997758
	[] --mutation--> ['replace(511,642)']		0.995980
	[] --mutation--> ['insert(459,939)']		0.997758
	[] --mutation--> ['insert(526,569)']		0.996776
	[] --mutation--> ['delete(459)']		0.000000
	[] --mutation--> ['insert(819,905)']		0.984919
	[] --mutation--> ['delete(793)']		0.997758
	[] --mutation--> ['replace(527,760)']		0.995813
	[] --mutation--> ['replace(958,494)']		0.769144
	[] --mutation--> ['replace(696,377)']		0.836409
	[] --mutation--> ['insert(540,722)']		0.900082
	[] --mutation--> ['replace(407,603)']		0.989569
	[] --mutation--> ['insert(464,574)']		0.000000
	[] --mutation--> ['replace(518,954)']		0.996980
	[] --mutation--> ['insert(446,488)']		0.997758
	[] --mutation--> ['insert(514,905)']		0.997388
	[] --mutation--> ['replace(579,653)']		0.997758
	[] --mutation--> ['insert(514,926)']		0.996795
	[] --mutation--> ['insert(526,944)']		0.996776
	[] --mutation--> ['replace(465,494)']		0.095933
	[] --mutation--> ['replace(338,765)']		0.000000
	[] --mutation--> ['replace(676,379)']		0.997758
	[] --mutation--> ['replace(511,855)']		0.995980
	[] --mutation--> ['insert(535,735)']		0.995794
	[] --mutation--> ['replace(529,139)']		0.995794
	[] --mutation--> ['replace(376,428)']		0.997758
	[] --mutation--> ['insert(412,456)']		0.993163
	[] --mutation--> ['insert(535,735)']		0.995794
	[] --mutation--> ['insert(918,801)']		0.997758
	[] --mutation--> ['delete(526)']		0.000000
	[] --mutation--> ['replace(702,635)']		0.976140
	[] --mutation--> ['insert(334,775)']		0.000000
	[] --mutation--> ['insert(892,488)']		0.997758
	[] --mutation--> ['replace(879,640)']		0.997758
	[] --mutation--> ['delete(514)']		0.000000
	[] --mutation--> ['insert(412,978)']		0.992941
	[] --mutation--> ['insert(446,754)']		0.997758
	[] --mutation--> ['delete(535)']		0.000000
	[] --mutation--> ['replace(451,845)']		0.762824
	[] --mutation--> ['replace(576,581)']		0.000000
	[] --mutation--> ['replace(680,178)']		0.997758
	[] --mutation--> ['replace(918,483)']		0.992083
	[] --mutation--> ['replace(574,972)']		0.995074
	[] --mutation--> ['replace(667,909)']		0.997758
	[] --mutation--> ['insert(540,918)']		0.000000
	[] --mutation--> ['replace(360,334)']		0.713636
	[] --mutation--> ['replace(655,700)']		0.997351
	[] --mutation--> ['replace(616,189)']		0.997628
	[] --mutation--> ['delete(957)']		0.769371
	[] --mutation--> ['insert(918,695)']		0.761234
	[] --mutation--> ['insert(931,582)']		0.997758
	[] --mutation--> ['insert(669,574)']		0.997258
	[] --mutation--> ['replace(612,870)']		0.000000
	[] --mutation--> ['replace(542,889)']		0.872547
	[] --mutation--> ['replace(578,426)']		0.997758
	[] --mutation--> ['insert(464,931)']		0.159776
	[] --mutation--> ['replace(663,376)']		0.997758
	[] --mutation--> ['delete(793)']		0.997758
	[] --mutation--> ['replace(652,674)']		0.997684
	[] --mutation--> ['replace(518,537)']		0.996999
	[] --mutation--> ['replace(895,572)']		0.994572
	[] --mutation--> ['delete(526)']		0.000000
	[] --mutation--> ['replace(364,648)']		0.983881
	[] --mutation--> ['delete(892)']		0.994572
	[] --mutation--> ['replace(849,313)']		0.997758
	[] --mutation--> ['replace(578,374)']		0.997758
	[] --mutation--> ['replace(959,851)']		0.000000
	[] --mutation--> ['insert(669,505)']		0.997202
	[] --mutation--> ['replace(670,914)']		0.997758
	[] --mutation--> ['replace(515,441)']		0.996961
	[] --mutation--> ['insert(459,417)']		0.997758
	[] --mutation--> ['insert(892,628)']		0.997758
	[] --mutation--> ['replace(688,688)']		0.997758
	[] --mutation--> ['replace(667,761)']		0.997758
	[] --mutation--> ['insert(360,793)']		0.000000
	[] --mutation--> ['replace(847,581)']		0.000000
	[] --mutation--> ['replace(697,553)']		0.997758
	[] --mutation--> ['replace(935,323)']		0.767389
	[] --mutation--> ['insert(603,887)']		0.997758
	[] --mutation--> ['insert(360,478)']		0.000000
	[] --mutation--> ['replace(624,479)']		0.996536
	[] --mutation--> ['delete(540)']		0.996776
	[] --mutation--> ['insert(360,603)']		0.000000
	[] --mutation--> ['replace(545,293)']		0.996776
	[] --mutation--> ['replace(696,71)']		0.836409
	[] --mutation--> ['replace(715,288)']		0.338611
	[] --mutation--> ['replace(515,953)']		0.996961
	[] --mutation--> ['replace(685,861)']		0.095933
	[] --mutation--> ['replace(459,717)']		0.763075
	[] --mutation--> ['replace(615,344)']		0.000000
	[] --mutation--> ['replace(463,829)']		0.726088
	[] --mutation--> ['replace(369,189)']		0.997740
	[] --mutation--> ['insert(793,819)']		0.997758
	[] --mutation--> ['replace(381,752)']		0.997740
	[] --mutation--> ['insert(574,591)']		0.997758
	[] --mutation--> ['insert(451,900)']		0.997758
	[] --mutation--> ['insert(417,446)']		0.997758
	[] --mutation--> ['insert(793,505)']		0.997758
	[] --mutation--> ['replace(882,106)']		0.997758
	[] --mutation--> ['replace(360,394)']		0.713636
	[] --mutation--> ['replace(958,776)']		0.904287
	[] --mutation--> ['replace(883,104)']		0.997758
	[] --mutation--> ['replace(579,653)']		0.997758
	[] --mutation--> ['replace(422,983)']		0.997758
	[] --mutation--> ['insert(892,685)']		0.761234
	[] --mutation--> ['insert(669,435)']		0.997758
	[] --mutation--> ['insert(417,887)']		0.095933
	[] --mutation--> ['delete(422)']		0.997758
	[] --mutation--> ['insert(892,759)']		0.997758
	[] --mutation--> ['replace(534,485)']		0.996776
	[] --mutation--> ['replace(528,812)']		0.000000
	[] --mutation--> ['replace(961,327)']		0.769861
	[] --mutation--> ['replace(605,566)']		0.996369
	[] --mutation--> ['replace(748,42)']		0.095933
	[] --mutation--> ['insert(603,840)']		0.997758
	[] --mutation--> ['insert(879,952)']		0.997758
	[] --mutation--> ['replace(604,833)']		0.997091
	[] --mutation--> ['replace(415,397)']		0.995831
	[] --mutation--> ['replace(920,745)']		0.000000
	[] --mutation--> ['replace(643,577)']		0.997258
	[] --mutation--> ['replace(958,984)']		0.768463
	[] --mutation--> ['replace(535,780)']		0.988921
	[] --mutation--> ['replace(365,587)']		0.996813
	[] --mutation--> ['delete(446)']		0.837417
	[] --mutation--> ['insert(640,806)']		0.997758
	[] --mutation--> ['insert(507,874)']		0.997758
	[] --mutation--> ['insert(574,430)']		0.997758
	[] --mutation--> ['replace(689,162)']		0.095933
	[] --mutation--> ['replace(422,417)']		0.997758
	[] --mutation--> ['insert(507,704)']		0.997758
	[] --mutation--> ['replace(540,892)']		0.996776
	[] --mutation--> ['insert(879,735)']		0.987755
	[] --mutation--> ['insert(417,456)']		0.095933
	[] --mutation--> ['insert(957,900)']		0.995924
	[] --mutation--> ['insert(451,793)']		0.997758
	[] --mutation--> ['insert(931,412)']		0.997758
	[] --mutation--> ['replace(508,776)']		0.995980
	[] --mutation--> ['replace(698,581)']		0.895666
	[] --mutation--> ['replace(428,61)']		0.997758
	[] --mutation--> ['insert(640,931)']		0.997610
	[] --mutation--> ['insert(360,900)']		0.000000
	[] --mutation--> ['replace(379,162)']		0.000000
	[] --mutation--> ['replace(658,607)']		0.997536
	[] --mutation--> ['replace(652,374)']		0.997684
	[] --mutation--> ['replace(702,516)']		0.981327
	[] --mutation--> ['replace(935,127)']		0.997758
	[] --mutation--> ['replace(404,457)']		0.000000
	[] --mutation--> ['insert(603,775)']		0.997758
	[] --mutation--> ['replace(797,156)']		0.997758
	[] --mutation--> ['delete(669)']		0.997758
	[] --mutation--> ['replace(344,416)']		0.990773
	[] --mutation--> ['replace(507,730)']		0.995980
	[] --mutation--> ['replace(464,473)']		0.095933
	[] --mutation--> ['replace(618,414)']		0.000000
	[] --mutation--> ['replace(606,720)']		0.997073
	[] --mutation--> ['replace(379,323)']		0.997758
	[] --mutation--> ['replace(407,900)']		0.981102
	[] --mutation--> ['insert(931,814)']		0.997758
	[] --mutation--> ['insert(685,669)']		0.997758
	[] --mutation--> ['delete(526)']		0.000000
	[] --mutation--> ['replace(526,451)']		0.993853
	[] --mutation--> ['replace(919,686)']		0.997758
	[] --mutation--> ['insert(574,603)']		0.997091
	[] --mutation--> ['delete(603)']		0.997091
	[] --mutation--> ['insert(417,866)']		0.997276
	[] --mutation--> ['replace(654,95)']		0.997684
	[] --mutation--> ['replace(371,355)']		0.997758
	[] --mutation--> ['replace(417,488)']		0.895184
	[] --mutation--> ['delete(407)']		0.989569
	[] --mutation--> ['insert(422,478)']		0.995164
	[] --mutation--> ['replace(373,579)']		0.997740
	[] --mutation--> ['insert(574,574)']		0.997758
	[] --mutation--> ['insert(514,685)']		0.992793
	[] --mutation--> ['insert(407,741)']		0.996295
	[] --mutation--> ['replace(374,674)']		0.997758
	[] --mutation--> ['insert(640,483)']		0.997758
	[] --mutation--> ['replace(882,560)']		0.997758
	[] --mutation--> ['insert(360,669)']		0.000000
	[] --mutation--> ['insert(879,801)']		0.997758
	[] --mutation--> ['insert(793,451)']		0.724849
	[] --mutation--> ['insert(446,759)']		0.997758
	[] --mutation--> ['replace(345,689)']		0.000000
	[] --mutation--> ['replace(957,717)']		0.441311
	[] --mutation--> ['replace(656,680)']		0.997721
	[] --mutation--> ['replace(371,581)']		0.997758
	[] --mutation--> ['replace(380,552)']		0.997740
	[] --mutation--> ['insert(459,840)']		0.997758
	[] --mutation--> ['replace(525,633)']		0.996776
	[] --mutation--> ['insert(407,801)']		0.997758
	[] --mutation--> ['replace(642,834)']		0.997258
	[] --mutation--> ['replace(340,296)']		0.315686
	[] --mutation--> ['replace(933,829)']		0.902249
	[] --mutation--> ['replace(931,918)']		0.902249
	[] --mutation--> ['replace(893,781)']		0.902249
	[] --mutation--> ['insert(819,887)']		0.997758
	[] --mutation--> ['replace(370,414)']		0.997758
	[] --mutation--> ['replace(539,217)']		0.997758
	[] --mutation--> ['delete(845)']		0.997758
	[] --mutation--> ['replace(960,85)']		0.768680
	[] --mutation--> ['replace(845,704)']		0.997758
	[] --mutation--> ['insert(451,866)']		0.997276
	[] --mutation--> ['insert(793,788)']		0.997758
	[] --mutation--> ['insert(845,430)']		0.997758
	[] --mutation--> ['replace(688,415)']		0.724865
	[] --mutation--> ['insert(918,887)']		0.997758
	[] --mutation--> ['insert(422,569)']		0.995183
	[] --mutation--> ['replace(895,903)']		0.990719
	[] --mutation--> ['insert(574,582)']		0.996591
	[] --mutation--> ['replace(670,385)']		0.000000
	[] --mutation--> ['insert(507,422)']		0.997758
	[] --mutation--> ['delete(526)']		0.000000
	[] --mutation--> ['insert(603,603)']		0.997758
	[] --mutation--> ['replace(463,43)']		0.704945
	[] --mutation--> ['replace(896,156)']		0.991682
	[] --mutation--> ['insert(422,887)']		0.997332
	[] --mutation--> ['replace(366,352)']		0.997758
	[] --mutation--> ['replace(642,340)']		0.000000
	[] --mutation--> ['replace(464,741)']		0.095933
	[] --mutation--> ['delete(334)']		0.000000
	[] --mutation--> ['replace(892,473)']		0.994572
	[] --mutation--> ['replace(370,816)']		0.997758
	[] --mutation--> ['delete(422)']		0.997758
	[] --mutation--> ['replace(680,127)']		0.997758
	[] --mutation--> ['delete(574)']		0.995074
	[] --mutation--> ['replace(847,779)']		0.000000
	[] --mutation--> ['delete(669)']		0.997758
	[] --mutation--> ['replace(511,909)']		0.995980
	[] --mutation--> ['replace(921,91)']		0.993423
	[] --mutation--> ['replace(660,270)']		0.997369
	[] --mutation--> ['replace(612,598)']		0.000000
	[] --mutation--> ['replace(896,265)']		0.997758
	[] --mutation--> ['insert(793,417)']		0.997758
	[] --mutation--> ['replace(959,894)']		0.997758
	[] --mutation--> ['replace(610,424)']		0.000000
	[] --mutation--> ['replace(379,439)']		0.997758
	[] --mutation--> ['insert(957,722)']		0.766992
	[] --mutation--> ['replace(883,554)']		0.997758
	[] --mutation--> ['replace(458,881)']		0.997758
	[] --mutation--> ['delete(879)']		0.997758
	[] --mutation--> ['replace(462,292)']		0.764062
	[] --mutation--> ['insert(819,551)']		0.997758
	[] --mutation--> ['delete(412)']		0.991915
	[] --mutation--> ['replace(674,674)']		0.997758
	[] --mutation--> ['replace(796,688)']		0.997758
	[] --mutation--> ['insert(892,918)']		0.997758
	[] --mutation--> ['replace(660,621)']		0.000000
	[] --mutation--> ['replace(645,426)']		0.997758
	[] --mutation--> ['replace(656,168)']		0.000000
	[] --mutation--> ['replace(411,821)']		0.997758
	[] --mutation--> ['replace(612,625)']		0.000000
	[] --mutation--> ['insert(334,488)']		0.000000
	[] --mutation--> ['replace(603,845)']		0.997091
	[] --mutation--> ['delete(540)']		0.996776
	[] --mutation--> ['replace(672,510)']		0.997758
	[] --mutation--> ['replace(794,984)']		0.997758
	[] --mutation--> ['delete(640)']		0.997258
	[] --mutation--> ['replace(797,312)']		0.997758
	[] --mutation--> ['insert(360,832)']		0.000000
	[] --mutation--> ['insert(507,446)']		0.995536
	[] --mutation--> ['insert(918,417)']		0.997758
	[] --mutation--> ['replace(534,533)']		0.996776
	[] --mutation--> ['replace(340,870)']		0.000000
	[] --mutation--> ['replace(411,752)']		1.000000
######## REPAIR FOUND ########
		['replace(411,752)']
TOTAL TIME TAKEN TO FIND REPAIR = 1033.178943
