SEED:
	 repair_2020-10-28-08:55:59
SOURCE FILE:
	 /home/hammada/projects/verilog_repair/benchmarks/sdram_controller/sdram_controller_wadden_buggy2.v
TEST BENCH:
	 /home/hammada/projects/verilog_repair/benchmarks/sdram_controller/sdram_controller_tb_t1.v
PROJ_DIR:
	 /home/hammada/projects/verilog_repair/benchmarks/sdram_controller/
FITNESS_MODE:
	 outputwires
EVAL_SCRIPT:
	 /home/hammada/projects/verilog_repair/benchmarks/sdram_controller/run.sh
ORACLE:
	 oracle_sdramcontroller.txt
PARAMETERS:
	gens=8
	popsize=5000
	mutation_rate=0.700000
	crossover_rate=0.300000
	replacement_rate=0.400000
	insertion_rate=0.300000
	deletion_rate=0.300000
	restarts=1
	fault_loc=True
	control_flow=True
	limit_transitive_dependency_set=True
	dependency_set_max=4

	[] --template_seeding--> ['template(decrement_by_one,649)']		0.16167709968417271
	[] --template_seeding--> ['template(sens_to_all,401)']		0
	[] --template_seeding--> []		0.16167709968417271
	[] --template_seeding--> ['template(increment_by_one,391)']		0.15830072032215983
	[] --template_seeding--> ['template(increment_by_one,799)']		0.1613745106568073
	[] --template_seeding--> ['template(nonblocking_to_blocking,446)']		0.16167709968417271
	[] --template_seeding--> ['template(negate_ulnot,457)']		0.16167709968417271
	[] --template_seeding--> ['template(sens_to_negedge,683)']		0
	[] --template_seeding--> ['template(sens_to_negedge,683)']		0
	[] --template_seeding--> ['template(sens_to_posedge,549)']		0
	[] --template_seeding--> ['template(sens_to_posedge,401)']		0.16167709968417271
	[] --template_seeding--> ['template(negate_ulnot,747)']		0.16167709968417271
	[] --template_seeding--> ['template(blocking_to_nonblocking,704)']		0.16167709968417271
	[] --template_seeding--> ['template(increment_by_one,834)']		0
	[] --template_seeding--> ['template(nonblocking_to_blocking,435)']		0.16167709968417271
	[] --template_seeding--> []		0.16167709968417271
	[] --template_seeding--> ['template(nonblocking_to_blocking,464)']		0.16167709968417271
	[] --template_seeding--> ['template(nonblocking_to_blocking,412)']		0.16167709968417271
	[] --template_seeding--> []		0.16167709968417271
	[] --template_seeding--> ['template(decrement_by_one,810)']		0.16152580517049001
	[] --template_seeding--> ['template(negate_equality,389)']		0
	[] --template_seeding--> []		0.16167709968417271
	[] --template_seeding--> ['template(increment_by_one,596)']		0
	[] --template_seeding--> ['template(nonblocking_to_blocking,540)']		0.16167709968417271
	[] --template_seeding--> ['template(nonblocking_to_blocking,488)']		0.16167709968417271
	[] --template_seeding--> ['template(blocking_to_nonblocking,926)']		0.16167709968417271
	[] --template_seeding--> ['template(sens_to_level,401)']		0.15619566039162319
	[] --template_seeding--> []		0.16167709968417271
	[] --template_seeding--> ['template(sens_to_negedge,683)']		0
	[] --template_seeding--> ['template(nonblocking_to_blocking,464)']		0.16167709968417271
	[] --template_seeding--> ['template(increment_by_one,615)']		0.19188100284508602
	[] --template_seeding--> ['template(increment_by_one,357)']		0
	[] --template_seeding--> ['template(sens_to_negedge,521)']		0.16167709968417271
	[] --template_seeding--> ['template(increment_by_one,42)']		0.16167709968417271
	[] --template_seeding--> ['template(sens_to_all,549)']		0.16167709968417271
	[] --template_seeding--> ['template(sens_to_all,521)']		0
	[] --template_seeding--> ['template(sens_to_level,401)']		0.15619566039162319
	[] --template_seeding--> ['template(blocking_to_nonblocking,853)']		0.16167709968417271
	[] --template_seeding--> []		0.16167709968417271
	[] --template_seeding--> ['template(sens_to_negedge,521)']		0.16167709968417271
	[] --template_seeding--> ['template(negate_equality,479)']		0
	[] --template_seeding--> ['template(nonblocking_to_blocking,435)']		0.16167709968417271
	[] --template_seeding--> ['template(sens_to_level,401)']		0.15619566039162319
	[] --template_seeding--> ['template(increment_by_one,638)']		0.16163927605575204
	[] --template_seeding--> []		0.16167709968417271
	[] --template_seeding--> ['template(nonblocking_to_blocking,526)']		0.16167709968417271
	[] --template_seeding--> []		0.16167709968417271
	[] --template_seeding--> ['template(decrement_by_one,713)']		0.16167709968417271
	[] --template_seeding--> ['template(negate_equality,584)']		0.68585809528014485
	[] --template_seeding--> []		0.16167709968417271
	[] --template_seeding--> ['template(negate_ulnot,457)']		0.16167709968417271
	[] --template_seeding--> []		0.16167709968417271
	[] --template_seeding--> ['template(negate_ulnot,457)']		0.16167709968417271
	[] --template_seeding--> ['template(decrement_by_one,511)']		0.15971027100629764
	[] --template_seeding--> ['template(sens_to_negedge,549)']		0
	[] --template_seeding--> ['template(blocking_to_nonblocking,562)']		0.16167709968417271
	[] --template_seeding--> ['template(sens_to_negedge,521)']		0.16167709968417271
	[] --template_seeding--> ['template(decrement_by_one,411)']		0.16118539251470393
	[] --template_seeding--> []		0.16167709968417271
	[] --template_seeding--> []		0.16167709968417271
	[] --template_seeding--> ['template(sens_to_all,683)']		0.16167709968417271
	[] --template_seeding--> ['template(sens_to_level,401)']		0.15619566039162319
	[] --template_seeding--> ['template(increment_by_one,337)']		0
	[] --template_seeding--> ['template(sens_to_level,683)']		0
	[] --template_seeding--> ['template(sens_to_negedge,683)']		0
	[] --template_seeding--> ['template(negate_ulnot,747)']		0.16167709968417271
	[] --template_seeding--> ['template(sens_to_posedge,401)']		0.16167709968417271
	[] --template_seeding--> ['template(decrement_by_one,51)']		0.16145015791364867
	[] --template_seeding--> []		0.16167709968417271
	[] --template_seeding--> ['template(negate_equality,369)']		0.16146601611256098
	[] --template_seeding--> ['template(nonblocking_to_blocking,451)']		0.16167709968417271
	[] --template_seeding--> ['template(blocking_to_nonblocking,845)']		0.16167709968417271
	[] --template_seeding--> ['template(sens_to_all,401)']		0
	[] --template_seeding--> ['template(nonblocking_to_blocking,493)']		0.16167709968417271
	[] --template_seeding--> []		0.16167709968417271
	[] --template_seeding--> ['template(increment_by_one,414)']		0
	[] --template_seeding--> ['template(decrement_by_one,857)']		0.16167709968417271
	[] --template_seeding--> ['template(increment_by_one,630)']		0
	[] --template_seeding--> ['template(increment_by_one,271)']		0.16167709968417271
	[] --template_seeding--> ['template(decrement_by_one,816)']		0
	[] --template_seeding--> ['template(nonblocking_to_blocking,493)']		0.16167709968417271
	[] --template_seeding--> []		0.16167709968417271
	[] --template_seeding--> ['template(decrement_by_one,367)']		0
	[] --template_seeding--> ['template(decrement_by_one,487)']		0.16167709968417271
	[] --template_seeding--> ['template(negate_equality,532)']		0.16167709968417271
	[] --template_seeding--> ['template(negate_ulnot,747)']		0.16167709968417271
	[] --template_seeding--> ['template(negate_equality,532)']		0.16167709968417271
	[] --template_seeding--> ['template(nonblocking_to_blocking,459)']		0.16167709968417271
	[] --template_seeding--> ['template(sens_to_level,521)']		0.16167709968417271
	[] --template_seeding--> []		0.16167709968417271
	[] --template_seeding--> ['template(negate_ulnot,747)']		0.16167709968417271
	[] --template_seeding--> ['template(negate_equality,532)']		0.16167709968417271
	[] --template_seeding--> []		0.16167709968417271
	[] --template_seeding--> ['template(sens_to_posedge,401)']		0.16167709968417271
	[] --template_seeding--> ['template(increment_by_one,264)']		0.16167709968417271
	[] --template_seeding--> ['template(increment_by_one,795)']		0
	[] --template_seeding--> ['template(decrement_by_one,928)']		0
	[] --template_seeding--> ['template(nonblocking_to_blocking,440)']		0.16167709968417271
	[] --template_seeding--> ['template(negate_ulnot,747)']		0.16167709968417271
	[] --template_seeding--> ['template(nonblocking_to_blocking,440)']		0.16167709968417271
	[] --template_seeding--> ['template(negate_ulnot,747)']		0.16167709968417271
	[] --template_seeding--> ['template(negate_ulnot,457)']		0.16167709968417271
	[] --template_seeding--> ['template(nonblocking_to_blocking,514)']		0.16167709968417271
	[] --template_seeding--> ['template(negate_equality,584)']		0.68585809528014485
	[] --template_seeding--> ['template(nonblocking_to_blocking,464)']		0.16167709968417271
	[] --template_seeding--> ['template(nonblocking_to_blocking,459)']		0.16167709968417271
	[] --template_seeding--> ['template(sens_to_posedge,401)']		0.16167709968417271
	[] --template_seeding--> ['template(blocking_to_nonblocking,905)']		0.16167709968417271
	[] --template_seeding--> ['template(decrement_by_one,396)']		0
	[] --template_seeding--> ['template(increment_by_one,713)']		0.16167709968417271
	[] --template_seeding--> ['template(sens_to_all,549)']		0.16167709968417271
	[] --template_seeding--> ['template(negate_equality,479)']		0
	[] --template_seeding--> ['template(negate_ulnot,747)']		0.16167709968417271
	[] --template_seeding--> []		0.16167709968417271
	[] --template_seeding--> ['template(increment_by_one,799)']		0.1613745106568073
	[] --template_seeding--> ['template(negate_ulnot,747)']		0.16167709968417271
	[] --template_seeding--> ['template(blocking_to_nonblocking,780)']		0.16167709968417271
	[] --template_seeding--> ['template(nonblocking_to_blocking,459)']		0.16167709968417271
	[] --template_seeding--> ['template(increment_by_one,795)']		0
	[] --template_seeding--> ['template(increment_by_one,946)']		0
	[] --template_seeding--> ['template(sens_to_level,683)']		0
	[] --template_seeding--> ['template(nonblocking_to_blocking,514)']		0.16167709968417271
	[] --template_seeding--> []		0.16167709968417271
	[] --template_seeding--> ['template(sens_to_all,549)']		0.16167709968417271
	[] --template_seeding--> ['template(increment_by_one,623)']		0.16167709968417271
	[] --template_seeding--> ['template(negate_ulnot,747)']		0.16167709968417271
	[] --template_seeding--> ['template(increment_by_one,976)']		0.72405878977799354
	[] --template_seeding--> ['template(negate_ulnot,747)']		0.16167709968417271
	[] --template_seeding--> ['template(nonblocking_to_blocking,412)']		0.16167709968417271
	[] --template_seeding--> ['template(blocking_to_nonblocking,861)']		0.16167709968417271
	[] --template_seeding--> ['template(sens_to_all,549)']		0.16167709968417271
	[] --template_seeding--> []		0.16167709968417271
	[] --template_seeding--> []		0.16167709968417271
	[] --template_seeding--> []		0.16167709968417271
	[] --template_seeding--> ['template(decrement_by_one,982)']		0.38229663122734125
	[] --template_seeding--> ['template(increment_by_one,513)']		0.68553653370984824
	[] --template_seeding--> []		0.16167709968417271
	[] --template_seeding--> ['template(sens_to_posedge,549)']		0
	[] --template_seeding--> ['template(decrement_by_one,626)']		0.16054239083155247
	[] --template_seeding--> ['template(negate_ulnot,747)']		0.16167709968417271
	[] --template_seeding--> ['template(increment_by_one,490)']		0
	[] --template_seeding--> ['template(sens_to_posedge,549)']		0
	[] --template_seeding--> ['template(negate_equality,369)']		0.16146601611256098
	[] --template_seeding--> ['template(decrement_by_one,500)']		0
	[] --template_seeding--> ['template(nonblocking_to_blocking,451)']		0.16167709968417271
	[] --template_seeding--> ['template(increment_by_one,948)']		0.16167709968417271
	[] --template_seeding--> ['template(sens_to_level,521)']		0.16167709968417271
	[] --template_seeding--> ['template(decrement_by_one,585)']		0.68828645856329196
	[] --template_seeding--> ['template(negate_equality,389)']		0
	[] --template_seeding--> ['template(negate_ulnot,747)']		0.16167709968417271
	[] --template_seeding--> ['template(sens_to_level,549)']		0
	[] --template_seeding--> ['template(blocking_to_nonblocking,939)']		0.16167709968417271
	[] --template_seeding--> ['template(blocking_to_nonblocking,562)']		0.16167709968417271
	[] --template_seeding--> ['template(decrement_by_one,954)']		0
	[] --template_seeding--> ['template(increment_by_one,976)']		0.72405878977799354
	[] --template_seeding--> ['template(decrement_by_one,576)']		0
	[] --template_seeding--> ['template(sens_to_all,521)']		0
	[] --template_seeding--> ['template(nonblocking_to_blocking,526)']		0.16167709968417271
	[] --template_seeding--> ['template(negate_ulnot,747)']		0.16167709968417271
	[] --template_seeding--> ['template(nonblocking_to_blocking,407)']		0.16167709968417271
	[] --template_seeding--> ['template(nonblocking_to_blocking,526)']		0.16167709968417271
	[] --template_seeding--> ['template(negate_equality,587)']		0.15914291657998753
	[] --template_seeding--> ['template(decrement_by_one,708)']		0.16167709968417271
	[] --template_seeding--> ['template(increment_by_one,75)']		0.16167709968417271
	[] --template_seeding--> ['template(blocking_to_nonblocking,669)']		0.16167709968417271
	[] --template_seeding--> ['template(nonblocking_to_blocking,459)']		0.16167709968417271
	[] --template_seeding--> ['template(negate_ulnot,457)']		0.16167709968417271
	[] --template_seeding--> ['template(sens_to_posedge,549)']		0
	[] --template_seeding--> ['template(decrement_by_one,894)']		0
	[] --template_seeding--> ['template(blocking_to_nonblocking,918)']		0.16167709968417271
	[] --template_seeding--> ['template(negate_ulnot,747)']		0.16167709968417271
	[] --template_seeding--> ['template(blocking_to_nonblocking,931)']		0.16167709968417271
	[] --template_seeding--> ['template(sens_to_posedge,401)']		0.16167709968417271
	[] --template_seeding--> []		0.16167709968417271
	[] --template_seeding--> ['template(negate_equality,621)']		0.16001286003366302
	[] --template_seeding--> ['template(sens_to_negedge,401)']		0.15957044543598276
	[] --template_seeding--> []		0.16167709968417271
	[] --template_seeding--> ['template(blocking_to_nonblocking,853)']		0.16167709968417271
	[] --template_seeding--> ['template(nonblocking_to_blocking,464)']		0.16167709968417271
	[] --template_seeding--> ['template(increment_by_one,291)']		0
	[] --template_seeding--> ['template(sens_to_all,521)']		0
	[] --template_seeding--> []		0.16167709968417271
	[] --template_seeding--> ['template(sens_to_negedge,549)']		0
	[] --template_seeding--> ['template(negate_equality,587)']		0.15914291657998753
	[] --template_seeding--> ['template(negate_equality,665)']		0.16110974525786259
	[] --template_seeding--> ['template(blocking_to_nonblocking,944)']		0.16167709968417271
	[] --template_seeding--> ['template(blocking_to_nonblocking,861)']		0.16167709968417271
	[] --template_seeding--> ['template(sens_to_posedge,521)']		0.16167709968417271
	[] --template_seeding--> ['template(negate_equality,621)']		0.16001286003366302
	[] --template_seeding--> []		0.16167709968417271
	[] --template_seeding--> ['template(decrement_by_one,475)']		0
	[] --template_seeding--> []		0.16167709968417271
	[] --template_seeding--> ['template(nonblocking_to_blocking,412)']		0.16167709968417271
	[] --template_seeding--> ['template(nonblocking_to_blocking,435)']		0.16167709968417271
	[] --template_seeding--> ['template(decrement_by_one,706)']		0
	[] --template_seeding--> ['template(sens_to_all,521)']		0
	[] --template_seeding--> ['template(sens_to_negedge,401)']		0.15957044543598276
	[] --template_seeding--> ['template(nonblocking_to_blocking,526)']		0.16167709968417271
	[] --template_seeding--> ['template(nonblocking_to_blocking,417)']		0.16167709968417271
	[] --template_seeding--> ['template(sens_to_level,521)']		0.16167709968417271
	[] --template_seeding--> ['template(negate_equality,369)']		0.16146601611256098
	[] --template_seeding--> ['template(sens_to_posedge,683)']		0
	[] --template_seeding--> ['template(decrement_by_one,692)']		0
	[] --template_seeding--> ['template(decrement_by_one,42)']		0.16167709968417271
	[] --template_seeding--> ['template(negate_ulnot,747)']		0.16167709968417271
	[] --template_seeding--> []		0.16167709968417271
	[] --template_seeding--> ['template(sens_to_all,549)']		0.16167709968417271
	[] --template_seeding--> ['template(nonblocking_to_blocking,422)']		0.16167709968417271
	[] --template_seeding--> ['template(sens_to_all,683)']		0.16167709968417271
	[] --template_seeding--> ['template(sens_to_all,521)']		0
	[] --template_seeding--> ['template(increment_by_one,868)']		0
	[] --template_seeding--> ['template(increment_by_one,296)']		0
	[] --template_seeding--> ['template(negate_ulnot,457)']		0.16167709968417271
	[] --template_seeding--> ['template(decrement_by_one,985)']		0
	[] --template_seeding--> ['template(increment_by_one,937)']		0.16167709968417271
	[] --template_seeding--> ['template(negate_ulnot,457)']		0.16167709968417271
	[] --template_seeding--> ['template(decrement_by_one,876)']		0
	[] --template_seeding--> ['template(decrement_by_one,386)']		0
	[] --template_seeding--> ['template(negate_ulnot,457)']		0.16167709968417271
	[] --template_seeding--> ['template(nonblocking_to_blocking,430)']		0.16167709968417271
	[] --template_seeding--> ['template(negate_equality,621)']		0.16001286003366302
	[] --template_seeding--> []		0.16167709968417271
	[] --template_seeding--> []		0.16167709968417271
	[] --template_seeding--> ['template(negate_ulnot,457)']		0.16167709968417271
	[] --template_seeding--> ['template(negate_equality,665)']		0.16110974525786259
	[] --template_seeding--> ['template(nonblocking_to_blocking,407)']		0.16167709968417271
	[] --template_seeding--> ['template(negate_ulnot,457)']		0.16167709968417271
	[] --template_seeding--> ['template(sens_to_negedge,401)']		0.15957044543598276
	[] --template_seeding--> ['template(decrement_by_one,721)']		0.73174985099666678
	[] --template_seeding--> ['template(blocking_to_nonblocking,913)']		0.16167709968417271
	[] --template_seeding--> ['template(sens_to_negedge,549)']		0
	[] --template_seeding--> ['template(nonblocking_to_blocking,435)']		0.16167709968417271
	[] --template_seeding--> ['template(blocking_to_nonblocking,569)']		0.22278134459290108
	[] --template_seeding--> ['template(decrement_by_one,537)']		0
	[] --template_seeding--> ['template(negate_equality,532)']		0.16167709968417271
	[] --template_seeding--> ['template(blocking_to_nonblocking,827)']		0.16167709968417271
	[] --template_seeding--> ['template(blocking_to_nonblocking,879)']		0.16167709968417271
	[] --template_seeding--> ['template(decrement_by_one,857)']		0.16167709968417271
	[] --template_seeding--> ['template(decrement_by_one,702)']		0.16167709968417271
	[] --template_seeding--> ['template(increment_by_one,355)']		0.16107192162944192
	[] --template_seeding--> ['template(decrement_by_one,353)']		0
	[] --template_seeding--> ['template(decrement_by_one,612)']		0.16167709968417271
	[] --template_seeding--> ['template(nonblocking_to_blocking,498)']		0.16167709968417271
	[] --template_seeding--> ['template(blocking_to_nonblocking,788)']		0.16167709968417271
	[] --template_seeding--> ['template(blocking_to_nonblocking,806)']		0.16167709968417271
	[] --template_seeding--> ['template(increment_by_one,349)']		0
	[] --template_seeding--> ['template(sens_to_posedge,521)']		0.16167709968417271
	[] --template_seeding--> ['template(negate_equality,479)']		0
	[] --template_seeding--> ['template(sens_to_all,401)']		0
	[] --template_seeding--> ['template(blocking_to_nonblocking,983)']		0.16167709968417271
	[] --template_seeding--> ['template(blocking_to_nonblocking,853)']		0.16167709968417271
	[] --template_seeding--> ['template(nonblocking_to_blocking,446)']		0.16167709968417271
	[] --template_seeding--> ['template(negate_equality,587)']		0.15914291657998753
	[] --template_seeding--> ['template(blocking_to_nonblocking,840)']		0.16167709968417271
	[] --template_seeding--> ['template(blocking_to_nonblocking,952)']		0.16167709968417271
	[] --template_seeding--> []		0.16167709968417271
	[] --template_seeding--> ['template(blocking_to_nonblocking,788)']		0.16167709968417271
	[] --template_seeding--> ['template(negate_ulnot,457)']		0.16167709968417271
	[] --template_seeding--> ['template(sens_to_negedge,401)']		0.15957044543598276
	[] --template_seeding--> ['template(negate_ulnot,747)']		0.16167709968417271
	[] --template_seeding--> ['template(sens_to_negedge,521)']		0.16167709968417271
	[] --template_seeding--> ['template(sens_to_level,549)']		0
	[] --template_seeding--> ['template(sens_to_negedge,549)']		0
	[] --template_seeding--> ['template(nonblocking_to_blocking,422)']		0.16167709968417271
	[] --template_seeding--> ['template(sens_to_level,521)']		0.16167709968417271
	[] --template_seeding--> ['template(decrement_by_one,528)']		0
	[] --template_seeding--> ['template(nonblocking_to_blocking,435)']		0.16167709968417271
	[] --template_seeding--> []		0.16167709968417271
	[] --template_seeding--> ['template(negate_equality,584)']		0.68585809528014485
	[] --template_seeding--> ['template(negate_ulnot,457)']		0.16167709968417271
	[] --template_seeding--> ['template(increment_by_one,950)']		0.16167709968417271
	[] --template_seeding--> ['template(decrement_by_one,605)']		0
	[] --template_seeding--> ['template(sens_to_all,683)']		0.16167709968417271
	[] --template_seeding--> ['template(decrement_by_one,475)']		0
	[] --template_seeding--> []		0.16167709968417271
	[] --template_seeding--> ['template(nonblocking_to_blocking,422)']		0.16167709968417271
	[] --template_seeding--> ['template(nonblocking_to_blocking,535)']		0.16167709968417271
	[] --template_seeding--> ['template(blocking_to_nonblocking,814)']		0.16167709968417271
	[] --template_seeding--> ['template(sens_to_negedge,401)']		0.15957044543598276
	[] --template_seeding--> ['template(nonblocking_to_blocking,526)']		0.16167709968417271
	[] --template_seeding--> ['template(negate_ulnot,747)']		0.16167709968417271
	[] --template_seeding--> ['template(decrement_by_one,920)']		0
	[] --template_seeding--> ['template(blocking_to_nonblocking,555)']		0.16167709968417271
	[] --template_seeding--> ['template(negate_equality,621)']		0.16001286003366302
	[] --template_seeding--> ['template(increment_by_one,630)']		0
	[] --template_seeding--> ['template(sens_to_all,521)']		0
	[] --template_seeding--> ['template(sens_to_posedge,683)']		0
	[] --template_seeding--> ['template(decrement_by_one,976)']		0.67859822571390738
	[] --template_seeding--> ['template(increment_by_one,565)']		0
	[] --template_seeding--> ['template(increment_by_one,865)']		0.16167709968417271
	[] --template_seeding--> ['template(blocking_to_nonblocking,555)']		0.16167709968417271
	[] --template_seeding--> ['template(decrement_by_one,732)']		0
	[] --template_seeding--> ['template(decrement_by_one,495)']		0
	[] --template_seeding--> ['template(nonblocking_to_blocking,412)']		0.16167709968417271
	[] --template_seeding--> ['template(increment_by_one,694)']		0.15785691321368459
	[] --template_seeding--> []		0.16167709968417271
	[] --template_seeding--> ['template(nonblocking_to_blocking,540)']		0.16167709968417271
	[] --template_seeding--> ['template(negate_equality,479)']		0
	[] --template_seeding--> ['template(decrement_by_one,967)']		0
	[] --template_seeding--> ['template(decrement_by_one,715)']		0.12566880305522471
	[] --template_seeding--> []		0.16167709968417271
	[] --template_seeding--> ['template(increment_by_one,455)']		0.15367020170513621
	[] --template_seeding--> ['template(nonblocking_to_blocking,473)']		0.16167709968417271
	[] --template_seeding--> ['template(sens_to_negedge,401)']		0.15957044543598276
	[] --template_seeding--> ['template(decrement_by_one,812)']		0.16145015791364867
	[] --template_seeding--> ['template(nonblocking_to_blocking,430)']		0.16167709968417271
	[] --template_seeding--> ['template(negate_ulnot,747)']		0.16167709968417271
	[] --template_seeding--> ['template(decrement_by_one,53)']		0.16145015791364867
	[] --template_seeding--> ['template(decrement_by_one,956)']		0.16167709968417271
	[] --template_seeding--> ['template(nonblocking_to_blocking,451)']		0.16167709968417271
	[] --template_seeding--> ['template(nonblocking_to_blocking,435)']		0.16167709968417271
	[] --template_seeding--> ['template(decrement_by_one,726)']		0.16137816270186453
	[] --template_seeding--> ['template(blocking_to_nonblocking,827)']		0.16167709968417271
	[] --template_seeding--> ['template(increment_by_one,948)']		0.16167709968417271
	[] --template_seeding--> ['template(negate_ulnot,457)']		0.16167709968417271
	[] --template_seeding--> []		0.16167709968417271
	[] --template_seeding--> ['template(negate_equality,479)']		0
	[] --template_seeding--> ['template(nonblocking_to_blocking,417)']		0.16167709968417271
	[] --template_seeding--> ['template(sens_to_all,521)']		0
	[] --template_seeding--> ['template(increment_by_one,763)']		0.16160145242733134
	[] --template_seeding--> ['template(increment_by_one,602)']		0.16167709968417271
	[] --template_seeding--> ['template(decrement_by_one,657)']		0.16160145242733134
	[] --template_seeding--> ['template(sens_to_level,401)']		0.15619566039162319
	[] --template_seeding--> ['template(sens_to_negedge,549)']		0
	[] --template_seeding--> ['template(blocking_to_nonblocking,717)']		0.16167709968417271
	[] --template_seeding--> ['template(sens_to_posedge,401)']		0.16167709968417271
	[] --template_seeding--> ['template(sens_to_posedge,549)']		0
	[] --template_seeding--> []		0.16167709968417271
	[] --template_seeding--> ['template(increment_by_one,687)']		0
	[] --template_seeding--> ['template(negate_equality,584)']		0.68585809528014485
	[] --template_seeding--> []		0.16167709968417271
	[] --template_seeding--> ['template(negate_equality,624)']		0.15963462374945628
	[] --template_seeding--> ['template(increment_by_one,784)']		0.16163927605575204
	[] --template_seeding--> ['template(sens_to_all,683)']		0.16167709968417271
	[] --template_seeding--> []		0.16167709968417271
	[] --template_seeding--> ['template(decrement_by_one,337)']		0
	[] --template_seeding--> ['template(negate_ulnot,457)']		0.16167709968417271
	[] --template_seeding--> ['template(decrement_by_one,469)']		0.72825175442468115
	[] --template_seeding--> ['template(blocking_to_nonblocking,767)']		0.16167709968417271
	[] --template_seeding--> ['template(increment_by_one,625)']		0.16054239083155247
	[] --template_seeding--> ['template(negate_ulnot,457)']		0.16167709968417271
	[] --template_seeding--> ['template(nonblocking_to_blocking,407)']		0.16167709968417271
	[] --template_seeding--> ['template(increment_by_one,566)']		0
	[] --template_seeding--> ['template(negate_equality,621)']		0.16001286003366302
	[] --template_seeding--> ['template(increment_by_one,885)']		0.15947289811506249
	[] --template_seeding--> ['template(sens_to_negedge,521)']		0.16167709968417271
	[] --template_seeding--> ['template(nonblocking_to_blocking,540)']		0.16167709968417271
	[] --template_seeding--> ['template(increment_by_one,414)']		0
	[] --template_seeding--> ['template(nonblocking_to_blocking,422)']		0.16167709968417271
	[] --template_seeding--> ['template(negate_ulnot,457)']		0.16167709968417271
	[] --template_seeding--> ['template(decrement_by_one,596)']		0
	[] --template_seeding--> ['template(negate_ulnot,457)']		0.16167709968417271
	[] --template_seeding--> ['template(sens_to_negedge,549)']		0
	[] --template_seeding--> ['template(negate_ulnot,457)']		0.16167709968417271
	[] --template_seeding--> ['template(negate_equality,584)']		0.68585809528014485
	[] --template_seeding--> ['template(decrement_by_one,481)']		0.16167709968417271
	[] --template_seeding--> ['template(negate_ulnot,457)']		0.16167709968417271
	[] --template_seeding--> ['template(negate_equality,665)']		0.16110974525786259
	[] --template_seeding--> ['template(blocking_to_nonblocking,926)']		0.16167709968417271
	[] --template_seeding--> ['template(sens_to_posedge,549)']		0
	[] --template_seeding--> ['template(sens_to_level,401)']		0.15619566039162319
	[] --template_seeding--> ['template(negate_ulnot,747)']		0.16167709968417271
	[] --template_seeding--> ['template(negate_ulnot,457)']		0.16167709968417271
	[] --template_seeding--> ['template(negate_ulnot,747)']		0.16167709968417271
	[] --template_seeding--> []		0.16167709968417271
	[] --template_seeding--> ['template(negate_equality,479)']		0
	[] --template_seeding--> ['template(decrement_by_one,615)']		0.16145015791364867
	[] --template_seeding--> ['template(increment_by_one,44)']		0.16167709968417271
	[] --template_seeding--> ['template(increment_by_one,429)']		0.16167709968417271
	[] --template_seeding--> ['template(negate_ulnot,747)']		0.16167709968417271
	[] --template_seeding--> ['template(negate_ulnot,457)']		0.16167709968417271
	[] --template_seeding--> ['template(decrement_by_one,558)']		0
	[] --template_seeding--> ['template(sens_to_level,521)']		0.16167709968417271
	[] --template_seeding--> ['template(nonblocking_to_blocking,435)']		0.16167709968417271
	[] --template_seeding--> ['template(negate_equality,369)']		0.16146601611256098
	[] --template_seeding--> ['template(decrement_by_one,618)']		0.19188100284508602
	[] --template_seeding--> ['template(negate_ulnot,747)']		0.16167709968417271
	[] --template_seeding--> ['template(negate_ulnot,457)']		0.16167709968417271
	[] --template_seeding--> ['template(negate_equality,389)']		0
	[] --template_seeding--> ['template(negate_ulnot,457)']		0.16167709968417271
	[] --template_seeding--> ['template(decrement_by_one,511)']		0.15971027100629764
	[] --template_seeding--> ['template(decrement_by_one,481)']		0.16167709968417271
	[] --template_seeding--> ['template(negate_equality,532)']		0.16167709968417271
	[] --template_seeding--> []		0.16167709968417271
	[] --template_seeding--> ['template(negate_equality,621)']		0.16001286003366302
	[] --template_seeding--> ['template(decrement_by_one,857)']		0.16167709968417271
	[] --template_seeding--> ['template(increment_by_one,969)']		0.16167709968417271
	[] --template_seeding--> ['template(blocking_to_nonblocking,767)']		0.16167709968417271
	[] --template_seeding--> ['template(increment_by_one,615)']		0.19188100284508602
	[] --template_seeding--> ['template(negate_equality,696)']		0.72825175442468115
	[] --template_seeding--> ['template(decrement_by_one,576)']		0
	[] --template_seeding--> ['template(sens_to_all,683)']		0.16167709968417271
	[] --template_seeding--> ['template(nonblocking_to_blocking,430)']		0.16167709968417271
	[] --template_seeding--> ['template(negate_equality,665)']		0.16110974525786259
	[] --template_seeding--> []		0.16167709968417271
	[] --template_seeding--> ['template(increment_by_one,513)']		0.68553653370984824
	[] --template_seeding--> ['template(sens_to_all,549)']		0.16167709968417271
	[] --template_seeding--> ['template(blocking_to_nonblocking,845)']		0.16167709968417271
	[] --template_seeding--> ['template(sens_to_all,549)']		0.16167709968417271
	[] --template_seeding--> ['template(negate_equality,624)']		0.15963462374945628
	[] --template_seeding--> ['template(increment_by_one,537)']		0
	[] --template_seeding--> ['template(sens_to_all,401)']		0
	[] --template_seeding--> ['template(negate_equality,696)']		0.72825175442468115
	[] --template_seeding--> ['template(sens_to_level,521)']		0.16167709968417271
	[] --template_seeding--> []		0.16167709968417271
	[] --template_seeding--> ['template(increment_by_one,291)']		0
	[] --template_seeding--> []		0.16167709968417271
	[] --template_seeding--> ['template(negate_ulnot,457)']		0.16167709968417271
	[] --template_seeding--> ['template(blocking_to_nonblocking,759)']		0.16167709968417271
	[] --template_seeding--> []		0.16167709968417271
	[] --template_seeding--> ['template(increment_by_one,743)']		0
	[] --template_seeding--> ['template(sens_to_level,683)']		0
	[] --template_seeding--> ['template(sens_to_all,401)']		0
	[] --template_seeding--> []		0.16167709968417271
	[] --template_seeding--> ['template(sens_to_negedge,521)']		0.16167709968417271
	[] --template_seeding--> ['template(nonblocking_to_blocking,540)']		0.16167709968417271
	[] --template_seeding--> ['template(negate_equality,587)']		0.15914291657998753
	[] --template_seeding--> ['template(increment_by_one,803)']		0
	[] --template_seeding--> ['template(sens_to_posedge,549)']		0
	[] --template_seeding--> ['template(negate_ulnot,457)']		0.16167709968417271
	[] --template_seeding--> ['template(negate_equality,584)']		0.68585809528014485
	[] --template_seeding--> ['template(sens_to_negedge,521)']		0.16167709968417271
	[] --template_seeding--> ['template(decrement_by_one,756)']		0
	[] --template_seeding--> ['template(blocking_to_nonblocking,562)']		0.16167709968417271
	[] --template_seeding--> ['template(negate_ulnot,747)']		0.16167709968417271
	[] --template_seeding--> ['template(increment_by_one,432)']		0
	[] --template_seeding--> ['template(blocking_to_nonblocking,874)']		0.16167709968417271
	[] --template_seeding--> ['template(nonblocking_to_blocking,514)']		0.16167709968417271
	[] --template_seeding--> ['template(decrement_by_one,659)']		0
	[] --template_seeding--> ['template(sens_to_all,549)']		0.16167709968417271
	[] --template_seeding--> ['template(blocking_to_nonblocking,730)']		0.16167709968417271
	[] --template_seeding--> ['template(increment_by_one,721)']		0.73217360589871516
	[] --template_seeding--> ['template(decrement_by_one,522)']		0
	[] --template_seeding--> ['template(sens_to_negedge,549)']		0
	[] --template_seeding--> ['template(negate_equality,587)']		0.15914291657998753
	[] --template_seeding--> ['template(increment_by_one,812)']		0.16145015791364867
	[] --template_seeding--> ['template(increment_by_one,490)']		0
	[] --template_seeding--> []		0.16167709968417271
	[] --template_seeding--> ['template(negate_equality,621)']		0.16001286003366302
	[] --template_seeding--> ['template(increment_by_one,954)']		0
	[] --template_seeding--> ['template(increment_by_one,558)']		0
	[] --template_seeding--> ['template(increment_by_one,424)']		0
	[] --template_seeding--> []		0.16167709968417271
	[] --template_seeding--> ['template(decrement_by_one,419)']		0
	[] --template_seeding--> []		0.16167709968417271
	[] --template_seeding--> ['template(negate_equality,389)']		0
	[] --template_seeding--> ['template(blocking_to_nonblocking,887)']		0.16167709968417271
	[] --template_seeding--> ['template(nonblocking_to_blocking,417)']		0.16167709968417271
	[] --template_seeding--> ['template(increment_by_one,761)']		0
	[] --template_seeding--> ['template(nonblocking_to_blocking,464)']		0.16167709968417271
	[] --template_seeding--> []		0.16167709968417271
	[] --template_seeding--> ['template(nonblocking_to_blocking,412)']		0.16167709968417271
	[] --template_seeding--> ['template(nonblocking_to_blocking,464)']		0.16167709968417271
	[] --template_seeding--> ['template(decrement_by_one,706)']		0
	[] --template_seeding--> ['template(blocking_to_nonblocking,972)']		0.16167709968417271
	[] --template_seeding--> ['template(sens_to_level,521)']		0.16167709968417271
	[] --template_seeding--> ['template(nonblocking_to_blocking,488)']		0.16167709968417271
	[] --template_seeding--> ['template(sens_to_negedge,683)']		0
	[] --template_seeding--> ['template(nonblocking_to_blocking,459)']		0.16167709968417271
	[] --template_seeding--> ['template(increment_by_one,911)']		0.16152580517049001
	[] --template_seeding--> ['template(nonblocking_to_blocking,412)']		0.16167709968417271
	[] --template_seeding--> ['template(increment_by_one,271)']		0.16167709968417271
	[] --template_seeding--> ['template(increment_by_one,371)']		0.16150383902568174
	[] --template_seeding--> ['template(sens_to_posedge,549)']		0
	[] --template_seeding--> ['template(blocking_to_nonblocking,913)']		0.16167709968417271
	[] --template_seeding--> ['template(decrement_by_one,876)']		0
	[] --template_seeding--> ['template(decrement_by_one,702)']		0.16167709968417271
	[] --template_seeding--> ['template(sens_to_posedge,683)']		0
	[] --template_seeding--> []		0.16167709968417271
	[] --template_seeding--> []		0.16167709968417271
	[] --template_seeding--> []		0.16167709968417271
	[] --template_seeding--> ['template(sens_to_posedge,401)']		0.16167709968417271
	[] --template_seeding--> ['template(nonblocking_to_blocking,422)']		0.16167709968417271
	[] --template_seeding--> ['template(negate_equality,624)']		0.15963462374945628
	[] --template_seeding--> ['template(negate_ulnot,457)']		0.16167709968417271
	[] --template_seeding--> ['template(negate_ulnot,457)']		0.16167709968417271
	[] --template_seeding--> ['template(blocking_to_nonblocking,926)']		0.16167709968417271
	[] --template_seeding--> ['template(negate_ulnot,457)']		0.16167709968417271
	[] --template_seeding--> ['template(blocking_to_nonblocking,741)']		0.16167709968417271
	[] --template_seeding--> ['template(nonblocking_to_blocking,514)']		0.16167709968417271
	[] --template_seeding--> ['template(decrement_by_one,485)']		0
	[] --template_seeding--> ['template(negate_ulnot,747)']		0.16167709968417271
	[] --template_seeding--> ['template(negate_equality,587)']		0.15914291657998753
	[] --template_seeding--> ['template(decrement_by_one,286)']		0
	[] --template_seeding--> ['template(negate_ulnot,747)']		0.16167709968417271
	[] --template_seeding--> ['template(increment_by_one,367)']		0
	[] --template_seeding--> ['template(increment_by_one,622)']		0.16167709968417271
	[] --template_seeding--> ['template(negate_equality,624)']		0.15963462374945628
	[] --template_seeding--> ['template(increment_by_one,42)']		0.16167709968417271
	[] --template_seeding--> ['template(nonblocking_to_blocking,483)']		0.16167709968417271
	[] --template_seeding--> ['template(decrement_by_one,286)']		0
	[] --template_seeding--> ['template(nonblocking_to_blocking,526)']		0.16167709968417271
	[] --template_seeding--> ['template(blocking_to_nonblocking,853)']		0.16167709968417271
	[] --template_seeding--> ['template(increment_by_one,924)']		0.39566187360566918
	[] --template_seeding--> ['template(increment_by_one,622)']		0.16167709968417271
	[] --template_seeding--> []		0.16167709968417271
	[] --template_seeding--> ['template(decrement_by_one,810)']		0.16152580517049001
	[] --template_seeding--> ['template(sens_to_all,401)']		0
	[] --template_seeding--> ['template(decrement_by_one,721)']		0.73174985099666678
	[] --template_seeding--> ['template(blocking_to_nonblocking,806)']		0.16167709968417271
	[] --template_seeding--> ['template(decrement_by_one,461)']		0
	[] --template_seeding--> ['template(blocking_to_nonblocking,952)']		0.16167709968417271
	[] --template_seeding--> ['template(sens_to_negedge,683)']		0
	[] --template_seeding--> ['template(sens_to_level,683)']		0
	[] --template_seeding--> ['template(increment_by_one,75)']		0.16167709968417271
	[] --template_seeding--> []		0.16167709968417271
	[] --template_seeding--> ['template(decrement_by_one,605)']		0
	[] --template_seeding--> ['template(negate_ulnot,457)']		0.16167709968417271
	[] --template_seeding--> ['template(sens_to_all,521)']		0
	[] --template_seeding--> ['template(negate_ulnot,747)']		0.16167709968417271
	[] --template_seeding--> ['template(increment_by_one,442)']		0
	[] --template_seeding--> ['template(negate_equality,624)']		0.15963462374945628
	[] --template_seeding--> ['template(nonblocking_to_blocking,488)']		0.16167709968417271
	[] --template_seeding--> ['template(negate_equality,665)']		0.16110974525786259
	[] --template_seeding--> ['template(sens_to_negedge,521)']		0.16167709968417271
	[] --template_seeding--> ['template(decrement_by_one,816)']		0
	[] --template_seeding--> ['template(negate_equality,369)']		0.16146601611256098
	[] --template_seeding--> ['template(blocking_to_nonblocking,892)']		0.16167709968417271
	[] --template_seeding--> ['template(nonblocking_to_blocking,435)']		0.16167709968417271
	[] --template_seeding--> ['template(decrement_by_one,513)']		0.68553653370984824
	[] --template_seeding--> ['template(sens_to_level,683)']		0
	[] --template_seeding--> ['template(nonblocking_to_blocking,422)']		0.16167709968417271
	[] --template_seeding--> ['template(blocking_to_nonblocking,704)']		0.16167709968417271
	[] --template_seeding--> ['template(nonblocking_to_blocking,407)']		0.16167709968417271
	[] --template_seeding--> ['template(blocking_to_nonblocking,905)']		0.16167709968417271
	[] --template_seeding--> ['template(negate_equality,587)']		0.15914291657998753
	[] --template_seeding--> ['template(decrement_by_one,907)']		0
	[] --template_seeding--> []		0.16167709968417271
	[] --template_seeding--> ['template(decrement_by_one,784)']		0.16152580517049001
	[] --template_seeding--> ['template(negate_ulnot,457)']		0.16167709968417271
	[] --template_seeding--> ['template(decrement_by_one,353)']		0
	[] --template_seeding--> ['template(blocking_to_nonblocking,591)']		0.16167709968417271
	[] --template_seeding--> ['template(increment_by_one,838)']		0.16167709968417271
	[] --template_seeding--> ['template(decrement_by_one,566)']		0
	[] --template_seeding--> ['template(decrement_by_one,732)']		0
	[] --template_seeding--> ['template(sens_to_posedge,549)']		0
	[] --template_seeding--> ['template(negate_ulnot,747)']		0.16167709968417271
	[] --template_seeding--> ['template(sens_to_negedge,401)']		0.15957044543598276
	[] --template_seeding--> ['template(decrement_by_one,500)']		0
	[] --template_seeding--> ['template(nonblocking_to_blocking,507)']		0.16167709968417271
	[] --template_seeding--> ['template(sens_to_negedge,401)']		0.15957044543598276
	[] --template_seeding--> ['template(sens_to_negedge,521)']		0.16167709968417271
	[] --template_seeding--> ['template(decrement_by_one,437)']		0
	[] --template_seeding--> ['template(decrement_by_one,396)']		0
	[] --template_seeding--> ['template(sens_to_level,549)']		0
	[] --template_seeding--> ['template(nonblocking_to_blocking,473)']		0.16167709968417271
	[] --template_seeding--> ['template(blocking_to_nonblocking,887)']		0.16167709968417271
	[] --template_seeding--> ['template(sens_to_posedge,683)']		0
	[] --template_seeding--> ['template(negate_ulnot,457)']		0.16167709968417271
	[] --template_seeding--> []		0.16167709968417271
	[] --template_seeding--> ['template(negate_equality,479)']		0
	[] --template_seeding--> []		0.16167709968417271
	[] --template_seeding--> ['template(decrement_by_one,559)']		0
	[] --template_seeding--> ['template(decrement_by_one,571)']		0
	[] --template_seeding--> ['template(negate_equality,624)']		0.15963462374945628
	[] --template_seeding--> ['template(blocking_to_nonblocking,931)']		0.16167709968417271
	[] --template_seeding--> ['template(negate_ulnot,747)']		0.16167709968417271
	[] --template_seeding--> ['template(blocking_to_nonblocking,775)']		0.16167709968417271
	[] --template_seeding--> ['template(negate_equality,624)']		0.15963462374945628
	[] --template_seeding--> ['template(blocking_to_nonblocking,827)']		0.16167709968417271
	[] --template_seeding--> ['template(sens_to_level,401)']		0.15619566039162319
	[] --template_seeding--> ['template(blocking_to_nonblocking,569)']		0.22278134459290108
	[] --template_seeding--> ['template(negate_equality,621)']		0.16001286003366302
	[] --template_seeding--> ['template(increment_by_one,946)']		0
	[] --template_seeding--> ['template(sens_to_all,549)']		0.16167709968417271
	[] --template_seeding--> ['template(sens_to_posedge,521)']		0.16167709968417271
	[] --template_seeding--> ['template(nonblocking_to_blocking,446)']		0.16167709968417271
	[] --template_seeding--> ['template(decrement_by_one,692)']		0
	[] --template_seeding--> ['template(blocking_to_nonblocking,806)']		0.16167709968417271
	[] --template_seeding--> ['template(decrement_by_one,878)']		0.16167709968417271
	[] --template_seeding--> ['template(blocking_to_nonblocking,892)']		0.16167709968417271
	[] --template_seeding--> ['template(sens_to_posedge,521)']		0.16167709968417271
	[] --template_seeding--> []		0.16167709968417271
	[] --template_seeding--> ['template(negate_ulnot,457)']		0.16167709968417271
	[] --template_seeding--> ['template(negate_ulnot,457)']		0.16167709968417271
	[] --template_seeding--> ['template(negate_equality,587)']		0.15914291657998753
	[] --template_seeding--> ['template(negate_ulnot,457)']		0.16167709968417271
	[] --template_seeding--> ['template(negate_equality,696)']		0.72825175442468115
	[] --template_seeding--> ['template(sens_to_all,549)']		0.16167709968417271
	[] --template_seeding--> ['template(increment_by_one,589)']		0.16031544906102843
	[] --template_seeding--> ['template(decrement_by_one,790)']		0
	[] --template_seeding--> ['template(increment_by_one,516)']		0
	[] --template_seeding--> ['template(decrement_by_one,553)']		0
	[] --template_seeding--> ['template(increment_by_one,773)']		0.16129886339996596
	[] --template_seeding--> ['template(blocking_to_nonblocking,562)']		0.16167709968417271
	[] --template_seeding--> ['template(negate_equality,369)']		0.16146601611256098
	[] --template_seeding--> ['template(increment_by_one,528)']		0
	[] --template_seeding--> ['template(sens_to_level,683)']		0
	[] --template_seeding--> ['template(decrement_by_one,639)']		0.16163927605575204
	[] --template_seeding--> ['template(decrement_by_one,889)']		0
	[] --template_seeding--> ['template(negate_ulnot,747)']		0.16167709968417271
	[] --template_seeding--> ['template(decrement_by_one,745)']		0.15865120941051875
	[] --template_seeding--> ['template(blocking_to_nonblocking,709)']		0.16167709968417271
	[] --template_seeding--> ['template(negate_ulnot,747)']		0.16167709968417271
	[] --template_seeding--> ['template(negate_equality,621)']		0.16001286003366302
	[] --template_seeding--> ['template(decrement_by_one,625)']		0.16054239083155247
	[] --template_seeding--> ['template(decrement_by_one,831)']		0.60314521574350377
	[] --template_seeding--> ['template(increment_by_one,857)']		0.16167709968417271
	[] --template_seeding--> ['template(increment_by_one,264)']		0.16167709968417271
	[] --template_seeding--> ['template(blocking_to_nonblocking,780)']		0.16167709968417271
	[] --template_seeding--> ['template(negate_equality,665)']		0.16110974525786259
	[] --template_seeding--> ['template(negate_ulnot,457)']		0.16167709968417271
	[] --template_seeding--> []		0.16167709968417271
	[] --template_seeding--> ['template(negate_ulnot,457)']		0.16167709968417271
	[] --template_seeding--> ['template(negate_ulnot,747)']		0.16167709968417271
	[] --template_seeding--> ['template(increment_by_one,533)']		0.16167709968417271
	[] --template_seeding--> ['template(blocking_to_nonblocking,900)']		0.16167709968417271
	[] --template_seeding--> ['template(blocking_to_nonblocking,926)']		0.16167709968417271
	[] --template_seeding--> ['template(negate_ulnot,747)']		0.16167709968417271
	[] --template_seeding--> []		0.16167709968417271
	[] --template_seeding--> []		0.16167709968417271
	[] --template_seeding--> ['template(decrement_by_one,416)']		0.15910509295156686
	[] --template_seeding--> ['template(blocking_to_nonblocking,709)']		0.16167709968417271
	[] --template_seeding--> []		0.16167709968417271
	[] --template_seeding--> ['template(nonblocking_to_blocking,540)']		0.16167709968417271
	[] --template_seeding--> ['template(blocking_to_nonblocking,978)']		0.16167709968417271
	[] --template_seeding--> ['template(blocking_to_nonblocking,887)']		0.16167709968417271
	[] --template_seeding--> ['template(increment_by_one,761)']		0
	[] --template_seeding--> ['template(negate_equality,587)']		0.15914291657998753
	[] --template_seeding--> ['template(negate_equality,587)']		0.15914291657998753
	[] --template_seeding--> ['template(decrement_by_one,831)']		0.60314521574350377
	[] --template_seeding--> []		0.16167709968417271
	[] --template_seeding--> ['template(sens_to_posedge,549)']		0
	[] --template_seeding--> ['template(increment_by_one,558)']		0
	[] --template_seeding--> ['template(decrement_by_one,542)']		0
	[] --template_seeding--> ['template(sens_to_posedge,401)']		0.16167709968417271
	[] --template_seeding--> ['template(decrement_by_one,902)']		0
	[] --template_seeding--> ['template(blocking_to_nonblocking,972)']		0.16167709968417271
	[] --template_seeding--> ['template(blocking_to_nonblocking,845)']		0.16167709968417271
	[] --template_seeding--> ['template(decrement_by_one,758)']		0.64796751555810561
	[] --template_seeding--> ['template(nonblocking_to_blocking,483)']		0.16167709968417271
	[] --template_seeding--> ['template(decrement_by_one,630)']		0
	[] --template_seeding--> ['template(increment_by_one,72)']		0.16167709968417271
	[] --template_seeding--> []		0.16167709968417271
	[] --template_seeding--> ['template(negate_ulnot,747)']		0.16167709968417271
	[] --template_seeding--> ['template(decrement_by_one,537)']		0
	[] --template_seeding--> ['template(blocking_to_nonblocking,957)']		0.16167709968417271
	[] --template_seeding--> ['template(blocking_to_nonblocking,814)']		0.16167709968417271
	[] --template_seeding--> ['template(blocking_to_nonblocking,717)']		0.16167709968417271
	[] --template_seeding--> ['template(decrement_by_one,455)']		0.12501181496814684
	[] --template_seeding--> ['template(increment_by_one,946)']		0
	[] --template_seeding--> ['template(nonblocking_to_blocking,540)']		0.16167709968417271
	[] --template_seeding--> ['template(negate_equality,696)']		0.72825175442468115
	[] --template_seeding--> ['template(decrement_by_one,698)']		0.72882552853422788
	[] --template_seeding--> ['template(decrement_by_one,612)']		0.16167709968417271
	[] --template_seeding--> ['template(negate_equality,621)']		0.16001286003366302
	[] --template_seeding--> ['template(increment_by_one,622)']		0.16167709968417271
	[] --template_seeding--> []		0.16167709968417271
	[] --template_seeding--> ['template(increment_by_one,943)']		0.16167709968417271
	[] --template_seeding--> ['template(sens_to_all,683)']		0.16167709968417271
	[] --template_seeding--> ['template(negate_equality,696)']		0.72825175442468115
	[] --template_seeding--> ['template(sens_to_posedge,549)']		0
	[] --template_seeding--> ['template(sens_to_all,521)']		0
	[] --template_seeding--> ['template(sens_to_posedge,401)']		0.16167709968417271
	[] --template_seeding--> ['template(sens_to_negedge,683)']		0
	[] --template_seeding--> ['template(increment_by_one,553)']		0
	[] --template_seeding--> ['template(negate_ulnot,457)']		0.16167709968417271
	[] --template_seeding--> ['template(sens_to_level,521)']		0.16167709968417271
	[] --template_seeding--> ['template(decrement_by_one,455)']		0.12501181496814684
	[] --template_seeding--> ['template(decrement_by_one,448)']		0
	[] --template_seeding--> ['template(blocking_to_nonblocking,569)']		0.22278134459290108
	[] --template_seeding--> ['template(blocking_to_nonblocking,913)']		0.16167709968417271
	[] --template_seeding--> ['template(increment_by_one,706)']		0
	[] --template_seeding--> ['template(blocking_to_nonblocking,866)']		0.16167709968417271
	[] --template_seeding--> ['template(nonblocking_to_blocking,422)']		0.16167709968417271
	[] --template_seeding--> []		0.16167709968417271
	[] --template_seeding--> ['template(sens_to_negedge,521)']		0.16167709968417271
	[] --template_seeding--> ['template(sens_to_negedge,549)']		0
	[] --template_seeding--> ['template(sens_to_negedge,549)']		0
	[] --template_seeding--> ['template(nonblocking_to_blocking,440)']		0.16167709968417271
	[] --template_seeding--> ['template(blocking_to_nonblocking,690)']		0.16076933260207651
	[] --template_seeding--> ['template(sens_to_all,683)']		0.16167709968417271
	[] --template_seeding--> ['template(sens_to_negedge,683)']		0
	[] --template_seeding--> ['template(negate_equality,369)']		0.16146601611256098
	[] --template_seeding--> []		0.16167709968417271
	[] --template_seeding--> ['template(nonblocking_to_blocking,440)']		0.16167709968417271
	[] --template_seeding--> ['template(decrement_by_one,53)']		0.16145015791364867
	[] --template_seeding--> ['template(negate_ulnot,747)']		0.16167709968417271
	[] --template_seeding--> ['template(increment_by_one,355)']		0.16107192162944192
	[] --template_seeding--> ['template(sens_to_negedge,683)']		0
	[] --template_seeding--> ['template(nonblocking_to_blocking,430)']		0.16167709968417271
	[] --template_seeding--> ['template(blocking_to_nonblocking,840)']		0.16167709968417271
	[] --template_seeding--> ['template(negate_equality,584)']		0.68585809528014485
	[] --template_seeding--> ['template(nonblocking_to_blocking,430)']		0.16167709968417271
	[] --template_seeding--> ['template(nonblocking_to_blocking,435)']		0.16167709968417271
	[] --template_seeding--> ['template(sens_to_posedge,549)']		0
	[] --template_seeding--> ['template(increment_by_one,649)']		0.16167709968417271
	[] --template_seeding--> ['template(nonblocking_to_blocking,430)']		0.16167709968417271
	[] --template_seeding--> ['template(increment_by_one,516)']		0
	[] --template_seeding--> ['template(decrement_by_one,821)']		0
	[] --template_seeding--> ['template(decrement_by_one,622)']		0.16167709968417271
	[] --template_seeding--> ['template(negate_ulnot,747)']		0.16167709968417271
	[] --template_seeding--> ['template(nonblocking_to_blocking,535)']		0.16167709968417271
	[] --template_seeding--> []		0.16167709968417271
	[] --template_seeding--> []		0.16167709968417271
	[] --template_seeding--> []		0.16167709968417271
	[] --template_seeding--> ['template(negate_equality,665)']		0.16110974525786259
	[] --template_seeding--> []		0.16167709968417271
	[] --template_seeding--> ['template(negate_ulnot,457)']		0.16167709968417271
	[] --template_seeding--> ['template(decrement_by_one,659)']		0
	[] --template_seeding--> ['template(blocking_to_nonblocking,965)']		0.16167709968417271
	[] --template_seeding--> ['template(nonblocking_to_blocking,535)']		0.16167709968417271
	[] --template_seeding--> ['template(negate_ulnot,457)']		0.16167709968417271
	[] --template_seeding--> ['template(blocking_to_nonblocking,874)']		0.16167709968417271
	[] --template_seeding--> ['template(sens_to_negedge,683)']		0
	[] --template_seeding--> ['template(increment_by_one,859)']		0.16167709968417271
	[] --template_seeding--> ['template(negate_equality,369)']		0.16146601611256098
	[] --template_seeding--> ['template(sens_to_posedge,521)']		0.16167709968417271
	[] --template_seeding--> ['template(increment_by_one,298)']		0.17548272405771886
	[] --template_seeding--> ['template(sens_to_level,401)']		0.15619566039162319
	[] --template_seeding--> ['template(sens_to_level,683)']		0
	[] --template_seeding--> []		0.16167709968417271
	[] --template_seeding--> ['template(decrement_by_one,355)']		0.16099627437260056
	[] --template_seeding--> []		0.16167709968417271
	[] --template_seeding--> ['template(nonblocking_to_blocking,430)']		0.16167709968417271
	[] --template_seeding--> []		0.16167709968417271
	[] --template_seeding--> ['template(negate_equality,624)']		0.15963462374945628
	[] --template_seeding--> ['template(negate_equality,584)']		0.68585809528014485
	[] --template_seeding--> ['template(negate_ulnot,747)']		0.16167709968417271
	[] --template_seeding--> ['template(decrement_by_one,907)']		0
	[] --template_seeding--> ['template(increment_by_one,928)']		0
	[] --template_seeding--> ['template(sens_to_posedge,549)']		0
	[] --template_seeding--> ['template(blocking_to_nonblocking,574)']		0.60728167919150033
	[] --template_seeding--> ['template(sens_to_level,683)']		0
	[] --template_seeding--> ['template(negate_equality,532)']		0.16167709968417271
	[] --template_seeding--> ['template(nonblocking_to_blocking,417)']		0.16167709968417271
	[] --template_seeding--> ['template(blocking_to_nonblocking,887)']		0.16167709968417271
	[] --template_seeding--> ['template(increment_by_one,601)']		0.191972809898419
	[] --template_seeding--> ['template(sens_to_negedge,401)']		0.15957044543598276
	[] --template_seeding--> ['template(sens_to_negedge,549)']		0
	[] --template_seeding--> ['template(sens_to_posedge,549)']		0
	[] --template_seeding--> ['template(negate_ulnot,747)']		0.16167709968417271
	[] --template_seeding--> ['template(sens_to_level,683)']		0
	[] --template_seeding--> ['template(decrement_by_one,967)']		0
	[] --template_seeding--> ['template(increment_by_one,902)']		0
	[] --template_seeding--> ['template(blocking_to_nonblocking,806)']		0.16167709968417271
	[] --template_seeding--> ['template(blocking_to_nonblocking,861)']		0.16167709968417271
	[] --template_seeding--> ['template(nonblocking_to_blocking,493)']		0.16167709968417271
	[] --template_seeding--> ['template(negate_equality,696)']		0.72825175442468115
	[] --template_seeding--> ['template(decrement_by_one,667)']		0.16156362879891067
	[] --template_seeding--> ['template(decrement_by_one,659)']		0
	[] --template_seeding--> ['template(negate_ulnot,457)']		0.16167709968417271
	[] --template_seeding--> ['template(increment_by_one,386)']		0
	[] --template_seeding--> ['template(decrement_by_one,907)']		0
	[] --template_seeding--> ['template(decrement_by_one,588)']		0.16031544906102843
	[] --template_seeding--> ['template(negate_equality,584)']		0.68585809528014485
	[] --template_seeding--> ['template(negate_ulnot,457)']		0.16167709968417271
	[] --template_seeding--> []		0.16167709968417271
	[] --template_seeding--> []		0.16167709968417271
	[] --template_seeding--> ['template(blocking_to_nonblocking,879)']		0.16167709968417271
	[] --template_seeding--> ['template(sens_to_level,401)']		0.15619566039162319
	[] --template_seeding--> ['template(decrement_by_one,402)']		0
	[] --template_seeding--> ['template(negate_ulnot,747)']		0.16167709968417271
	[] --template_seeding--> ['template(decrement_by_one,339)']		0
	[] --template_seeding--> ['template(nonblocking_to_blocking,488)']		0.16167709968417271
	[] --template_seeding--> ['template(sens_to_negedge,683)']		0
	[] --template_seeding--> ['template(increment_by_one,758)']		0.16099627437260056
	[] --template_seeding--> ['template(nonblocking_to_blocking,417)']		0.16167709968417271
