SEED:
	 repair_2021-07-12-10:36:26
SOURCE FILE:
	 /home/hammada/projects/verilog_repair/benchmarks/first_counter_overflow/first_counter_overflow_wadden_buggy1.v
TEST BENCH:
	 /home/hammada/projects/verilog_repair/benchmarks/first_counter/first_counter_tb_t3.v
PROJ_DIR:
	 /home/hammada/projects/verilog_repair/benchmarks/first_counter_overflow/
FITNESS_MODE:
	 outputwires
EVAL_SCRIPT:
	 /home/hammada/projects/verilog_repair/benchmarks/first_counter_overflow/run.sh
ORACLE:
	 /home/hammada/projects/verilog_repair/benchmarks/first_counter_overflow/oracle_half.txt
PARAMETERS:
	gens=8
	popsize=5000
	mutation_rate=0.700000
	crossover_rate=0.300000
	replacement_rate=0.400000
	insertion_rate=0.300000
	deletion_rate=0.300000
	restarts=1
	fault_loc=True
	control_flow=True
	limit_transitive_dependency_set=True
	dependency_set_max=4

	[] --template_seeding--> ['template(decrement_by_one,62)']		0.20000000000000001
	[] --template_seeding--> []		0.085714285714285715
	[] --template_seeding--> ['template(nonblocking_to_blocking,79)']		0.085714285714285715
	[] --template_seeding--> ['template(nonblocking_to_blocking,79)']		0.085714285714285715
	[] --template_seeding--> ['template(nonblocking_to_blocking,46)']		0.085714285714285715
	[] --template_seeding--> ['template(sens_to_level,38)']		0.085714285714285715
	[] --template_seeding--> []		0.085714285714285715
	[] --template_seeding--> []		0.085714285714285715
	[] --template_seeding--> ['template(increment_by_one,43)']		0
	[] --template_seeding--> ['template(sens_to_level,38)']		0.085714285714285715
	[] --template_seeding--> ['template(increment_by_one,62)']		0.17142857142857143
	[] --template_seeding--> ['template(increment_by_one,39)']		0
	[] --template_seeding--> ['template(sens_to_level,38)']		0.085714285714285715
	[] --template_seeding--> []		0.085714285714285715
	[] --template_seeding--> ['template(negate_equality,75)']		0
	[] --template_seeding--> ['template(negate_equality,75)']		0
	[] --template_seeding--> ['template(negate_equality,75)']		0
	[] --template_seeding--> []		0.085714285714285715
	[] --template_seeding--> ['template(sens_to_all,38)']		0.31428571428571428
	[] --template_seeding--> ['template(sens_to_all,38)']		0.31428571428571428
	[] --template_seeding--> ['template(negate_equality,75)']		0
	[] --template_seeding--> []		0.085714285714285715
	[] --template_seeding--> ['template(negate_equality,61)']		0.17142857142857143
	[] --template_seeding--> ['template(decrement_by_one,67)']		0
	[] --template_seeding--> ['template(nonblocking_to_blocking,46)']		0.085714285714285715
	[] --template_seeding--> []		0.085714285714285715
	[] --template_seeding--> []		0.085714285714285715
	[] --template_seeding--> ['template(increment_by_one,81)']		0
	[] --template_seeding--> []		0.085714285714285715
	[] --template_seeding--> ['template(decrement_by_one,39)']		0
	[] --template_seeding--> []		0.085714285714285715
	[] --template_seeding--> ['template(decrement_by_one,67)']		0
	[] --template_seeding--> []		0.085714285714285715
	[] --template_seeding--> []		0.085714285714285715
	[] --template_seeding--> ['template(decrement_by_one,43)']		0
	[] --template_seeding--> []		0.085714285714285715
	[] --template_seeding--> []		0.085714285714285715
	[] --template_seeding--> ['template(sens_to_posedge,38)']		1


######## REPAIR FOUND ########
		['template(sens_to_posedge,38)']
TOTAL TIME TAKEN TO FIND REPAIR = 12.531937
Minimized patch: ['template(sens_to_posedge,38)']
