SEED:
	 repair_2021-07-11-21:08:07
SOURCE FILE:
	 /home/hammada/projects/verilog_repair/benchmarks/first_counter_overflow/first_counter_overflow_wadden_buggy1.v
TEST BENCH:
	 /home/hammada/projects/verilog_repair/benchmarks/first_counter/first_counter_tb_t3.v
PROJ_DIR:
	 /home/hammada/projects/verilog_repair/benchmarks/first_counter_overflow/
FITNESS_MODE:
	 outputwires
EVAL_SCRIPT:
	 /home/hammada/projects/verilog_repair/benchmarks/first_counter_overflow/run.sh
ORACLE:
	 /home/hammada/projects/verilog_repair/benchmarks/first_counter_overflow/oracle_half.txt
PARAMETERS:
	gens=8
	popsize=5000
	mutation_rate=0.700000
	crossover_rate=0.300000
	replacement_rate=0.400000
	insertion_rate=0.300000
	deletion_rate=0.300000
	restarts=1
	fault_loc=True
	control_flow=True
	limit_transitive_dependency_set=True
	dependency_set_max=4

IN GENERATION 0 OF ATTEMPT 0
	[] --mutation--> ['insert(72,79)']		0 
	[] --mutation--> ['insert(84,65)']		0 
	[] --mutation--> ['insert(84,79)']		0 
	[] --mutation--> ['insert(84,65)']		0 
	[] --mutation--> ['insert(65,53)']		0 
	[] --mutation--> ['replace(61,75)']		0.20000000000000001 
	[] --template--> []		0.085714285714285715 
	[] --mutation--> ['delete(51)']		0.085714285714285715 
	[] --mutation--> ['replace(55,81)']		0.085714285714285715 
	[] --mutation--> ['insert(72,46)']		0.085714285714285715 
	[] --template--> ['template(decrement_by_one,62)']		0.20000000000000001 
	[] --mutation--> ['delete(84)']		0.085714285714285715 
	[] --mutation--> ['delete(72)']		0.085714285714285715 
	[] --template--> []		0.085714285714285715 
	[] --mutation--> ['replace(79,53)']		0.11428571428571428 
	[] --mutation--> ['replace(44,50)']		0 
	[] --mutation--> ['insert(46,53)']		0.085714285714285715 
	[] --mutation--> ['insert(72,79)']		0 
	[] --mutation--> ['delete(51)']		0.085714285714285715 
	[] --mutation--> ['replace(54,66)']		0 
	[] --mutation--> ['insert(51,53)']		0 
	[] --template--> ['template(sens_to_level,38)']		0.085714285714285715 
	[] --template--> []		0.085714285714285715 
	[] --mutation--> ['replace(53,79)']		0 
	[] --mutation--> ['delete(65)']		0.20000000000000001 
	[] --mutation--> ['delete(65)']		0.20000000000000001 
	[] --mutation--> ['insert(46,46)']		0.085714285714285715 
	[] --mutation--> ['delete(72)']		0.085714285714285715 
	[] --mutation--> ['replace(52,77)']		0 
	[] --template--> []		0.085714285714285715 
	[] --template--> ['template(negate_equality,42)']		0 
	[] --mutation--> ['replace(55,67)']		0 
	[] --mutation--> ['delete(51)']		0.085714285714285715 
	[] --mutation--> ['delete(53)']		0 
	[] --mutation--> ['insert(72,46)']		0.085714285714285715 
	[] --mutation--> ['insert(51,74)']		0 
	[] --mutation--> ['replace(53,79)']		0 
	[] --template--> ['template(nonblocking_to_blocking,46)']		0.085714285714285715 
	[] --mutation--> ['replace(46,53)']		0 
	[] --mutation--> ['delete(72)']		0.085714285714285715 
	[] --mutation--> ['delete(84)']		0.085714285714285715 
	[] --mutation--> ['insert(53,79)']		0.11428571428571428 
	[] --template--> ['template(nonblocking_to_blocking,46)']		0.085714285714285715 
	[] --mutation--> ['delete(51)']		0.085714285714285715 
	[] --mutation--> ['insert(84,65)']		0 
	[] --template--> ['template(nonblocking_to_blocking,79)']		0.085714285714285715 
	[] --template--> []		0.085714285714285715 
	[] --mutation--> ['replace(51,72)']		0.085714285714285715 
	[] --mutation--> ['insert(84,74)']		0 
	[] --mutation--> ['delete(53)']		0 
	[] --template--> ['template(sens_to_all,38)']		0.31428571428571428 
	[] --mutation--> ['delete(72)']		0.085714285714285715 
	[] --mutation--> ['insert(58,53)']		0 
	[] --mutation--> ['replace(53,46)']		0 
	[] --mutation--> ['replace(53,46)']		0 
	[] --template--> ['template(decrement_by_one,81)']		0 
	[] --mutation--> ['delete(53)']		0 
	[] --mutation--> ['delete(46)']		0 
	[] --mutation--> ['replace(54,54)']		0.085714285714285715 
	[] --mutation--> ['delete(51)']		0.085714285714285715 
	[] --template--> ['template(nonblocking_to_blocking,79)']		0.085714285714285715 
	[] --mutation--> ['replace(67,67)']		0.085714285714285715 
	[] --mutation--> ['delete(53)']		0 
	[] --mutation--> ['replace(81,81)']		0.085714285714285715 
	[] --mutation--> ['replace(79,79)']		0.085714285714285715 
	[] --template--> ['template(increment_by_one,67)']		0 
	[] --mutation--> ['delete(46)']		0 
	[] --mutation--> ['replace(59,71)']		0.085714285714285715 
	[] --mutation--> ['insert(53,53)']		0.085714285714285715 
	[] --template--> ['template(increment_by_one,67)']		0 
	[] --mutation--> ['delete(51)']		0.085714285714285715 
	[] --mutation--> ['insert(58,53)']		0 
	[] --mutation--> ['replace(66,80)']		0.057142857142857141 
	[] --template--> ['template(sens_to_posedge,38)']		1 

######## REPAIR FOUND ########
		['template(sens_to_posedge,38)']
TOTAL TIME TAKEN TO FIND REPAIR = 40.773336
Minimized patch: ['template(sens_to_posedge,38)']
