SEED:
	 repair_2021-07-19-22:34:02
SOURCE FILE:
	 /home/hammada/projects/verilog_repair/benchmarks/opencores/i2c/i2c_slave_model_wadden_buggy2.v
TEST BENCH:
	 /home/hammada/projects/verilog_repair/benchmarks/opencores/i2c/tst_bench_top_t1.v
PROJ_DIR:
	 /home/hammada/projects/verilog_repair/benchmarks/opencores/i2c
FITNESS_MODE:
	 outputwires
EVAL_SCRIPT:
	 /home/hammada/projects/verilog_repair/benchmarks/opencores/i2c/run.sh
ORACLE:
	 /home/hammada/projects/verilog_repair/benchmarks/opencores/i2c/oracle_quarter.txt
PARAMETERS:
	gens=8
	popsize=5000
	mutation_rate=0.700000
	crossover_rate=0.300000
	replacement_rate=0.400000
	insertion_rate=0.300000
	deletion_rate=0.300000
	restarts=1
	fault_loc=True
	control_flow=True
	limit_transitive_dependency_set=True
	dependency_set_max=4

	[] --template_seeding--> ['template(sens_to_posedge,137)']		0.83753828694725407
	[] --template_seeding--> ['template(increment_by_one,556)']		0.83753828694725407
	[] --template_seeding--> ['template(increment_by_one,394)']		0.83753828694725407
	[] --template_seeding--> ['template(decrement_by_one,410)']		0.83753828694725407
	[] --template_seeding--> ['template(negate_equality,132)']		1


######## REPAIR FOUND ########
		['template(negate_equality,132)']
TOTAL TIME TAKEN TO FIND REPAIR = 9.200716
Minimized patch: ['template(negate_equality,132)']
