SEED:
	 repair_2020-09-24-09:43:26
SOURCE FILE:
	 /home/hammada/projects/verilog_repair/benchmarks/opencores/i2c/i2c_slave_model_wadden_buggy1.v
TEST BENCH:
	 /home/hammada/projects/verilog_repair/benchmarks/opencores/i2c/tst_bench_top_t1.v
PROJ_DIR:
	 /home/hammada/projects/verilog_repair/benchmarks/opencores/i2c
FITNESS_MODE:
	 outputwires
EVAL_SCRIPT:
	 /home/hammada/projects/verilog_repair/benchmarks/opencores/i2c/run.sh
ORACLE:
	 /home/hammada/projects/verilog_repair/benchmarks/opencores/i2c/oracle.txt
PARAMETERS:
	gens=8
	popsize=5000
	mutation_rate=0.700000
	crossover_rate=0.300000
	replacement_rate=0.400000
	insertion_rate=0.300000
	deletion_rate=0.300000
	restarts=1
	fault_loc=True
	control_flow=True
	limit_transitive_dependency_set=True
	dependency_set_max=4

	[] --template_seeding--> ['template(blocking_to_nonblocking,102)']		0.83834847595628825
	[] --template_seeding--> ['template(sens_to_level,600)']		0.83834847595628825
	[] --template_seeding--> ['template(negate_ulnot,363)']		0.83834847595628825
	[] --template_seeding--> ['template(decrement_by_one,141)']		0
	[] --template_seeding--> ['template(sens_to_all,176)']		0.83834847595628825
	[] --template_seeding--> ['template(blocking_to_nonblocking,102)']		0.83834847595628825
	[] --template_seeding--> ['template(sens_to_all,269)']		0
	[] --template_seeding--> ['template(blocking_to_nonblocking,107)']		0.83834847595628825
	[] --template_seeding--> ['template(sens_to_negedge,271)']		0.84772284914084495
	[] --template_seeding--> []		0.83834847595628825
	[] --template_seeding--> ['template(blocking_to_nonblocking,107)']		0.83834847595628825
	[] --template_seeding--> ['template(sens_to_level,271)']		0
	[] --template_seeding--> []		0.83834847595628825
	[] --template_seeding--> ['template(decrement_by_one,297)']		0
	[] --template_seeding--> ['template(increment_by_one,579)']		0
	[] --template_seeding--> ['template(decrement_by_one,283)']		0
	[] --template_seeding--> ['template(negate_ulnot,278)']		0.83834847595628825
	[] --template_seeding--> ['template(negate_equality,132)']		0.50686197109581443
	[] --template_seeding--> ['template(blocking_to_nonblocking,102)']		0.83834847595628825
	[] --template_seeding--> ['template(sens_to_level,269)']		0
	[] --template_seeding--> ['template(increment_by_one,569)']		0
	[] --template_seeding--> ['template(decrement_by_one,275)']		0.83834847595628825
	[] --template_seeding--> ['template(blocking_to_nonblocking,107)']		0.83834847595628825
	[] --template_seeding--> ['template(sens_to_negedge,228)']		0.83834847595628825
	[] --template_seeding--> ['template(negate_equality,132)']		0.50686197109581443
	[] --template_seeding--> ['template(negate_ulnot,440)']		0.83834847595628825
	[] --template_seeding--> ['template(negate_ulnot,363)']		0.83834847595628825
	[] --template_seeding--> ['template(sens_to_all,140)']		0.83834847595628825
	[] --template_seeding--> ['template(increment_by_one,624)']		0.83834847595628825
	[] --template_seeding--> ['template(nonblocking_to_blocking,240)']		0.83834847595628825
	[] --template_seeding--> ['template(decrement_by_one,338)']		0
	[] --template_seeding--> ['template(blocking_to_nonblocking,107)']		0.83834847595628825
	[] --template_seeding--> []		0.83834847595628825
	[] --template_seeding--> ['template(sens_to_negedge,271)']		0.84772284914084495
	[] --template_seeding--> ['template(sens_to_negedge,600)']		0.83834847595628825
	[] --template_seeding--> ['template(increment_by_one,320)']		0.83834847595628825
	[] --template_seeding--> ['template(sens_to_negedge,600)']		0.83834847595628825
	[] --template_seeding--> []		0.83834847595628825
	[] --template_seeding--> ['template(negate_equality,132)']		0.50686197109581443
	[] --template_seeding--> ['template(increment_by_one,370)']		0.83834847595628825
	[] --template_seeding--> ['template(increment_by_one,508)']		0.83834847595628825
	[] --template_seeding--> []		0.83834847595628825
	[] --template_seeding--> ['template(blocking_to_nonblocking,107)']		0.83834847595628825
	[] --template_seeding--> ['template(negate_equality,132)']		0.50686197109581443
	[] --template_seeding--> ['template(negate_equality,132)']		0.50686197109581443
	[] --template_seeding--> ['template(sens_to_all,228)']		0.83834847595628825
	[] --template_seeding--> ['template(negate_equality,132)']		0.50686197109581443
	[] --template_seeding--> ['template(blocking_to_nonblocking,102)']		0.83834847595628825
	[] --template_seeding--> ['template(negate_equality,132)']		0.50686197109581443
	[] --template_seeding--> ['template(negate_equality,132)']		0.50686197109581443
	[] --template_seeding--> ['template(blocking_to_nonblocking,107)']		0.83834847595628825
	[] --template_seeding--> []		0.83834847595628825
	[] --template_seeding--> ['template(increment_by_one,501)']		0.83834847595628825
	[] --template_seeding--> []		0.83834847595628825
	[] --template_seeding--> ['template(nonblocking_to_blocking,116)']		0.83834847595628825
	[] --template_seeding--> ['template(decrement_by_one,498)']		0
	[] --template_seeding--> ['template(negate_ulnot,164)']		0.83834847595628825
	[] --template_seeding--> ['template(negate_ulnot,440)']		0.83834847595628825
	[] --template_seeding--> ['template(blocking_to_nonblocking,107)']		0.83834847595628825
	[] --template_seeding--> ['template(decrement_by_one,391)']		0.83834847595628825
	[] --template_seeding--> ['template(decrement_by_one,640)']		0.83834847595628825
	[] --template_seeding--> ['template(nonblocking_to_blocking,607)']		0.83834847595628825
	[] --template_seeding--> ['template(nonblocking_to_blocking,496)']		0.83834847595628825
	[] --template_seeding--> ['template(negate_equality,132)']		0.50686197109581443
	[] --template_seeding--> ['template(increment_by_one,586)']		0
	[] --template_seeding--> ['template(sens_to_negedge,228)']		0.83834847595628825
	[] --template_seeding--> ['template(sens_to_negedge,269)']		0.83834847595628825
	[] --template_seeding--> ['template(blocking_to_nonblocking,107)']		0.83834847595628825
	[] --template_seeding--> ['template(nonblocking_to_blocking,195)']		0.83834847595628825
	[] --template_seeding--> ['template(negate_ulnot,604)']		0.83834847595628825
	[] --template_seeding--> ['template(negate_equality,132)']		0.50686197109581443
	[] --template_seeding--> ['template(decrement_by_one,501)']		0.83834847595628825
	[] --template_seeding--> ['template(nonblocking_to_blocking,240)']		0.83834847595628825
	[] --template_seeding--> ['template(sens_to_posedge,140)']		0.83834847595628825
	[] --template_seeding--> ['template(sens_to_all,140)']		0.83834847595628825
	[] --template_seeding--> []		0.83834847595628825
	[] --template_seeding--> []		0.83834847595628825
	[] --template_seeding--> ['template(sens_to_level,269)']		0
	[] --template_seeding--> []		0.83834847595628825
	[] --template_seeding--> ['template(negate_ulnot,604)']		0.83834847595628825
	[] --template_seeding--> ['template(decrement_by_one,498)']		0
	[] --template_seeding--> ['template(negate_ulnot,278)']		0.83834847595628825
	[] --template_seeding--> ['template(negate_ulnot,604)']		0.83834847595628825
	[] --template_seeding--> ['template(negate_equality,132)']		0.50686197109581443
	[] --template_seeding--> ['template(nonblocking_to_blocking,281)']		0.83834847595628825
	[] --template_seeding--> []		0.83834847595628825
	[] --template_seeding--> ['template(negate_ulnot,520)']		0.83834847595628825
	[] --template_seeding--> ['template(nonblocking_to_blocking,326)']		0.83834847595628825
	[] --template_seeding--> ['template(sens_to_all,271)']		0
	[] --template_seeding--> ['template(sens_to_negedge,271)']		0.84772284914084495
	[] --template_seeding--> ['template(increment_by_one,396)']		0
	[] --template_seeding--> []		0.83834847595628825
	[] --template_seeding--> ['template(increment_by_one,137)']		0.83834847595628825
	[] --template_seeding--> ['template(increment_by_one,229)']		0
	[] --template_seeding--> ['template(sens_to_all,600)']		0.83834847595628825
	[] --template_seeding--> ['template(negate_ulnot,520)']		0.83834847595628825
	[] --template_seeding--> ['template(blocking_to_nonblocking,102)']		0.83834847595628825
	[] --template_seeding--> ['template(blocking_to_nonblocking,102)']		0.83834847595628825
	[] --template_seeding--> ['template(decrement_by_one,290)']		0
	[] --template_seeding--> []		0.83834847595628825
	[] --template_seeding--> ['template(blocking_to_nonblocking,107)']		0.83834847595628825
	[] --template_seeding--> ['template(increment_by_one,344)']		0
	[] --template_seeding--> ['template(increment_by_one,638)']		0
	[] --template_seeding--> ['template(negate_equality,132)']		0.50686197109581443
	[] --template_seeding--> ['template(decrement_by_one,231)']		0.83834847595628825
	[] --template_seeding--> ['template(sens_to_level,269)']		0
	[] --template_seeding--> ['template(increment_by_one,255)']		0
	[] --template_seeding--> ['template(decrement_by_one,407)']		0.83834847595628825
	[] --template_seeding--> ['template(negate_ulnot,604)']		0.83834847595628825
	[] --template_seeding--> ['template(sens_to_negedge,217)']		0.83834847595628825
	[] --template_seeding--> ['template(nonblocking_to_blocking,151)']		0.83834847595628825
	[] --template_seeding--> ['template(nonblocking_to_blocking,552)']		0.83834847595628825
	[] --template_seeding--> ['template(decrement_by_one,162)']		0
	[] --template_seeding--> ['template(decrement_by_one,621)']		0
	[] --template_seeding--> ['template(increment_by_one,601)']		0
	[] --template_seeding--> ['template(blocking_to_nonblocking,107)']		0.83834847595628825
	[] --template_seeding--> ['template(blocking_to_nonblocking,107)']		0.83834847595628825
	[] --template_seeding--> ['template(decrement_by_one,424)']		0
	[] --template_seeding--> ['template(blocking_to_nonblocking,107)']		0.83834847595628825
	[] --template_seeding--> ['template(sens_to_level,228)']		0.83834847595628825
	[] --template_seeding--> ['template(increment_by_one,526)']		0
	[] --template_seeding--> ['template(negate_equality,132)']		0.50686197109581443
	[] --template_seeding--> ['template(negate_ulnot,278)']		0.83834847595628825
	[] --template_seeding--> ['template(increment_by_one,447)']		0.83834847595628825
	[] --template_seeding--> []		0.83834847595628825
	[] --template_seeding--> ['template(decrement_by_one,521)']		0.83834847595628825
	[] --template_seeding--> ['template(sens_to_negedge,600)']		0.83834847595628825
	[] --template_seeding--> ['template(negate_ulnot,520)']		0.83834847595628825
	[] --template_seeding--> []		0.83834847595628825
	[] --template_seeding--> ['template(decrement_by_one,134)']		0
	[] --template_seeding--> ['template(nonblocking_to_blocking,288)']		0.83834847595628825
	[] --template_seeding--> ['template(decrement_by_one,396)']		0
	[] --template_seeding--> ['template(decrement_by_one,197)']		0
	[] --template_seeding--> ['template(negate_equality,132)']		0.50686197109581443
	[] --template_seeding--> ['template(nonblocking_to_blocking,567)']		0.83834847595628825
	[] --template_seeding--> ['template(blocking_to_nonblocking,107)']		0.83834847595628825
	[] --template_seeding--> ['template(decrement_by_one,146)']		0
	[] --template_seeding--> ['template(increment_by_one,442)']		0.83834847595628825
	[] --template_seeding--> ['template(decrement_by_one,354)']		0.83834847595628825
	[] --template_seeding--> ['template(decrement_by_one,528)']		0
	[] --template_seeding--> ['template(sens_to_level,176)']		1


######## REPAIR FOUND ########
		['template(sens_to_level,176)']
TOTAL TIME TAKEN TO FIND REPAIR = 183.021246
Minimized patch: ['template(sens_to_level,176)']
