SEED:
	 repair_2020-09-24-09:39:10
SOURCE FILE:
	 /home/hammada/projects/verilog_repair/benchmarks/opencores/i2c/i2c_slave_model_wadden_buggy2.v
TEST BENCH:
	 /home/hammada/projects/verilog_repair/benchmarks/opencores/i2c/tst_bench_top_t1.v
PROJ_DIR:
	 /home/hammada/projects/verilog_repair/benchmarks/opencores/i2c
FITNESS_MODE:
	 outputwires
EVAL_SCRIPT:
	 /home/hammada/projects/verilog_repair/benchmarks/opencores/i2c/run.sh
ORACLE:
	 /home/hammada/projects/verilog_repair/benchmarks/opencores/i2c/oracle.txt
PARAMETERS:
	gens=8
	popsize=5000
	mutation_rate=0.700000
	crossover_rate=0.300000
	replacement_rate=0.400000
	insertion_rate=0.300000
	deletion_rate=0.300000
	restarts=1
	fault_loc=True
	control_flow=True
	limit_transitive_dependency_set=True
	dependency_set_max=4

	[] --template_seeding--> ['template(increment_by_one,471)']		0.83834847595628825
	[] --template_seeding--> ['template(increment_by_one,544)']		0
	[] --template_seeding--> ['template(nonblocking_to_blocking,231)']		0.83834847595628825
	[] --template_seeding--> ['template(negate_ulnot,263)']		0.83834847595628825
	[] --template_seeding--> ['template(blocking_to_nonblocking,102)']		0.83834847595628825
	[] --template_seeding--> ['template(nonblocking_to_blocking,535)']		0.83834847595628825
	[] --template_seeding--> ['template(negate_ulnot,572)']		0.83834847595628825
	[] --template_seeding--> ['template(nonblocking_to_blocking,273)']		0.83834847595628825
	[] --template_seeding--> ['template(negate_ulnot,408)']		0.83834847595628825
	[] --template_seeding--> ['template(sens_to_negedge,219)']		0.83834847595628825
	[] --template_seeding--> ['template(decrement_by_one,432)']		0.83834847595628825
	[] --template_seeding--> ['template(sens_to_level,219)']		0.83834847595628825
	[] --template_seeding--> ['template(increment_by_one,573)']		0.83834847595628825
	[] --template_seeding--> ['template(blocking_to_nonblocking,102)']		0.83834847595628825
	[] --template_seeding--> ['template(sens_to_all,114)']		0.83834847595628825
	[] --template_seeding--> ['template(negate_ulnot,488)']		0.83834847595628825
	[] --template_seeding--> ['template(decrement_by_one,426)']		0
	[] --template_seeding--> ['template(sens_to_all,256)']		0
	[] --template_seeding--> ['template(decrement_by_one,386)']		0.83834847595628825
	[] --template_seeding--> ['template(increment_by_one,471)']		0.83834847595628825
	[] --template_seeding--> ['template(increment_by_one,212)']		0
	[] --template_seeding--> ['template(increment_by_one,240)']		0
	[] --template_seeding--> []		0.83834847595628825
	[] --template_seeding--> ['template(decrement_by_one,364)']		0
	[] --template_seeding--> []		0.83834847595628825
	[] --template_seeding--> ['template(negate_equality,132)']		1


######## REPAIR FOUND ########
		['template(negate_equality,132)']
TOTAL TIME TAKEN TO FIND REPAIR = 57.911976
Minimized patch: ['template(negate_equality,132)']
